-- Found ament_cmake: 1.3.12 (/opt/ros/humble/share/ament_cmake/cmake)
-- Found rosidl_default_generators: 1.2.0 (/opt/ros/humble/share/rosidl_default_generators/cmake)
-- Using all available rosidl_typesupport_c: rosidl_typesupport_fastrtps_c;rosidl_typesupport_introspection_c
-- Found rosidl_adapter: 3.1.8 (/opt/ros/humble/share/rosidl_adapter/cmake)
-- Using all available rosidl_typesupport_cpp: rosidl_typesupport_fastrtps_cpp;rosidl_typesupport_introspection_cpp
-- Found ament_cmake_ros: 0.10.0 (/opt/ros/humble/share/ament_cmake_ros/cmake)
-- Using all available rosidl_typesupport_c: rosidl_typesupport_fastrtps_c;rosidl_typesupport_introspection_c
-- Using all available rosidl_typesupport_cpp: rosidl_typesupport_fastrtps_cpp;rosidl_typesupport_introspection_cpp
-- Found python_cmake_module: 0.10.0 (/opt/ros/humble/share/python_cmake_module/cmake)
-- Using PYTHON_EXECUTABLE: /usr/bin/python3
-- Using PYTHON_INCLUDE_DIRS: /usr/include/python3.10
-- Using PYTHON_LIBRARIES: /usr/lib/x86_64-linux-gnu/libpython3.10.so
-- Configuring done
-- Generating done
-- Build files have been written to: /home/suvi/poc_arm/build/my_robot_interfaces
[35m[1mConsolidate compiler generated dependencies of target my_robot_interfaces__rosidl_generator_c[0m
[  3%] [32mBuilding C object CMakeFiles/my_robot_interfaces__rosidl_generator_c.dir/rosidl_generator_c/my_robot_interfaces/msg/detail/pose_command__functions.c.o[0m
[  6%] Built target my_robot_interfaces__cpp
[35m[1mConsolidate compiler generated dependencies of target my_robot_interfaces__rosidl_typesupport_introspection_cpp[0m
[35m[1mConsolidate compiler generated dependencies of target my_robot_interfaces__rosidl_typesupport_fastrtps_cpp[0m
[  6%] Built target ament_cmake_python_copy_my_robot_interfaces
[35m[1mConsolidate compiler generated dependencies of target my_robot_interfaces__rosidl_typesupport_cpp[0m
[  9%] [32mBuilding CXX object CMakeFiles/my_robot_interfaces__rosidl_typesupport_fastrtps_cpp.dir/rosidl_typesupport_fastrtps_cpp/my_robot_interfaces/msg/detail/dds_fastrtps/pose_command__type_support.cpp.o[0m
[ 12%] [32mBuilding CXX object CMakeFiles/my_robot_interfaces__rosidl_typesupport_cpp.dir/rosidl_typesupport_cpp/my_robot_interfaces/msg/pose_command__type_support.cpp.o[0m
[ 16%] [32mBuilding CXX object CMakeFiles/my_robot_interfaces__rosidl_typesupport_introspection_cpp.dir/rosidl_typesupport_introspection_cpp/my_robot_interfaces/msg/detail/pose_command__type_support.cpp.o[0m
[ 19%] [32m[1mLinking C shared library libmy_robot_interfaces__rosidl_generator_c.so[0m
[ 22%] Built target my_robot_interfaces__rosidl_generator_c
[35m[1mConsolidate compiler generated dependencies of target my_robot_interfaces__rosidl_typesupport_introspection_c[0m
[35m[1mConsolidate compiler generated dependencies of target my_robot_interfaces__rosidl_typesupport_c[0m
[35m[1mConsolidate compiler generated dependencies of target my_robot_interfaces__rosidl_typesupport_fastrtps_c[0m
[ 25%] [32mBuilding C object CMakeFiles/my_robot_interfaces__rosidl_typesupport_introspection_c.dir/rosidl_typesupport_introspection_c/my_robot_interfaces/msg/detail/pose_command__type_support.c.o[0m
[ 29%] [32mBuilding CXX object CMakeFiles/my_robot_interfaces__rosidl_typesupport_c.dir/rosidl_typesupport_c/my_robot_interfaces/msg/pose_command__type_support.cpp.o[0m
[ 32%] [32mBuilding CXX object CMakeFiles/my_robot_interfaces__rosidl_typesupport_fastrtps_c.dir/rosidl_typesupport_fastrtps_c/my_robot_interfaces/msg/detail/pose_command__type_support_c.cpp.o[0m
[ 35%] [32m[1mLinking C shared library libmy_robot_interfaces__rosidl_typesupport_introspection_c.so[0m
[ 38%] [32m[1mLinking CXX shared library libmy_robot_interfaces__rosidl_typesupport_c.so[0m
[ 41%] Built target my_robot_interfaces__rosidl_typesupport_introspection_c
[ 45%] Built target my_robot_interfaces__rosidl_typesupport_c
[ 48%] [32m[1mLinking CXX shared library libmy_robot_interfaces__rosidl_typesupport_cpp.so[0m
[ 51%] Built target my_robot_interfaces__rosidl_typesupport_cpp
running egg_info
writing my_robot_interfaces.egg-info/PKG-INFO
writing dependency_links to my_robot_interfaces.egg-info/dependency_links.txt
writing top-level names to my_robot_interfaces.egg-info/top_level.txt
[ 54%] [32m[1mLinking CXX shared library libmy_robot_interfaces__rosidl_typesupport_fastrtps_cpp.so[0m
reading manifest file 'my_robot_interfaces.egg-info/SOURCES.txt'
writing manifest file 'my_robot_interfaces.egg-info/SOURCES.txt'
[ 58%] [32m[1mLinking CXX shared library libmy_robot_interfaces__rosidl_typesupport_fastrtps_c.so[0m
[ 58%] Built target ament_cmake_python_build_my_robot_interfaces_egg
[ 61%] [32m[1mLinking CXX shared library libmy_robot_interfaces__rosidl_typesupport_introspection_cpp.so[0m
[ 64%] Built target my_robot_interfaces__rosidl_typesupport_fastrtps_cpp
[ 67%] Built target my_robot_interfaces__rosidl_typesupport_fastrtps_c
[ 70%] Built target my_robot_interfaces__rosidl_typesupport_introspection_cpp
[ 70%] Built target my_robot_interfaces
[ 74%] Built target my_robot_interfaces__py
[35m[1mConsolidate compiler generated dependencies of target my_robot_interfaces__rosidl_generator_py[0m
[ 77%] [32mBuilding C object CMakeFiles/my_robot_interfaces__rosidl_generator_py.dir/rosidl_generator_py/my_robot_interfaces/msg/_pose_command_s.c.o[0m
[ 80%] [32m[1mLinking C shared library rosidl_generator_py/my_robot_interfaces/libmy_robot_interfaces__rosidl_generator_py.so[0m
[ 80%] Built target my_robot_interfaces__rosidl_generator_py
[35m[1mConsolidate compiler generated dependencies of target my_robot_interfaces__rosidl_typesupport_c__pyext[0m
[35m[1mConsolidate compiler generated dependencies of target my_robot_interfaces__rosidl_typesupport_fastrtps_c__pyext[0m
[35m[1mConsolidate compiler generated dependencies of target my_robot_interfaces__rosidl_typesupport_introspection_c__pyext[0m
[ 83%] [32mBuilding C object CMakeFiles/my_robot_interfaces__rosidl_typesupport_c__pyext.dir/rosidl_generator_py/my_robot_interfaces/_my_robot_interfaces_s.ep.rosidl_typesupport_c.c.o[0m
[ 87%] [32mBuilding C object CMakeFiles/my_robot_interfaces__rosidl_typesupport_introspection_c__pyext.dir/rosidl_generator_py/my_robot_interfaces/_my_robot_interfaces_s.ep.rosidl_typesupport_introspection_c.c.o[0m
[ 90%] [32mBuilding C object CMakeFiles/my_robot_interfaces__rosidl_typesupport_fastrtps_c__pyext.dir/rosidl_generator_py/my_robot_interfaces/_my_robot_interfaces_s.ep.rosidl_typesupport_fastrtps_c.c.o[0m
[ 93%] [32m[1mLinking C shared library rosidl_generator_py/my_robot_interfaces/my_robot_interfaces_s__rosidl_typesupport_c.cpython-310-x86_64-linux-gnu.so[0m
[ 96%] [32m[1mLinking C shared library rosidl_generator_py/my_robot_interfaces/my_robot_interfaces_s__rosidl_typesupport_fastrtps_c.cpython-310-x86_64-linux-gnu.so[0m
[100%] [32m[1mLinking C shared library rosidl_generator_py/my_robot_interfaces/my_robot_interfaces_s__rosidl_typesupport_introspection_c.cpython-310-x86_64-linux-gnu.so[0m
[100%] Built target my_robot_interfaces__rosidl_typesupport_c__pyext
[100%] Built target my_robot_interfaces__rosidl_typesupport_introspection_c__pyext
[100%] Built target my_robot_interfaces__rosidl_typesupport_fastrtps_c__pyext
-- Install configuration: ""
-- Up-to-date: /home/suvi/poc_arm/install/my_robot_interfaces/share/ament_index/resource_index/rosidl_interfaces/my_robot_interfaces
-- Up-to-date: /home/suvi/poc_arm/install/my_robot_interfaces/include/my_robot_interfaces/my_robot_interfaces
-- Up-to-date: /home/suvi/poc_arm/install/my_robot_interfaces/include/my_robot_interfaces/my_robot_interfaces/msg
-- Up-to-date: /home/suvi/poc_arm/install/my_robot_interfaces/include/my_robot_interfaces/my_robot_interfaces/msg/pose_command.h
-- Up-to-date: /home/suvi/poc_arm/install/my_robot_interfaces/include/my_robot_interfaces/my_robot_interfaces/msg/rosidl_generator_c__visibility_control.h
-- Up-to-date: /home/suvi/poc_arm/install/my_robot_interfaces/include/my_robot_interfaces/my_robot_interfaces/msg/detail
-- Up-to-date: /home/suvi/poc_arm/install/my_robot_interfaces/include/my_robot_interfaces/my_robot_interfaces/msg/detail/pose_command__struct.h
-- Up-to-date: /home/suvi/poc_arm/install/my_robot_interfaces/include/my_robot_interfaces/my_robot_interfaces/msg/detail/pose_command__functions.h
-- Up-to-date: /home/suvi/poc_arm/install/my_robot_interfaces/include/my_robot_interfaces/my_robot_interfaces/msg/detail/pose_command__type_support.h
-- Up-to-date: /home/suvi/poc_arm/install/my_robot_interfaces/include/my_robot_interfaces/my_robot_interfaces/msg/detail/pose_command__functions.c
-- Installing: /home/suvi/poc_arm/install/my_robot_interfaces/share/my_robot_interfaces/environment/library_path.sh
-- Installing: /home/suvi/poc_arm/install/my_robot_interfaces/share/my_robot_interfaces/environment/library_path.dsv
-- Installing: /home/suvi/poc_arm/install/my_robot_interfaces/lib/libmy_robot_interfaces__rosidl_generator_c.so
-- Set runtime path of "/home/suvi/poc_arm/install/my_robot_interfaces/lib/libmy_robot_interfaces__rosidl_generator_c.so" to ""
-- Up-to-date: /home/suvi/poc_arm/install/my_robot_interfaces/include/my_robot_interfaces/my_robot_interfaces
-- Up-to-date: /home/suvi/poc_arm/install/my_robot_interfaces/include/my_robot_interfaces/my_robot_interfaces/msg
-- Up-to-date: /home/suvi/poc_arm/install/my_robot_interfaces/include/my_robot_interfaces/my_robot_interfaces/msg/rosidl_typesupport_fastrtps_c__visibility_control.h
-- Up-to-date: /home/suvi/poc_arm/install/my_robot_interfaces/include/my_robot_interfaces/my_robot_interfaces/msg/detail
-- Up-to-date: /home/suvi/poc_arm/install/my_robot_interfaces/include/my_robot_interfaces/my_robot_interfaces/msg/detail/pose_command__rosidl_typesupport_fastrtps_c.h
-- Installing: /home/suvi/poc_arm/install/my_robot_interfaces/lib/libmy_robot_interfaces__rosidl_typesupport_fastrtps_c.so
-- Set runtime path of "/home/suvi/poc_arm/install/my_robot_interfaces/lib/libmy_robot_interfaces__rosidl_typesupport_fastrtps_c.so" to ""
-- Up-to-date: /home/suvi/poc_arm/install/my_robot_interfaces/include/my_robot_interfaces/my_robot_interfaces
-- Up-to-date: /home/suvi/poc_arm/install/my_robot_interfaces/include/my_robot_interfaces/my_robot_interfaces/msg
-- Up-to-date: /home/suvi/poc_arm/install/my_robot_interfaces/include/my_robot_interfaces/my_robot_interfaces/msg/rosidl_typesupport_introspection_c__visibility_control.h
-- Up-to-date: /home/suvi/poc_arm/install/my_robot_interfaces/include/my_robot_interfaces/my_robot_interfaces/msg/detail
-- Up-to-date: /home/suvi/poc_arm/install/my_robot_interfaces/include/my_robot_interfaces/my_robot_interfaces/msg/detail/pose_command__rosidl_typesupport_introspection_c.h
-- Up-to-date: /home/suvi/poc_arm/install/my_robot_interfaces/include/my_robot_interfaces/my_robot_interfaces/msg/detail/pose_command__type_support.c
-- Installing: /home/suvi/poc_arm/install/my_robot_interfaces/lib/libmy_robot_interfaces__rosidl_typesupport_introspection_c.so
-- Set runtime path of "/home/suvi/poc_arm/install/my_robot_interfaces/lib/libmy_robot_interfaces__rosidl_typesupport_introspection_c.so" to ""
-- Installing: /home/suvi/poc_arm/install/my_robot_interfaces/lib/libmy_robot_interfaces__rosidl_typesupport_c.so
-- Set runtime path of "/home/suvi/poc_arm/install/my_robot_interfaces/lib/libmy_robot_interfaces__rosidl_typesupport_c.so" to ""
-- Up-to-date: /home/suvi/poc_arm/install/my_robot_interfaces/include/my_robot_interfaces/my_robot_interfaces
-- Up-to-date: /home/suvi/poc_arm/install/my_robot_interfaces/include/my_robot_interfaces/my_robot_interfaces/msg
-- Up-to-date: /home/suvi/poc_arm/install/my_robot_interfaces/include/my_robot_interfaces/my_robot_interfaces/msg/pose_command.hpp
-- Up-to-date: /home/suvi/poc_arm/install/my_robot_interfaces/include/my_robot_interfaces/my_robot_interfaces/msg/rosidl_generator_cpp__visibility_control.hpp
-- Up-to-date: /home/suvi/poc_arm/install/my_robot_interfaces/include/my_robot_interfaces/my_robot_interfaces/msg/detail
-- Up-to-date: /home/suvi/poc_arm/install/my_robot_interfaces/include/my_robot_interfaces/my_robot_interfaces/msg/detail/pose_command__traits.hpp
-- Up-to-date: /home/suvi/poc_arm/install/my_robot_interfaces/include/my_robot_interfaces/my_robot_interfaces/msg/detail/pose_command__builder.hpp
-- Up-to-date: /home/suvi/poc_arm/install/my_robot_interfaces/include/my_robot_interfaces/my_robot_interfaces/msg/detail/pose_command__type_support.hpp
-- Up-to-date: /home/suvi/poc_arm/install/my_robot_interfaces/include/my_robot_interfaces/my_robot_interfaces/msg/detail/pose_command__struct.hpp
-- Up-to-date: /home/suvi/poc_arm/install/my_robot_interfaces/include/my_robot_interfaces/my_robot_interfaces
-- Up-to-date: /home/suvi/poc_arm/install/my_robot_interfaces/include/my_robot_interfaces/my_robot_interfaces/msg
-- Up-to-date: /home/suvi/poc_arm/install/my_robot_interfaces/include/my_robot_interfaces/my_robot_interfaces/msg/rosidl_typesupport_fastrtps_cpp__visibility_control.h
-- Up-to-date: /home/suvi/poc_arm/install/my_robot_interfaces/include/my_robot_interfaces/my_robot_interfaces/msg/detail
-- Up-to-date: /home/suvi/poc_arm/install/my_robot_interfaces/include/my_robot_interfaces/my_robot_interfaces/msg/detail/pose_command__rosidl_typesupport_fastrtps_cpp.hpp
-- Up-to-date: /home/suvi/poc_arm/install/my_robot_interfaces/include/my_robot_interfaces/my_robot_interfaces/msg/detail/dds_fastrtps
-- Installing: /home/suvi/poc_arm/install/my_robot_interfaces/lib/libmy_robot_interfaces__rosidl_typesupport_fastrtps_cpp.so
-- Set runtime path of "/home/suvi/poc_arm/install/my_robot_interfaces/lib/libmy_robot_interfaces__rosidl_typesupport_fastrtps_cpp.so" to ""
-- Up-to-date: /home/suvi/poc_arm/install/my_robot_interfaces/include/my_robot_interfaces/my_robot_interfaces
-- Up-to-date: /home/suvi/poc_arm/install/my_robot_interfaces/include/my_robot_interfaces/my_robot_interfaces/msg
-- Up-to-date: /home/suvi/poc_arm/install/my_robot_interfaces/include/my_robot_interfaces/my_robot_interfaces/msg/detail
-- Up-to-date: /home/suvi/poc_arm/install/my_robot_interfaces/include/my_robot_interfaces/my_robot_interfaces/msg/detail/pose_command__type_support.cpp
-- Up-to-date: /home/suvi/poc_arm/install/my_robot_interfaces/include/my_robot_interfaces/my_robot_interfaces/msg/detail/pose_command__rosidl_typesupport_introspection_cpp.hpp
-- Installing: /home/suvi/poc_arm/install/my_robot_interfaces/lib/libmy_robot_interfaces__rosidl_typesupport_introspection_cpp.so
-- Set runtime path of "/home/suvi/poc_arm/install/my_robot_interfaces/lib/libmy_robot_interfaces__rosidl_typesupport_introspection_cpp.so" to ""
-- Installing: /home/suvi/poc_arm/install/my_robot_interfaces/lib/libmy_robot_interfaces__rosidl_typesupport_cpp.so
-- Set runtime path of "/home/suvi/poc_arm/install/my_robot_interfaces/lib/libmy_robot_interfaces__rosidl_typesupport_cpp.so" to ""
-- Up-to-date: /home/suvi/poc_arm/install/my_robot_interfaces/share/my_robot_interfaces/environment/pythonpath.sh
-- Installing: /home/suvi/poc_arm/install/my_robot_interfaces/share/my_robot_interfaces/environment/pythonpath.dsv
-- Up-to-date: /home/suvi/poc_arm/install/my_robot_interfaces/local/lib/python3.10/dist-packages/my_robot_interfaces-0.0.0-py3.10.egg-info
-- Installing: /home/suvi/poc_arm/install/my_robot_interfaces/local/lib/python3.10/dist-packages/my_robot_interfaces-0.0.0-py3.10.egg-info/PKG-INFO
-- Installing: /home/suvi/poc_arm/install/my_robot_interfaces/local/lib/python3.10/dist-packages/my_robot_interfaces-0.0.0-py3.10.egg-info/SOURCES.txt
-- Installing: /home/suvi/poc_arm/install/my_robot_interfaces/local/lib/python3.10/dist-packages/my_robot_interfaces-0.0.0-py3.10.egg-info/dependency_links.txt
-- Installing: /home/suvi/poc_arm/install/my_robot_interfaces/local/lib/python3.10/dist-packages/my_robot_interfaces-0.0.0-py3.10.egg-info/top_level.txt
-- Up-to-date: /home/suvi/poc_arm/install/my_robot_interfaces/local/lib/python3.10/dist-packages/my_robot_interfaces
-- Installing: /home/suvi/poc_arm/install/my_robot_interfaces/local/lib/python3.10/dist-packages/my_robot_interfaces/my_robot_interfaces_s__rosidl_typesupport_c.cpython-310-x86_64-linux-gnu.so
-- Installing: /home/suvi/poc_arm/install/my_robot_interfaces/local/lib/python3.10/dist-packages/my_robot_interfaces/libmy_robot_interfaces__rosidl_generator_py.so
-- Up-to-date: /home/suvi/poc_arm/install/my_robot_interfaces/local/lib/python3.10/dist-packages/my_robot_interfaces/msg
-- Up-to-date: /home/suvi/poc_arm/install/my_robot_interfaces/local/lib/python3.10/dist-packages/my_robot_interfaces/msg/_pose_command.py
-- Up-to-date: /home/suvi/poc_arm/install/my_robot_interfaces/local/lib/python3.10/dist-packages/my_robot_interfaces/msg/__init__.py
-- Up-to-date: /home/suvi/poc_arm/install/my_robot_interfaces/local/lib/python3.10/dist-packages/my_robot_interfaces/msg/_pose_command_s.c
-- Up-to-date: /home/suvi/poc_arm/install/my_robot_interfaces/local/lib/python3.10/dist-packages/my_robot_interfaces/_my_robot_interfaces_s.ep.rosidl_typesupport_introspection_c.c
-- Installing: /home/suvi/poc_arm/install/my_robot_interfaces/local/lib/python3.10/dist-packages/my_robot_interfaces/my_robot_interfaces_s__rosidl_typesupport_introspection_c.cpython-310-x86_64-linux-gnu.so
-- Up-to-date: /home/suvi/poc_arm/install/my_robot_interfaces/local/lib/python3.10/dist-packages/my_robot_interfaces/_my_robot_interfaces_s.ep.rosidl_typesupport_c.c
-- Installing: /home/suvi/poc_arm/install/my_robot_interfaces/local/lib/python3.10/dist-packages/my_robot_interfaces/my_robot_interfaces_s__rosidl_typesupport_fastrtps_c.cpython-310-x86_64-linux-gnu.so
-- Installing: /home/suvi/poc_arm/install/my_robot_interfaces/local/lib/python3.10/dist-packages/my_robot_interfaces/__init__.py
-- Up-to-date: /home/suvi/poc_arm/install/my_robot_interfaces/local/lib/python3.10/dist-packages/my_robot_interfaces/_my_robot_interfaces_s.ep.rosidl_typesupport_fastrtps_c.c
Listing '/home/suvi/poc_arm/install/my_robot_interfaces/local/lib/python3.10/dist-packages/my_robot_interfaces'...
Compiling '/home/suvi/poc_arm/install/my_robot_interfaces/local/lib/python3.10/dist-packages/my_robot_interfaces/__init__.py'...
Listing '/home/suvi/poc_arm/install/my_robot_interfaces/local/lib/python3.10/dist-packages/my_robot_interfaces/msg'...
Compiling '/home/suvi/poc_arm/install/my_robot_interfaces/local/lib/python3.10/dist-packages/my_robot_interfaces/msg/__init__.py'...
Compiling '/home/suvi/poc_arm/install/my_robot_interfaces/local/lib/python3.10/dist-packages/my_robot_interfaces/msg/_pose_command.py'...
-- Installing: /home/suvi/poc_arm/install/my_robot_interfaces/local/lib/python3.10/dist-packages/my_robot_interfaces/my_robot_interfaces_s__rosidl_typesupport_fastrtps_c.cpython-310-x86_64-linux-gnu.so
-- Set runtime path of "/home/suvi/poc_arm/install/my_robot_interfaces/local/lib/python3.10/dist-packages/my_robot_interfaces/my_robot_interfaces_s__rosidl_typesupport_fastrtps_c.cpython-310-x86_64-linux-gnu.so" to ""
-- Installing: /home/suvi/poc_arm/install/my_robot_interfaces/local/lib/python3.10/dist-packages/my_robot_interfaces/my_robot_interfaces_s__rosidl_typesupport_introspection_c.cpython-310-x86_64-linux-gnu.so
-- Set runtime path of "/home/suvi/poc_arm/install/my_robot_interfaces/local/lib/python3.10/dist-packages/my_robot_interfaces/my_robot_interfaces_s__rosidl_typesupport_introspection_c.cpython-310-x86_64-linux-gnu.so" to ""
-- Installing: /home/suvi/poc_arm/install/my_robot_interfaces/local/lib/python3.10/dist-packages/my_robot_interfaces/my_robot_interfaces_s__rosidl_typesupport_c.cpython-310-x86_64-linux-gnu.so
-- Set runtime path of "/home/suvi/poc_arm/install/my_robot_interfaces/local/lib/python3.10/dist-packages/my_robot_interfaces/my_robot_interfaces_s__rosidl_typesupport_c.cpython-310-x86_64-linux-gnu.so" to ""
-- Installing: /home/suvi/poc_arm/install/my_robot_interfaces/lib/libmy_robot_interfaces__rosidl_generator_py.so
-- Set runtime path of "/home/suvi/poc_arm/install/my_robot_interfaces/lib/libmy_robot_interfaces__rosidl_generator_py.so" to ""
-- Up-to-date: /home/suvi/poc_arm/install/my_robot_interfaces/share/my_robot_interfaces/msg/PoseCommand.idl
-- Up-to-date: /home/suvi/poc_arm/install/my_robot_interfaces/share/my_robot_interfaces/msg/PoseCommand.msg
-- Up-to-date: /home/suvi/poc_arm/install/my_robot_interfaces/share/ament_index/resource_index/package_run_dependencies/my_robot_interfaces
-- Installing: /home/suvi/poc_arm/install/my_robot_interfaces/share/ament_index/resource_index/parent_prefix_path/my_robot_interfaces
-- Installing: /home/suvi/poc_arm/install/my_robot_interfaces/share/my_robot_interfaces/environment/ament_prefix_path.sh
-- Installing: /home/suvi/poc_arm/install/my_robot_interfaces/share/my_robot_interfaces/environment/ament_prefix_path.dsv
-- Installing: /home/suvi/poc_arm/install/my_robot_interfaces/share/my_robot_interfaces/environment/path.sh
-- Installing: /home/suvi/poc_arm/install/my_robot_interfaces/share/my_robot_interfaces/environment/path.dsv
-- Up-to-date: /home/suvi/poc_arm/install/my_robot_interfaces/share/my_robot_interfaces/local_setup.bash
-- Up-to-date: /home/suvi/poc_arm/install/my_robot_interfaces/share/my_robot_interfaces/local_setup.sh
-- Up-to-date: /home/suvi/poc_arm/install/my_robot_interfaces/share/my_robot_interfaces/local_setup.zsh
-- Installing: /home/suvi/poc_arm/install/my_robot_interfaces/share/my_robot_interfaces/local_setup.dsv
-- Installing: /home/suvi/poc_arm/install/my_robot_interfaces/share/my_robot_interfaces/package.dsv
-- Up-to-date: /home/suvi/poc_arm/install/my_robot_interfaces/share/ament_index/resource_index/packages/my_robot_interfaces
-- Up-to-date: /home/suvi/poc_arm/install/my_robot_interfaces/share/my_robot_interfaces/cmake/export_my_robot_interfaces__rosidl_generator_cExport.cmake
-- Up-to-date: /home/suvi/poc_arm/install/my_robot_interfaces/share/my_robot_interfaces/cmake/export_my_robot_interfaces__rosidl_generator_cExport-noconfig.cmake
-- Up-to-date: /home/suvi/poc_arm/install/my_robot_interfaces/share/my_robot_interfaces/cmake/export_my_robot_interfaces__rosidl_typesupport_fastrtps_cExport.cmake
-- Up-to-date: /home/suvi/poc_arm/install/my_robot_interfaces/share/my_robot_interfaces/cmake/export_my_robot_interfaces__rosidl_typesupport_fastrtps_cExport-noconfig.cmake
-- Up-to-date: /home/suvi/poc_arm/install/my_robot_interfaces/share/my_robot_interfaces/cmake/my_robot_interfaces__rosidl_typesupport_introspection_cExport.cmake
-- Up-to-date: /home/suvi/poc_arm/install/my_robot_interfaces/share/my_robot_interfaces/cmake/my_robot_interfaces__rosidl_typesupport_introspection_cExport-noconfig.cmake
-- Up-to-date: /home/suvi/poc_arm/install/my_robot_interfaces/share/my_robot_interfaces/cmake/my_robot_interfaces__rosidl_typesupport_cExport.cmake
-- Up-to-date: /home/suvi/poc_arm/install/my_robot_interfaces/share/my_robot_interfaces/cmake/my_robot_interfaces__rosidl_typesupport_cExport-noconfig.cmake
-- Up-to-date: /home/suvi/poc_arm/install/my_robot_interfaces/share/my_robot_interfaces/cmake/export_my_robot_interfaces__rosidl_generator_cppExport.cmake
-- Up-to-date: /home/suvi/poc_arm/install/my_robot_interfaces/share/my_robot_interfaces/cmake/export_my_robot_interfaces__rosidl_typesupport_fastrtps_cppExport.cmake
-- Up-to-date: /home/suvi/poc_arm/install/my_robot_interfaces/share/my_robot_interfaces/cmake/export_my_robot_interfaces__rosidl_typesupport_fastrtps_cppExport-noconfig.cmake
-- Up-to-date: /home/suvi/poc_arm/install/my_robot_interfaces/share/my_robot_interfaces/cmake/my_robot_interfaces__rosidl_typesupport_introspection_cppExport.cmake
-- Up-to-date: /home/suvi/poc_arm/install/my_robot_interfaces/share/my_robot_interfaces/cmake/my_robot_interfaces__rosidl_typesupport_introspection_cppExport-noconfig.cmake
-- Up-to-date: /home/suvi/poc_arm/install/my_robot_interfaces/share/my_robot_interfaces/cmake/my_robot_interfaces__rosidl_typesupport_cppExport.cmake
-- Up-to-date: /home/suvi/poc_arm/install/my_robot_interfaces/share/my_robot_interfaces/cmake/my_robot_interfaces__rosidl_typesupport_cppExport-noconfig.cmake
-- Up-to-date: /home/suvi/poc_arm/install/my_robot_interfaces/share/my_robot_interfaces/cmake/export_my_robot_interfaces__rosidl_generator_pyExport.cmake
-- Up-to-date: /home/suvi/poc_arm/install/my_robot_interfaces/share/my_robot_interfaces/cmake/export_my_robot_interfaces__rosidl_generator_pyExport-noconfig.cmake
-- Up-to-date: /home/suvi/poc_arm/install/my_robot_interfaces/share/my_robot_interfaces/cmake/rosidl_cmake-extras.cmake
-- Up-to-date: /home/suvi/poc_arm/install/my_robot_interfaces/share/my_robot_interfaces/cmake/ament_cmake_export_include_directories-extras.cmake
-- Up-to-date: /home/suvi/poc_arm/install/my_robot_interfaces/share/my_robot_interfaces/cmake/ament_cmake_export_libraries-extras.cmake
-- Up-to-date: /home/suvi/poc_arm/install/my_robot_interfaces/share/my_robot_interfaces/cmake/ament_cmake_export_targets-extras.cmake
-- Up-to-date: /home/suvi/poc_arm/install/my_robot_interfaces/share/my_robot_interfaces/cmake/rosidl_cmake_export_typesupport_targets-extras.cmake
-- Up-to-date: /home/suvi/poc_arm/install/my_robot_interfaces/share/my_robot_interfaces/cmake/ament_cmake_export_dependencies-extras.cmake
-- Up-to-date: /home/suvi/poc_arm/install/my_robot_interfaces/share/my_robot_interfaces/cmake/rosidl_cmake_export_typesupport_libraries-extras.cmake
-- Up-to-date: /home/suvi/poc_arm/install/my_robot_interfaces/share/my_robot_interfaces/cmake/my_robot_interfacesConfig.cmake
-- Up-to-date: /home/suvi/poc_arm/install/my_robot_interfaces/share/my_robot_interfaces/cmake/my_robot_interfacesConfig-version.cmake
-- Up-to-date: /home/suvi/poc_arm/install/my_robot_interfaces/share/my_robot_interfaces/package.xml
