[0.010s] Invoking command in '/home/suvi/poc_arm/build/my_robot_interfaces': CMAKE_PREFIX_PATH=/opt/ros/humble /usr/bin/cmake --build /home/suvi/poc_arm/build/my_robot_interfaces -- -j12 -l12
[0.028s] -- Found ament_cmake: 1.3.12 (/opt/ros/humble/share/ament_cmake/cmake)
[0.116s] -- Found rosidl_default_generators: 1.2.0 (/opt/ros/humble/share/rosidl_default_generators/cmake)
[0.117s] -- Using all available rosidl_typesupport_c: rosidl_typesupport_fastrtps_c;rosidl_typesupport_introspection_c
[0.119s] -- Found rosidl_adapter: 3.1.8 (/opt/ros/humble/share/rosidl_adapter/cmake)
[0.138s] -- Using all available rosidl_typesupport_cpp: rosidl_typesupport_fastrtps_cpp;rosidl_typesupport_introspection_cpp
[0.326s] -- Found ament_cmake_ros: 0.10.0 (/opt/ros/humble/share/ament_cmake_ros/cmake)
[0.448s] -- Using all available rosidl_typesupport_c: rosidl_typesupport_fastrtps_c;rosidl_typesupport_introspection_c
[0.609s] -- Using all available rosidl_typesupport_cpp: rosidl_typesupport_fastrtps_cpp;rosidl_typesupport_introspection_cpp
[0.627s] -- Found python_cmake_module: 0.10.0 (/opt/ros/humble/share/python_cmake_module/cmake)
[0.642s] -- Using PYTHON_EXECUTABLE: /usr/bin/python3
[0.642s] -- Using PYTHON_INCLUDE_DIRS: /usr/include/python3.10
[0.642s] -- Using PYTHON_LIBRARIES: /usr/lib/x86_64-linux-gnu/libpython3.10.so
[0.649s] -- Configuring done
[0.662s] -- Generating done
[0.667s] -- Build files have been written to: /home/suvi/poc_arm/build/my_robot_interfaces
[0.683s] [35m[1mConsolidate compiler generated dependencies of target my_robot_interfaces__rosidl_generator_c[0m
[0.689s] [  3%] [32mBuilding C object CMakeFiles/my_robot_interfaces__rosidl_generator_c.dir/rosidl_generator_c/my_robot_interfaces/msg/detail/pose_command__functions.c.o[0m
[0.693s] [  6%] Built target my_robot_interfaces__cpp
[0.699s] [35m[1mConsolidate compiler generated dependencies of target my_robot_interfaces__rosidl_typesupport_introspection_cpp[0m
[0.699s] [35m[1mConsolidate compiler generated dependencies of target my_robot_interfaces__rosidl_typesupport_fastrtps_cpp[0m
[0.700s] [  6%] Built target ament_cmake_python_copy_my_robot_interfaces
[0.701s] [35m[1mConsolidate compiler generated dependencies of target my_robot_interfaces__rosidl_typesupport_cpp[0m
[0.707s] [  9%] [32mBuilding CXX object CMakeFiles/my_robot_interfaces__rosidl_typesupport_fastrtps_cpp.dir/rosidl_typesupport_fastrtps_cpp/my_robot_interfaces/msg/detail/dds_fastrtps/pose_command__type_support.cpp.o[0m
[0.708s] [ 12%] [32mBuilding CXX object CMakeFiles/my_robot_interfaces__rosidl_typesupport_cpp.dir/rosidl_typesupport_cpp/my_robot_interfaces/msg/pose_command__type_support.cpp.o[0m
[0.710s] [ 16%] [32mBuilding CXX object CMakeFiles/my_robot_interfaces__rosidl_typesupport_introspection_cpp.dir/rosidl_typesupport_introspection_cpp/my_robot_interfaces/msg/detail/pose_command__type_support.cpp.o[0m
[0.719s] [ 19%] [32m[1mLinking C shared library libmy_robot_interfaces__rosidl_generator_c.so[0m
[0.746s] [ 22%] Built target my_robot_interfaces__rosidl_generator_c
[0.753s] [35m[1mConsolidate compiler generated dependencies of target my_robot_interfaces__rosidl_typesupport_introspection_c[0m
[0.756s] [35m[1mConsolidate compiler generated dependencies of target my_robot_interfaces__rosidl_typesupport_c[0m
[0.756s] [35m[1mConsolidate compiler generated dependencies of target my_robot_interfaces__rosidl_typesupport_fastrtps_c[0m
[0.760s] [ 25%] [32mBuilding C object CMakeFiles/my_robot_interfaces__rosidl_typesupport_introspection_c.dir/rosidl_typesupport_introspection_c/my_robot_interfaces/msg/detail/pose_command__type_support.c.o[0m
[0.766s] [ 29%] [32mBuilding CXX object CMakeFiles/my_robot_interfaces__rosidl_typesupport_c.dir/rosidl_typesupport_c/my_robot_interfaces/msg/pose_command__type_support.cpp.o[0m
[0.767s] [ 32%] [32mBuilding CXX object CMakeFiles/my_robot_interfaces__rosidl_typesupport_fastrtps_c.dir/rosidl_typesupport_fastrtps_c/my_robot_interfaces/msg/detail/pose_command__type_support_c.cpp.o[0m
[0.780s] [ 35%] [32m[1mLinking C shared library libmy_robot_interfaces__rosidl_typesupport_introspection_c.so[0m
[0.794s] [ 38%] [32m[1mLinking CXX shared library libmy_robot_interfaces__rosidl_typesupport_c.so[0m
[0.800s] [ 41%] Built target my_robot_interfaces__rosidl_typesupport_introspection_c
[0.824s] [ 45%] Built target my_robot_interfaces__rosidl_typesupport_c
[0.860s] [ 48%] [32m[1mLinking CXX shared library libmy_robot_interfaces__rosidl_typesupport_cpp.so[0m
[0.890s] [ 51%] Built target my_robot_interfaces__rosidl_typesupport_cpp
[0.912s] running egg_info
[0.924s] writing my_robot_interfaces.egg-info/PKG-INFO
[0.924s] writing dependency_links to my_robot_interfaces.egg-info/dependency_links.txt
[0.925s] writing top-level names to my_robot_interfaces.egg-info/top_level.txt
[0.947s] [ 54%] [32m[1mLinking CXX shared library libmy_robot_interfaces__rosidl_typesupport_fastrtps_cpp.so[0m
[0.961s] reading manifest file 'my_robot_interfaces.egg-info/SOURCES.txt'
[0.961s] writing manifest file 'my_robot_interfaces.egg-info/SOURCES.txt'
[0.966s] [ 58%] [32m[1mLinking CXX shared library libmy_robot_interfaces__rosidl_typesupport_fastrtps_c.so[0m
[0.989s] [ 58%] Built target ament_cmake_python_build_my_robot_interfaces_egg
[1.002s] [ 61%] [32m[1mLinking CXX shared library libmy_robot_interfaces__rosidl_typesupport_introspection_cpp.so[0m
[1.005s] [ 64%] Built target my_robot_interfaces__rosidl_typesupport_fastrtps_cpp
[1.020s] [ 67%] Built target my_robot_interfaces__rosidl_typesupport_fastrtps_c
[1.029s] [ 70%] Built target my_robot_interfaces__rosidl_typesupport_introspection_cpp
[1.045s] [ 70%] Built target my_robot_interfaces
[1.063s] [ 74%] Built target my_robot_interfaces__py
[1.075s] [35m[1mConsolidate compiler generated dependencies of target my_robot_interfaces__rosidl_generator_py[0m
[1.087s] [ 77%] [32mBuilding C object CMakeFiles/my_robot_interfaces__rosidl_generator_py.dir/rosidl_generator_py/my_robot_interfaces/msg/_pose_command_s.c.o[0m
[1.145s] [ 80%] [32m[1mLinking C shared library rosidl_generator_py/my_robot_interfaces/libmy_robot_interfaces__rosidl_generator_py.so[0m
[1.174s] [ 80%] Built target my_robot_interfaces__rosidl_generator_py
[1.180s] [35m[1mConsolidate compiler generated dependencies of target my_robot_interfaces__rosidl_typesupport_c__pyext[0m
[1.182s] [35m[1mConsolidate compiler generated dependencies of target my_robot_interfaces__rosidl_typesupport_fastrtps_c__pyext[0m
[1.182s] [35m[1mConsolidate compiler generated dependencies of target my_robot_interfaces__rosidl_typesupport_introspection_c__pyext[0m
[1.188s] [ 83%] [32mBuilding C object CMakeFiles/my_robot_interfaces__rosidl_typesupport_c__pyext.dir/rosidl_generator_py/my_robot_interfaces/_my_robot_interfaces_s.ep.rosidl_typesupport_c.c.o[0m
[1.190s] [ 87%] [32mBuilding C object CMakeFiles/my_robot_interfaces__rosidl_typesupport_introspection_c__pyext.dir/rosidl_generator_py/my_robot_interfaces/_my_robot_interfaces_s.ep.rosidl_typesupport_introspection_c.c.o[0m
[1.191s] [ 90%] [32mBuilding C object CMakeFiles/my_robot_interfaces__rosidl_typesupport_fastrtps_c__pyext.dir/rosidl_generator_py/my_robot_interfaces/_my_robot_interfaces_s.ep.rosidl_typesupport_fastrtps_c.c.o[0m
[1.239s] [ 93%] [32m[1mLinking C shared library rosidl_generator_py/my_robot_interfaces/my_robot_interfaces_s__rosidl_typesupport_c.cpython-310-x86_64-linux-gnu.so[0m
[1.244s] [ 96%] [32m[1mLinking C shared library rosidl_generator_py/my_robot_interfaces/my_robot_interfaces_s__rosidl_typesupport_fastrtps_c.cpython-310-x86_64-linux-gnu.so[0m
[1.245s] [100%] [32m[1mLinking C shared library rosidl_generator_py/my_robot_interfaces/my_robot_interfaces_s__rosidl_typesupport_introspection_c.cpython-310-x86_64-linux-gnu.so[0m
[1.262s] [100%] Built target my_robot_interfaces__rosidl_typesupport_c__pyext
[1.267s] [100%] Built target my_robot_interfaces__rosidl_typesupport_introspection_c__pyext
[1.269s] [100%] Built target my_robot_interfaces__rosidl_typesupport_fastrtps_c__pyext
[1.277s] Invoked command in '/home/suvi/poc_arm/build/my_robot_interfaces' returned '0': CMAKE_PREFIX_PATH=/opt/ros/humble /usr/bin/cmake --build /home/suvi/poc_arm/build/my_robot_interfaces -- -j12 -l12
[1.278s] Invoking command in '/home/suvi/poc_arm/build/my_robot_interfaces': CMAKE_PREFIX_PATH=/opt/ros/humble /usr/bin/cmake --install /home/suvi/poc_arm/build/my_robot_interfaces
[1.284s] -- Install configuration: ""
[1.284s] -- Up-to-date: /home/suvi/poc_arm/install/my_robot_interfaces/share/ament_index/resource_index/rosidl_interfaces/my_robot_interfaces
[1.284s] -- Up-to-date: /home/suvi/poc_arm/install/my_robot_interfaces/include/my_robot_interfaces/my_robot_interfaces
[1.284s] -- Up-to-date: /home/suvi/poc_arm/install/my_robot_interfaces/include/my_robot_interfaces/my_robot_interfaces/msg
[1.284s] -- Up-to-date: /home/suvi/poc_arm/install/my_robot_interfaces/include/my_robot_interfaces/my_robot_interfaces/msg/pose_command.h
[1.284s] -- Up-to-date: /home/suvi/poc_arm/install/my_robot_interfaces/include/my_robot_interfaces/my_robot_interfaces/msg/rosidl_generator_c__visibility_control.h
[1.284s] -- Up-to-date: /home/suvi/poc_arm/install/my_robot_interfaces/include/my_robot_interfaces/my_robot_interfaces/msg/detail
[1.284s] -- Up-to-date: /home/suvi/poc_arm/install/my_robot_interfaces/include/my_robot_interfaces/my_robot_interfaces/msg/detail/pose_command__struct.h
[1.284s] -- Up-to-date: /home/suvi/poc_arm/install/my_robot_interfaces/include/my_robot_interfaces/my_robot_interfaces/msg/detail/pose_command__functions.h
[1.284s] -- Up-to-date: /home/suvi/poc_arm/install/my_robot_interfaces/include/my_robot_interfaces/my_robot_interfaces/msg/detail/pose_command__type_support.h
[1.284s] -- Up-to-date: /home/suvi/poc_arm/install/my_robot_interfaces/include/my_robot_interfaces/my_robot_interfaces/msg/detail/pose_command__functions.c
[1.284s] -- Installing: /home/suvi/poc_arm/install/my_robot_interfaces/share/my_robot_interfaces/environment/library_path.sh
[1.284s] -- Installing: /home/suvi/poc_arm/install/my_robot_interfaces/share/my_robot_interfaces/environment/library_path.dsv
[1.284s] -- Installing: /home/suvi/poc_arm/install/my_robot_interfaces/lib/libmy_robot_interfaces__rosidl_generator_c.so
[1.284s] -- Set runtime path of "/home/suvi/poc_arm/install/my_robot_interfaces/lib/libmy_robot_interfaces__rosidl_generator_c.so" to ""
[1.284s] -- Up-to-date: /home/suvi/poc_arm/install/my_robot_interfaces/include/my_robot_interfaces/my_robot_interfaces
[1.284s] -- Up-to-date: /home/suvi/poc_arm/install/my_robot_interfaces/include/my_robot_interfaces/my_robot_interfaces/msg
[1.284s] -- Up-to-date: /home/suvi/poc_arm/install/my_robot_interfaces/include/my_robot_interfaces/my_robot_interfaces/msg/rosidl_typesupport_fastrtps_c__visibility_control.h
[1.284s] -- Up-to-date: /home/suvi/poc_arm/install/my_robot_interfaces/include/my_robot_interfaces/my_robot_interfaces/msg/detail
[1.285s] -- Up-to-date: /home/suvi/poc_arm/install/my_robot_interfaces/include/my_robot_interfaces/my_robot_interfaces/msg/detail/pose_command__rosidl_typesupport_fastrtps_c.h
[1.285s] -- Installing: /home/suvi/poc_arm/install/my_robot_interfaces/lib/libmy_robot_interfaces__rosidl_typesupport_fastrtps_c.so
[1.285s] -- Set runtime path of "/home/suvi/poc_arm/install/my_robot_interfaces/lib/libmy_robot_interfaces__rosidl_typesupport_fastrtps_c.so" to ""
[1.285s] -- Up-to-date: /home/suvi/poc_arm/install/my_robot_interfaces/include/my_robot_interfaces/my_robot_interfaces
[1.285s] -- Up-to-date: /home/suvi/poc_arm/install/my_robot_interfaces/include/my_robot_interfaces/my_robot_interfaces/msg
[1.285s] -- Up-to-date: /home/suvi/poc_arm/install/my_robot_interfaces/include/my_robot_interfaces/my_robot_interfaces/msg/rosidl_typesupport_introspection_c__visibility_control.h
[1.285s] -- Up-to-date: /home/suvi/poc_arm/install/my_robot_interfaces/include/my_robot_interfaces/my_robot_interfaces/msg/detail
[1.285s] -- Up-to-date: /home/suvi/poc_arm/install/my_robot_interfaces/include/my_robot_interfaces/my_robot_interfaces/msg/detail/pose_command__rosidl_typesupport_introspection_c.h
[1.285s] -- Up-to-date: /home/suvi/poc_arm/install/my_robot_interfaces/include/my_robot_interfaces/my_robot_interfaces/msg/detail/pose_command__type_support.c
[1.285s] -- Installing: /home/suvi/poc_arm/install/my_robot_interfaces/lib/libmy_robot_interfaces__rosidl_typesupport_introspection_c.so
[1.285s] -- Set runtime path of "/home/suvi/poc_arm/install/my_robot_interfaces/lib/libmy_robot_interfaces__rosidl_typesupport_introspection_c.so" to ""
[1.285s] -- Installing: /home/suvi/poc_arm/install/my_robot_interfaces/lib/libmy_robot_interfaces__rosidl_typesupport_c.so
[1.285s] -- Set runtime path of "/home/suvi/poc_arm/install/my_robot_interfaces/lib/libmy_robot_interfaces__rosidl_typesupport_c.so" to ""
[1.285s] -- Up-to-date: /home/suvi/poc_arm/install/my_robot_interfaces/include/my_robot_interfaces/my_robot_interfaces
[1.285s] -- Up-to-date: /home/suvi/poc_arm/install/my_robot_interfaces/include/my_robot_interfaces/my_robot_interfaces/msg
[1.285s] -- Up-to-date: /home/suvi/poc_arm/install/my_robot_interfaces/include/my_robot_interfaces/my_robot_interfaces/msg/pose_command.hpp
[1.285s] -- Up-to-date: /home/suvi/poc_arm/install/my_robot_interfaces/include/my_robot_interfaces/my_robot_interfaces/msg/rosidl_generator_cpp__visibility_control.hpp
[1.285s] -- Up-to-date: /home/suvi/poc_arm/install/my_robot_interfaces/include/my_robot_interfaces/my_robot_interfaces/msg/detail
[1.285s] -- Up-to-date: /home/suvi/poc_arm/install/my_robot_interfaces/include/my_robot_interfaces/my_robot_interfaces/msg/detail/pose_command__traits.hpp
[1.285s] -- Up-to-date: /home/suvi/poc_arm/install/my_robot_interfaces/include/my_robot_interfaces/my_robot_interfaces/msg/detail/pose_command__builder.hpp
[1.285s] -- Up-to-date: /home/suvi/poc_arm/install/my_robot_interfaces/include/my_robot_interfaces/my_robot_interfaces/msg/detail/pose_command__type_support.hpp
[1.285s] -- Up-to-date: /home/suvi/poc_arm/install/my_robot_interfaces/include/my_robot_interfaces/my_robot_interfaces/msg/detail/pose_command__struct.hpp
[1.285s] -- Up-to-date: /home/suvi/poc_arm/install/my_robot_interfaces/include/my_robot_interfaces/my_robot_interfaces
[1.285s] -- Up-to-date: /home/suvi/poc_arm/install/my_robot_interfaces/include/my_robot_interfaces/my_robot_interfaces/msg
[1.285s] -- Up-to-date: /home/suvi/poc_arm/install/my_robot_interfaces/include/my_robot_interfaces/my_robot_interfaces/msg/rosidl_typesupport_fastrtps_cpp__visibility_control.h
[1.285s] -- Up-to-date: /home/suvi/poc_arm/install/my_robot_interfaces/include/my_robot_interfaces/my_robot_interfaces/msg/detail
[1.285s] -- Up-to-date: /home/suvi/poc_arm/install/my_robot_interfaces/include/my_robot_interfaces/my_robot_interfaces/msg/detail/pose_command__rosidl_typesupport_fastrtps_cpp.hpp
[1.285s] -- Up-to-date: /home/suvi/poc_arm/install/my_robot_interfaces/include/my_robot_interfaces/my_robot_interfaces/msg/detail/dds_fastrtps
[1.285s] -- Installing: /home/suvi/poc_arm/install/my_robot_interfaces/lib/libmy_robot_interfaces__rosidl_typesupport_fastrtps_cpp.so
[1.285s] -- Set runtime path of "/home/suvi/poc_arm/install/my_robot_interfaces/lib/libmy_robot_interfaces__rosidl_typesupport_fastrtps_cpp.so" to ""
[1.285s] -- Up-to-date: /home/suvi/poc_arm/install/my_robot_interfaces/include/my_robot_interfaces/my_robot_interfaces
[1.286s] -- Up-to-date: /home/suvi/poc_arm/install/my_robot_interfaces/include/my_robot_interfaces/my_robot_interfaces/msg
[1.286s] -- Up-to-date: /home/suvi/poc_arm/install/my_robot_interfaces/include/my_robot_interfaces/my_robot_interfaces/msg/detail
[1.286s] -- Up-to-date: /home/suvi/poc_arm/install/my_robot_interfaces/include/my_robot_interfaces/my_robot_interfaces/msg/detail/pose_command__type_support.cpp
[1.286s] -- Up-to-date: /home/suvi/poc_arm/install/my_robot_interfaces/include/my_robot_interfaces/my_robot_interfaces/msg/detail/pose_command__rosidl_typesupport_introspection_cpp.hpp
[1.286s] -- Installing: /home/suvi/poc_arm/install/my_robot_interfaces/lib/libmy_robot_interfaces__rosidl_typesupport_introspection_cpp.so
[1.286s] -- Set runtime path of "/home/suvi/poc_arm/install/my_robot_interfaces/lib/libmy_robot_interfaces__rosidl_typesupport_introspection_cpp.so" to ""
[1.286s] -- Installing: /home/suvi/poc_arm/install/my_robot_interfaces/lib/libmy_robot_interfaces__rosidl_typesupport_cpp.so
[1.286s] -- Set runtime path of "/home/suvi/poc_arm/install/my_robot_interfaces/lib/libmy_robot_interfaces__rosidl_typesupport_cpp.so" to ""
[1.286s] -- Up-to-date: /home/suvi/poc_arm/install/my_robot_interfaces/share/my_robot_interfaces/environment/pythonpath.sh
[1.286s] -- Installing: /home/suvi/poc_arm/install/my_robot_interfaces/share/my_robot_interfaces/environment/pythonpath.dsv
[1.286s] -- Up-to-date: /home/suvi/poc_arm/install/my_robot_interfaces/local/lib/python3.10/dist-packages/my_robot_interfaces-0.0.0-py3.10.egg-info
[1.286s] -- Installing: /home/suvi/poc_arm/install/my_robot_interfaces/local/lib/python3.10/dist-packages/my_robot_interfaces-0.0.0-py3.10.egg-info/PKG-INFO
[1.286s] -- Installing: /home/suvi/poc_arm/install/my_robot_interfaces/local/lib/python3.10/dist-packages/my_robot_interfaces-0.0.0-py3.10.egg-info/SOURCES.txt
[1.286s] -- Installing: /home/suvi/poc_arm/install/my_robot_interfaces/local/lib/python3.10/dist-packages/my_robot_interfaces-0.0.0-py3.10.egg-info/dependency_links.txt
[1.286s] -- Installing: /home/suvi/poc_arm/install/my_robot_interfaces/local/lib/python3.10/dist-packages/my_robot_interfaces-0.0.0-py3.10.egg-info/top_level.txt
[1.286s] -- Up-to-date: /home/suvi/poc_arm/install/my_robot_interfaces/local/lib/python3.10/dist-packages/my_robot_interfaces
[1.286s] -- Installing: /home/suvi/poc_arm/install/my_robot_interfaces/local/lib/python3.10/dist-packages/my_robot_interfaces/my_robot_interfaces_s__rosidl_typesupport_c.cpython-310-x86_64-linux-gnu.so
[1.286s] -- Installing: /home/suvi/poc_arm/install/my_robot_interfaces/local/lib/python3.10/dist-packages/my_robot_interfaces/libmy_robot_interfaces__rosidl_generator_py.so
[1.286s] -- Up-to-date: /home/suvi/poc_arm/install/my_robot_interfaces/local/lib/python3.10/dist-packages/my_robot_interfaces/msg
[1.286s] -- Up-to-date: /home/suvi/poc_arm/install/my_robot_interfaces/local/lib/python3.10/dist-packages/my_robot_interfaces/msg/_pose_command.py
[1.286s] -- Up-to-date: /home/suvi/poc_arm/install/my_robot_interfaces/local/lib/python3.10/dist-packages/my_robot_interfaces/msg/__init__.py
[1.286s] -- Up-to-date: /home/suvi/poc_arm/install/my_robot_interfaces/local/lib/python3.10/dist-packages/my_robot_interfaces/msg/_pose_command_s.c
[1.286s] -- Up-to-date: /home/suvi/poc_arm/install/my_robot_interfaces/local/lib/python3.10/dist-packages/my_robot_interfaces/_my_robot_interfaces_s.ep.rosidl_typesupport_introspection_c.c
[1.286s] -- Installing: /home/suvi/poc_arm/install/my_robot_interfaces/local/lib/python3.10/dist-packages/my_robot_interfaces/my_robot_interfaces_s__rosidl_typesupport_introspection_c.cpython-310-x86_64-linux-gnu.so
[1.286s] -- Up-to-date: /home/suvi/poc_arm/install/my_robot_interfaces/local/lib/python3.10/dist-packages/my_robot_interfaces/_my_robot_interfaces_s.ep.rosidl_typesupport_c.c
[1.286s] -- Installing: /home/suvi/poc_arm/install/my_robot_interfaces/local/lib/python3.10/dist-packages/my_robot_interfaces/my_robot_interfaces_s__rosidl_typesupport_fastrtps_c.cpython-310-x86_64-linux-gnu.so
[1.286s] -- Installing: /home/suvi/poc_arm/install/my_robot_interfaces/local/lib/python3.10/dist-packages/my_robot_interfaces/__init__.py
[1.286s] -- Up-to-date: /home/suvi/poc_arm/install/my_robot_interfaces/local/lib/python3.10/dist-packages/my_robot_interfaces/_my_robot_interfaces_s.ep.rosidl_typesupport_fastrtps_c.c
[1.307s] Listing '/home/suvi/poc_arm/install/my_robot_interfaces/local/lib/python3.10/dist-packages/my_robot_interfaces'...
[1.307s] Compiling '/home/suvi/poc_arm/install/my_robot_interfaces/local/lib/python3.10/dist-packages/my_robot_interfaces/__init__.py'...
[1.307s] Listing '/home/suvi/poc_arm/install/my_robot_interfaces/local/lib/python3.10/dist-packages/my_robot_interfaces/msg'...
[1.307s] Compiling '/home/suvi/poc_arm/install/my_robot_interfaces/local/lib/python3.10/dist-packages/my_robot_interfaces/msg/__init__.py'...
[1.307s] Compiling '/home/suvi/poc_arm/install/my_robot_interfaces/local/lib/python3.10/dist-packages/my_robot_interfaces/msg/_pose_command.py'...
[1.310s] -- Installing: /home/suvi/poc_arm/install/my_robot_interfaces/local/lib/python3.10/dist-packages/my_robot_interfaces/my_robot_interfaces_s__rosidl_typesupport_fastrtps_c.cpython-310-x86_64-linux-gnu.so
[1.310s] -- Set runtime path of "/home/suvi/poc_arm/install/my_robot_interfaces/local/lib/python3.10/dist-packages/my_robot_interfaces/my_robot_interfaces_s__rosidl_typesupport_fastrtps_c.cpython-310-x86_64-linux-gnu.so" to ""
[1.310s] -- Installing: /home/suvi/poc_arm/install/my_robot_interfaces/local/lib/python3.10/dist-packages/my_robot_interfaces/my_robot_interfaces_s__rosidl_typesupport_introspection_c.cpython-310-x86_64-linux-gnu.so
[1.310s] -- Set runtime path of "/home/suvi/poc_arm/install/my_robot_interfaces/local/lib/python3.10/dist-packages/my_robot_interfaces/my_robot_interfaces_s__rosidl_typesupport_introspection_c.cpython-310-x86_64-linux-gnu.so" to ""
[1.310s] -- Installing: /home/suvi/poc_arm/install/my_robot_interfaces/local/lib/python3.10/dist-packages/my_robot_interfaces/my_robot_interfaces_s__rosidl_typesupport_c.cpython-310-x86_64-linux-gnu.so
[1.310s] -- Set runtime path of "/home/suvi/poc_arm/install/my_robot_interfaces/local/lib/python3.10/dist-packages/my_robot_interfaces/my_robot_interfaces_s__rosidl_typesupport_c.cpython-310-x86_64-linux-gnu.so" to ""
[1.310s] -- Installing: /home/suvi/poc_arm/install/my_robot_interfaces/lib/libmy_robot_interfaces__rosidl_generator_py.so
[1.310s] -- Set runtime path of "/home/suvi/poc_arm/install/my_robot_interfaces/lib/libmy_robot_interfaces__rosidl_generator_py.so" to ""
[1.310s] -- Up-to-date: /home/suvi/poc_arm/install/my_robot_interfaces/share/my_robot_interfaces/msg/PoseCommand.idl
[1.310s] -- Up-to-date: /home/suvi/poc_arm/install/my_robot_interfaces/share/my_robot_interfaces/msg/PoseCommand.msg
[1.310s] -- Up-to-date: /home/suvi/poc_arm/install/my_robot_interfaces/share/ament_index/resource_index/package_run_dependencies/my_robot_interfaces
[1.310s] -- Installing: /home/suvi/poc_arm/install/my_robot_interfaces/share/ament_index/resource_index/parent_prefix_path/my_robot_interfaces
[1.311s] -- Installing: /home/suvi/poc_arm/install/my_robot_interfaces/share/my_robot_interfaces/environment/ament_prefix_path.sh
[1.311s] -- Installing: /home/suvi/poc_arm/install/my_robot_interfaces/share/my_robot_interfaces/environment/ament_prefix_path.dsv
[1.311s] -- Installing: /home/suvi/poc_arm/install/my_robot_interfaces/share/my_robot_interfaces/environment/path.sh
[1.311s] -- Installing: /home/suvi/poc_arm/install/my_robot_interfaces/share/my_robot_interfaces/environment/path.dsv
[1.311s] -- Up-to-date: /home/suvi/poc_arm/install/my_robot_interfaces/share/my_robot_interfaces/local_setup.bash
[1.311s] -- Up-to-date: /home/suvi/poc_arm/install/my_robot_interfaces/share/my_robot_interfaces/local_setup.sh
[1.311s] -- Up-to-date: /home/suvi/poc_arm/install/my_robot_interfaces/share/my_robot_interfaces/local_setup.zsh
[1.311s] -- Installing: /home/suvi/poc_arm/install/my_robot_interfaces/share/my_robot_interfaces/local_setup.dsv
[1.311s] -- Installing: /home/suvi/poc_arm/install/my_robot_interfaces/share/my_robot_interfaces/package.dsv
[1.311s] -- Up-to-date: /home/suvi/poc_arm/install/my_robot_interfaces/share/ament_index/resource_index/packages/my_robot_interfaces
[1.311s] -- Up-to-date: /home/suvi/poc_arm/install/my_robot_interfaces/share/my_robot_interfaces/cmake/export_my_robot_interfaces__rosidl_generator_cExport.cmake
[1.311s] -- Up-to-date: /home/suvi/poc_arm/install/my_robot_interfaces/share/my_robot_interfaces/cmake/export_my_robot_interfaces__rosidl_generator_cExport-noconfig.cmake
[1.311s] -- Up-to-date: /home/suvi/poc_arm/install/my_robot_interfaces/share/my_robot_interfaces/cmake/export_my_robot_interfaces__rosidl_typesupport_fastrtps_cExport.cmake
[1.311s] -- Up-to-date: /home/suvi/poc_arm/install/my_robot_interfaces/share/my_robot_interfaces/cmake/export_my_robot_interfaces__rosidl_typesupport_fastrtps_cExport-noconfig.cmake
[1.311s] -- Up-to-date: /home/suvi/poc_arm/install/my_robot_interfaces/share/my_robot_interfaces/cmake/my_robot_interfaces__rosidl_typesupport_introspection_cExport.cmake
[1.311s] -- Up-to-date: /home/suvi/poc_arm/install/my_robot_interfaces/share/my_robot_interfaces/cmake/my_robot_interfaces__rosidl_typesupport_introspection_cExport-noconfig.cmake
[1.311s] -- Up-to-date: /home/suvi/poc_arm/install/my_robot_interfaces/share/my_robot_interfaces/cmake/my_robot_interfaces__rosidl_typesupport_cExport.cmake
[1.311s] -- Up-to-date: /home/suvi/poc_arm/install/my_robot_interfaces/share/my_robot_interfaces/cmake/my_robot_interfaces__rosidl_typesupport_cExport-noconfig.cmake
[1.311s] -- Up-to-date: /home/suvi/poc_arm/install/my_robot_interfaces/share/my_robot_interfaces/cmake/export_my_robot_interfaces__rosidl_generator_cppExport.cmake
[1.311s] -- Up-to-date: /home/suvi/poc_arm/install/my_robot_interfaces/share/my_robot_interfaces/cmake/export_my_robot_interfaces__rosidl_typesupport_fastrtps_cppExport.cmake
[1.311s] -- Up-to-date: /home/suvi/poc_arm/install/my_robot_interfaces/share/my_robot_interfaces/cmake/export_my_robot_interfaces__rosidl_typesupport_fastrtps_cppExport-noconfig.cmake
[1.311s] -- Up-to-date: /home/suvi/poc_arm/install/my_robot_interfaces/share/my_robot_interfaces/cmake/my_robot_interfaces__rosidl_typesupport_introspection_cppExport.cmake
[1.311s] -- Up-to-date: /home/suvi/poc_arm/install/my_robot_interfaces/share/my_robot_interfaces/cmake/my_robot_interfaces__rosidl_typesupport_introspection_cppExport-noconfig.cmake
[1.311s] -- Up-to-date: /home/suvi/poc_arm/install/my_robot_interfaces/share/my_robot_interfaces/cmake/my_robot_interfaces__rosidl_typesupport_cppExport.cmake
[1.311s] -- Up-to-date: /home/suvi/poc_arm/install/my_robot_interfaces/share/my_robot_interfaces/cmake/my_robot_interfaces__rosidl_typesupport_cppExport-noconfig.cmake
[1.311s] -- Up-to-date: /home/suvi/poc_arm/install/my_robot_interfaces/share/my_robot_interfaces/cmake/export_my_robot_interfaces__rosidl_generator_pyExport.cmake
[1.311s] -- Up-to-date: /home/suvi/poc_arm/install/my_robot_interfaces/share/my_robot_interfaces/cmake/export_my_robot_interfaces__rosidl_generator_pyExport-noconfig.cmake
[1.311s] -- Up-to-date: /home/suvi/poc_arm/install/my_robot_interfaces/share/my_robot_interfaces/cmake/rosidl_cmake-extras.cmake
[1.311s] -- Up-to-date: /home/suvi/poc_arm/install/my_robot_interfaces/share/my_robot_interfaces/cmake/ament_cmake_export_include_directories-extras.cmake
[1.311s] -- Up-to-date: /home/suvi/poc_arm/install/my_robot_interfaces/share/my_robot_interfaces/cmake/ament_cmake_export_libraries-extras.cmake
[1.312s] -- Up-to-date: /home/suvi/poc_arm/install/my_robot_interfaces/share/my_robot_interfaces/cmake/ament_cmake_export_targets-extras.cmake
[1.312s] -- Up-to-date: /home/suvi/poc_arm/install/my_robot_interfaces/share/my_robot_interfaces/cmake/rosidl_cmake_export_typesupport_targets-extras.cmake
[1.312s] -- Up-to-date: /home/suvi/poc_arm/install/my_robot_interfaces/share/my_robot_interfaces/cmake/ament_cmake_export_dependencies-extras.cmake
[1.312s] -- Up-to-date: /home/suvi/poc_arm/install/my_robot_interfaces/share/my_robot_interfaces/cmake/rosidl_cmake_export_typesupport_libraries-extras.cmake
[1.312s] -- Up-to-date: /home/suvi/poc_arm/install/my_robot_interfaces/share/my_robot_interfaces/cmake/my_robot_interfacesConfig.cmake
[1.312s] -- Up-to-date: /home/suvi/poc_arm/install/my_robot_interfaces/share/my_robot_interfaces/cmake/my_robot_interfacesConfig-version.cmake
[1.312s] -- Up-to-date: /home/suvi/poc_arm/install/my_robot_interfaces/share/my_robot_interfaces/package.xml
[1.313s] Invoked command in '/home/suvi/poc_arm/build/my_robot_interfaces' returned '0': CMAKE_PREFIX_PATH=/opt/ros/humble /usr/bin/cmake --install /home/suvi/poc_arm/build/my_robot_interfaces
