[0.092s] DEBUG:colcon:Command line arguments: ['/usr/bin/colcon', 'build']
[0.092s] DEBUG:colcon:Parsed command line arguments: Namespace(log_base=None, log_level=None, verb_name='build', build_base='build', install_base='install', merge_install=False, symlink_install=False, test_result_base=None, continue_on_error=False, executor='parallel', parallel_workers=12, event_handlers=None, ignore_user_meta=False, metas=['./colcon.meta'], base_paths=['.'], packages_ignore=None, packages_ignore_regex=None, paths=None, packages_up_to=None, packages_up_to_regex=None, packages_above=None, packages_above_and_dependencies=None, packages_above_depth=None, packages_select_by_dep=None, packages_skip_by_dep=None, packages_skip_up_to=None, packages_select_build_failed=False, packages_skip_build_finished=False, packages_select_test_failures=False, packages_skip_test_passed=False, packages_select=None, packages_skip=None, packages_select_regex=None, packages_skip_regex=None, packages_start=None, packages_end=None, allow_overriding=[], cmake_args=None, cmake_target=None, cmake_target_skip_unavailable=False, cmake_clean_cache=False, cmake_clean_first=False, cmake_force_configure=False, ament_cmake_args=None, catkin_cmake_args=None, catkin_skip_building_tests=False, mixin_files=None, mixin=None, verb_parser=<colcon_mixin.mixin.mixin_argument.MixinArgumentDecorator object at 0x72acfe9c2830>, verb_extension=<colcon_core.verb.build.BuildVerb object at 0x72acfe9c2380>, main=<bound method BuildVerb.main of <colcon_core.verb.build.BuildVerb object at 0x72acfe9c2380>>, mixin_verb=('build',))
[0.240s] Level 1:colcon.colcon_core.package_discovery:discover_packages(colcon_meta) check parameters
[0.241s] Level 1:colcon.colcon_core.package_discovery:discover_packages(recursive) check parameters
[0.241s] Level 1:colcon.colcon_core.package_discovery:discover_packages(ignore) check parameters
[0.241s] Level 1:colcon.colcon_core.package_discovery:discover_packages(path) check parameters
[0.241s] Level 1:colcon.colcon_core.package_discovery:discover_packages(colcon_meta) discover
[0.241s] Level 1:colcon.colcon_core.package_discovery:discover_packages(recursive) discover
[0.241s] INFO:colcon.colcon_core.package_discovery:Crawling recursively for packages in '/home/suvi/poc_arm'
[0.241s] Level 1:colcon.colcon_core.package_identification:_identify(.) by extensions ['ignore', 'ignore_ament_install']
[0.241s] Level 1:colcon.colcon_core.package_identification:_identify(.) by extension 'ignore'
[0.241s] Level 1:colcon.colcon_core.package_identification:_identify(.) by extension 'ignore_ament_install'
[0.241s] Level 1:colcon.colcon_core.package_identification:_identify(.) by extensions ['colcon_pkg']
[0.241s] Level 1:colcon.colcon_core.package_identification:_identify(.) by extension 'colcon_pkg'
[0.241s] Level 1:colcon.colcon_core.package_identification:_identify(.) by extensions ['colcon_meta']
[0.241s] Level 1:colcon.colcon_core.package_identification:_identify(.) by extension 'colcon_meta'
[0.241s] Level 1:colcon.colcon_core.package_identification:_identify(.) by extensions ['ros']
[0.241s] Level 1:colcon.colcon_core.package_identification:_identify(.) by extension 'ros'
[0.255s] Level 1:colcon.colcon_core.package_identification:_identify(.) by extensions ['cmake', 'python']
[0.255s] Level 1:colcon.colcon_core.package_identification:_identify(.) by extension 'cmake'
[0.255s] Level 1:colcon.colcon_core.package_identification:_identify(.) by extension 'python'
[0.255s] Level 1:colcon.colcon_core.package_identification:_identify(.) by extensions ['python_setup_py']
[0.255s] Level 1:colcon.colcon_core.package_identification:_identify(.) by extension 'python_setup_py'
[0.255s] Level 1:colcon.colcon_core.package_identification:_identify(build) by extensions ['ignore', 'ignore_ament_install']
[0.255s] Level 1:colcon.colcon_core.package_identification:_identify(build) by extension 'ignore'
[0.255s] Level 1:colcon.colcon_core.package_identification:_identify(build) ignored
[0.256s] Level 1:colcon.colcon_core.package_identification:_identify(install) by extensions ['ignore', 'ignore_ament_install']
[0.256s] Level 1:colcon.colcon_core.package_identification:_identify(install) by extension 'ignore'
[0.256s] Level 1:colcon.colcon_core.package_identification:_identify(install) ignored
[0.256s] Level 1:colcon.colcon_core.package_identification:_identify(log) by extensions ['ignore', 'ignore_ament_install']
[0.256s] Level 1:colcon.colcon_core.package_identification:_identify(log) by extension 'ignore'
[0.256s] Level 1:colcon.colcon_core.package_identification:_identify(log) ignored
[0.256s] Level 1:colcon.colcon_core.package_identification:_identify(src) by extensions ['ignore', 'ignore_ament_install']
[0.256s] Level 1:colcon.colcon_core.package_identification:_identify(src) by extension 'ignore'
[0.256s] Level 1:colcon.colcon_core.package_identification:_identify(src) by extension 'ignore_ament_install'
[0.256s] Level 1:colcon.colcon_core.package_identification:_identify(src) by extensions ['colcon_pkg']
[0.256s] Level 1:colcon.colcon_core.package_identification:_identify(src) by extension 'colcon_pkg'
[0.256s] Level 1:colcon.colcon_core.package_identification:_identify(src) by extensions ['colcon_meta']
[0.256s] Level 1:colcon.colcon_core.package_identification:_identify(src) by extension 'colcon_meta'
[0.256s] Level 1:colcon.colcon_core.package_identification:_identify(src) by extensions ['ros']
[0.256s] Level 1:colcon.colcon_core.package_identification:_identify(src) by extension 'ros'
[0.256s] Level 1:colcon.colcon_core.package_identification:_identify(src) by extensions ['cmake', 'python']
[0.256s] Level 1:colcon.colcon_core.package_identification:_identify(src) by extension 'cmake'
[0.256s] Level 1:colcon.colcon_core.package_identification:_identify(src) by extension 'python'
[0.256s] Level 1:colcon.colcon_core.package_identification:_identify(src) by extensions ['python_setup_py']
[0.256s] Level 1:colcon.colcon_core.package_identification:_identify(src) by extension 'python_setup_py'
[0.256s] Level 1:colcon.colcon_core.package_identification:_identify(src/my_robot_commander_cpp) by extensions ['ignore', 'ignore_ament_install']
[0.256s] Level 1:colcon.colcon_core.package_identification:_identify(src/my_robot_commander_cpp) by extension 'ignore'
[0.256s] Level 1:colcon.colcon_core.package_identification:_identify(src/my_robot_commander_cpp) by extension 'ignore_ament_install'
[0.256s] Level 1:colcon.colcon_core.package_identification:_identify(src/my_robot_commander_cpp) by extensions ['colcon_pkg']
[0.256s] Level 1:colcon.colcon_core.package_identification:_identify(src/my_robot_commander_cpp) by extension 'colcon_pkg'
[0.256s] Level 1:colcon.colcon_core.package_identification:_identify(src/my_robot_commander_cpp) by extensions ['colcon_meta']
[0.256s] Level 1:colcon.colcon_core.package_identification:_identify(src/my_robot_commander_cpp) by extension 'colcon_meta'
[0.256s] Level 1:colcon.colcon_core.package_identification:_identify(src/my_robot_commander_cpp) by extensions ['ros']
[0.256s] Level 1:colcon.colcon_core.package_identification:_identify(src/my_robot_commander_cpp) by extension 'ros'
[0.258s] DEBUG:colcon.colcon_core.package_identification:Package 'src/my_robot_commander_cpp' with type 'ros.ament_cmake' and name 'my_robot_commander_cpp'
[0.258s] Level 1:colcon.colcon_core.package_identification:_identify(src/my_robot_interfaces) by extensions ['ignore', 'ignore_ament_install']
[0.258s] Level 1:colcon.colcon_core.package_identification:_identify(src/my_robot_interfaces) by extension 'ignore'
[0.258s] Level 1:colcon.colcon_core.package_identification:_identify(src/my_robot_interfaces) by extension 'ignore_ament_install'
[0.258s] Level 1:colcon.colcon_core.package_identification:_identify(src/my_robot_interfaces) by extensions ['colcon_pkg']
[0.258s] Level 1:colcon.colcon_core.package_identification:_identify(src/my_robot_interfaces) by extension 'colcon_pkg'
[0.258s] Level 1:colcon.colcon_core.package_identification:_identify(src/my_robot_interfaces) by extensions ['colcon_meta']
[0.258s] Level 1:colcon.colcon_core.package_identification:_identify(src/my_robot_interfaces) by extension 'colcon_meta'
[0.258s] Level 1:colcon.colcon_core.package_identification:_identify(src/my_robot_interfaces) by extensions ['ros']
[0.258s] Level 1:colcon.colcon_core.package_identification:_identify(src/my_robot_interfaces) by extension 'ros'
[0.259s] DEBUG:colcon.colcon_core.package_identification:Package 'src/my_robot_interfaces' with type 'ros.ament_cmake' and name 'my_robot_interfaces'
[0.259s] Level 1:colcon.colcon_core.package_identification:_identify(src/poc_arm) by extensions ['ignore', 'ignore_ament_install']
[0.259s] Level 1:colcon.colcon_core.package_identification:_identify(src/poc_arm) by extension 'ignore'
[0.259s] Level 1:colcon.colcon_core.package_identification:_identify(src/poc_arm) by extension 'ignore_ament_install'
[0.259s] Level 1:colcon.colcon_core.package_identification:_identify(src/poc_arm) by extensions ['colcon_pkg']
[0.259s] Level 1:colcon.colcon_core.package_identification:_identify(src/poc_arm) by extension 'colcon_pkg'
[0.259s] Level 1:colcon.colcon_core.package_identification:_identify(src/poc_arm) by extensions ['colcon_meta']
[0.259s] Level 1:colcon.colcon_core.package_identification:_identify(src/poc_arm) by extension 'colcon_meta'
[0.259s] Level 1:colcon.colcon_core.package_identification:_identify(src/poc_arm) by extensions ['ros']
[0.259s] Level 1:colcon.colcon_core.package_identification:_identify(src/poc_arm) by extension 'ros'
[0.259s] DEBUG:colcon.colcon_core.package_identification:Package 'src/poc_arm' with type 'ros.ament_cmake' and name 'poc_arm'
[0.259s] Level 1:colcon.colcon_core.package_identification:_identify(src/poc_moveit_config) by extensions ['ignore', 'ignore_ament_install']
[0.259s] Level 1:colcon.colcon_core.package_identification:_identify(src/poc_moveit_config) by extension 'ignore'
[0.259s] Level 1:colcon.colcon_core.package_identification:_identify(src/poc_moveit_config) by extension 'ignore_ament_install'
[0.259s] Level 1:colcon.colcon_core.package_identification:_identify(src/poc_moveit_config) by extensions ['colcon_pkg']
[0.259s] Level 1:colcon.colcon_core.package_identification:_identify(src/poc_moveit_config) by extension 'colcon_pkg'
[0.259s] Level 1:colcon.colcon_core.package_identification:_identify(src/poc_moveit_config) by extensions ['colcon_meta']
[0.259s] Level 1:colcon.colcon_core.package_identification:_identify(src/poc_moveit_config) by extension 'colcon_meta'
[0.259s] Level 1:colcon.colcon_core.package_identification:_identify(src/poc_moveit_config) by extensions ['ros']
[0.260s] Level 1:colcon.colcon_core.package_identification:_identify(src/poc_moveit_config) by extension 'ros'
[0.260s] DEBUG:colcon.colcon_core.package_identification:Package 'src/poc_moveit_config' with type 'ros.ament_cmake' and name 'poc_moveit_config'
[0.260s] Level 1:colcon.colcon_core.package_identification:_identify(src/realsense_gazebo) by extensions ['ignore', 'ignore_ament_install']
[0.260s] Level 1:colcon.colcon_core.package_identification:_identify(src/realsense_gazebo) by extension 'ignore'
[0.260s] Level 1:colcon.colcon_core.package_identification:_identify(src/realsense_gazebo) by extension 'ignore_ament_install'
[0.260s] Level 1:colcon.colcon_core.package_identification:_identify(src/realsense_gazebo) by extensions ['colcon_pkg']
[0.260s] Level 1:colcon.colcon_core.package_identification:_identify(src/realsense_gazebo) by extension 'colcon_pkg'
[0.260s] Level 1:colcon.colcon_core.package_identification:_identify(src/realsense_gazebo) by extensions ['colcon_meta']
[0.260s] Level 1:colcon.colcon_core.package_identification:_identify(src/realsense_gazebo) by extension 'colcon_meta'
[0.260s] Level 1:colcon.colcon_core.package_identification:_identify(src/realsense_gazebo) by extensions ['ros']
[0.260s] Level 1:colcon.colcon_core.package_identification:_identify(src/realsense_gazebo) by extension 'ros'
[0.261s] DEBUG:colcon.colcon_core.package_identification:Package 'src/realsense_gazebo' with type 'ros.ament_cmake' and name 'realsense_gazebo'
[0.261s] Level 1:colcon.colcon_core.package_identification:_identify(src/waveshare_servos) by extensions ['ignore', 'ignore_ament_install']
[0.261s] Level 1:colcon.colcon_core.package_identification:_identify(src/waveshare_servos) by extension 'ignore'
[0.261s] Level 1:colcon.colcon_core.package_identification:_identify(src/waveshare_servos) by extension 'ignore_ament_install'
[0.261s] Level 1:colcon.colcon_core.package_identification:_identify(src/waveshare_servos) by extensions ['colcon_pkg']
[0.261s] Level 1:colcon.colcon_core.package_identification:_identify(src/waveshare_servos) by extension 'colcon_pkg'
[0.261s] Level 1:colcon.colcon_core.package_identification:_identify(src/waveshare_servos) by extensions ['colcon_meta']
[0.261s] Level 1:colcon.colcon_core.package_identification:_identify(src/waveshare_servos) by extension 'colcon_meta'
[0.261s] Level 1:colcon.colcon_core.package_identification:_identify(src/waveshare_servos) by extensions ['ros']
[0.261s] Level 1:colcon.colcon_core.package_identification:_identify(src/waveshare_servos) by extension 'ros'
[0.261s] DEBUG:colcon.colcon_core.package_identification:Package 'src/waveshare_servos' with type 'ros.ament_cmake' and name 'waveshare_servos'
[0.261s] Level 1:colcon.colcon_core.package_discovery:discover_packages(recursive) using defaults
[0.261s] Level 1:colcon.colcon_core.package_discovery:discover_packages(ignore) discover
[0.261s] Level 1:colcon.colcon_core.package_discovery:discover_packages(ignore) using defaults
[0.261s] Level 1:colcon.colcon_core.package_discovery:discover_packages(path) discover
[0.261s] Level 1:colcon.colcon_core.package_discovery:discover_packages(path) using defaults
[0.281s] Level 1:colcon.colcon_core.package_discovery:discover_packages(prefix_path) check parameters
[0.282s] Level 1:colcon.colcon_core.package_discovery:discover_packages(prefix_path) discover
[0.283s] DEBUG:colcon.colcon_installed_package_information.package_discovery:Found 7 installed packages in /home/suvi/poc_arm/install
[0.284s] DEBUG:colcon.colcon_installed_package_information.package_discovery:Found 564 installed packages in /opt/ros/humble
[0.285s] Level 1:colcon.colcon_core.package_discovery:discover_packages(prefix_path) using defaults
[0.318s] Level 5:colcon.colcon_core.verb:set package 'my_robot_interfaces' build argument 'cmake_args' from command line to 'None'
[0.318s] Level 5:colcon.colcon_core.verb:set package 'my_robot_interfaces' build argument 'cmake_target' from command line to 'None'
[0.318s] Level 5:colcon.colcon_core.verb:set package 'my_robot_interfaces' build argument 'cmake_target_skip_unavailable' from command line to 'False'
[0.318s] Level 5:colcon.colcon_core.verb:set package 'my_robot_interfaces' build argument 'cmake_clean_cache' from command line to 'False'
[0.318s] Level 5:colcon.colcon_core.verb:set package 'my_robot_interfaces' build argument 'cmake_clean_first' from command line to 'False'
[0.318s] Level 5:colcon.colcon_core.verb:set package 'my_robot_interfaces' build argument 'cmake_force_configure' from command line to 'False'
[0.318s] Level 5:colcon.colcon_core.verb:set package 'my_robot_interfaces' build argument 'ament_cmake_args' from command line to 'None'
[0.318s] Level 5:colcon.colcon_core.verb:set package 'my_robot_interfaces' build argument 'catkin_cmake_args' from command line to 'None'
[0.318s] Level 5:colcon.colcon_core.verb:set package 'my_robot_interfaces' build argument 'catkin_skip_building_tests' from command line to 'False'
[0.318s] DEBUG:colcon.colcon_core.verb:Building package 'my_robot_interfaces' with the following arguments: {'ament_cmake_args': None, 'build_base': '/home/suvi/poc_arm/build/my_robot_interfaces', 'catkin_cmake_args': None, 'catkin_skip_building_tests': False, 'cmake_args': None, 'cmake_clean_cache': False, 'cmake_clean_first': False, 'cmake_force_configure': False, 'cmake_target': None, 'cmake_target_skip_unavailable': False, 'install_base': '/home/suvi/poc_arm/install/my_robot_interfaces', 'merge_install': False, 'path': '/home/suvi/poc_arm/src/my_robot_interfaces', 'symlink_install': False, 'test_result_base': None}
[0.318s] Level 5:colcon.colcon_core.verb:set package 'poc_arm' build argument 'cmake_args' from command line to 'None'
[0.318s] Level 5:colcon.colcon_core.verb:set package 'poc_arm' build argument 'cmake_target' from command line to 'None'
[0.319s] Level 5:colcon.colcon_core.verb:set package 'poc_arm' build argument 'cmake_target_skip_unavailable' from command line to 'False'
[0.319s] Level 5:colcon.colcon_core.verb:set package 'poc_arm' build argument 'cmake_clean_cache' from command line to 'False'
[0.319s] Level 5:colcon.colcon_core.verb:set package 'poc_arm' build argument 'cmake_clean_first' from command line to 'False'
[0.319s] Level 5:colcon.colcon_core.verb:set package 'poc_arm' build argument 'cmake_force_configure' from command line to 'False'
[0.319s] Level 5:colcon.colcon_core.verb:set package 'poc_arm' build argument 'ament_cmake_args' from command line to 'None'
[0.319s] Level 5:colcon.colcon_core.verb:set package 'poc_arm' build argument 'catkin_cmake_args' from command line to 'None'
[0.319s] Level 5:colcon.colcon_core.verb:set package 'poc_arm' build argument 'catkin_skip_building_tests' from command line to 'False'
[0.319s] DEBUG:colcon.colcon_core.verb:Building package 'poc_arm' with the following arguments: {'ament_cmake_args': None, 'build_base': '/home/suvi/poc_arm/build/poc_arm', 'catkin_cmake_args': None, 'catkin_skip_building_tests': False, 'cmake_args': None, 'cmake_clean_cache': False, 'cmake_clean_first': False, 'cmake_force_configure': False, 'cmake_target': None, 'cmake_target_skip_unavailable': False, 'install_base': '/home/suvi/poc_arm/install/poc_arm', 'merge_install': False, 'path': '/home/suvi/poc_arm/src/poc_arm', 'symlink_install': False, 'test_result_base': None}
[0.319s] Level 5:colcon.colcon_core.verb:set package 'realsense_gazebo' build argument 'cmake_args' from command line to 'None'
[0.319s] Level 5:colcon.colcon_core.verb:set package 'realsense_gazebo' build argument 'cmake_target' from command line to 'None'
[0.319s] Level 5:colcon.colcon_core.verb:set package 'realsense_gazebo' build argument 'cmake_target_skip_unavailable' from command line to 'False'
[0.319s] Level 5:colcon.colcon_core.verb:set package 'realsense_gazebo' build argument 'cmake_clean_cache' from command line to 'False'
[0.319s] Level 5:colcon.colcon_core.verb:set package 'realsense_gazebo' build argument 'cmake_clean_first' from command line to 'False'
[0.319s] Level 5:colcon.colcon_core.verb:set package 'realsense_gazebo' build argument 'cmake_force_configure' from command line to 'False'
[0.319s] Level 5:colcon.colcon_core.verb:set package 'realsense_gazebo' build argument 'ament_cmake_args' from command line to 'None'
[0.319s] Level 5:colcon.colcon_core.verb:set package 'realsense_gazebo' build argument 'catkin_cmake_args' from command line to 'None'
[0.319s] Level 5:colcon.colcon_core.verb:set package 'realsense_gazebo' build argument 'catkin_skip_building_tests' from command line to 'False'
[0.319s] DEBUG:colcon.colcon_core.verb:Building package 'realsense_gazebo' with the following arguments: {'ament_cmake_args': None, 'build_base': '/home/suvi/poc_arm/build/realsense_gazebo', 'catkin_cmake_args': None, 'catkin_skip_building_tests': False, 'cmake_args': None, 'cmake_clean_cache': False, 'cmake_clean_first': False, 'cmake_force_configure': False, 'cmake_target': None, 'cmake_target_skip_unavailable': False, 'install_base': '/home/suvi/poc_arm/install/realsense_gazebo', 'merge_install': False, 'path': '/home/suvi/poc_arm/src/realsense_gazebo', 'symlink_install': False, 'test_result_base': None}
[0.319s] Level 5:colcon.colcon_core.verb:set package 'waveshare_servos' build argument 'cmake_args' from command line to 'None'
[0.319s] Level 5:colcon.colcon_core.verb:set package 'waveshare_servos' build argument 'cmake_target' from command line to 'None'
[0.319s] Level 5:colcon.colcon_core.verb:set package 'waveshare_servos' build argument 'cmake_target_skip_unavailable' from command line to 'False'
[0.319s] Level 5:colcon.colcon_core.verb:set package 'waveshare_servos' build argument 'cmake_clean_cache' from command line to 'False'
[0.319s] Level 5:colcon.colcon_core.verb:set package 'waveshare_servos' build argument 'cmake_clean_first' from command line to 'False'
[0.319s] Level 5:colcon.colcon_core.verb:set package 'waveshare_servos' build argument 'cmake_force_configure' from command line to 'False'
[0.319s] Level 5:colcon.colcon_core.verb:set package 'waveshare_servos' build argument 'ament_cmake_args' from command line to 'None'
[0.319s] Level 5:colcon.colcon_core.verb:set package 'waveshare_servos' build argument 'catkin_cmake_args' from command line to 'None'
[0.319s] Level 5:colcon.colcon_core.verb:set package 'waveshare_servos' build argument 'catkin_skip_building_tests' from command line to 'False'
[0.319s] DEBUG:colcon.colcon_core.verb:Building package 'waveshare_servos' with the following arguments: {'ament_cmake_args': None, 'build_base': '/home/suvi/poc_arm/build/waveshare_servos', 'catkin_cmake_args': None, 'catkin_skip_building_tests': False, 'cmake_args': None, 'cmake_clean_cache': False, 'cmake_clean_first': False, 'cmake_force_configure': False, 'cmake_target': None, 'cmake_target_skip_unavailable': False, 'install_base': '/home/suvi/poc_arm/install/waveshare_servos', 'merge_install': False, 'path': '/home/suvi/poc_arm/src/waveshare_servos', 'symlink_install': False, 'test_result_base': None}
[0.319s] Level 5:colcon.colcon_core.verb:set package 'my_robot_commander_cpp' build argument 'cmake_args' from command line to 'None'
[0.319s] Level 5:colcon.colcon_core.verb:set package 'my_robot_commander_cpp' build argument 'cmake_target' from command line to 'None'
[0.319s] Level 5:colcon.colcon_core.verb:set package 'my_robot_commander_cpp' build argument 'cmake_target_skip_unavailable' from command line to 'False'
[0.319s] Level 5:colcon.colcon_core.verb:set package 'my_robot_commander_cpp' build argument 'cmake_clean_cache' from command line to 'False'
[0.319s] Level 5:colcon.colcon_core.verb:set package 'my_robot_commander_cpp' build argument 'cmake_clean_first' from command line to 'False'
[0.319s] Level 5:colcon.colcon_core.verb:set package 'my_robot_commander_cpp' build argument 'cmake_force_configure' from command line to 'False'
[0.319s] Level 5:colcon.colcon_core.verb:set package 'my_robot_commander_cpp' build argument 'ament_cmake_args' from command line to 'None'
[0.319s] Level 5:colcon.colcon_core.verb:set package 'my_robot_commander_cpp' build argument 'catkin_cmake_args' from command line to 'None'
[0.319s] Level 5:colcon.colcon_core.verb:set package 'my_robot_commander_cpp' build argument 'catkin_skip_building_tests' from command line to 'False'
[0.319s] DEBUG:colcon.colcon_core.verb:Building package 'my_robot_commander_cpp' with the following arguments: {'ament_cmake_args': None, 'build_base': '/home/suvi/poc_arm/build/my_robot_commander_cpp', 'catkin_cmake_args': None, 'catkin_skip_building_tests': False, 'cmake_args': None, 'cmake_clean_cache': False, 'cmake_clean_first': False, 'cmake_force_configure': False, 'cmake_target': None, 'cmake_target_skip_unavailable': False, 'install_base': '/home/suvi/poc_arm/install/my_robot_commander_cpp', 'merge_install': False, 'path': '/home/suvi/poc_arm/src/my_robot_commander_cpp', 'symlink_install': False, 'test_result_base': None}
[0.320s] Level 5:colcon.colcon_core.verb:set package 'poc_moveit_config' build argument 'cmake_args' from command line to 'None'
[0.320s] Level 5:colcon.colcon_core.verb:set package 'poc_moveit_config' build argument 'cmake_target' from command line to 'None'
[0.320s] Level 5:colcon.colcon_core.verb:set package 'poc_moveit_config' build argument 'cmake_target_skip_unavailable' from command line to 'False'
[0.320s] Level 5:colcon.colcon_core.verb:set package 'poc_moveit_config' build argument 'cmake_clean_cache' from command line to 'False'
[0.320s] Level 5:colcon.colcon_core.verb:set package 'poc_moveit_config' build argument 'cmake_clean_first' from command line to 'False'
[0.320s] Level 5:colcon.colcon_core.verb:set package 'poc_moveit_config' build argument 'cmake_force_configure' from command line to 'False'
[0.320s] Level 5:colcon.colcon_core.verb:set package 'poc_moveit_config' build argument 'ament_cmake_args' from command line to 'None'
[0.320s] Level 5:colcon.colcon_core.verb:set package 'poc_moveit_config' build argument 'catkin_cmake_args' from command line to 'None'
[0.320s] Level 5:colcon.colcon_core.verb:set package 'poc_moveit_config' build argument 'catkin_skip_building_tests' from command line to 'False'
[0.320s] DEBUG:colcon.colcon_core.verb:Building package 'poc_moveit_config' with the following arguments: {'ament_cmake_args': None, 'build_base': '/home/suvi/poc_arm/build/poc_moveit_config', 'catkin_cmake_args': None, 'catkin_skip_building_tests': False, 'cmake_args': None, 'cmake_clean_cache': False, 'cmake_clean_first': False, 'cmake_force_configure': False, 'cmake_target': None, 'cmake_target_skip_unavailable': False, 'install_base': '/home/suvi/poc_arm/install/poc_moveit_config', 'merge_install': False, 'path': '/home/suvi/poc_arm/src/poc_moveit_config', 'symlink_install': False, 'test_result_base': None}
[0.320s] INFO:colcon.colcon_core.executor:Executing jobs using 'parallel' executor
[0.320s] DEBUG:colcon.colcon_parallel_executor.executor.parallel:run_until_complete
[0.321s] INFO:colcon.colcon_ros.task.ament_cmake.build:Building ROS package in '/home/suvi/poc_arm/src/my_robot_interfaces' with build type 'ament_cmake'
[0.321s] INFO:colcon.colcon_cmake.task.cmake.build:Building CMake package in '/home/suvi/poc_arm/src/my_robot_interfaces'
[0.323s] INFO:colcon.colcon_core.plugin_system:Skipping extension 'colcon_core.shell.bat': Not used on non-Windows systems
[0.323s] INFO:colcon.colcon_core.shell:Skip shell extension 'powershell' for command environment: Not usable outside of PowerShell
[0.323s] DEBUG:colcon.colcon_core.shell:Skip shell extension 'dsv' for command environment
[0.326s] INFO:colcon.colcon_ros.task.ament_cmake.build:Building ROS package in '/home/suvi/poc_arm/src/poc_arm' with build type 'ament_cmake'
[0.326s] INFO:colcon.colcon_cmake.task.cmake.build:Building CMake package in '/home/suvi/poc_arm/src/poc_arm'
[0.326s] INFO:colcon.colcon_core.shell:Skip shell extension 'powershell' for command environment: Not usable outside of PowerShell
[0.326s] DEBUG:colcon.colcon_core.shell:Skip shell extension 'dsv' for command environment
[0.328s] INFO:colcon.colcon_ros.task.ament_cmake.build:Building ROS package in '/home/suvi/poc_arm/src/realsense_gazebo' with build type 'ament_cmake'
[0.328s] INFO:colcon.colcon_cmake.task.cmake.build:Building CMake package in '/home/suvi/poc_arm/src/realsense_gazebo'
[0.329s] INFO:colcon.colcon_core.shell:Skip shell extension 'powershell' for command environment: Not usable outside of PowerShell
[0.329s] DEBUG:colcon.colcon_core.shell:Skip shell extension 'dsv' for command environment
[0.331s] INFO:colcon.colcon_ros.task.ament_cmake.build:Building ROS package in '/home/suvi/poc_arm/src/waveshare_servos' with build type 'ament_cmake'
[0.331s] INFO:colcon.colcon_cmake.task.cmake.build:Building CMake package in '/home/suvi/poc_arm/src/waveshare_servos'
[0.331s] INFO:colcon.colcon_core.shell:Skip shell extension 'powershell' for command environment: Not usable outside of PowerShell
[0.331s] DEBUG:colcon.colcon_core.shell:Skip shell extension 'dsv' for command environment
[0.339s] DEBUG:colcon.colcon_core.event_handler.log_command:Invoking command in '/home/suvi/poc_arm/build/my_robot_interfaces': CMAKE_PREFIX_PATH=${CMAKE_PREFIX_PATH}:/opt/ros/humble /usr/bin/cmake --build /home/suvi/poc_arm/build/my_robot_interfaces -- -j12 -l12
[0.341s] DEBUG:colcon.colcon_core.event_handler.log_command:Invoking command in '/home/suvi/poc_arm/build/poc_arm': CMAKE_PREFIX_PATH=${CMAKE_PREFIX_PATH}:/opt/ros/humble /usr/bin/cmake --build /home/suvi/poc_arm/build/poc_arm -- -j12 -l12
[0.343s] DEBUG:colcon.colcon_core.event_handler.log_command:Invoking command in '/home/suvi/poc_arm/build/realsense_gazebo': CMAKE_PREFIX_PATH=${CMAKE_PREFIX_PATH}:/opt/ros/humble /usr/bin/cmake --build /home/suvi/poc_arm/build/realsense_gazebo -- -j12 -l12
[0.346s] DEBUG:colcon.colcon_core.event_handler.log_command:Invoking command in '/home/suvi/poc_arm/build/waveshare_servos': CMAKE_PREFIX_PATH=${CMAKE_PREFIX_PATH}:/opt/ros/humble /usr/bin/cmake --build /home/suvi/poc_arm/build/waveshare_servos -- -j12 -l12
[0.381s] DEBUG:colcon.colcon_core.event_handler.log_command:Invoked command in '/home/suvi/poc_arm/build/poc_arm' returned '0': CMAKE_PREFIX_PATH=${CMAKE_PREFIX_PATH}:/opt/ros/humble /usr/bin/cmake --build /home/suvi/poc_arm/build/poc_arm -- -j12 -l12
[0.388s] DEBUG:colcon.colcon_core.event_handler.log_command:Invoking command in '/home/suvi/poc_arm/build/poc_arm': CMAKE_PREFIX_PATH=${CMAKE_PREFIX_PATH}:/opt/ros/humble /usr/bin/cmake --install /home/suvi/poc_arm/build/poc_arm
[0.389s] DEBUG:colcon.colcon_core.event_handler.log_command:Invoked command in '/home/suvi/poc_arm/build/realsense_gazebo' returned '0': CMAKE_PREFIX_PATH=${CMAKE_PREFIX_PATH}:/opt/ros/humble /usr/bin/cmake --build /home/suvi/poc_arm/build/realsense_gazebo -- -j12 -l12
[0.391s] DEBUG:colcon.colcon_core.event_handler.log_command:Invoking command in '/home/suvi/poc_arm/build/realsense_gazebo': CMAKE_PREFIX_PATH=${CMAKE_PREFIX_PATH}:/opt/ros/humble /usr/bin/cmake --install /home/suvi/poc_arm/build/realsense_gazebo
[0.396s] Level 1:colcon.colcon_core.environment:create_environment_scripts_only(poc_arm)
[0.397s] DEBUG:colcon.colcon_core.event_handler.log_command:Invoked command in '/home/suvi/poc_arm/build/poc_arm' returned '0': CMAKE_PREFIX_PATH=${CMAKE_PREFIX_PATH}:/opt/ros/humble /usr/bin/cmake --install /home/suvi/poc_arm/build/poc_arm
[0.406s] Level 1:colcon.colcon_core.environment:checking '/home/suvi/poc_arm/install/poc_arm' for CMake module files
[0.407s] Level 1:colcon.colcon_core.environment:checking '/home/suvi/poc_arm/install/poc_arm' for CMake config files
[0.407s] Level 1:colcon.colcon_core.shell:create_environment_hook('poc_arm', 'cmake_prefix_path')
[0.407s] INFO:colcon.colcon_core.shell:Creating environment hook '/home/suvi/poc_arm/install/poc_arm/share/poc_arm/hook/cmake_prefix_path.ps1'
[0.408s] INFO:colcon.colcon_core.shell:Creating environment descriptor '/home/suvi/poc_arm/install/poc_arm/share/poc_arm/hook/cmake_prefix_path.dsv'
[0.408s] INFO:colcon.colcon_core.shell:Creating environment hook '/home/suvi/poc_arm/install/poc_arm/share/poc_arm/hook/cmake_prefix_path.sh'
[0.409s] Level 1:colcon.colcon_core.environment:checking '/home/suvi/poc_arm/install/poc_arm/bin'
[0.409s] Level 1:colcon.colcon_core.environment:checking '/home/suvi/poc_arm/install/poc_arm/lib/pkgconfig/poc_arm.pc'
[0.409s] Level 1:colcon.colcon_core.environment:checking '/home/suvi/poc_arm/install/poc_arm/lib/python3.10/site-packages'
[0.410s] Level 1:colcon.colcon_core.environment:checking '/home/suvi/poc_arm/install/poc_arm/bin'
[0.410s] INFO:colcon.colcon_core.shell:Creating package script '/home/suvi/poc_arm/install/poc_arm/share/poc_arm/package.ps1'
[0.411s] INFO:colcon.colcon_core.shell:Creating package descriptor '/home/suvi/poc_arm/install/poc_arm/share/poc_arm/package.dsv'
[0.412s] INFO:colcon.colcon_core.shell:Creating package script '/home/suvi/poc_arm/install/poc_arm/share/poc_arm/package.sh'
[0.412s] INFO:colcon.colcon_core.shell:Creating package script '/home/suvi/poc_arm/install/poc_arm/share/poc_arm/package.bash'
[0.413s] INFO:colcon.colcon_core.shell:Creating package script '/home/suvi/poc_arm/install/poc_arm/share/poc_arm/package.zsh'
[0.414s] Level 1:colcon.colcon_core.environment:create_file_with_runtime_dependencies(/home/suvi/poc_arm/install/poc_arm/share/colcon-core/packages/poc_arm)
[0.414s] Level 1:colcon.colcon_core.environment:create_environment_scripts_only(poc_arm)
[0.414s] Level 1:colcon.colcon_core.environment:checking '/home/suvi/poc_arm/install/poc_arm' for CMake module files
[0.414s] Level 1:colcon.colcon_core.environment:checking '/home/suvi/poc_arm/install/poc_arm' for CMake config files
[0.415s] Level 1:colcon.colcon_core.shell:create_environment_hook('poc_arm', 'cmake_prefix_path')
[0.415s] INFO:colcon.colcon_core.shell:Creating environment hook '/home/suvi/poc_arm/install/poc_arm/share/poc_arm/hook/cmake_prefix_path.ps1'
[0.415s] INFO:colcon.colcon_core.shell:Creating environment descriptor '/home/suvi/poc_arm/install/poc_arm/share/poc_arm/hook/cmake_prefix_path.dsv'
[0.415s] INFO:colcon.colcon_core.shell:Creating environment hook '/home/suvi/poc_arm/install/poc_arm/share/poc_arm/hook/cmake_prefix_path.sh'
[0.415s] Level 1:colcon.colcon_core.environment:checking '/home/suvi/poc_arm/install/poc_arm/bin'
[0.416s] Level 1:colcon.colcon_core.environment:checking '/home/suvi/poc_arm/install/poc_arm/lib/pkgconfig/poc_arm.pc'
[0.416s] Level 1:colcon.colcon_core.environment:checking '/home/suvi/poc_arm/install/poc_arm/lib/python3.10/site-packages'
[0.416s] Level 1:colcon.colcon_core.environment:checking '/home/suvi/poc_arm/install/poc_arm/bin'
[0.416s] INFO:colcon.colcon_core.shell:Creating package script '/home/suvi/poc_arm/install/poc_arm/share/poc_arm/package.ps1'
[0.416s] INFO:colcon.colcon_core.shell:Creating package descriptor '/home/suvi/poc_arm/install/poc_arm/share/poc_arm/package.dsv'
[0.417s] INFO:colcon.colcon_core.shell:Creating package script '/home/suvi/poc_arm/install/poc_arm/share/poc_arm/package.sh'
[0.417s] INFO:colcon.colcon_core.shell:Creating package script '/home/suvi/poc_arm/install/poc_arm/share/poc_arm/package.bash'
[0.417s] INFO:colcon.colcon_core.shell:Creating package script '/home/suvi/poc_arm/install/poc_arm/share/poc_arm/package.zsh'
[0.417s] Level 1:colcon.colcon_core.environment:create_file_with_runtime_dependencies(/home/suvi/poc_arm/install/poc_arm/share/colcon-core/packages/poc_arm)
[0.418s] INFO:colcon.colcon_ros.task.ament_cmake.build:Building ROS package in '/home/suvi/poc_arm/src/poc_moveit_config' with build type 'ament_cmake'
[0.418s] INFO:colcon.colcon_cmake.task.cmake.build:Building CMake package in '/home/suvi/poc_arm/src/poc_moveit_config'
[0.418s] INFO:colcon.colcon_core.shell:Skip shell extension 'powershell' for command environment: Not usable outside of PowerShell
[0.418s] DEBUG:colcon.colcon_core.shell:Skip shell extension 'dsv' for command environment
[0.422s] Level 1:colcon.colcon_core.environment:create_environment_scripts_only(realsense_gazebo)
[0.422s] Level 1:colcon.colcon_core.environment:checking '/home/suvi/poc_arm/install/realsense_gazebo' for CMake module files
[0.422s] DEBUG:colcon.colcon_core.event_handler.log_command:Invoked command in '/home/suvi/poc_arm/build/realsense_gazebo' returned '0': CMAKE_PREFIX_PATH=${CMAKE_PREFIX_PATH}:/opt/ros/humble /usr/bin/cmake --install /home/suvi/poc_arm/build/realsense_gazebo
[0.423s] Level 1:colcon.colcon_core.environment:checking '/home/suvi/poc_arm/install/realsense_gazebo' for CMake config files
[0.423s] Level 1:colcon.colcon_core.shell:create_environment_hook('realsense_gazebo', 'cmake_prefix_path')
[0.423s] INFO:colcon.colcon_core.shell:Creating environment hook '/home/suvi/poc_arm/install/realsense_gazebo/share/realsense_gazebo/hook/cmake_prefix_path.ps1'
[0.424s] INFO:colcon.colcon_core.shell:Creating environment descriptor '/home/suvi/poc_arm/install/realsense_gazebo/share/realsense_gazebo/hook/cmake_prefix_path.dsv'
[0.424s] INFO:colcon.colcon_core.shell:Creating environment hook '/home/suvi/poc_arm/install/realsense_gazebo/share/realsense_gazebo/hook/cmake_prefix_path.sh'
[0.424s] Level 1:colcon.colcon_core.environment:checking '/home/suvi/poc_arm/install/realsense_gazebo/lib'
[0.424s] Level 1:colcon.colcon_core.environment:checking '/home/suvi/poc_arm/install/realsense_gazebo/bin'
[0.424s] Level 1:colcon.colcon_core.environment:checking '/home/suvi/poc_arm/install/realsense_gazebo/lib/pkgconfig/realsense_gazebo.pc'
[0.424s] Level 1:colcon.colcon_core.environment:checking '/home/suvi/poc_arm/install/realsense_gazebo/lib/python3.10/site-packages'
[0.425s] Level 1:colcon.colcon_core.environment:checking '/home/suvi/poc_arm/install/realsense_gazebo/bin'
[0.425s] INFO:colcon.colcon_core.shell:Creating package script '/home/suvi/poc_arm/install/realsense_gazebo/share/realsense_gazebo/package.ps1'
[0.425s] INFO:colcon.colcon_core.shell:Creating package descriptor '/home/suvi/poc_arm/install/realsense_gazebo/share/realsense_gazebo/package.dsv'
[0.425s] INFO:colcon.colcon_core.shell:Creating package script '/home/suvi/poc_arm/install/realsense_gazebo/share/realsense_gazebo/package.sh'
[0.426s] INFO:colcon.colcon_core.shell:Creating package script '/home/suvi/poc_arm/install/realsense_gazebo/share/realsense_gazebo/package.bash'
[0.426s] INFO:colcon.colcon_core.shell:Creating package script '/home/suvi/poc_arm/install/realsense_gazebo/share/realsense_gazebo/package.zsh'
[0.426s] Level 1:colcon.colcon_core.environment:create_file_with_runtime_dependencies(/home/suvi/poc_arm/install/realsense_gazebo/share/colcon-core/packages/realsense_gazebo)
[0.426s] Level 1:colcon.colcon_core.environment:create_environment_scripts_only(realsense_gazebo)
[0.426s] Level 1:colcon.colcon_core.environment:checking '/home/suvi/poc_arm/install/realsense_gazebo' for CMake module files
[0.427s] Level 1:colcon.colcon_core.environment:checking '/home/suvi/poc_arm/install/realsense_gazebo' for CMake config files
[0.427s] Level 1:colcon.colcon_core.shell:create_environment_hook('realsense_gazebo', 'cmake_prefix_path')
[0.427s] INFO:colcon.colcon_core.shell:Creating environment hook '/home/suvi/poc_arm/install/realsense_gazebo/share/realsense_gazebo/hook/cmake_prefix_path.ps1'
[0.427s] INFO:colcon.colcon_core.shell:Creating environment descriptor '/home/suvi/poc_arm/install/realsense_gazebo/share/realsense_gazebo/hook/cmake_prefix_path.dsv'
[0.428s] INFO:colcon.colcon_core.shell:Creating environment hook '/home/suvi/poc_arm/install/realsense_gazebo/share/realsense_gazebo/hook/cmake_prefix_path.sh'
[0.428s] Level 1:colcon.colcon_core.environment:checking '/home/suvi/poc_arm/install/realsense_gazebo/lib'
[0.428s] Level 1:colcon.colcon_core.environment:checking '/home/suvi/poc_arm/install/realsense_gazebo/bin'
[0.428s] Level 1:colcon.colcon_core.environment:checking '/home/suvi/poc_arm/install/realsense_gazebo/lib/pkgconfig/realsense_gazebo.pc'
[0.428s] Level 1:colcon.colcon_core.environment:checking '/home/suvi/poc_arm/install/realsense_gazebo/lib/python3.10/site-packages'
[0.429s] Level 1:colcon.colcon_core.environment:checking '/home/suvi/poc_arm/install/realsense_gazebo/bin'
[0.429s] INFO:colcon.colcon_core.shell:Creating package script '/home/suvi/poc_arm/install/realsense_gazebo/share/realsense_gazebo/package.ps1'
[0.429s] INFO:colcon.colcon_core.shell:Creating package descriptor '/home/suvi/poc_arm/install/realsense_gazebo/share/realsense_gazebo/package.dsv'
[0.429s] INFO:colcon.colcon_core.shell:Creating package script '/home/suvi/poc_arm/install/realsense_gazebo/share/realsense_gazebo/package.sh'
[0.430s] INFO:colcon.colcon_core.shell:Creating package script '/home/suvi/poc_arm/install/realsense_gazebo/share/realsense_gazebo/package.bash'
[0.430s] INFO:colcon.colcon_core.shell:Creating package script '/home/suvi/poc_arm/install/realsense_gazebo/share/realsense_gazebo/package.zsh'
[0.431s] Level 1:colcon.colcon_core.environment:create_file_with_runtime_dependencies(/home/suvi/poc_arm/install/realsense_gazebo/share/colcon-core/packages/realsense_gazebo)
[0.433s] DEBUG:colcon.colcon_core.event_handler.log_command:Invoking command in '/home/suvi/poc_arm/build/poc_moveit_config': CMAKE_PREFIX_PATH=/home/suvi/poc_arm/install/poc_arm:/home/suvi/poc_arm/install/waveshare_servos:/home/suvi/poc_arm/install/realsense_gazebo:/home/suvi/poc_arm/install/poc_moveit_config:/home/suvi/poc_arm/install/my_robot_commander_cpp:/home/suvi/poc_arm/install/my_robot_interfaces:/opt/ros/humble /usr/bin/cmake --build /home/suvi/poc_arm/build/poc_moveit_config -- -j12 -l12
[0.437s] DEBUG:colcon.colcon_core.event_handler.log_command:Invoked command in '/home/suvi/poc_arm/build/waveshare_servos' returned '0': CMAKE_PREFIX_PATH=${CMAKE_PREFIX_PATH}:/opt/ros/humble /usr/bin/cmake --build /home/suvi/poc_arm/build/waveshare_servos -- -j12 -l12
[0.438s] DEBUG:colcon.colcon_core.event_handler.log_command:Invoking command in '/home/suvi/poc_arm/build/waveshare_servos': CMAKE_PREFIX_PATH=${CMAKE_PREFIX_PATH}:/opt/ros/humble /usr/bin/cmake --install /home/suvi/poc_arm/build/waveshare_servos
[0.448s] Level 1:colcon.colcon_core.environment:create_environment_scripts_only(waveshare_servos)
[0.448s] Level 1:colcon.colcon_core.environment:checking '/home/suvi/poc_arm/install/waveshare_servos' for CMake module files
[0.448s] DEBUG:colcon.colcon_core.event_handler.log_command:Invoked command in '/home/suvi/poc_arm/build/waveshare_servos' returned '0': CMAKE_PREFIX_PATH=${CMAKE_PREFIX_PATH}:/opt/ros/humble /usr/bin/cmake --install /home/suvi/poc_arm/build/waveshare_servos
[0.449s] Level 1:colcon.colcon_core.environment:checking '/home/suvi/poc_arm/install/waveshare_servos' for CMake config files
[0.449s] Level 1:colcon.colcon_core.shell:create_environment_hook('waveshare_servos', 'cmake_prefix_path')
[0.449s] INFO:colcon.colcon_core.shell:Creating environment hook '/home/suvi/poc_arm/install/waveshare_servos/share/waveshare_servos/hook/cmake_prefix_path.ps1'
[0.449s] INFO:colcon.colcon_core.shell:Creating environment descriptor '/home/suvi/poc_arm/install/waveshare_servos/share/waveshare_servos/hook/cmake_prefix_path.dsv'
[0.450s] INFO:colcon.colcon_core.shell:Creating environment hook '/home/suvi/poc_arm/install/waveshare_servos/share/waveshare_servos/hook/cmake_prefix_path.sh'
[0.450s] Level 1:colcon.colcon_core.environment:checking '/home/suvi/poc_arm/install/waveshare_servos/lib'
[0.450s] Level 1:colcon.colcon_core.shell:create_environment_hook('waveshare_servos', 'ld_library_path_lib')
[0.450s] INFO:colcon.colcon_core.shell:Creating environment hook '/home/suvi/poc_arm/install/waveshare_servos/share/waveshare_servos/hook/ld_library_path_lib.ps1'
[0.450s] INFO:colcon.colcon_core.shell:Creating environment descriptor '/home/suvi/poc_arm/install/waveshare_servos/share/waveshare_servos/hook/ld_library_path_lib.dsv'
[0.451s] INFO:colcon.colcon_core.shell:Creating environment hook '/home/suvi/poc_arm/install/waveshare_servos/share/waveshare_servos/hook/ld_library_path_lib.sh'
[0.451s] Level 1:colcon.colcon_core.environment:checking '/home/suvi/poc_arm/install/waveshare_servos/bin'
[0.451s] Level 1:colcon.colcon_core.environment:checking '/home/suvi/poc_arm/install/waveshare_servos/lib/pkgconfig/waveshare_servos.pc'
[0.451s] Level 1:colcon.colcon_core.environment:checking '/home/suvi/poc_arm/install/waveshare_servos/lib/python3.10/site-packages'
[0.451s] Level 1:colcon.colcon_core.environment:checking '/home/suvi/poc_arm/install/waveshare_servos/bin'
[0.452s] INFO:colcon.colcon_core.shell:Creating package script '/home/suvi/poc_arm/install/waveshare_servos/share/waveshare_servos/package.ps1'
[0.452s] INFO:colcon.colcon_core.shell:Creating package descriptor '/home/suvi/poc_arm/install/waveshare_servos/share/waveshare_servos/package.dsv'
[0.452s] INFO:colcon.colcon_core.shell:Creating package script '/home/suvi/poc_arm/install/waveshare_servos/share/waveshare_servos/package.sh'
[0.452s] INFO:colcon.colcon_core.shell:Creating package script '/home/suvi/poc_arm/install/waveshare_servos/share/waveshare_servos/package.bash'
[0.453s] INFO:colcon.colcon_core.shell:Creating package script '/home/suvi/poc_arm/install/waveshare_servos/share/waveshare_servos/package.zsh'
[0.453s] Level 1:colcon.colcon_core.environment:create_file_with_runtime_dependencies(/home/suvi/poc_arm/install/waveshare_servos/share/colcon-core/packages/waveshare_servos)
[0.453s] Level 1:colcon.colcon_core.environment:create_environment_scripts_only(waveshare_servos)
[0.453s] Level 1:colcon.colcon_core.environment:checking '/home/suvi/poc_arm/install/waveshare_servos' for CMake module files
[0.453s] Level 1:colcon.colcon_core.environment:checking '/home/suvi/poc_arm/install/waveshare_servos' for CMake config files
[0.454s] Level 1:colcon.colcon_core.shell:create_environment_hook('waveshare_servos', 'cmake_prefix_path')
[0.454s] INFO:colcon.colcon_core.shell:Creating environment hook '/home/suvi/poc_arm/install/waveshare_servos/share/waveshare_servos/hook/cmake_prefix_path.ps1'
[0.454s] INFO:colcon.colcon_core.shell:Creating environment descriptor '/home/suvi/poc_arm/install/waveshare_servos/share/waveshare_servos/hook/cmake_prefix_path.dsv'
[0.454s] INFO:colcon.colcon_core.shell:Creating environment hook '/home/suvi/poc_arm/install/waveshare_servos/share/waveshare_servos/hook/cmake_prefix_path.sh'
[0.455s] Level 1:colcon.colcon_core.environment:checking '/home/suvi/poc_arm/install/waveshare_servos/lib'
[0.455s] Level 1:colcon.colcon_core.shell:create_environment_hook('waveshare_servos', 'ld_library_path_lib')
[0.455s] INFO:colcon.colcon_core.shell:Creating environment hook '/home/suvi/poc_arm/install/waveshare_servos/share/waveshare_servos/hook/ld_library_path_lib.ps1'
[0.455s] INFO:colcon.colcon_core.shell:Creating environment descriptor '/home/suvi/poc_arm/install/waveshare_servos/share/waveshare_servos/hook/ld_library_path_lib.dsv'
[0.455s] INFO:colcon.colcon_core.shell:Creating environment hook '/home/suvi/poc_arm/install/waveshare_servos/share/waveshare_servos/hook/ld_library_path_lib.sh'
[0.455s] Level 1:colcon.colcon_core.environment:checking '/home/suvi/poc_arm/install/waveshare_servos/bin'
[0.455s] Level 1:colcon.colcon_core.environment:checking '/home/suvi/poc_arm/install/waveshare_servos/lib/pkgconfig/waveshare_servos.pc'
[0.455s] Level 1:colcon.colcon_core.environment:checking '/home/suvi/poc_arm/install/waveshare_servos/lib/python3.10/site-packages'
[0.456s] Level 1:colcon.colcon_core.environment:checking '/home/suvi/poc_arm/install/waveshare_servos/bin'
[0.456s] INFO:colcon.colcon_core.shell:Creating package script '/home/suvi/poc_arm/install/waveshare_servos/share/waveshare_servos/package.ps1'
[0.456s] INFO:colcon.colcon_core.shell:Creating package descriptor '/home/suvi/poc_arm/install/waveshare_servos/share/waveshare_servos/package.dsv'
[0.456s] INFO:colcon.colcon_core.shell:Creating package script '/home/suvi/poc_arm/install/waveshare_servos/share/waveshare_servos/package.sh'
[0.457s] INFO:colcon.colcon_core.shell:Creating package script '/home/suvi/poc_arm/install/waveshare_servos/share/waveshare_servos/package.bash'
[0.457s] INFO:colcon.colcon_core.shell:Creating package script '/home/suvi/poc_arm/install/waveshare_servos/share/waveshare_servos/package.zsh'
[0.457s] Level 1:colcon.colcon_core.environment:create_file_with_runtime_dependencies(/home/suvi/poc_arm/install/waveshare_servos/share/colcon-core/packages/waveshare_servos)
[0.465s] DEBUG:colcon.colcon_core.event_handler.log_command:Invoked command in '/home/suvi/poc_arm/build/poc_moveit_config' returned '0': CMAKE_PREFIX_PATH=/home/suvi/poc_arm/install/poc_arm:/home/suvi/poc_arm/install/waveshare_servos:/home/suvi/poc_arm/install/realsense_gazebo:/home/suvi/poc_arm/install/poc_moveit_config:/home/suvi/poc_arm/install/my_robot_commander_cpp:/home/suvi/poc_arm/install/my_robot_interfaces:/opt/ros/humble /usr/bin/cmake --build /home/suvi/poc_arm/build/poc_moveit_config -- -j12 -l12
[0.467s] DEBUG:colcon.colcon_core.event_handler.log_command:Invoking command in '/home/suvi/poc_arm/build/poc_moveit_config': CMAKE_PREFIX_PATH=/home/suvi/poc_arm/install/poc_arm:/home/suvi/poc_arm/install/waveshare_servos:/home/suvi/poc_arm/install/realsense_gazebo:/home/suvi/poc_arm/install/poc_moveit_config:/home/suvi/poc_arm/install/my_robot_commander_cpp:/home/suvi/poc_arm/install/my_robot_interfaces:/opt/ros/humble /usr/bin/cmake --install /home/suvi/poc_arm/build/poc_moveit_config
[0.475s] Level 1:colcon.colcon_core.environment:create_environment_scripts_only(poc_moveit_config)
[0.475s] Level 1:colcon.colcon_core.environment:checking '/home/suvi/poc_arm/install/poc_moveit_config' for CMake module files
[0.475s] DEBUG:colcon.colcon_core.event_handler.log_command:Invoked command in '/home/suvi/poc_arm/build/poc_moveit_config' returned '0': CMAKE_PREFIX_PATH=/home/suvi/poc_arm/install/poc_arm:/home/suvi/poc_arm/install/waveshare_servos:/home/suvi/poc_arm/install/realsense_gazebo:/home/suvi/poc_arm/install/poc_moveit_config:/home/suvi/poc_arm/install/my_robot_commander_cpp:/home/suvi/poc_arm/install/my_robot_interfaces:/opt/ros/humble /usr/bin/cmake --install /home/suvi/poc_arm/build/poc_moveit_config
[0.476s] Level 1:colcon.colcon_core.environment:checking '/home/suvi/poc_arm/install/poc_moveit_config' for CMake config files
[0.476s] Level 1:colcon.colcon_core.shell:create_environment_hook('poc_moveit_config', 'cmake_prefix_path')
[0.476s] INFO:colcon.colcon_core.shell:Creating environment hook '/home/suvi/poc_arm/install/poc_moveit_config/share/poc_moveit_config/hook/cmake_prefix_path.ps1'
[0.476s] INFO:colcon.colcon_core.shell:Creating environment descriptor '/home/suvi/poc_arm/install/poc_moveit_config/share/poc_moveit_config/hook/cmake_prefix_path.dsv'
[0.477s] INFO:colcon.colcon_core.shell:Creating environment hook '/home/suvi/poc_arm/install/poc_moveit_config/share/poc_moveit_config/hook/cmake_prefix_path.sh'
[0.477s] Level 1:colcon.colcon_core.environment:checking '/home/suvi/poc_arm/install/poc_moveit_config/bin'
[0.477s] Level 1:colcon.colcon_core.environment:checking '/home/suvi/poc_arm/install/poc_moveit_config/lib/pkgconfig/poc_moveit_config.pc'
[0.477s] Level 1:colcon.colcon_core.environment:checking '/home/suvi/poc_arm/install/poc_moveit_config/lib/python3.10/site-packages'
[0.477s] Level 1:colcon.colcon_core.environment:checking '/home/suvi/poc_arm/install/poc_moveit_config/bin'
[0.478s] INFO:colcon.colcon_core.shell:Creating package script '/home/suvi/poc_arm/install/poc_moveit_config/share/poc_moveit_config/package.ps1'
[0.478s] INFO:colcon.colcon_core.shell:Creating package descriptor '/home/suvi/poc_arm/install/poc_moveit_config/share/poc_moveit_config/package.dsv'
[0.479s] INFO:colcon.colcon_core.shell:Creating package script '/home/suvi/poc_arm/install/poc_moveit_config/share/poc_moveit_config/package.sh'
[0.479s] INFO:colcon.colcon_core.shell:Creating package script '/home/suvi/poc_arm/install/poc_moveit_config/share/poc_moveit_config/package.bash'
[0.479s] INFO:colcon.colcon_core.shell:Creating package script '/home/suvi/poc_arm/install/poc_moveit_config/share/poc_moveit_config/package.zsh'
[0.479s] Level 1:colcon.colcon_core.environment:create_file_with_runtime_dependencies(/home/suvi/poc_arm/install/poc_moveit_config/share/colcon-core/packages/poc_moveit_config)
[0.480s] Level 1:colcon.colcon_core.environment:create_environment_scripts_only(poc_moveit_config)
[0.480s] Level 1:colcon.colcon_core.environment:checking '/home/suvi/poc_arm/install/poc_moveit_config' for CMake module files
[0.480s] Level 1:colcon.colcon_core.environment:checking '/home/suvi/poc_arm/install/poc_moveit_config' for CMake config files
[0.480s] Level 1:colcon.colcon_core.shell:create_environment_hook('poc_moveit_config', 'cmake_prefix_path')
[0.481s] INFO:colcon.colcon_core.shell:Creating environment hook '/home/suvi/poc_arm/install/poc_moveit_config/share/poc_moveit_config/hook/cmake_prefix_path.ps1'
[0.481s] INFO:colcon.colcon_core.shell:Creating environment descriptor '/home/suvi/poc_arm/install/poc_moveit_config/share/poc_moveit_config/hook/cmake_prefix_path.dsv'
[0.481s] INFO:colcon.colcon_core.shell:Creating environment hook '/home/suvi/poc_arm/install/poc_moveit_config/share/poc_moveit_config/hook/cmake_prefix_path.sh'
[0.481s] Level 1:colcon.colcon_core.environment:checking '/home/suvi/poc_arm/install/poc_moveit_config/bin'
[0.481s] Level 1:colcon.colcon_core.environment:checking '/home/suvi/poc_arm/install/poc_moveit_config/lib/pkgconfig/poc_moveit_config.pc'
[0.482s] Level 1:colcon.colcon_core.environment:checking '/home/suvi/poc_arm/install/poc_moveit_config/lib/python3.10/site-packages'
[0.482s] Level 1:colcon.colcon_core.environment:checking '/home/suvi/poc_arm/install/poc_moveit_config/bin'
[0.482s] INFO:colcon.colcon_core.shell:Creating package script '/home/suvi/poc_arm/install/poc_moveit_config/share/poc_moveit_config/package.ps1'
[0.482s] INFO:colcon.colcon_core.shell:Creating package descriptor '/home/suvi/poc_arm/install/poc_moveit_config/share/poc_moveit_config/package.dsv'
[0.482s] INFO:colcon.colcon_core.shell:Creating package script '/home/suvi/poc_arm/install/poc_moveit_config/share/poc_moveit_config/package.sh'
[0.483s] INFO:colcon.colcon_core.shell:Creating package script '/home/suvi/poc_arm/install/poc_moveit_config/share/poc_moveit_config/package.bash'
[0.483s] INFO:colcon.colcon_core.shell:Creating package script '/home/suvi/poc_arm/install/poc_moveit_config/share/poc_moveit_config/package.zsh'
[0.483s] Level 1:colcon.colcon_core.environment:create_file_with_runtime_dependencies(/home/suvi/poc_arm/install/poc_moveit_config/share/colcon-core/packages/poc_moveit_config)
[0.686s] DEBUG:colcon.colcon_core.event_handler.log_command:Invoked command in '/home/suvi/poc_arm/build/my_robot_interfaces' returned '0': CMAKE_PREFIX_PATH=${CMAKE_PREFIX_PATH}:/opt/ros/humble /usr/bin/cmake --build /home/suvi/poc_arm/build/my_robot_interfaces -- -j12 -l12
[0.688s] DEBUG:colcon.colcon_core.event_handler.log_command:Invoking command in '/home/suvi/poc_arm/build/my_robot_interfaces': CMAKE_PREFIX_PATH=${CMAKE_PREFIX_PATH}:/opt/ros/humble /usr/bin/cmake --install /home/suvi/poc_arm/build/my_robot_interfaces
[0.725s] Level 1:colcon.colcon_core.environment:create_environment_scripts_only(my_robot_interfaces)
[0.725s] Level 1:colcon.colcon_core.environment:checking '/home/suvi/poc_arm/install/my_robot_interfaces' for CMake module files
[0.725s] DEBUG:colcon.colcon_core.event_handler.log_command:Invoked command in '/home/suvi/poc_arm/build/my_robot_interfaces' returned '0': CMAKE_PREFIX_PATH=${CMAKE_PREFIX_PATH}:/opt/ros/humble /usr/bin/cmake --install /home/suvi/poc_arm/build/my_robot_interfaces
[0.726s] Level 1:colcon.colcon_core.environment:checking '/home/suvi/poc_arm/install/my_robot_interfaces' for CMake config files
[0.726s] Level 1:colcon.colcon_core.shell:create_environment_hook('my_robot_interfaces', 'cmake_prefix_path')
[0.726s] INFO:colcon.colcon_core.shell:Creating environment hook '/home/suvi/poc_arm/install/my_robot_interfaces/share/my_robot_interfaces/hook/cmake_prefix_path.ps1'
[0.727s] INFO:colcon.colcon_core.shell:Creating environment descriptor '/home/suvi/poc_arm/install/my_robot_interfaces/share/my_robot_interfaces/hook/cmake_prefix_path.dsv'
[0.727s] INFO:colcon.colcon_core.shell:Creating environment hook '/home/suvi/poc_arm/install/my_robot_interfaces/share/my_robot_interfaces/hook/cmake_prefix_path.sh'
[0.727s] Level 1:colcon.colcon_core.environment:checking '/home/suvi/poc_arm/install/my_robot_interfaces/lib'
[0.727s] Level 1:colcon.colcon_core.shell:create_environment_hook('my_robot_interfaces', 'ld_library_path_lib')
[0.727s] INFO:colcon.colcon_core.shell:Creating environment hook '/home/suvi/poc_arm/install/my_robot_interfaces/share/my_robot_interfaces/hook/ld_library_path_lib.ps1'
[0.728s] INFO:colcon.colcon_core.shell:Creating environment descriptor '/home/suvi/poc_arm/install/my_robot_interfaces/share/my_robot_interfaces/hook/ld_library_path_lib.dsv'
[0.728s] INFO:colcon.colcon_core.shell:Creating environment hook '/home/suvi/poc_arm/install/my_robot_interfaces/share/my_robot_interfaces/hook/ld_library_path_lib.sh'
[0.728s] Level 1:colcon.colcon_core.environment:checking '/home/suvi/poc_arm/install/my_robot_interfaces/bin'
[0.728s] Level 1:colcon.colcon_core.environment:checking '/home/suvi/poc_arm/install/my_robot_interfaces/lib/pkgconfig/my_robot_interfaces.pc'
[0.728s] Level 1:colcon.colcon_core.environment:checking '/home/suvi/poc_arm/install/my_robot_interfaces/lib/python3.10/site-packages'
[0.728s] Level 1:colcon.colcon_core.environment:checking '/home/suvi/poc_arm/install/my_robot_interfaces/bin'
[0.728s] INFO:colcon.colcon_core.shell:Creating package script '/home/suvi/poc_arm/install/my_robot_interfaces/share/my_robot_interfaces/package.ps1'
[0.729s] INFO:colcon.colcon_core.shell:Creating package descriptor '/home/suvi/poc_arm/install/my_robot_interfaces/share/my_robot_interfaces/package.dsv'
[0.729s] INFO:colcon.colcon_core.shell:Creating package script '/home/suvi/poc_arm/install/my_robot_interfaces/share/my_robot_interfaces/package.sh'
[0.729s] INFO:colcon.colcon_core.shell:Creating package script '/home/suvi/poc_arm/install/my_robot_interfaces/share/my_robot_interfaces/package.bash'
[0.729s] INFO:colcon.colcon_core.shell:Creating package script '/home/suvi/poc_arm/install/my_robot_interfaces/share/my_robot_interfaces/package.zsh'
[0.730s] Level 1:colcon.colcon_core.environment:create_file_with_runtime_dependencies(/home/suvi/poc_arm/install/my_robot_interfaces/share/colcon-core/packages/my_robot_interfaces)
[0.730s] Level 1:colcon.colcon_core.environment:create_environment_scripts_only(my_robot_interfaces)
[0.730s] Level 1:colcon.colcon_core.environment:checking '/home/suvi/poc_arm/install/my_robot_interfaces' for CMake module files
[0.730s] Level 1:colcon.colcon_core.environment:checking '/home/suvi/poc_arm/install/my_robot_interfaces' for CMake config files
[0.731s] Level 1:colcon.colcon_core.shell:create_environment_hook('my_robot_interfaces', 'cmake_prefix_path')
[0.731s] INFO:colcon.colcon_core.shell:Creating environment hook '/home/suvi/poc_arm/install/my_robot_interfaces/share/my_robot_interfaces/hook/cmake_prefix_path.ps1'
[0.731s] INFO:colcon.colcon_core.shell:Creating environment descriptor '/home/suvi/poc_arm/install/my_robot_interfaces/share/my_robot_interfaces/hook/cmake_prefix_path.dsv'
[0.731s] INFO:colcon.colcon_core.shell:Creating environment hook '/home/suvi/poc_arm/install/my_robot_interfaces/share/my_robot_interfaces/hook/cmake_prefix_path.sh'
[0.731s] Level 1:colcon.colcon_core.environment:checking '/home/suvi/poc_arm/install/my_robot_interfaces/lib'
[0.731s] Level 1:colcon.colcon_core.shell:create_environment_hook('my_robot_interfaces', 'ld_library_path_lib')
[0.732s] INFO:colcon.colcon_core.shell:Creating environment hook '/home/suvi/poc_arm/install/my_robot_interfaces/share/my_robot_interfaces/hook/ld_library_path_lib.ps1'
[0.732s] INFO:colcon.colcon_core.shell:Creating environment descriptor '/home/suvi/poc_arm/install/my_robot_interfaces/share/my_robot_interfaces/hook/ld_library_path_lib.dsv'
[0.732s] INFO:colcon.colcon_core.shell:Creating environment hook '/home/suvi/poc_arm/install/my_robot_interfaces/share/my_robot_interfaces/hook/ld_library_path_lib.sh'
[0.732s] Level 1:colcon.colcon_core.environment:checking '/home/suvi/poc_arm/install/my_robot_interfaces/bin'
[0.732s] Level 1:colcon.colcon_core.environment:checking '/home/suvi/poc_arm/install/my_robot_interfaces/lib/pkgconfig/my_robot_interfaces.pc'
[0.732s] Level 1:colcon.colcon_core.environment:checking '/home/suvi/poc_arm/install/my_robot_interfaces/lib/python3.10/site-packages'
[0.732s] Level 1:colcon.colcon_core.environment:checking '/home/suvi/poc_arm/install/my_robot_interfaces/bin'
[0.733s] INFO:colcon.colcon_core.shell:Creating package script '/home/suvi/poc_arm/install/my_robot_interfaces/share/my_robot_interfaces/package.ps1'
[0.733s] INFO:colcon.colcon_core.shell:Creating package descriptor '/home/suvi/poc_arm/install/my_robot_interfaces/share/my_robot_interfaces/package.dsv'
[0.733s] INFO:colcon.colcon_core.shell:Creating package script '/home/suvi/poc_arm/install/my_robot_interfaces/share/my_robot_interfaces/package.sh'
[0.733s] INFO:colcon.colcon_core.shell:Creating package script '/home/suvi/poc_arm/install/my_robot_interfaces/share/my_robot_interfaces/package.bash'
[0.734s] INFO:colcon.colcon_core.shell:Creating package script '/home/suvi/poc_arm/install/my_robot_interfaces/share/my_robot_interfaces/package.zsh'
[0.734s] Level 1:colcon.colcon_core.environment:create_file_with_runtime_dependencies(/home/suvi/poc_arm/install/my_robot_interfaces/share/colcon-core/packages/my_robot_interfaces)
[0.734s] INFO:colcon.colcon_ros.task.ament_cmake.build:Building ROS package in '/home/suvi/poc_arm/src/my_robot_commander_cpp' with build type 'ament_cmake'
[0.734s] INFO:colcon.colcon_cmake.task.cmake.build:Building CMake package in '/home/suvi/poc_arm/src/my_robot_commander_cpp'
[0.734s] INFO:colcon.colcon_core.shell:Skip shell extension 'powershell' for command environment: Not usable outside of PowerShell
[0.734s] DEBUG:colcon.colcon_core.shell:Skip shell extension 'dsv' for command environment
[0.743s] DEBUG:colcon.colcon_core.event_handler.log_command:Invoking command in '/home/suvi/poc_arm/build/my_robot_commander_cpp': CMAKE_PREFIX_PATH=/home/suvi/poc_arm/install/my_robot_interfaces:/home/suvi/poc_arm/install/waveshare_servos:/home/suvi/poc_arm/install/realsense_gazebo:/home/suvi/poc_arm/install/poc_moveit_config:/home/suvi/poc_arm/install/poc_arm:/home/suvi/poc_arm/install/my_robot_commander_cpp:/opt/ros/humble LD_LIBRARY_PATH=/home/suvi/poc_arm/install/my_robot_interfaces/lib:/home/suvi/poc_arm/install/waveshare_servos/lib:/usr/lib/x86_64-linux-gnu/gazebo-11/plugins:/opt/ros/humble/opt/rviz_ogre_vendor/lib:/opt/ros/humble/lib/x86_64-linux-gnu:/opt/ros/humble/lib:/usr/share/gazebo/../../lib/x86_64-linux-gnu/gazebo-11/plugins /usr/bin/cmake --build /home/suvi/poc_arm/build/my_robot_commander_cpp -- -j12 -l12
[13.761s] DEBUG:colcon.colcon_core.event_handler.log_command:Invoked command in '/home/suvi/poc_arm/build/my_robot_commander_cpp' returned '0': CMAKE_PREFIX_PATH=/home/suvi/poc_arm/install/my_robot_interfaces:/home/suvi/poc_arm/install/waveshare_servos:/home/suvi/poc_arm/install/realsense_gazebo:/home/suvi/poc_arm/install/poc_moveit_config:/home/suvi/poc_arm/install/poc_arm:/home/suvi/poc_arm/install/my_robot_commander_cpp:/opt/ros/humble LD_LIBRARY_PATH=/home/suvi/poc_arm/install/my_robot_interfaces/lib:/home/suvi/poc_arm/install/waveshare_servos/lib:/usr/lib/x86_64-linux-gnu/gazebo-11/plugins:/opt/ros/humble/opt/rviz_ogre_vendor/lib:/opt/ros/humble/lib/x86_64-linux-gnu:/opt/ros/humble/lib:/usr/share/gazebo/../../lib/x86_64-linux-gnu/gazebo-11/plugins /usr/bin/cmake --build /home/suvi/poc_arm/build/my_robot_commander_cpp -- -j12 -l12
[13.762s] DEBUG:colcon.colcon_core.event_handler.log_command:Invoking command in '/home/suvi/poc_arm/build/my_robot_commander_cpp': CMAKE_PREFIX_PATH=/home/suvi/poc_arm/install/my_robot_interfaces:/home/suvi/poc_arm/install/waveshare_servos:/home/suvi/poc_arm/install/realsense_gazebo:/home/suvi/poc_arm/install/poc_moveit_config:/home/suvi/poc_arm/install/poc_arm:/home/suvi/poc_arm/install/my_robot_commander_cpp:/opt/ros/humble LD_LIBRARY_PATH=/home/suvi/poc_arm/install/my_robot_interfaces/lib:/home/suvi/poc_arm/install/waveshare_servos/lib:/usr/lib/x86_64-linux-gnu/gazebo-11/plugins:/opt/ros/humble/opt/rviz_ogre_vendor/lib:/opt/ros/humble/lib/x86_64-linux-gnu:/opt/ros/humble/lib:/usr/share/gazebo/../../lib/x86_64-linux-gnu/gazebo-11/plugins /usr/bin/cmake --install /home/suvi/poc_arm/build/my_robot_commander_cpp
[13.777s] Level 1:colcon.colcon_core.environment:create_environment_scripts_only(my_robot_commander_cpp)
[13.778s] DEBUG:colcon.colcon_core.event_handler.log_command:Invoked command in '/home/suvi/poc_arm/build/my_robot_commander_cpp' returned '0': CMAKE_PREFIX_PATH=/home/suvi/poc_arm/install/my_robot_interfaces:/home/suvi/poc_arm/install/waveshare_servos:/home/suvi/poc_arm/install/realsense_gazebo:/home/suvi/poc_arm/install/poc_moveit_config:/home/suvi/poc_arm/install/poc_arm:/home/suvi/poc_arm/install/my_robot_commander_cpp:/opt/ros/humble LD_LIBRARY_PATH=/home/suvi/poc_arm/install/my_robot_interfaces/lib:/home/suvi/poc_arm/install/waveshare_servos/lib:/usr/lib/x86_64-linux-gnu/gazebo-11/plugins:/opt/ros/humble/opt/rviz_ogre_vendor/lib:/opt/ros/humble/lib/x86_64-linux-gnu:/opt/ros/humble/lib:/usr/share/gazebo/../../lib/x86_64-linux-gnu/gazebo-11/plugins /usr/bin/cmake --install /home/suvi/poc_arm/build/my_robot_commander_cpp
[13.778s] Level 1:colcon.colcon_core.environment:checking '/home/suvi/poc_arm/install/my_robot_commander_cpp' for CMake module files
[13.779s] Level 1:colcon.colcon_core.environment:checking '/home/suvi/poc_arm/install/my_robot_commander_cpp' for CMake config files
[13.779s] Level 1:colcon.colcon_core.shell:create_environment_hook('my_robot_commander_cpp', 'cmake_prefix_path')
[13.779s] INFO:colcon.colcon_core.shell:Creating environment hook '/home/suvi/poc_arm/install/my_robot_commander_cpp/share/my_robot_commander_cpp/hook/cmake_prefix_path.ps1'
[13.779s] INFO:colcon.colcon_core.shell:Creating environment descriptor '/home/suvi/poc_arm/install/my_robot_commander_cpp/share/my_robot_commander_cpp/hook/cmake_prefix_path.dsv'
[13.780s] INFO:colcon.colcon_core.shell:Creating environment hook '/home/suvi/poc_arm/install/my_robot_commander_cpp/share/my_robot_commander_cpp/hook/cmake_prefix_path.sh'
[13.780s] Level 1:colcon.colcon_core.environment:checking '/home/suvi/poc_arm/install/my_robot_commander_cpp/lib'
[13.780s] Level 1:colcon.colcon_core.environment:checking '/home/suvi/poc_arm/install/my_robot_commander_cpp/bin'
[13.780s] Level 1:colcon.colcon_core.environment:checking '/home/suvi/poc_arm/install/my_robot_commander_cpp/lib/pkgconfig/my_robot_commander_cpp.pc'
[13.780s] Level 1:colcon.colcon_core.environment:checking '/home/suvi/poc_arm/install/my_robot_commander_cpp/lib/python3.10/site-packages'
[13.780s] Level 1:colcon.colcon_core.environment:checking '/home/suvi/poc_arm/install/my_robot_commander_cpp/bin'
[13.781s] INFO:colcon.colcon_core.shell:Creating package script '/home/suvi/poc_arm/install/my_robot_commander_cpp/share/my_robot_commander_cpp/package.ps1'
[13.781s] INFO:colcon.colcon_core.shell:Creating package descriptor '/home/suvi/poc_arm/install/my_robot_commander_cpp/share/my_robot_commander_cpp/package.dsv'
[13.781s] INFO:colcon.colcon_core.shell:Creating package script '/home/suvi/poc_arm/install/my_robot_commander_cpp/share/my_robot_commander_cpp/package.sh'
[13.781s] INFO:colcon.colcon_core.shell:Creating package script '/home/suvi/poc_arm/install/my_robot_commander_cpp/share/my_robot_commander_cpp/package.bash'
[13.781s] INFO:colcon.colcon_core.shell:Creating package script '/home/suvi/poc_arm/install/my_robot_commander_cpp/share/my_robot_commander_cpp/package.zsh'
[13.782s] Level 1:colcon.colcon_core.environment:create_file_with_runtime_dependencies(/home/suvi/poc_arm/install/my_robot_commander_cpp/share/colcon-core/packages/my_robot_commander_cpp)
[13.782s] Level 1:colcon.colcon_core.environment:create_environment_scripts_only(my_robot_commander_cpp)
[13.782s] Level 1:colcon.colcon_core.environment:checking '/home/suvi/poc_arm/install/my_robot_commander_cpp' for CMake module files
[13.782s] Level 1:colcon.colcon_core.environment:checking '/home/suvi/poc_arm/install/my_robot_commander_cpp' for CMake config files
[13.782s] Level 1:colcon.colcon_core.shell:create_environment_hook('my_robot_commander_cpp', 'cmake_prefix_path')
[13.783s] INFO:colcon.colcon_core.shell:Creating environment hook '/home/suvi/poc_arm/install/my_robot_commander_cpp/share/my_robot_commander_cpp/hook/cmake_prefix_path.ps1'
[13.783s] INFO:colcon.colcon_core.shell:Creating environment descriptor '/home/suvi/poc_arm/install/my_robot_commander_cpp/share/my_robot_commander_cpp/hook/cmake_prefix_path.dsv'
[13.783s] INFO:colcon.colcon_core.shell:Creating environment hook '/home/suvi/poc_arm/install/my_robot_commander_cpp/share/my_robot_commander_cpp/hook/cmake_prefix_path.sh'
[13.783s] Level 1:colcon.colcon_core.environment:checking '/home/suvi/poc_arm/install/my_robot_commander_cpp/lib'
[13.783s] Level 1:colcon.colcon_core.environment:checking '/home/suvi/poc_arm/install/my_robot_commander_cpp/bin'
[13.783s] Level 1:colcon.colcon_core.environment:checking '/home/suvi/poc_arm/install/my_robot_commander_cpp/lib/pkgconfig/my_robot_commander_cpp.pc'
[13.784s] Level 1:colcon.colcon_core.environment:checking '/home/suvi/poc_arm/install/my_robot_commander_cpp/lib/python3.10/site-packages'
[13.784s] Level 1:colcon.colcon_core.environment:checking '/home/suvi/poc_arm/install/my_robot_commander_cpp/bin'
[13.784s] INFO:colcon.colcon_core.shell:Creating package script '/home/suvi/poc_arm/install/my_robot_commander_cpp/share/my_robot_commander_cpp/package.ps1'
[13.784s] INFO:colcon.colcon_core.shell:Creating package descriptor '/home/suvi/poc_arm/install/my_robot_commander_cpp/share/my_robot_commander_cpp/package.dsv'
[13.784s] INFO:colcon.colcon_core.shell:Creating package script '/home/suvi/poc_arm/install/my_robot_commander_cpp/share/my_robot_commander_cpp/package.sh'
[13.785s] INFO:colcon.colcon_core.shell:Creating package script '/home/suvi/poc_arm/install/my_robot_commander_cpp/share/my_robot_commander_cpp/package.bash'
[13.785s] INFO:colcon.colcon_core.shell:Creating package script '/home/suvi/poc_arm/install/my_robot_commander_cpp/share/my_robot_commander_cpp/package.zsh'
[13.785s] Level 1:colcon.colcon_core.environment:create_file_with_runtime_dependencies(/home/suvi/poc_arm/install/my_robot_commander_cpp/share/colcon-core/packages/my_robot_commander_cpp)
[13.785s] DEBUG:colcon.colcon_parallel_executor.executor.parallel:closing loop
[13.785s] DEBUG:colcon.colcon_parallel_executor.executor.parallel:loop closed
[13.785s] DEBUG:colcon.colcon_parallel_executor.executor.parallel:run_until_complete finished with '0'
[13.785s] DEBUG:colcon.colcon_core.event_reactor:joining thread
[13.790s] INFO:colcon.colcon_core.plugin_system:Skipping extension 'colcon_notification.desktop_notification.terminal_notifier': Not used on non-Darwin systems
[13.790s] INFO:colcon.colcon_core.plugin_system:Skipping extension 'colcon_notification.desktop_notification.win32': Not used on non-Windows systems
[13.790s] INFO:colcon.colcon_notification.desktop_notification:Sending desktop notification using 'notify2'
[13.798s] DEBUG:colcon.colcon_core.event_reactor:joined thread
[13.798s] INFO:colcon.colcon_core.shell:Creating prefix script '/home/suvi/poc_arm/install/local_setup.ps1'
[13.799s] INFO:colcon.colcon_core.shell:Creating prefix util module '/home/suvi/poc_arm/install/_local_setup_util_ps1.py'
[13.800s] INFO:colcon.colcon_core.shell:Creating prefix chain script '/home/suvi/poc_arm/install/setup.ps1'
[13.801s] INFO:colcon.colcon_core.shell:Creating prefix script '/home/suvi/poc_arm/install/local_setup.sh'
[13.801s] INFO:colcon.colcon_core.shell:Creating prefix util module '/home/suvi/poc_arm/install/_local_setup_util_sh.py'
[13.801s] INFO:colcon.colcon_core.shell:Creating prefix chain script '/home/suvi/poc_arm/install/setup.sh'
[13.802s] INFO:colcon.colcon_core.shell:Creating prefix script '/home/suvi/poc_arm/install/local_setup.bash'
[13.803s] INFO:colcon.colcon_core.shell:Creating prefix chain script '/home/suvi/poc_arm/install/setup.bash'
[13.803s] INFO:colcon.colcon_core.shell:Creating prefix script '/home/suvi/poc_arm/install/local_setup.zsh'
[13.804s] INFO:colcon.colcon_core.shell:Creating prefix chain script '/home/suvi/poc_arm/install/setup.zsh'
