[0.007s] Invoking command in '/home/suvi/poc_arm/build/my_robot_commander_cpp': AMENT_PREFIX_PATH=/home/suvi/poc_arm/install/my_robot_interfaces:${AMENT_PREFIX_PATH} CMAKE_PREFIX_PATH=/home/suvi/poc_arm/install/my_robot_interfaces:/opt/ros/humble LD_LIBRARY_PATH=/home/suvi/poc_arm/install/my_robot_interfaces/lib:/usr/lib/x86_64-linux-gnu/gazebo-11/plugins:/opt/ros/humble/opt/rviz_ogre_vendor/lib:/opt/ros/humble/lib/x86_64-linux-gnu:/opt/ros/humble/lib:/usr/share/gazebo/../../lib/x86_64-linux-gnu/gazebo-11/plugins PYTHONPATH=/home/suvi/poc_arm/install/my_robot_interfaces/local/lib/python3.10/dist-packages:${PYTHONPATH} /usr/bin/cmake --build /home/suvi/poc_arm/build/my_robot_commander_cpp -- -j12 -l12
[0.025s] -- Found ament_cmake: 1.3.12 (/opt/ros/humble/share/ament_cmake/cmake)
[0.103s] -- Found rclcpp: 16.0.17 (/opt/ros/humble/share/rclcpp/cmake)
[0.120s] -- Found rosidl_generator_c: 3.1.8 (/opt/ros/humble/share/rosidl_generator_c/cmake)
[0.122s] -- Found rosidl_adapter: 3.1.8 (/opt/ros/humble/share/rosidl_adapter/cmake)
[0.125s] -- Found rosidl_generator_cpp: 3.1.8 (/opt/ros/humble/share/rosidl_generator_cpp/cmake)
[0.130s] -- Using all available rosidl_typesupport_c: rosidl_typesupport_fastrtps_c;rosidl_typesupport_introspection_c
[0.137s] -- Using all available rosidl_typesupport_cpp: rosidl_typesupport_fastrtps_cpp;rosidl_typesupport_introspection_cpp
[0.155s] -- Found rmw_implementation_cmake: 6.1.2 (/opt/ros/humble/share/rmw_implementation_cmake/cmake)
[0.156s] -- Found rmw_fastrtps_cpp: 6.2.9 (/opt/ros/humble/share/rmw_fastrtps_cpp/cmake)
[0.227s] -- Using RMW implementation 'rmw_fastrtps_cpp' as default
[0.254s] -- Found moveit_ros_planning_interface: 2.5.9 (/opt/ros/humble/share/moveit_ros_planning_interface/cmake)
[0.261s] -- Found Boost: /usr/lib/x86_64-linux-gnu/cmake/Boost-1.74.0/BoostConfig.cmake (found version "1.74.0") found components: date_time filesystem program_options system thread 
[0.350s] -- Found Boost: /usr/lib/x86_64-linux-gnu/cmake/Boost-1.74.0/BoostConfig.cmake (found version "1.74.0") found components: chrono date_time filesystem iostreams program_options regex serialization system thread 
[0.364s] -- Found parameter_traits: 0.6.0 (/opt/ros/humble/share/parameter_traits/cmake)
[0.368s] -- Found rclcpp_lifecycle: 16.0.17 (/opt/ros/humble/share/rclcpp_lifecycle/cmake)
[0.380s] -- Found Boost: /usr/lib/x86_64-linux-gnu/cmake/Boost-1.74.0/BoostConfig.cmake (found version "1.74.0") found components: filesystem 
[0.402s] -- library: /usr/lib/x86_64-linux-gnu/libcurl.so
[0.419s] -- Ensuring Eigen3 include directory is part of orocos-kdl CMake target
[0.481s] -- Found Boost: /usr/lib/x86_64-linux-gnu/cmake/Boost-1.74.0/BoostConfig.cmake (found version "1.74.0") found components: system filesystem date_time program_options thread chrono 
[0.498s] -- Found Boost: /usr/lib/x86_64-linux-gnu/cmake/Boost-1.74.0/BoostConfig.cmake (found version "1.74.0") found components: thread system filesystem regex date_time program_options 
[0.510s] -- Found Boost: /usr/lib/x86_64-linux-gnu/cmake/Boost-1.74.0/BoostConfig.cmake (found version "1.74.0") found components: system filesystem date_time program_options thread 
[0.525s] -- Found example_interfaces: 0.9.3 (/opt/ros/humble/share/example_interfaces/cmake)
[0.533s] -- Found my_robot_interfaces: 0.0.0 (/home/suvi/poc_arm/install/my_robot_interfaces/share/my_robot_interfaces/cmake)
[0.589s] -- Configuring done
[0.608s] -- Generating done
[0.615s] -- Build files have been written to: /home/suvi/poc_arm/build/my_robot_commander_cpp
[0.636s] [35m[1mConsolidate compiler generated dependencies of target test_moveit[0m
[0.636s] [35m[1mConsolidate compiler generated dependencies of target commander[0m
[0.651s] [ 25%] [32mBuilding CXX object CMakeFiles/test_moveit.dir/src/test_moveit.cpp.o[0m
[0.651s] [ 50%] [32mBuilding CXX object CMakeFiles/commander.dir/src/commander_template.cpp.o[0m
[4.943s] [ 75%] [32m[1mLinking CXX executable test_moveit[0m
[5.122s] [ 75%] Built target test_moveit
[9.013s] [100%] [32m[1mLinking CXX executable commander[0m
[9.551s] [100%] Built target commander
[9.561s] Invoked command in '/home/suvi/poc_arm/build/my_robot_commander_cpp' returned '0': AMENT_PREFIX_PATH=/home/suvi/poc_arm/install/my_robot_interfaces:${AMENT_PREFIX_PATH} CMAKE_PREFIX_PATH=/home/suvi/poc_arm/install/my_robot_interfaces:/opt/ros/humble LD_LIBRARY_PATH=/home/suvi/poc_arm/install/my_robot_interfaces/lib:/usr/lib/x86_64-linux-gnu/gazebo-11/plugins:/opt/ros/humble/opt/rviz_ogre_vendor/lib:/opt/ros/humble/lib/x86_64-linux-gnu:/opt/ros/humble/lib:/usr/share/gazebo/../../lib/x86_64-linux-gnu/gazebo-11/plugins PYTHONPATH=/home/suvi/poc_arm/install/my_robot_interfaces/local/lib/python3.10/dist-packages:${PYTHONPATH} /usr/bin/cmake --build /home/suvi/poc_arm/build/my_robot_commander_cpp -- -j12 -l12
[9.562s] Invoking command in '/home/suvi/poc_arm/build/my_robot_commander_cpp': AMENT_PREFIX_PATH=/home/suvi/poc_arm/install/my_robot_interfaces:${AMENT_PREFIX_PATH} CMAKE_PREFIX_PATH=/home/suvi/poc_arm/install/my_robot_interfaces:/opt/ros/humble LD_LIBRARY_PATH=/home/suvi/poc_arm/install/my_robot_interfaces/lib:/usr/lib/x86_64-linux-gnu/gazebo-11/plugins:/opt/ros/humble/opt/rviz_ogre_vendor/lib:/opt/ros/humble/lib/x86_64-linux-gnu:/opt/ros/humble/lib:/usr/share/gazebo/../../lib/x86_64-linux-gnu/gazebo-11/plugins PYTHONPATH=/home/suvi/poc_arm/install/my_robot_interfaces/local/lib/python3.10/dist-packages:${PYTHONPATH} /usr/bin/cmake --install /home/suvi/poc_arm/build/my_robot_commander_cpp
[9.566s] -- Install configuration: ""
[9.566s] -- Installing: /home/suvi/poc_arm/install/my_robot_commander_cpp/lib/my_robot_commander_cpp/test_moveit
[9.567s] -- Set runtime path of "/home/suvi/poc_arm/install/my_robot_commander_cpp/lib/my_robot_commander_cpp/test_moveit" to ""
[9.567s] -- Installing: /home/suvi/poc_arm/install/my_robot_commander_cpp/lib/my_robot_commander_cpp/commander
[9.569s] -- Set runtime path of "/home/suvi/poc_arm/install/my_robot_commander_cpp/lib/my_robot_commander_cpp/commander" to ""
[9.569s] -- Up-to-date: /home/suvi/poc_arm/install/my_robot_commander_cpp/share/ament_index/resource_index/package_run_dependencies/my_robot_commander_cpp
[9.569s] -- Installing: /home/suvi/poc_arm/install/my_robot_commander_cpp/share/ament_index/resource_index/parent_prefix_path/my_robot_commander_cpp
[9.569s] -- Installing: /home/suvi/poc_arm/install/my_robot_commander_cpp/share/my_robot_commander_cpp/environment/ament_prefix_path.sh
[9.570s] -- Installing: /home/suvi/poc_arm/install/my_robot_commander_cpp/share/my_robot_commander_cpp/environment/ament_prefix_path.dsv
[9.570s] -- Installing: /home/suvi/poc_arm/install/my_robot_commander_cpp/share/my_robot_commander_cpp/environment/path.sh
[9.570s] -- Installing: /home/suvi/poc_arm/install/my_robot_commander_cpp/share/my_robot_commander_cpp/environment/path.dsv
[9.570s] -- Up-to-date: /home/suvi/poc_arm/install/my_robot_commander_cpp/share/my_robot_commander_cpp/local_setup.bash
[9.570s] -- Up-to-date: /home/suvi/poc_arm/install/my_robot_commander_cpp/share/my_robot_commander_cpp/local_setup.sh
[9.570s] -- Up-to-date: /home/suvi/poc_arm/install/my_robot_commander_cpp/share/my_robot_commander_cpp/local_setup.zsh
[9.570s] -- Installing: /home/suvi/poc_arm/install/my_robot_commander_cpp/share/my_robot_commander_cpp/local_setup.dsv
[9.570s] -- Installing: /home/suvi/poc_arm/install/my_robot_commander_cpp/share/my_robot_commander_cpp/package.dsv
[9.570s] -- Up-to-date: /home/suvi/poc_arm/install/my_robot_commander_cpp/share/ament_index/resource_index/packages/my_robot_commander_cpp
[9.570s] -- Up-to-date: /home/suvi/poc_arm/install/my_robot_commander_cpp/share/my_robot_commander_cpp/cmake/my_robot_commander_cppConfig.cmake
[9.570s] -- Up-to-date: /home/suvi/poc_arm/install/my_robot_commander_cpp/share/my_robot_commander_cpp/cmake/my_robot_commander_cppConfig-version.cmake
[9.570s] -- Up-to-date: /home/suvi/poc_arm/install/my_robot_commander_cpp/share/my_robot_commander_cpp/package.xml
[9.571s] Invoked command in '/home/suvi/poc_arm/build/my_robot_commander_cpp' returned '0': AMENT_PREFIX_PATH=/home/suvi/poc_arm/install/my_robot_interfaces:${AMENT_PREFIX_PATH} CMAKE_PREFIX_PATH=/home/suvi/poc_arm/install/my_robot_interfaces:/opt/ros/humble LD_LIBRARY_PATH=/home/suvi/poc_arm/install/my_robot_interfaces/lib:/usr/lib/x86_64-linux-gnu/gazebo-11/plugins:/opt/ros/humble/opt/rviz_ogre_vendor/lib:/opt/ros/humble/lib/x86_64-linux-gnu:/opt/ros/humble/lib:/usr/share/gazebo/../../lib/x86_64-linux-gnu/gazebo-11/plugins PYTHONPATH=/home/suvi/poc_arm/install/my_robot_interfaces/local/lib/python3.10/dist-packages:${PYTHONPATH} /usr/bin/cmake --install /home/suvi/poc_arm/build/my_robot_commander_cpp
