[ 66%] Built target waveshare_servos
[ 83%] Built target set_id
[100%] Built target calibrate_midpoint
-- Install configuration: ""
-- Up-to-date: /home/suvi/poc_arm/install/waveshare_servos/share/waveshare_servos/waveshare_servos.xml
-- Up-to-date: /home/suvi/poc_arm/install/waveshare_servos/include/waveshare_servos
-- Up-to-date: /home/suvi/poc_arm/install/waveshare_servos/include/waveshare_servos/SCS.h
-- Up-to-date: /home/suvi/poc_arm/install/waveshare_servos/include/waveshare_servos/visibility_controls.h
-- Up-to-date: /home/suvi/poc_arm/install/waveshare_servos/include/waveshare_servos/SCSerial.h
-- Up-to-date: /home/suvi/poc_arm/install/waveshare_servos/include/waveshare_servos/INST.h
-- Up-to-date: /home/suvi/poc_arm/install/waveshare_servos/include/waveshare_servos/SMS_STS.h
-- Up-to-date: /home/suvi/poc_arm/install/waveshare_servos/include/waveshare_servos/SCServo.h
-- Up-to-date: /home/suvi/poc_arm/install/waveshare_servos/include/waveshare_servos/waveshare_servos.hpp
-- Up-to-date: /home/suvi/poc_arm/install/waveshare_servos/include/waveshare_servos/SMSBL.h
-- Up-to-date: /home/suvi/poc_arm/install/waveshare_servos/include/waveshare_servos/SCSCL.h
-- Up-to-date: /home/suvi/poc_arm/install/waveshare_servos/include/waveshare_servos/SMSCL.h
-- Up-to-date: /home/suvi/poc_arm/install/waveshare_servos/share/waveshare_servos/description/ros2_control
-- Up-to-date: /home/suvi/poc_arm/install/waveshare_servos/share/waveshare_servos/description/ros2_control/example.ros2_control.xacro
-- Up-to-date: /home/suvi/poc_arm/install/waveshare_servos/share/waveshare_servos/description/urdf
-- Up-to-date: /home/suvi/poc_arm/install/waveshare_servos/share/waveshare_servos/description/urdf/example.urdf.xacro
-- Up-to-date: /home/suvi/poc_arm/install/waveshare_servos/share/waveshare_servos/launch
-- Up-to-date: /home/suvi/poc_arm/install/waveshare_servos/share/waveshare_servos/launch/example.launch.py
-- Up-to-date: /home/suvi/poc_arm/install/waveshare_servos/share/waveshare_servos/config
-- Up-to-date: /home/suvi/poc_arm/install/waveshare_servos/share/waveshare_servos/config/example_controllers.yaml
-- Up-to-date: /home/suvi/poc_arm/install/waveshare_servos/lib/libwaveshare_servos.so
-- Up-to-date: /home/suvi/poc_arm/install/waveshare_servos/lib/waveshare_servos/set_id
-- Up-to-date: /home/suvi/poc_arm/install/waveshare_servos/lib/waveshare_servos/calibrate_midpoint
-- Up-to-date: /home/suvi/poc_arm/install/waveshare_servos/share/waveshare_servos/environment/library_path.sh
-- Up-to-date: /home/suvi/poc_arm/install/waveshare_servos/share/waveshare_servos/environment/library_path.dsv
-- Up-to-date: /home/suvi/poc_arm/install/waveshare_servos/share/ament_index/resource_index/package_run_dependencies/waveshare_servos
-- Up-to-date: /home/suvi/poc_arm/install/waveshare_servos/share/ament_index/resource_index/parent_prefix_path/waveshare_servos
-- Up-to-date: /home/suvi/poc_arm/install/waveshare_servos/share/waveshare_servos/environment/ament_prefix_path.sh
-- Up-to-date: /home/suvi/poc_arm/install/waveshare_servos/share/waveshare_servos/environment/ament_prefix_path.dsv
-- Up-to-date: /home/suvi/poc_arm/install/waveshare_servos/share/waveshare_servos/environment/path.sh
-- Up-to-date: /home/suvi/poc_arm/install/waveshare_servos/share/waveshare_servos/environment/path.dsv
-- Up-to-date: /home/suvi/poc_arm/install/waveshare_servos/share/waveshare_servos/local_setup.bash
-- Up-to-date: /home/suvi/poc_arm/install/waveshare_servos/share/waveshare_servos/local_setup.sh
-- Up-to-date: /home/suvi/poc_arm/install/waveshare_servos/share/waveshare_servos/local_setup.zsh
-- Up-to-date: /home/suvi/poc_arm/install/waveshare_servos/share/waveshare_servos/local_setup.dsv
-- Installing: /home/suvi/poc_arm/install/waveshare_servos/share/waveshare_servos/package.dsv
-- Up-to-date: /home/suvi/poc_arm/install/waveshare_servos/share/ament_index/resource_index/packages/waveshare_servos
-- Up-to-date: /home/suvi/poc_arm/install/waveshare_servos/share/ament_index/resource_index/hardware_interface__pluginlib__plugin/waveshare_servos
-- Up-to-date: /home/suvi/poc_arm/install/waveshare_servos/share/waveshare_servos/cmake/export_waveshare_servosExport.cmake
-- Up-to-date: /home/suvi/poc_arm/install/waveshare_servos/share/waveshare_servos/cmake/export_waveshare_servosExport-noconfig.cmake
-- Up-to-date: /home/suvi/poc_arm/install/waveshare_servos/share/waveshare_servos/cmake/ament_cmake_export_targets-extras.cmake
-- Up-to-date: /home/suvi/poc_arm/install/waveshare_servos/share/waveshare_servos/cmake/ament_cmake_export_dependencies-extras.cmake
-- Up-to-date: /home/suvi/poc_arm/install/waveshare_servos/share/waveshare_servos/cmake/waveshare_servosConfig.cmake
-- Up-to-date: /home/suvi/poc_arm/install/waveshare_servos/share/waveshare_servos/cmake/waveshare_servosConfig-version.cmake
-- Up-to-date: /home/suvi/poc_arm/install/waveshare_servos/share/waveshare_servos/package.xml
