[0.009s] Invoking command in '/home/suvi/poc_arm/build/gazebo_ros_link_attacher': /usr/bin/cmake /home/suvi/poc_arm/src/gazebo_ros_link_attacher -DCATKIN_INSTALL_INTO_PREFIX_ROOT=0 -DCMAKE_INSTALL_PREFIX=/home/suvi/poc_arm/install/gazebo_ros_link_attacher
[0.025s] [0mCMake Deprecation Warning at CMakeLists.txt:1 (cmake_minimum_required):
[0.025s]   Compatibility with CMake < 2.8.12 will be removed from a future version of
[0.025s]   CMake.
[0.025s] 
[0.025s]   Update the VERSION argument <min> value or use a ...<max> suffix to tell
[0.025s]   CMake that the project does not need compatibility with older versions.
[0.025s] 
[0.025s] [0m
[0.099s] -- The C compiler identification is GNU 11.4.0
[0.168s] -- The CXX compiler identification is GNU 11.4.0
[0.175s] -- Detecting C compiler ABI info
[0.231s] -- Detecting C compiler ABI info - done
[0.238s] -- Check for working C compiler: /usr/bin/cc - skipped
[0.238s] -- Detecting C compile features
[0.238s] -- Detecting C compile features - done
[0.241s] -- Detecting CXX compiler ABI info
[0.303s] -- Detecting CXX compiler ABI info - done
[0.311s] -- Check for working CXX compiler: /usr/bin/c++ - skipped
[0.311s] -- Detecting CXX compile features
[0.311s] -- Detecting CXX compile features - done
[0.313s] -- Performing Test COMPILER_SUPPORTS_CXX11
[0.368s] -- Performing Test COMPILER_SUPPORTS_CXX11 - Success
[0.369s] -- Performing Test COMPILER_SUPPORTS_CXX0X
[0.428s] -- Performing Test COMPILER_SUPPORTS_CXX0X - Success
[0.437s] [31mCMake Error at CMakeLists.txt:20 (find_package):
[0.437s]   By not providing "Findcatkin.cmake" in CMAKE_MODULE_PATH this project has
[0.437s]   asked CMake to find a package configuration file provided by "catkin", but
[0.437s]   CMake did not find one.
[0.437s] 
[0.437s]   Could not find a package configuration file provided by "catkin" with any
[0.437s]   of the following names:
[0.438s] 
[0.438s]     catkinConfig.cmake
[0.438s]     catkin-config.cmake
[0.438s] 
[0.438s]   Add the installation prefix of "catkin" to CMAKE_PREFIX_PATH or set
[0.438s]   "catkin_DIR" to a directory containing one of the above files.  If "catkin"
[0.438s]   provides a separate development package or SDK, be sure it has been
[0.438s]   installed.
[0.438s] 
[0.438s] [0m
[0.438s] -- Configuring incomplete, errors occurred!
[0.438s] See also "/home/suvi/poc_arm/build/gazebo_ros_link_attacher/CMakeFiles/CMakeOutput.log".
[0.440s] Invoked command in '/home/suvi/poc_arm/build/gazebo_ros_link_attacher' returned '1': /usr/bin/cmake /home/suvi/poc_arm/src/gazebo_ros_link_attacher -DCATKIN_INSTALL_INTO_PREFIX_ROOT=0 -DCMAKE_INSTALL_PREFIX=/home/suvi/poc_arm/install/gazebo_ros_link_attacher
