[0.085s] DEBUG:colcon:Command line arguments: ['/usr/bin/colcon', 'build']
[0.085s] DEBUG:colcon:Parsed command line arguments: Namespace(log_base=None, log_level=None, verb_name='build', build_base='build', install_base='install', merge_install=False, symlink_install=False, test_result_base=None, continue_on_error=False, executor='parallel', parallel_workers=12, event_handlers=None, ignore_user_meta=False, metas=['./colcon.meta'], base_paths=['.'], packages_ignore=None, packages_ignore_regex=None, paths=None, packages_up_to=None, packages_up_to_regex=None, packages_above=None, packages_above_and_dependencies=None, packages_above_depth=None, packages_select_by_dep=None, packages_skip_by_dep=None, packages_skip_up_to=None, packages_select_build_failed=False, packages_skip_build_finished=False, packages_select_test_failures=False, packages_skip_test_passed=False, packages_select=None, packages_skip=None, packages_select_regex=None, packages_skip_regex=None, packages_start=None, packages_end=None, allow_overriding=[], cmake_args=None, cmake_target=None, cmake_target_skip_unavailable=False, cmake_clean_cache=False, cmake_clean_first=False, cmake_force_configure=False, ament_cmake_args=None, catkin_cmake_args=None, catkin_skip_building_tests=False, mixin_files=None, mixin=None, verb_parser=<colcon_mixin.mixin.mixin_argument.MixinArgumentDecorator object at 0x77f2ee9ce7d0>, verb_extension=<colcon_core.verb.build.BuildVerb object at 0x77f2ee9ce320>, main=<bound method BuildVerb.main of <colcon_core.verb.build.BuildVerb object at 0x77f2ee9ce320>>, mixin_verb=('build',))
[0.199s] Level 1:colcon.colcon_core.package_discovery:discover_packages(colcon_meta) check parameters
[0.199s] Level 1:colcon.colcon_core.package_discovery:discover_packages(recursive) check parameters
[0.199s] Level 1:colcon.colcon_core.package_discovery:discover_packages(ignore) check parameters
[0.199s] Level 1:colcon.colcon_core.package_discovery:discover_packages(path) check parameters
[0.199s] Level 1:colcon.colcon_core.package_discovery:discover_packages(colcon_meta) discover
[0.199s] Level 1:colcon.colcon_core.package_discovery:discover_packages(recursive) discover
[0.199s] INFO:colcon.colcon_core.package_discovery:Crawling recursively for packages in '/home/suvi/poc_arm'
[0.199s] Level 1:colcon.colcon_core.package_identification:_identify(.) by extensions ['ignore', 'ignore_ament_install']
[0.199s] Level 1:colcon.colcon_core.package_identification:_identify(.) by extension 'ignore'
[0.199s] Level 1:colcon.colcon_core.package_identification:_identify(.) by extension 'ignore_ament_install'
[0.199s] Level 1:colcon.colcon_core.package_identification:_identify(.) by extensions ['colcon_pkg']
[0.199s] Level 1:colcon.colcon_core.package_identification:_identify(.) by extension 'colcon_pkg'
[0.199s] Level 1:colcon.colcon_core.package_identification:_identify(.) by extensions ['colcon_meta']
[0.199s] Level 1:colcon.colcon_core.package_identification:_identify(.) by extension 'colcon_meta'
[0.200s] Level 1:colcon.colcon_core.package_identification:_identify(.) by extensions ['ros']
[0.200s] Level 1:colcon.colcon_core.package_identification:_identify(.) by extension 'ros'
[0.217s] Level 1:colcon.colcon_core.package_identification:_identify(.) by extensions ['cmake', 'python']
[0.217s] Level 1:colcon.colcon_core.package_identification:_identify(.) by extension 'cmake'
[0.217s] Level 1:colcon.colcon_core.package_identification:_identify(.) by extension 'python'
[0.217s] Level 1:colcon.colcon_core.package_identification:_identify(.) by extensions ['python_setup_py']
[0.217s] Level 1:colcon.colcon_core.package_identification:_identify(.) by extension 'python_setup_py'
[0.217s] Level 1:colcon.colcon_core.package_identification:_identify(build) by extensions ['ignore', 'ignore_ament_install']
[0.217s] Level 1:colcon.colcon_core.package_identification:_identify(build) by extension 'ignore'
[0.217s] Level 1:colcon.colcon_core.package_identification:_identify(build) ignored
[0.217s] Level 1:colcon.colcon_core.package_identification:_identify(install) by extensions ['ignore', 'ignore_ament_install']
[0.217s] Level 1:colcon.colcon_core.package_identification:_identify(install) by extension 'ignore'
[0.217s] Level 1:colcon.colcon_core.package_identification:_identify(install) ignored
[0.218s] Level 1:colcon.colcon_core.package_identification:_identify(log) by extensions ['ignore', 'ignore_ament_install']
[0.218s] Level 1:colcon.colcon_core.package_identification:_identify(log) by extension 'ignore'
[0.218s] Level 1:colcon.colcon_core.package_identification:_identify(log) ignored
[0.218s] Level 1:colcon.colcon_core.package_identification:_identify(src) by extensions ['ignore', 'ignore_ament_install']
[0.218s] Level 1:colcon.colcon_core.package_identification:_identify(src) by extension 'ignore'
[0.218s] Level 1:colcon.colcon_core.package_identification:_identify(src) by extension 'ignore_ament_install'
[0.218s] Level 1:colcon.colcon_core.package_identification:_identify(src) by extensions ['colcon_pkg']
[0.218s] Level 1:colcon.colcon_core.package_identification:_identify(src) by extension 'colcon_pkg'
[0.218s] Level 1:colcon.colcon_core.package_identification:_identify(src) by extensions ['colcon_meta']
[0.218s] Level 1:colcon.colcon_core.package_identification:_identify(src) by extension 'colcon_meta'
[0.218s] Level 1:colcon.colcon_core.package_identification:_identify(src) by extensions ['ros']
[0.218s] Level 1:colcon.colcon_core.package_identification:_identify(src) by extension 'ros'
[0.218s] Level 1:colcon.colcon_core.package_identification:_identify(src) by extensions ['cmake', 'python']
[0.218s] Level 1:colcon.colcon_core.package_identification:_identify(src) by extension 'cmake'
[0.218s] Level 1:colcon.colcon_core.package_identification:_identify(src) by extension 'python'
[0.218s] Level 1:colcon.colcon_core.package_identification:_identify(src) by extensions ['python_setup_py']
[0.218s] Level 1:colcon.colcon_core.package_identification:_identify(src) by extension 'python_setup_py'
[0.218s] Level 1:colcon.colcon_core.package_identification:_identify(src/my_robot_commander_cpp) by extensions ['ignore', 'ignore_ament_install']
[0.218s] Level 1:colcon.colcon_core.package_identification:_identify(src/my_robot_commander_cpp) by extension 'ignore'
[0.218s] Level 1:colcon.colcon_core.package_identification:_identify(src/my_robot_commander_cpp) by extension 'ignore_ament_install'
[0.218s] Level 1:colcon.colcon_core.package_identification:_identify(src/my_robot_commander_cpp) by extensions ['colcon_pkg']
[0.218s] Level 1:colcon.colcon_core.package_identification:_identify(src/my_robot_commander_cpp) by extension 'colcon_pkg'
[0.218s] Level 1:colcon.colcon_core.package_identification:_identify(src/my_robot_commander_cpp) by extensions ['colcon_meta']
[0.218s] Level 1:colcon.colcon_core.package_identification:_identify(src/my_robot_commander_cpp) by extension 'colcon_meta'
[0.218s] Level 1:colcon.colcon_core.package_identification:_identify(src/my_robot_commander_cpp) by extensions ['ros']
[0.218s] Level 1:colcon.colcon_core.package_identification:_identify(src/my_robot_commander_cpp) by extension 'ros'
[0.220s] DEBUG:colcon.colcon_core.package_identification:Package 'src/my_robot_commander_cpp' with type 'ros.ament_cmake' and name 'my_robot_commander_cpp'
[0.220s] Level 1:colcon.colcon_core.package_identification:_identify(src/my_robot_interfaces) by extensions ['ignore', 'ignore_ament_install']
[0.220s] Level 1:colcon.colcon_core.package_identification:_identify(src/my_robot_interfaces) by extension 'ignore'
[0.220s] Level 1:colcon.colcon_core.package_identification:_identify(src/my_robot_interfaces) by extension 'ignore_ament_install'
[0.220s] Level 1:colcon.colcon_core.package_identification:_identify(src/my_robot_interfaces) by extensions ['colcon_pkg']
[0.220s] Level 1:colcon.colcon_core.package_identification:_identify(src/my_robot_interfaces) by extension 'colcon_pkg'
[0.220s] Level 1:colcon.colcon_core.package_identification:_identify(src/my_robot_interfaces) by extensions ['colcon_meta']
[0.220s] Level 1:colcon.colcon_core.package_identification:_identify(src/my_robot_interfaces) by extension 'colcon_meta'
[0.220s] Level 1:colcon.colcon_core.package_identification:_identify(src/my_robot_interfaces) by extensions ['ros']
[0.220s] Level 1:colcon.colcon_core.package_identification:_identify(src/my_robot_interfaces) by extension 'ros'
[0.221s] DEBUG:colcon.colcon_core.package_identification:Package 'src/my_robot_interfaces' with type 'ros.ament_cmake' and name 'my_robot_interfaces'
[0.221s] Level 1:colcon.colcon_core.package_identification:_identify(src/poc_arm) by extensions ['ignore', 'ignore_ament_install']
[0.221s] Level 1:colcon.colcon_core.package_identification:_identify(src/poc_arm) by extension 'ignore'
[0.221s] Level 1:colcon.colcon_core.package_identification:_identify(src/poc_arm) by extension 'ignore_ament_install'
[0.221s] Level 1:colcon.colcon_core.package_identification:_identify(src/poc_arm) by extensions ['colcon_pkg']
[0.221s] Level 1:colcon.colcon_core.package_identification:_identify(src/poc_arm) by extension 'colcon_pkg'
[0.221s] Level 1:colcon.colcon_core.package_identification:_identify(src/poc_arm) by extensions ['colcon_meta']
[0.221s] Level 1:colcon.colcon_core.package_identification:_identify(src/poc_arm) by extension 'colcon_meta'
[0.221s] Level 1:colcon.colcon_core.package_identification:_identify(src/poc_arm) by extensions ['ros']
[0.221s] Level 1:colcon.colcon_core.package_identification:_identify(src/poc_arm) by extension 'ros'
[0.221s] DEBUG:colcon.colcon_core.package_identification:Package 'src/poc_arm' with type 'ros.ament_cmake' and name 'poc_arm'
[0.221s] Level 1:colcon.colcon_core.package_identification:_identify(src/poc_moveit_config) by extensions ['ignore', 'ignore_ament_install']
[0.221s] Level 1:colcon.colcon_core.package_identification:_identify(src/poc_moveit_config) by extension 'ignore'
[0.221s] Level 1:colcon.colcon_core.package_identification:_identify(src/poc_moveit_config) by extension 'ignore_ament_install'
[0.221s] Level 1:colcon.colcon_core.package_identification:_identify(src/poc_moveit_config) by extensions ['colcon_pkg']
[0.221s] Level 1:colcon.colcon_core.package_identification:_identify(src/poc_moveit_config) by extension 'colcon_pkg'
[0.221s] Level 1:colcon.colcon_core.package_identification:_identify(src/poc_moveit_config) by extensions ['colcon_meta']
[0.221s] Level 1:colcon.colcon_core.package_identification:_identify(src/poc_moveit_config) by extension 'colcon_meta'
[0.221s] Level 1:colcon.colcon_core.package_identification:_identify(src/poc_moveit_config) by extensions ['ros']
[0.221s] Level 1:colcon.colcon_core.package_identification:_identify(src/poc_moveit_config) by extension 'ros'
[0.222s] DEBUG:colcon.colcon_core.package_identification:Package 'src/poc_moveit_config' with type 'ros.ament_cmake' and name 'poc_moveit_config'
[0.222s] Level 1:colcon.colcon_core.package_identification:_identify(src/realsense_gazebo) by extensions ['ignore', 'ignore_ament_install']
[0.222s] Level 1:colcon.colcon_core.package_identification:_identify(src/realsense_gazebo) by extension 'ignore'
[0.222s] Level 1:colcon.colcon_core.package_identification:_identify(src/realsense_gazebo) by extension 'ignore_ament_install'
[0.222s] Level 1:colcon.colcon_core.package_identification:_identify(src/realsense_gazebo) by extensions ['colcon_pkg']
[0.222s] Level 1:colcon.colcon_core.package_identification:_identify(src/realsense_gazebo) by extension 'colcon_pkg'
[0.222s] Level 1:colcon.colcon_core.package_identification:_identify(src/realsense_gazebo) by extensions ['colcon_meta']
[0.222s] Level 1:colcon.colcon_core.package_identification:_identify(src/realsense_gazebo) by extension 'colcon_meta'
[0.222s] Level 1:colcon.colcon_core.package_identification:_identify(src/realsense_gazebo) by extensions ['ros']
[0.222s] Level 1:colcon.colcon_core.package_identification:_identify(src/realsense_gazebo) by extension 'ros'
[0.223s] DEBUG:colcon.colcon_core.package_identification:Package 'src/realsense_gazebo' with type 'ros.ament_cmake' and name 'realsense_gazebo'
[0.223s] Level 1:colcon.colcon_core.package_discovery:discover_packages(recursive) using defaults
[0.223s] Level 1:colcon.colcon_core.package_discovery:discover_packages(ignore) discover
[0.223s] Level 1:colcon.colcon_core.package_discovery:discover_packages(ignore) using defaults
[0.223s] Level 1:colcon.colcon_core.package_discovery:discover_packages(path) discover
[0.223s] Level 1:colcon.colcon_core.package_discovery:discover_packages(path) using defaults
[0.248s] Level 1:colcon.colcon_core.package_discovery:discover_packages(prefix_path) check parameters
[0.248s] Level 1:colcon.colcon_core.package_discovery:discover_packages(prefix_path) discover
[0.249s] DEBUG:colcon.colcon_installed_package_information.package_discovery:Found 6 installed packages in /home/suvi/poc_arm/install
[0.250s] DEBUG:colcon.colcon_installed_package_information.package_discovery:Found 564 installed packages in /opt/ros/humble
[0.252s] Level 1:colcon.colcon_core.package_discovery:discover_packages(prefix_path) using defaults
[0.291s] Level 5:colcon.colcon_core.verb:set package 'my_robot_interfaces' build argument 'cmake_args' from command line to 'None'
[0.291s] Level 5:colcon.colcon_core.verb:set package 'my_robot_interfaces' build argument 'cmake_target' from command line to 'None'
[0.291s] Level 5:colcon.colcon_core.verb:set package 'my_robot_interfaces' build argument 'cmake_target_skip_unavailable' from command line to 'False'
[0.291s] Level 5:colcon.colcon_core.verb:set package 'my_robot_interfaces' build argument 'cmake_clean_cache' from command line to 'False'
[0.291s] Level 5:colcon.colcon_core.verb:set package 'my_robot_interfaces' build argument 'cmake_clean_first' from command line to 'False'
[0.291s] Level 5:colcon.colcon_core.verb:set package 'my_robot_interfaces' build argument 'cmake_force_configure' from command line to 'False'
[0.291s] Level 5:colcon.colcon_core.verb:set package 'my_robot_interfaces' build argument 'ament_cmake_args' from command line to 'None'
[0.291s] Level 5:colcon.colcon_core.verb:set package 'my_robot_interfaces' build argument 'catkin_cmake_args' from command line to 'None'
[0.291s] Level 5:colcon.colcon_core.verb:set package 'my_robot_interfaces' build argument 'catkin_skip_building_tests' from command line to 'False'
[0.291s] DEBUG:colcon.colcon_core.verb:Building package 'my_robot_interfaces' with the following arguments: {'ament_cmake_args': None, 'build_base': '/home/suvi/poc_arm/build/my_robot_interfaces', 'catkin_cmake_args': None, 'catkin_skip_building_tests': False, 'cmake_args': None, 'cmake_clean_cache': False, 'cmake_clean_first': False, 'cmake_force_configure': False, 'cmake_target': None, 'cmake_target_skip_unavailable': False, 'install_base': '/home/suvi/poc_arm/install/my_robot_interfaces', 'merge_install': False, 'path': '/home/suvi/poc_arm/src/my_robot_interfaces', 'symlink_install': False, 'test_result_base': None}
[0.291s] Level 5:colcon.colcon_core.verb:set package 'poc_arm' build argument 'cmake_args' from command line to 'None'
[0.291s] Level 5:colcon.colcon_core.verb:set package 'poc_arm' build argument 'cmake_target' from command line to 'None'
[0.291s] Level 5:colcon.colcon_core.verb:set package 'poc_arm' build argument 'cmake_target_skip_unavailable' from command line to 'False'
[0.291s] Level 5:colcon.colcon_core.verb:set package 'poc_arm' build argument 'cmake_clean_cache' from command line to 'False'
[0.291s] Level 5:colcon.colcon_core.verb:set package 'poc_arm' build argument 'cmake_clean_first' from command line to 'False'
[0.291s] Level 5:colcon.colcon_core.verb:set package 'poc_arm' build argument 'cmake_force_configure' from command line to 'False'
[0.291s] Level 5:colcon.colcon_core.verb:set package 'poc_arm' build argument 'ament_cmake_args' from command line to 'None'
[0.292s] Level 5:colcon.colcon_core.verb:set package 'poc_arm' build argument 'catkin_cmake_args' from command line to 'None'
[0.292s] Level 5:colcon.colcon_core.verb:set package 'poc_arm' build argument 'catkin_skip_building_tests' from command line to 'False'
[0.292s] DEBUG:colcon.colcon_core.verb:Building package 'poc_arm' with the following arguments: {'ament_cmake_args': None, 'build_base': '/home/suvi/poc_arm/build/poc_arm', 'catkin_cmake_args': None, 'catkin_skip_building_tests': False, 'cmake_args': None, 'cmake_clean_cache': False, 'cmake_clean_first': False, 'cmake_force_configure': False, 'cmake_target': None, 'cmake_target_skip_unavailable': False, 'install_base': '/home/suvi/poc_arm/install/poc_arm', 'merge_install': False, 'path': '/home/suvi/poc_arm/src/poc_arm', 'symlink_install': False, 'test_result_base': None}
[0.292s] Level 5:colcon.colcon_core.verb:set package 'realsense_gazebo' build argument 'cmake_args' from command line to 'None'
[0.292s] Level 5:colcon.colcon_core.verb:set package 'realsense_gazebo' build argument 'cmake_target' from command line to 'None'
[0.292s] Level 5:colcon.colcon_core.verb:set package 'realsense_gazebo' build argument 'cmake_target_skip_unavailable' from command line to 'False'
[0.292s] Level 5:colcon.colcon_core.verb:set package 'realsense_gazebo' build argument 'cmake_clean_cache' from command line to 'False'
[0.292s] Level 5:colcon.colcon_core.verb:set package 'realsense_gazebo' build argument 'cmake_clean_first' from command line to 'False'
[0.292s] Level 5:colcon.colcon_core.verb:set package 'realsense_gazebo' build argument 'cmake_force_configure' from command line to 'False'
[0.292s] Level 5:colcon.colcon_core.verb:set package 'realsense_gazebo' build argument 'ament_cmake_args' from command line to 'None'
[0.292s] Level 5:colcon.colcon_core.verb:set package 'realsense_gazebo' build argument 'catkin_cmake_args' from command line to 'None'
[0.292s] Level 5:colcon.colcon_core.verb:set package 'realsense_gazebo' build argument 'catkin_skip_building_tests' from command line to 'False'
[0.292s] DEBUG:colcon.colcon_core.verb:Building package 'realsense_gazebo' with the following arguments: {'ament_cmake_args': None, 'build_base': '/home/suvi/poc_arm/build/realsense_gazebo', 'catkin_cmake_args': None, 'catkin_skip_building_tests': False, 'cmake_args': None, 'cmake_clean_cache': False, 'cmake_clean_first': False, 'cmake_force_configure': False, 'cmake_target': None, 'cmake_target_skip_unavailable': False, 'install_base': '/home/suvi/poc_arm/install/realsense_gazebo', 'merge_install': False, 'path': '/home/suvi/poc_arm/src/realsense_gazebo', 'symlink_install': False, 'test_result_base': None}
[0.292s] Level 5:colcon.colcon_core.verb:set package 'my_robot_commander_cpp' build argument 'cmake_args' from command line to 'None'
[0.292s] Level 5:colcon.colcon_core.verb:set package 'my_robot_commander_cpp' build argument 'cmake_target' from command line to 'None'
[0.292s] Level 5:colcon.colcon_core.verb:set package 'my_robot_commander_cpp' build argument 'cmake_target_skip_unavailable' from command line to 'False'
[0.292s] Level 5:colcon.colcon_core.verb:set package 'my_robot_commander_cpp' build argument 'cmake_clean_cache' from command line to 'False'
[0.292s] Level 5:colcon.colcon_core.verb:set package 'my_robot_commander_cpp' build argument 'cmake_clean_first' from command line to 'False'
[0.292s] Level 5:colcon.colcon_core.verb:set package 'my_robot_commander_cpp' build argument 'cmake_force_configure' from command line to 'False'
[0.292s] Level 5:colcon.colcon_core.verb:set package 'my_robot_commander_cpp' build argument 'ament_cmake_args' from command line to 'None'
[0.292s] Level 5:colcon.colcon_core.verb:set package 'my_robot_commander_cpp' build argument 'catkin_cmake_args' from command line to 'None'
[0.292s] Level 5:colcon.colcon_core.verb:set package 'my_robot_commander_cpp' build argument 'catkin_skip_building_tests' from command line to 'False'
[0.292s] DEBUG:colcon.colcon_core.verb:Building package 'my_robot_commander_cpp' with the following arguments: {'ament_cmake_args': None, 'build_base': '/home/suvi/poc_arm/build/my_robot_commander_cpp', 'catkin_cmake_args': None, 'catkin_skip_building_tests': False, 'cmake_args': None, 'cmake_clean_cache': False, 'cmake_clean_first': False, 'cmake_force_configure': False, 'cmake_target': None, 'cmake_target_skip_unavailable': False, 'install_base': '/home/suvi/poc_arm/install/my_robot_commander_cpp', 'merge_install': False, 'path': '/home/suvi/poc_arm/src/my_robot_commander_cpp', 'symlink_install': False, 'test_result_base': None}
[0.292s] Level 5:colcon.colcon_core.verb:set package 'poc_moveit_config' build argument 'cmake_args' from command line to 'None'
[0.292s] Level 5:colcon.colcon_core.verb:set package 'poc_moveit_config' build argument 'cmake_target' from command line to 'None'
[0.292s] Level 5:colcon.colcon_core.verb:set package 'poc_moveit_config' build argument 'cmake_target_skip_unavailable' from command line to 'False'
[0.292s] Level 5:colcon.colcon_core.verb:set package 'poc_moveit_config' build argument 'cmake_clean_cache' from command line to 'False'
[0.292s] Level 5:colcon.colcon_core.verb:set package 'poc_moveit_config' build argument 'cmake_clean_first' from command line to 'False'
[0.292s] Level 5:colcon.colcon_core.verb:set package 'poc_moveit_config' build argument 'cmake_force_configure' from command line to 'False'
[0.292s] Level 5:colcon.colcon_core.verb:set package 'poc_moveit_config' build argument 'ament_cmake_args' from command line to 'None'
[0.292s] Level 5:colcon.colcon_core.verb:set package 'poc_moveit_config' build argument 'catkin_cmake_args' from command line to 'None'
[0.292s] Level 5:colcon.colcon_core.verb:set package 'poc_moveit_config' build argument 'catkin_skip_building_tests' from command line to 'False'
[0.292s] DEBUG:colcon.colcon_core.verb:Building package 'poc_moveit_config' with the following arguments: {'ament_cmake_args': None, 'build_base': '/home/suvi/poc_arm/build/poc_moveit_config', 'catkin_cmake_args': None, 'catkin_skip_building_tests': False, 'cmake_args': None, 'cmake_clean_cache': False, 'cmake_clean_first': False, 'cmake_force_configure': False, 'cmake_target': None, 'cmake_target_skip_unavailable': False, 'install_base': '/home/suvi/poc_arm/install/poc_moveit_config', 'merge_install': False, 'path': '/home/suvi/poc_arm/src/poc_moveit_config', 'symlink_install': False, 'test_result_base': None}
[0.293s] INFO:colcon.colcon_core.executor:Executing jobs using 'parallel' executor
[0.293s] DEBUG:colcon.colcon_parallel_executor.executor.parallel:run_until_complete
[0.293s] INFO:colcon.colcon_ros.task.ament_cmake.build:Building ROS package in '/home/suvi/poc_arm/src/my_robot_interfaces' with build type 'ament_cmake'
[0.294s] INFO:colcon.colcon_cmake.task.cmake.build:Building CMake package in '/home/suvi/poc_arm/src/my_robot_interfaces'
[0.295s] INFO:colcon.colcon_core.plugin_system:Skipping extension 'colcon_core.shell.bat': Not used on non-Windows systems
[0.295s] INFO:colcon.colcon_core.shell:Skip shell extension 'powershell' for command environment: Not usable outside of PowerShell
[0.295s] DEBUG:colcon.colcon_core.shell:Skip shell extension 'dsv' for command environment
[0.298s] INFO:colcon.colcon_ros.task.ament_cmake.build:Building ROS package in '/home/suvi/poc_arm/src/poc_arm' with build type 'ament_cmake'
[0.298s] INFO:colcon.colcon_cmake.task.cmake.build:Building CMake package in '/home/suvi/poc_arm/src/poc_arm'
[0.298s] INFO:colcon.colcon_core.shell:Skip shell extension 'powershell' for command environment: Not usable outside of PowerShell
[0.298s] DEBUG:colcon.colcon_core.shell:Skip shell extension 'dsv' for command environment
[0.300s] INFO:colcon.colcon_ros.task.ament_cmake.build:Building ROS package in '/home/suvi/poc_arm/src/realsense_gazebo' with build type 'ament_cmake'
[0.300s] INFO:colcon.colcon_cmake.task.cmake.build:Building CMake package in '/home/suvi/poc_arm/src/realsense_gazebo'
[0.301s] INFO:colcon.colcon_core.shell:Skip shell extension 'powershell' for command environment: Not usable outside of PowerShell
[0.301s] DEBUG:colcon.colcon_core.shell:Skip shell extension 'dsv' for command environment
[0.309s] DEBUG:colcon.colcon_core.event_handler.log_command:Invoking command in '/home/suvi/poc_arm/build/my_robot_interfaces': CMAKE_PREFIX_PATH=${CMAKE_PREFIX_PATH}:/opt/ros/humble /usr/bin/cmake --build /home/suvi/poc_arm/build/my_robot_interfaces -- -j12 -l12
[0.311s] DEBUG:colcon.colcon_core.event_handler.log_command:Invoking command in '/home/suvi/poc_arm/build/poc_arm': CMAKE_PREFIX_PATH=${CMAKE_PREFIX_PATH}:/opt/ros/humble /usr/bin/cmake --build /home/suvi/poc_arm/build/poc_arm -- -j12 -l12
[0.314s] DEBUG:colcon.colcon_core.event_handler.log_command:Invoking command in '/home/suvi/poc_arm/build/realsense_gazebo': CMAKE_PREFIX_PATH=${CMAKE_PREFIX_PATH}:/opt/ros/humble /usr/bin/cmake --build /home/suvi/poc_arm/build/realsense_gazebo -- -j12 -l12
[0.343s] DEBUG:colcon.colcon_core.event_handler.log_command:Invoked command in '/home/suvi/poc_arm/build/poc_arm' returned '0': CMAKE_PREFIX_PATH=${CMAKE_PREFIX_PATH}:/opt/ros/humble /usr/bin/cmake --build /home/suvi/poc_arm/build/poc_arm -- -j12 -l12
[0.350s] DEBUG:colcon.colcon_core.event_handler.log_command:Invoking command in '/home/suvi/poc_arm/build/poc_arm': CMAKE_PREFIX_PATH=${CMAKE_PREFIX_PATH}:/opt/ros/humble /usr/bin/cmake --install /home/suvi/poc_arm/build/poc_arm
[0.354s] DEBUG:colcon.colcon_core.event_handler.log_command:Invoked command in '/home/suvi/poc_arm/build/realsense_gazebo' returned '0': CMAKE_PREFIX_PATH=${CMAKE_PREFIX_PATH}:/opt/ros/humble /usr/bin/cmake --build /home/suvi/poc_arm/build/realsense_gazebo -- -j12 -l12
[0.354s] DEBUG:colcon.colcon_core.event_handler.log_command:Invoking command in '/home/suvi/poc_arm/build/realsense_gazebo': CMAKE_PREFIX_PATH=${CMAKE_PREFIX_PATH}:/opt/ros/humble /usr/bin/cmake --install /home/suvi/poc_arm/build/realsense_gazebo
[0.360s] Level 1:colcon.colcon_core.environment:create_environment_scripts_only(poc_arm)
[0.362s] DEBUG:colcon.colcon_core.event_handler.log_command:Invoked command in '/home/suvi/poc_arm/build/poc_arm' returned '0': CMAKE_PREFIX_PATH=${CMAKE_PREFIX_PATH}:/opt/ros/humble /usr/bin/cmake --install /home/suvi/poc_arm/build/poc_arm
[0.369s] Level 1:colcon.colcon_core.environment:checking '/home/suvi/poc_arm/install/poc_arm' for CMake module files
[0.372s] Level 1:colcon.colcon_core.environment:checking '/home/suvi/poc_arm/install/poc_arm' for CMake config files
[0.373s] Level 1:colcon.colcon_core.shell:create_environment_hook('poc_arm', 'cmake_prefix_path')
[0.373s] INFO:colcon.colcon_core.shell:Creating environment hook '/home/suvi/poc_arm/install/poc_arm/share/poc_arm/hook/cmake_prefix_path.ps1'
[0.375s] INFO:colcon.colcon_core.shell:Creating environment descriptor '/home/suvi/poc_arm/install/poc_arm/share/poc_arm/hook/cmake_prefix_path.dsv'
[0.375s] INFO:colcon.colcon_core.shell:Creating environment hook '/home/suvi/poc_arm/install/poc_arm/share/poc_arm/hook/cmake_prefix_path.sh'
[0.376s] Level 1:colcon.colcon_core.environment:checking '/home/suvi/poc_arm/install/poc_arm/bin'
[0.376s] Level 1:colcon.colcon_core.environment:checking '/home/suvi/poc_arm/install/poc_arm/lib/pkgconfig/poc_arm.pc'
[0.376s] Level 1:colcon.colcon_core.environment:checking '/home/suvi/poc_arm/install/poc_arm/lib/python3.10/site-packages'
[0.376s] Level 1:colcon.colcon_core.environment:checking '/home/suvi/poc_arm/install/poc_arm/bin'
[0.376s] INFO:colcon.colcon_core.shell:Creating package script '/home/suvi/poc_arm/install/poc_arm/share/poc_arm/package.ps1'
[0.377s] INFO:colcon.colcon_core.shell:Creating package descriptor '/home/suvi/poc_arm/install/poc_arm/share/poc_arm/package.dsv'
[0.377s] INFO:colcon.colcon_core.shell:Creating package script '/home/suvi/poc_arm/install/poc_arm/share/poc_arm/package.sh'
[0.377s] INFO:colcon.colcon_core.shell:Creating package script '/home/suvi/poc_arm/install/poc_arm/share/poc_arm/package.bash'
[0.378s] INFO:colcon.colcon_core.shell:Creating package script '/home/suvi/poc_arm/install/poc_arm/share/poc_arm/package.zsh'
[0.378s] Level 1:colcon.colcon_core.environment:create_file_with_runtime_dependencies(/home/suvi/poc_arm/install/poc_arm/share/colcon-core/packages/poc_arm)
[0.378s] Level 1:colcon.colcon_core.environment:create_environment_scripts_only(poc_arm)
[0.379s] Level 1:colcon.colcon_core.environment:checking '/home/suvi/poc_arm/install/poc_arm' for CMake module files
[0.379s] Level 1:colcon.colcon_core.environment:checking '/home/suvi/poc_arm/install/poc_arm' for CMake config files
[0.379s] Level 1:colcon.colcon_core.shell:create_environment_hook('poc_arm', 'cmake_prefix_path')
[0.379s] INFO:colcon.colcon_core.shell:Creating environment hook '/home/suvi/poc_arm/install/poc_arm/share/poc_arm/hook/cmake_prefix_path.ps1'
[0.379s] INFO:colcon.colcon_core.shell:Creating environment descriptor '/home/suvi/poc_arm/install/poc_arm/share/poc_arm/hook/cmake_prefix_path.dsv'
[0.380s] INFO:colcon.colcon_core.shell:Creating environment hook '/home/suvi/poc_arm/install/poc_arm/share/poc_arm/hook/cmake_prefix_path.sh'
[0.380s] Level 1:colcon.colcon_core.environment:checking '/home/suvi/poc_arm/install/poc_arm/bin'
[0.380s] Level 1:colcon.colcon_core.environment:checking '/home/suvi/poc_arm/install/poc_arm/lib/pkgconfig/poc_arm.pc'
[0.380s] Level 1:colcon.colcon_core.environment:checking '/home/suvi/poc_arm/install/poc_arm/lib/python3.10/site-packages'
[0.380s] Level 1:colcon.colcon_core.environment:checking '/home/suvi/poc_arm/install/poc_arm/bin'
[0.380s] INFO:colcon.colcon_core.shell:Creating package script '/home/suvi/poc_arm/install/poc_arm/share/poc_arm/package.ps1'
[0.381s] INFO:colcon.colcon_core.shell:Creating package descriptor '/home/suvi/poc_arm/install/poc_arm/share/poc_arm/package.dsv'
[0.381s] INFO:colcon.colcon_core.shell:Creating package script '/home/suvi/poc_arm/install/poc_arm/share/poc_arm/package.sh'
[0.381s] INFO:colcon.colcon_core.shell:Creating package script '/home/suvi/poc_arm/install/poc_arm/share/poc_arm/package.bash'
[0.382s] INFO:colcon.colcon_core.shell:Creating package script '/home/suvi/poc_arm/install/poc_arm/share/poc_arm/package.zsh'
[0.382s] Level 1:colcon.colcon_core.environment:create_file_with_runtime_dependencies(/home/suvi/poc_arm/install/poc_arm/share/colcon-core/packages/poc_arm)
[0.382s] INFO:colcon.colcon_ros.task.ament_cmake.build:Building ROS package in '/home/suvi/poc_arm/src/poc_moveit_config' with build type 'ament_cmake'
[0.382s] INFO:colcon.colcon_cmake.task.cmake.build:Building CMake package in '/home/suvi/poc_arm/src/poc_moveit_config'
[0.383s] INFO:colcon.colcon_core.shell:Skip shell extension 'powershell' for command environment: Not usable outside of PowerShell
[0.383s] DEBUG:colcon.colcon_core.shell:Skip shell extension 'dsv' for command environment
[0.387s] Level 1:colcon.colcon_core.environment:create_environment_scripts_only(realsense_gazebo)
[0.387s] Level 1:colcon.colcon_core.environment:checking '/home/suvi/poc_arm/install/realsense_gazebo' for CMake module files
[0.387s] DEBUG:colcon.colcon_core.event_handler.log_command:Invoked command in '/home/suvi/poc_arm/build/realsense_gazebo' returned '0': CMAKE_PREFIX_PATH=${CMAKE_PREFIX_PATH}:/opt/ros/humble /usr/bin/cmake --install /home/suvi/poc_arm/build/realsense_gazebo
[0.388s] Level 1:colcon.colcon_core.environment:checking '/home/suvi/poc_arm/install/realsense_gazebo' for CMake config files
[0.388s] Level 1:colcon.colcon_core.shell:create_environment_hook('realsense_gazebo', 'cmake_prefix_path')
[0.388s] INFO:colcon.colcon_core.shell:Creating environment hook '/home/suvi/poc_arm/install/realsense_gazebo/share/realsense_gazebo/hook/cmake_prefix_path.ps1'
[0.388s] INFO:colcon.colcon_core.shell:Creating environment descriptor '/home/suvi/poc_arm/install/realsense_gazebo/share/realsense_gazebo/hook/cmake_prefix_path.dsv'
[0.389s] INFO:colcon.colcon_core.shell:Creating environment hook '/home/suvi/poc_arm/install/realsense_gazebo/share/realsense_gazebo/hook/cmake_prefix_path.sh'
[0.389s] Level 1:colcon.colcon_core.environment:checking '/home/suvi/poc_arm/install/realsense_gazebo/lib'
[0.389s] Level 1:colcon.colcon_core.environment:checking '/home/suvi/poc_arm/install/realsense_gazebo/bin'
[0.389s] Level 1:colcon.colcon_core.environment:checking '/home/suvi/poc_arm/install/realsense_gazebo/lib/pkgconfig/realsense_gazebo.pc'
[0.389s] Level 1:colcon.colcon_core.environment:checking '/home/suvi/poc_arm/install/realsense_gazebo/lib/python3.10/site-packages'
[0.390s] Level 1:colcon.colcon_core.environment:checking '/home/suvi/poc_arm/install/realsense_gazebo/bin'
[0.390s] INFO:colcon.colcon_core.shell:Creating package script '/home/suvi/poc_arm/install/realsense_gazebo/share/realsense_gazebo/package.ps1'
[0.390s] INFO:colcon.colcon_core.shell:Creating package descriptor '/home/suvi/poc_arm/install/realsense_gazebo/share/realsense_gazebo/package.dsv'
[0.390s] INFO:colcon.colcon_core.shell:Creating package script '/home/suvi/poc_arm/install/realsense_gazebo/share/realsense_gazebo/package.sh'
[0.391s] INFO:colcon.colcon_core.shell:Creating package script '/home/suvi/poc_arm/install/realsense_gazebo/share/realsense_gazebo/package.bash'
[0.391s] INFO:colcon.colcon_core.shell:Creating package script '/home/suvi/poc_arm/install/realsense_gazebo/share/realsense_gazebo/package.zsh'
[0.391s] Level 1:colcon.colcon_core.environment:create_file_with_runtime_dependencies(/home/suvi/poc_arm/install/realsense_gazebo/share/colcon-core/packages/realsense_gazebo)
[0.391s] Level 1:colcon.colcon_core.environment:create_environment_scripts_only(realsense_gazebo)
[0.391s] Level 1:colcon.colcon_core.environment:checking '/home/suvi/poc_arm/install/realsense_gazebo' for CMake module files
[0.392s] Level 1:colcon.colcon_core.environment:checking '/home/suvi/poc_arm/install/realsense_gazebo' for CMake config files
[0.392s] Level 1:colcon.colcon_core.shell:create_environment_hook('realsense_gazebo', 'cmake_prefix_path')
[0.392s] INFO:colcon.colcon_core.shell:Creating environment hook '/home/suvi/poc_arm/install/realsense_gazebo/share/realsense_gazebo/hook/cmake_prefix_path.ps1'
[0.392s] INFO:colcon.colcon_core.shell:Creating environment descriptor '/home/suvi/poc_arm/install/realsense_gazebo/share/realsense_gazebo/hook/cmake_prefix_path.dsv'
[0.392s] INFO:colcon.colcon_core.shell:Creating environment hook '/home/suvi/poc_arm/install/realsense_gazebo/share/realsense_gazebo/hook/cmake_prefix_path.sh'
[0.393s] Level 1:colcon.colcon_core.environment:checking '/home/suvi/poc_arm/install/realsense_gazebo/lib'
[0.393s] Level 1:colcon.colcon_core.environment:checking '/home/suvi/poc_arm/install/realsense_gazebo/bin'
[0.393s] Level 1:colcon.colcon_core.environment:checking '/home/suvi/poc_arm/install/realsense_gazebo/lib/pkgconfig/realsense_gazebo.pc'
[0.393s] Level 1:colcon.colcon_core.environment:checking '/home/suvi/poc_arm/install/realsense_gazebo/lib/python3.10/site-packages'
[0.393s] Level 1:colcon.colcon_core.environment:checking '/home/suvi/poc_arm/install/realsense_gazebo/bin'
[0.393s] INFO:colcon.colcon_core.shell:Creating package script '/home/suvi/poc_arm/install/realsense_gazebo/share/realsense_gazebo/package.ps1'
[0.394s] INFO:colcon.colcon_core.shell:Creating package descriptor '/home/suvi/poc_arm/install/realsense_gazebo/share/realsense_gazebo/package.dsv'
[0.394s] INFO:colcon.colcon_core.shell:Creating package script '/home/suvi/poc_arm/install/realsense_gazebo/share/realsense_gazebo/package.sh'
[0.394s] INFO:colcon.colcon_core.shell:Creating package script '/home/suvi/poc_arm/install/realsense_gazebo/share/realsense_gazebo/package.bash'
[0.395s] INFO:colcon.colcon_core.shell:Creating package script '/home/suvi/poc_arm/install/realsense_gazebo/share/realsense_gazebo/package.zsh'
[0.395s] Level 1:colcon.colcon_core.environment:create_file_with_runtime_dependencies(/home/suvi/poc_arm/install/realsense_gazebo/share/colcon-core/packages/realsense_gazebo)
[0.398s] DEBUG:colcon.colcon_core.event_handler.log_command:Invoking command in '/home/suvi/poc_arm/build/poc_moveit_config': CMAKE_PREFIX_PATH=/home/suvi/poc_arm/install/poc_arm:/home/suvi/poc_arm/install/realsense_gazebo:/home/suvi/poc_arm/install/poc_moveit_config:/home/suvi/poc_arm/install/my_robot_commander_cpp:/home/suvi/poc_arm/install/my_robot_interfaces:/opt/ros/humble /usr/bin/cmake --build /home/suvi/poc_arm/build/poc_moveit_config -- -j12 -l12
[0.427s] DEBUG:colcon.colcon_core.event_handler.log_command:Invoked command in '/home/suvi/poc_arm/build/poc_moveit_config' returned '0': CMAKE_PREFIX_PATH=/home/suvi/poc_arm/install/poc_arm:/home/suvi/poc_arm/install/realsense_gazebo:/home/suvi/poc_arm/install/poc_moveit_config:/home/suvi/poc_arm/install/my_robot_commander_cpp:/home/suvi/poc_arm/install/my_robot_interfaces:/opt/ros/humble /usr/bin/cmake --build /home/suvi/poc_arm/build/poc_moveit_config -- -j12 -l12
[0.429s] DEBUG:colcon.colcon_core.event_handler.log_command:Invoking command in '/home/suvi/poc_arm/build/poc_moveit_config': CMAKE_PREFIX_PATH=/home/suvi/poc_arm/install/poc_arm:/home/suvi/poc_arm/install/realsense_gazebo:/home/suvi/poc_arm/install/poc_moveit_config:/home/suvi/poc_arm/install/my_robot_commander_cpp:/home/suvi/poc_arm/install/my_robot_interfaces:/opt/ros/humble /usr/bin/cmake --install /home/suvi/poc_arm/build/poc_moveit_config
[0.437s] Level 1:colcon.colcon_core.environment:create_environment_scripts_only(poc_moveit_config)
[0.438s] Level 1:colcon.colcon_core.environment:checking '/home/suvi/poc_arm/install/poc_moveit_config' for CMake module files
[0.438s] DEBUG:colcon.colcon_core.event_handler.log_command:Invoked command in '/home/suvi/poc_arm/build/poc_moveit_config' returned '0': CMAKE_PREFIX_PATH=/home/suvi/poc_arm/install/poc_arm:/home/suvi/poc_arm/install/realsense_gazebo:/home/suvi/poc_arm/install/poc_moveit_config:/home/suvi/poc_arm/install/my_robot_commander_cpp:/home/suvi/poc_arm/install/my_robot_interfaces:/opt/ros/humble /usr/bin/cmake --install /home/suvi/poc_arm/build/poc_moveit_config
[0.439s] Level 1:colcon.colcon_core.environment:checking '/home/suvi/poc_arm/install/poc_moveit_config' for CMake config files
[0.439s] Level 1:colcon.colcon_core.shell:create_environment_hook('poc_moveit_config', 'cmake_prefix_path')
[0.439s] INFO:colcon.colcon_core.shell:Creating environment hook '/home/suvi/poc_arm/install/poc_moveit_config/share/poc_moveit_config/hook/cmake_prefix_path.ps1'
[0.439s] INFO:colcon.colcon_core.shell:Creating environment descriptor '/home/suvi/poc_arm/install/poc_moveit_config/share/poc_moveit_config/hook/cmake_prefix_path.dsv'
[0.440s] INFO:colcon.colcon_core.shell:Creating environment hook '/home/suvi/poc_arm/install/poc_moveit_config/share/poc_moveit_config/hook/cmake_prefix_path.sh'
[0.440s] Level 1:colcon.colcon_core.environment:checking '/home/suvi/poc_arm/install/poc_moveit_config/bin'
[0.440s] Level 1:colcon.colcon_core.environment:checking '/home/suvi/poc_arm/install/poc_moveit_config/lib/pkgconfig/poc_moveit_config.pc'
[0.440s] Level 1:colcon.colcon_core.environment:checking '/home/suvi/poc_arm/install/poc_moveit_config/lib/python3.10/site-packages'
[0.440s] Level 1:colcon.colcon_core.environment:checking '/home/suvi/poc_arm/install/poc_moveit_config/bin'
[0.441s] INFO:colcon.colcon_core.shell:Creating package script '/home/suvi/poc_arm/install/poc_moveit_config/share/poc_moveit_config/package.ps1'
[0.441s] INFO:colcon.colcon_core.shell:Creating package descriptor '/home/suvi/poc_arm/install/poc_moveit_config/share/poc_moveit_config/package.dsv'
[0.442s] INFO:colcon.colcon_core.shell:Creating package script '/home/suvi/poc_arm/install/poc_moveit_config/share/poc_moveit_config/package.sh'
[0.442s] INFO:colcon.colcon_core.shell:Creating package script '/home/suvi/poc_arm/install/poc_moveit_config/share/poc_moveit_config/package.bash'
[0.442s] INFO:colcon.colcon_core.shell:Creating package script '/home/suvi/poc_arm/install/poc_moveit_config/share/poc_moveit_config/package.zsh'
[0.443s] Level 1:colcon.colcon_core.environment:create_file_with_runtime_dependencies(/home/suvi/poc_arm/install/poc_moveit_config/share/colcon-core/packages/poc_moveit_config)
[0.443s] Level 1:colcon.colcon_core.environment:create_environment_scripts_only(poc_moveit_config)
[0.443s] Level 1:colcon.colcon_core.environment:checking '/home/suvi/poc_arm/install/poc_moveit_config' for CMake module files
[0.443s] Level 1:colcon.colcon_core.environment:checking '/home/suvi/poc_arm/install/poc_moveit_config' for CMake config files
[0.444s] Level 1:colcon.colcon_core.shell:create_environment_hook('poc_moveit_config', 'cmake_prefix_path')
[0.444s] INFO:colcon.colcon_core.shell:Creating environment hook '/home/suvi/poc_arm/install/poc_moveit_config/share/poc_moveit_config/hook/cmake_prefix_path.ps1'
[0.444s] INFO:colcon.colcon_core.shell:Creating environment descriptor '/home/suvi/poc_arm/install/poc_moveit_config/share/poc_moveit_config/hook/cmake_prefix_path.dsv'
[0.444s] INFO:colcon.colcon_core.shell:Creating environment hook '/home/suvi/poc_arm/install/poc_moveit_config/share/poc_moveit_config/hook/cmake_prefix_path.sh'
[0.445s] Level 1:colcon.colcon_core.environment:checking '/home/suvi/poc_arm/install/poc_moveit_config/bin'
[0.445s] Level 1:colcon.colcon_core.environment:checking '/home/suvi/poc_arm/install/poc_moveit_config/lib/pkgconfig/poc_moveit_config.pc'
[0.445s] Level 1:colcon.colcon_core.environment:checking '/home/suvi/poc_arm/install/poc_moveit_config/lib/python3.10/site-packages'
[0.445s] Level 1:colcon.colcon_core.environment:checking '/home/suvi/poc_arm/install/poc_moveit_config/bin'
[0.446s] INFO:colcon.colcon_core.shell:Creating package script '/home/suvi/poc_arm/install/poc_moveit_config/share/poc_moveit_config/package.ps1'
[0.446s] INFO:colcon.colcon_core.shell:Creating package descriptor '/home/suvi/poc_arm/install/poc_moveit_config/share/poc_moveit_config/package.dsv'
[0.446s] INFO:colcon.colcon_core.shell:Creating package script '/home/suvi/poc_arm/install/poc_moveit_config/share/poc_moveit_config/package.sh'
[0.447s] INFO:colcon.colcon_core.shell:Creating package script '/home/suvi/poc_arm/install/poc_moveit_config/share/poc_moveit_config/package.bash'
[0.447s] INFO:colcon.colcon_core.shell:Creating package script '/home/suvi/poc_arm/install/poc_moveit_config/share/poc_moveit_config/package.zsh'
[0.447s] Level 1:colcon.colcon_core.environment:create_file_with_runtime_dependencies(/home/suvi/poc_arm/install/poc_moveit_config/share/colcon-core/packages/poc_moveit_config)
[0.682s] DEBUG:colcon.colcon_core.event_handler.log_command:Invoked command in '/home/suvi/poc_arm/build/my_robot_interfaces' returned '0': CMAKE_PREFIX_PATH=${CMAKE_PREFIX_PATH}:/opt/ros/humble /usr/bin/cmake --build /home/suvi/poc_arm/build/my_robot_interfaces -- -j12 -l12
[0.684s] DEBUG:colcon.colcon_core.event_handler.log_command:Invoking command in '/home/suvi/poc_arm/build/my_robot_interfaces': CMAKE_PREFIX_PATH=${CMAKE_PREFIX_PATH}:/opt/ros/humble /usr/bin/cmake --install /home/suvi/poc_arm/build/my_robot_interfaces
[0.725s] Level 1:colcon.colcon_core.environment:create_environment_scripts_only(my_robot_interfaces)
[0.725s] Level 1:colcon.colcon_core.environment:checking '/home/suvi/poc_arm/install/my_robot_interfaces' for CMake module files
[0.726s] DEBUG:colcon.colcon_core.event_handler.log_command:Invoked command in '/home/suvi/poc_arm/build/my_robot_interfaces' returned '0': CMAKE_PREFIX_PATH=${CMAKE_PREFIX_PATH}:/opt/ros/humble /usr/bin/cmake --install /home/suvi/poc_arm/build/my_robot_interfaces
[0.726s] Level 1:colcon.colcon_core.environment:checking '/home/suvi/poc_arm/install/my_robot_interfaces' for CMake config files
[0.726s] Level 1:colcon.colcon_core.shell:create_environment_hook('my_robot_interfaces', 'cmake_prefix_path')
[0.726s] INFO:colcon.colcon_core.shell:Creating environment hook '/home/suvi/poc_arm/install/my_robot_interfaces/share/my_robot_interfaces/hook/cmake_prefix_path.ps1'
[0.727s] INFO:colcon.colcon_core.shell:Creating environment descriptor '/home/suvi/poc_arm/install/my_robot_interfaces/share/my_robot_interfaces/hook/cmake_prefix_path.dsv'
[0.727s] INFO:colcon.colcon_core.shell:Creating environment hook '/home/suvi/poc_arm/install/my_robot_interfaces/share/my_robot_interfaces/hook/cmake_prefix_path.sh'
[0.727s] Level 1:colcon.colcon_core.environment:checking '/home/suvi/poc_arm/install/my_robot_interfaces/lib'
[0.727s] Level 1:colcon.colcon_core.shell:create_environment_hook('my_robot_interfaces', 'ld_library_path_lib')
[0.727s] INFO:colcon.colcon_core.shell:Creating environment hook '/home/suvi/poc_arm/install/my_robot_interfaces/share/my_robot_interfaces/hook/ld_library_path_lib.ps1'
[0.728s] INFO:colcon.colcon_core.shell:Creating environment descriptor '/home/suvi/poc_arm/install/my_robot_interfaces/share/my_robot_interfaces/hook/ld_library_path_lib.dsv'
[0.728s] INFO:colcon.colcon_core.shell:Creating environment hook '/home/suvi/poc_arm/install/my_robot_interfaces/share/my_robot_interfaces/hook/ld_library_path_lib.sh'
[0.728s] Level 1:colcon.colcon_core.environment:checking '/home/suvi/poc_arm/install/my_robot_interfaces/bin'
[0.728s] Level 1:colcon.colcon_core.environment:checking '/home/suvi/poc_arm/install/my_robot_interfaces/lib/pkgconfig/my_robot_interfaces.pc'
[0.728s] Level 1:colcon.colcon_core.environment:checking '/home/suvi/poc_arm/install/my_robot_interfaces/lib/python3.10/site-packages'
[0.728s] Level 1:colcon.colcon_core.environment:checking '/home/suvi/poc_arm/install/my_robot_interfaces/bin'
[0.728s] INFO:colcon.colcon_core.shell:Creating package script '/home/suvi/poc_arm/install/my_robot_interfaces/share/my_robot_interfaces/package.ps1'
[0.729s] INFO:colcon.colcon_core.shell:Creating package descriptor '/home/suvi/poc_arm/install/my_robot_interfaces/share/my_robot_interfaces/package.dsv'
[0.729s] INFO:colcon.colcon_core.shell:Creating package script '/home/suvi/poc_arm/install/my_robot_interfaces/share/my_robot_interfaces/package.sh'
[0.729s] INFO:colcon.colcon_core.shell:Creating package script '/home/suvi/poc_arm/install/my_robot_interfaces/share/my_robot_interfaces/package.bash'
[0.729s] INFO:colcon.colcon_core.shell:Creating package script '/home/suvi/poc_arm/install/my_robot_interfaces/share/my_robot_interfaces/package.zsh'
[0.729s] Level 1:colcon.colcon_core.environment:create_file_with_runtime_dependencies(/home/suvi/poc_arm/install/my_robot_interfaces/share/colcon-core/packages/my_robot_interfaces)
[0.730s] Level 1:colcon.colcon_core.environment:create_environment_scripts_only(my_robot_interfaces)
[0.730s] Level 1:colcon.colcon_core.environment:checking '/home/suvi/poc_arm/install/my_robot_interfaces' for CMake module files
[0.730s] Level 1:colcon.colcon_core.environment:checking '/home/suvi/poc_arm/install/my_robot_interfaces' for CMake config files
[0.730s] Level 1:colcon.colcon_core.shell:create_environment_hook('my_robot_interfaces', 'cmake_prefix_path')
[0.731s] INFO:colcon.colcon_core.shell:Creating environment hook '/home/suvi/poc_arm/install/my_robot_interfaces/share/my_robot_interfaces/hook/cmake_prefix_path.ps1'
[0.731s] INFO:colcon.colcon_core.shell:Creating environment descriptor '/home/suvi/poc_arm/install/my_robot_interfaces/share/my_robot_interfaces/hook/cmake_prefix_path.dsv'
[0.731s] INFO:colcon.colcon_core.shell:Creating environment hook '/home/suvi/poc_arm/install/my_robot_interfaces/share/my_robot_interfaces/hook/cmake_prefix_path.sh'
[0.731s] Level 1:colcon.colcon_core.environment:checking '/home/suvi/poc_arm/install/my_robot_interfaces/lib'
[0.731s] Level 1:colcon.colcon_core.shell:create_environment_hook('my_robot_interfaces', 'ld_library_path_lib')
[0.731s] INFO:colcon.colcon_core.shell:Creating environment hook '/home/suvi/poc_arm/install/my_robot_interfaces/share/my_robot_interfaces/hook/ld_library_path_lib.ps1'
[0.732s] INFO:colcon.colcon_core.shell:Creating environment descriptor '/home/suvi/poc_arm/install/my_robot_interfaces/share/my_robot_interfaces/hook/ld_library_path_lib.dsv'
[0.732s] INFO:colcon.colcon_core.shell:Creating environment hook '/home/suvi/poc_arm/install/my_robot_interfaces/share/my_robot_interfaces/hook/ld_library_path_lib.sh'
[0.732s] Level 1:colcon.colcon_core.environment:checking '/home/suvi/poc_arm/install/my_robot_interfaces/bin'
[0.732s] Level 1:colcon.colcon_core.environment:checking '/home/suvi/poc_arm/install/my_robot_interfaces/lib/pkgconfig/my_robot_interfaces.pc'
[0.732s] Level 1:colcon.colcon_core.environment:checking '/home/suvi/poc_arm/install/my_robot_interfaces/lib/python3.10/site-packages'
[0.732s] Level 1:colcon.colcon_core.environment:checking '/home/suvi/poc_arm/install/my_robot_interfaces/bin'
[0.732s] INFO:colcon.colcon_core.shell:Creating package script '/home/suvi/poc_arm/install/my_robot_interfaces/share/my_robot_interfaces/package.ps1'
[0.733s] INFO:colcon.colcon_core.shell:Creating package descriptor '/home/suvi/poc_arm/install/my_robot_interfaces/share/my_robot_interfaces/package.dsv'
[0.733s] INFO:colcon.colcon_core.shell:Creating package script '/home/suvi/poc_arm/install/my_robot_interfaces/share/my_robot_interfaces/package.sh'
[0.733s] INFO:colcon.colcon_core.shell:Creating package script '/home/suvi/poc_arm/install/my_robot_interfaces/share/my_robot_interfaces/package.bash'
[0.734s] INFO:colcon.colcon_core.shell:Creating package script '/home/suvi/poc_arm/install/my_robot_interfaces/share/my_robot_interfaces/package.zsh'
[0.734s] Level 1:colcon.colcon_core.environment:create_file_with_runtime_dependencies(/home/suvi/poc_arm/install/my_robot_interfaces/share/colcon-core/packages/my_robot_interfaces)
[0.734s] INFO:colcon.colcon_ros.task.ament_cmake.build:Building ROS package in '/home/suvi/poc_arm/src/my_robot_commander_cpp' with build type 'ament_cmake'
[0.734s] INFO:colcon.colcon_cmake.task.cmake.build:Building CMake package in '/home/suvi/poc_arm/src/my_robot_commander_cpp'
[0.734s] INFO:colcon.colcon_core.shell:Skip shell extension 'powershell' for command environment: Not usable outside of PowerShell
[0.734s] DEBUG:colcon.colcon_core.shell:Skip shell extension 'dsv' for command environment
[0.743s] DEBUG:colcon.colcon_core.event_handler.log_command:Invoking command in '/home/suvi/poc_arm/build/my_robot_commander_cpp': CMAKE_PREFIX_PATH=/home/suvi/poc_arm/install/my_robot_interfaces:/home/suvi/poc_arm/install/realsense_gazebo:/home/suvi/poc_arm/install/poc_moveit_config:/home/suvi/poc_arm/install/poc_arm:/home/suvi/poc_arm/install/my_robot_commander_cpp:/opt/ros/humble LD_LIBRARY_PATH=/home/suvi/poc_arm/install/my_robot_interfaces/lib:/usr/lib/x86_64-linux-gnu/gazebo-11/plugins:/opt/ros/humble/opt/rviz_ogre_vendor/lib:/opt/ros/humble/lib/x86_64-linux-gnu:/opt/ros/humble/lib:/usr/share/gazebo/../../lib/x86_64-linux-gnu/gazebo-11/plugins /usr/bin/cmake --build /home/suvi/poc_arm/build/my_robot_commander_cpp -- -j12 -l12
[1.538s] DEBUG:colcon.colcon_core.event_handler.log_command:Invoked command in '/home/suvi/poc_arm/build/my_robot_commander_cpp' returned '2': CMAKE_PREFIX_PATH=/home/suvi/poc_arm/install/my_robot_interfaces:/home/suvi/poc_arm/install/realsense_gazebo:/home/suvi/poc_arm/install/poc_moveit_config:/home/suvi/poc_arm/install/poc_arm:/home/suvi/poc_arm/install/my_robot_commander_cpp:/opt/ros/humble LD_LIBRARY_PATH=/home/suvi/poc_arm/install/my_robot_interfaces/lib:/usr/lib/x86_64-linux-gnu/gazebo-11/plugins:/opt/ros/humble/opt/rviz_ogre_vendor/lib:/opt/ros/humble/lib/x86_64-linux-gnu:/opt/ros/humble/lib:/usr/share/gazebo/../../lib/x86_64-linux-gnu/gazebo-11/plugins /usr/bin/cmake --build /home/suvi/poc_arm/build/my_robot_commander_cpp -- -j12 -l12
[1.539s] Level 1:colcon.colcon_core.environment:create_environment_scripts_only(my_robot_commander_cpp)
[1.539s] Level 1:colcon.colcon_core.environment:checking '/home/suvi/poc_arm/install/my_robot_commander_cpp' for CMake module files
[1.539s] Level 1:colcon.colcon_core.environment:checking '/home/suvi/poc_arm/install/my_robot_commander_cpp' for CMake config files
[1.540s] Level 1:colcon.colcon_core.shell:create_environment_hook('my_robot_commander_cpp', 'cmake_prefix_path')
[1.540s] INFO:colcon.colcon_core.shell:Creating environment hook '/home/suvi/poc_arm/install/my_robot_commander_cpp/share/my_robot_commander_cpp/hook/cmake_prefix_path.ps1'
[1.540s] INFO:colcon.colcon_core.shell:Creating environment descriptor '/home/suvi/poc_arm/install/my_robot_commander_cpp/share/my_robot_commander_cpp/hook/cmake_prefix_path.dsv'
[1.540s] INFO:colcon.colcon_core.shell:Creating environment hook '/home/suvi/poc_arm/install/my_robot_commander_cpp/share/my_robot_commander_cpp/hook/cmake_prefix_path.sh'
[1.541s] Level 1:colcon.colcon_core.environment:checking '/home/suvi/poc_arm/install/my_robot_commander_cpp/lib'
[1.541s] Level 1:colcon.colcon_core.environment:checking '/home/suvi/poc_arm/install/my_robot_commander_cpp/bin'
[1.541s] Level 1:colcon.colcon_core.environment:checking '/home/suvi/poc_arm/install/my_robot_commander_cpp/lib/pkgconfig/my_robot_commander_cpp.pc'
[1.541s] Level 1:colcon.colcon_core.environment:checking '/home/suvi/poc_arm/install/my_robot_commander_cpp/lib/python3.10/site-packages'
[1.541s] Level 1:colcon.colcon_core.environment:checking '/home/suvi/poc_arm/install/my_robot_commander_cpp/bin'
[1.542s] INFO:colcon.colcon_core.shell:Creating package script '/home/suvi/poc_arm/install/my_robot_commander_cpp/share/my_robot_commander_cpp/package.ps1'
[1.542s] INFO:colcon.colcon_core.shell:Creating package descriptor '/home/suvi/poc_arm/install/my_robot_commander_cpp/share/my_robot_commander_cpp/package.dsv'
[1.542s] INFO:colcon.colcon_core.shell:Creating package script '/home/suvi/poc_arm/install/my_robot_commander_cpp/share/my_robot_commander_cpp/package.sh'
[1.543s] INFO:colcon.colcon_core.shell:Creating package script '/home/suvi/poc_arm/install/my_robot_commander_cpp/share/my_robot_commander_cpp/package.bash'
[1.543s] INFO:colcon.colcon_core.shell:Creating package script '/home/suvi/poc_arm/install/my_robot_commander_cpp/share/my_robot_commander_cpp/package.zsh'
[1.543s] Level 1:colcon.colcon_core.environment:create_file_with_runtime_dependencies(/home/suvi/poc_arm/install/my_robot_commander_cpp/share/colcon-core/packages/my_robot_commander_cpp)
[1.553s] DEBUG:colcon.colcon_parallel_executor.executor.parallel:closing loop
[1.553s] DEBUG:colcon.colcon_parallel_executor.executor.parallel:loop closed
[1.553s] DEBUG:colcon.colcon_parallel_executor.executor.parallel:run_until_complete finished with '2'
[1.554s] DEBUG:colcon.colcon_core.event_reactor:joining thread
[1.558s] INFO:colcon.colcon_core.plugin_system:Skipping extension 'colcon_notification.desktop_notification.terminal_notifier': Not used on non-Darwin systems
[1.558s] INFO:colcon.colcon_core.plugin_system:Skipping extension 'colcon_notification.desktop_notification.win32': Not used on non-Windows systems
[1.558s] INFO:colcon.colcon_notification.desktop_notification:Sending desktop notification using 'notify2'
[1.566s] DEBUG:colcon.colcon_core.event_reactor:joined thread
[1.566s] INFO:colcon.colcon_core.shell:Creating prefix script '/home/suvi/poc_arm/install/local_setup.ps1'
[1.567s] INFO:colcon.colcon_core.shell:Creating prefix util module '/home/suvi/poc_arm/install/_local_setup_util_ps1.py'
[1.568s] INFO:colcon.colcon_core.shell:Creating prefix chain script '/home/suvi/poc_arm/install/setup.ps1'
[1.569s] INFO:colcon.colcon_core.shell:Creating prefix script '/home/suvi/poc_arm/install/local_setup.sh'
[1.570s] INFO:colcon.colcon_core.shell:Creating prefix util module '/home/suvi/poc_arm/install/_local_setup_util_sh.py'
[1.570s] INFO:colcon.colcon_core.shell:Creating prefix chain script '/home/suvi/poc_arm/install/setup.sh'
[1.571s] INFO:colcon.colcon_core.shell:Creating prefix script '/home/suvi/poc_arm/install/local_setup.bash'
[1.571s] INFO:colcon.colcon_core.shell:Creating prefix chain script '/home/suvi/poc_arm/install/setup.bash'
[1.572s] INFO:colcon.colcon_core.shell:Creating prefix script '/home/suvi/poc_arm/install/local_setup.zsh'
[1.573s] INFO:colcon.colcon_core.shell:Creating prefix chain script '/home/suvi/poc_arm/install/setup.zsh'
