-- Found ament_cmake: 1.3.12 (/opt/ros/humble/share/ament_cmake/cmake)
-- Found hardware_interface: 2.53.0 (/opt/ros/humble/share/hardware_interface/cmake)
-- Found rosidl_generator_c: 3.1.8 (/opt/ros/humble/share/rosidl_generator_c/cmake)
-- Found rosidl_adapter: 3.1.8 (/opt/ros/humble/share/rosidl_adapter/cmake)
-- Found rosidl_generator_cpp: 3.1.8 (/opt/ros/humble/share/rosidl_generator_cpp/cmake)
-- Using all available rosidl_typesupport_c: rosidl_typesupport_fastrtps_c;rosidl_typesupport_introspection_c
-- Using all available rosidl_typesupport_cpp: rosidl_typesupport_fastrtps_cpp;rosidl_typesupport_introspection_cpp
-- Found rmw_implementation_cmake: 6.1.2 (/opt/ros/humble/share/rmw_implementation_cmake/cmake)
-- Found rmw_fastrtps_cpp: 6.2.9 (/opt/ros/humble/share/rmw_fastrtps_cpp/cmake)
-- Found TinyXML2 via Config file: TinyXML2_DIR-NOTFOUND
-- Found TinyXML2 via Config file: TinyXML2_DIR-NOTFOUND
-- Found TinyXML2 via Config file: TinyXML2_DIR-NOTFOUND
-- Found TinyXML2 via Config file: TinyXML2_DIR-NOTFOUND
-- Using RMW implementation 'rmw_fastrtps_cpp' as default
-- Configuring done
-- Generating done
-- Build files have been written to: /home/suvi/poc_arm/build/waveshare_servos
[35m[1mConsolidate compiler generated dependencies of target waveshare_servos[0m
[ 66%] Built target waveshare_servos
[35m[1mConsolidate compiler generated dependencies of target calibrate_midpoint[0m
[35m[1mConsolidate compiler generated dependencies of target set_id[0m
[ 83%] Built target calibrate_midpoint
[100%] Built target set_id
-- Install configuration: ""
-- Up-to-date: /home/suvi/poc_arm/install/waveshare_servos/share/waveshare_servos/waveshare_servos.xml
-- Up-to-date: /home/suvi/poc_arm/install/waveshare_servos/include/waveshare_servos
-- Up-to-date: /home/suvi/poc_arm/install/waveshare_servos/include/waveshare_servos/SCS.h
-- Up-to-date: /home/suvi/poc_arm/install/waveshare_servos/include/waveshare_servos/visibility_controls.h
-- Up-to-date: /home/suvi/poc_arm/install/waveshare_servos/include/waveshare_servos/SCSerial.h
-- Up-to-date: /home/suvi/poc_arm/install/waveshare_servos/include/waveshare_servos/INST.h
-- Up-to-date: /home/suvi/poc_arm/install/waveshare_servos/include/waveshare_servos/SMS_STS.h
-- Up-to-date: /home/suvi/poc_arm/install/waveshare_servos/include/waveshare_servos/SCServo.h
-- Up-to-date: /home/suvi/poc_arm/install/waveshare_servos/include/waveshare_servos/waveshare_servos.hpp
-- Up-to-date: /home/suvi/poc_arm/install/waveshare_servos/include/waveshare_servos/SMSBL.h
-- Up-to-date: /home/suvi/poc_arm/install/waveshare_servos/include/waveshare_servos/SCSCL.h
-- Up-to-date: /home/suvi/poc_arm/install/waveshare_servos/include/waveshare_servos/SMSCL.h
-- Up-to-date: /home/suvi/poc_arm/install/waveshare_servos/share/waveshare_servos/description
-- Up-to-date: /home/suvi/poc_arm/install/waveshare_servos/share/waveshare_servos/description/ros2_control
-- Up-to-date: /home/suvi/poc_arm/install/waveshare_servos/share/waveshare_servos/description/ros2_control/one_motor.ros2_control.xacro
-- Up-to-date: /home/suvi/poc_arm/install/waveshare_servos/share/waveshare_servos/description/ros2_control/example.ros2_control.xacro
-- Installing: /home/suvi/poc_arm/install/waveshare_servos/share/waveshare_servos/description/rviz
-- Installing: /home/suvi/poc_arm/install/waveshare_servos/share/waveshare_servos/description/rviz/example_ws.rviz
-- Up-to-date: /home/suvi/poc_arm/install/waveshare_servos/share/waveshare_servos/description/urdf
-- Up-to-date: /home/suvi/poc_arm/install/waveshare_servos/share/waveshare_servos/description/urdf/example.urdf.xacro
-- Up-to-date: /home/suvi/poc_arm/install/waveshare_servos/share/waveshare_servos/description/urdf/one_motor.urdf.xacro
-- Installing: /home/suvi/poc_arm/install/waveshare_servos/share/waveshare_servos/bringup
-- Installing: /home/suvi/poc_arm/install/waveshare_servos/share/waveshare_servos/bringup/config
-- Installing: /home/suvi/poc_arm/install/waveshare_servos/share/waveshare_servos/bringup/config/one_motor_controllers.yaml
-- Installing: /home/suvi/poc_arm/install/waveshare_servos/share/waveshare_servos/bringup/config/example_controllers.yaml
-- Installing: /home/suvi/poc_arm/install/waveshare_servos/share/waveshare_servos/bringup/launch
-- Installing: /home/suvi/poc_arm/install/waveshare_servos/share/waveshare_servos/bringup/launch/example.launch.py
-- Installing: /home/suvi/poc_arm/install/waveshare_servos/share/waveshare_servos/bringup/launch/one_motor.launch.py
-- Up-to-date: /home/suvi/poc_arm/install/waveshare_servos/lib/libwaveshare_servos.so
-- Up-to-date: /home/suvi/poc_arm/install/waveshare_servos/lib/waveshare_servos/set_id
-- Up-to-date: /home/suvi/poc_arm/install/waveshare_servos/lib/waveshare_servos/calibrate_midpoint
-- Up-to-date: /home/suvi/poc_arm/install/waveshare_servos/share/waveshare_servos/environment/library_path.sh
-- Installing: /home/suvi/poc_arm/install/waveshare_servos/share/waveshare_servos/environment/library_path.dsv
-- Up-to-date: /home/suvi/poc_arm/install/waveshare_servos/share/ament_index/resource_index/package_run_dependencies/waveshare_servos
-- Installing: /home/suvi/poc_arm/install/waveshare_servos/share/ament_index/resource_index/parent_prefix_path/waveshare_servos
-- Up-to-date: /home/suvi/poc_arm/install/waveshare_servos/share/waveshare_servos/environment/ament_prefix_path.sh
-- Installing: /home/suvi/poc_arm/install/waveshare_servos/share/waveshare_servos/environment/ament_prefix_path.dsv
-- Up-to-date: /home/suvi/poc_arm/install/waveshare_servos/share/waveshare_servos/environment/path.sh
-- Installing: /home/suvi/poc_arm/install/waveshare_servos/share/waveshare_servos/environment/path.dsv
-- Up-to-date: /home/suvi/poc_arm/install/waveshare_servos/share/waveshare_servos/local_setup.bash
-- Up-to-date: /home/suvi/poc_arm/install/waveshare_servos/share/waveshare_servos/local_setup.sh
-- Up-to-date: /home/suvi/poc_arm/install/waveshare_servos/share/waveshare_servos/local_setup.zsh
-- Installing: /home/suvi/poc_arm/install/waveshare_servos/share/waveshare_servos/local_setup.dsv
-- Installing: /home/suvi/poc_arm/install/waveshare_servos/share/waveshare_servos/package.dsv
-- Up-to-date: /home/suvi/poc_arm/install/waveshare_servos/share/ament_index/resource_index/packages/waveshare_servos
-- Up-to-date: /home/suvi/poc_arm/install/waveshare_servos/share/ament_index/resource_index/hardware_interface__pluginlib__plugin/waveshare_servos
-- Up-to-date: /home/suvi/poc_arm/install/waveshare_servos/share/waveshare_servos/cmake/export_waveshare_servosExport.cmake
-- Up-to-date: /home/suvi/poc_arm/install/waveshare_servos/share/waveshare_servos/cmake/export_waveshare_servosExport-noconfig.cmake
-- Up-to-date: /home/suvi/poc_arm/install/waveshare_servos/share/waveshare_servos/cmake/ament_cmake_export_targets-extras.cmake
-- Up-to-date: /home/suvi/poc_arm/install/waveshare_servos/share/waveshare_servos/cmake/ament_cmake_export_dependencies-extras.cmake
-- Up-to-date: /home/suvi/poc_arm/install/waveshare_servos/share/waveshare_servos/cmake/waveshare_servosConfig.cmake
-- Up-to-date: /home/suvi/poc_arm/install/waveshare_servos/share/waveshare_servos/cmake/waveshare_servosConfig-version.cmake
-- Up-to-date: /home/suvi/poc_arm/install/waveshare_servos/share/waveshare_servos/package.xml
