[0.008s] Invoking command in '/home/suvi/poc_arm/build/waveshare_servos': CMAKE_PREFIX_PATH=${CMAKE_PREFIX_PATH}:/opt/ros/humble /usr/bin/cmake --build /home/suvi/poc_arm/build/waveshare_servos -- -j12 -l12
[0.029s] -- Found ament_cmake: 1.3.12 (/opt/ros/humble/share/ament_cmake/cmake)
[0.124s] -- Found hardware_interface: 2.53.0 (/opt/ros/humble/share/hardware_interface/cmake)
[0.145s] -- Found rosidl_generator_c: 3.1.8 (/opt/ros/humble/share/rosidl_generator_c/cmake)
[0.146s] -- Found rosidl_adapter: 3.1.8 (/opt/ros/humble/share/rosidl_adapter/cmake)
[0.151s] -- Found rosidl_generator_cpp: 3.1.8 (/opt/ros/humble/share/rosidl_generator_cpp/cmake)
[0.158s] -- Using all available rosidl_typesupport_c: rosidl_typesupport_fastrtps_c;rosidl_typesupport_introspection_c
[0.167s] -- Using all available rosidl_typesupport_cpp: rosidl_typesupport_fastrtps_cpp;rosidl_typesupport_introspection_cpp
[0.277s] -- Found rmw_implementation_cmake: 6.1.2 (/opt/ros/humble/share/rmw_implementation_cmake/cmake)
[0.278s] -- Found rmw_fastrtps_cpp: 6.2.9 (/opt/ros/humble/share/rmw_fastrtps_cpp/cmake)
[0.291s] -- Found TinyXML2 via Config file: TinyXML2_DIR-NOTFOUND
[0.299s] -- Found TinyXML2 via Config file: TinyXML2_DIR-NOTFOUND
[0.312s] -- Found TinyXML2 via Config file: TinyXML2_DIR-NOTFOUND
[0.319s] -- Found TinyXML2 via Config file: TinyXML2_DIR-NOTFOUND
[0.330s] -- Using RMW implementation 'rmw_fastrtps_cpp' as default
[0.416s] -- Configuring done
[0.428s] -- Generating done
[0.433s] -- Build files have been written to: /home/suvi/poc_arm/build/waveshare_servos
[0.454s] [35m[1mConsolidate compiler generated dependencies of target waveshare_servos[0m
[0.466s] [ 66%] Built target waveshare_servos
[0.476s] [35m[1mConsolidate compiler generated dependencies of target calibrate_midpoint[0m
[0.476s] [35m[1mConsolidate compiler generated dependencies of target set_id[0m
[0.486s] [ 83%] Built target calibrate_midpoint
[0.488s] [100%] Built target set_id
[0.496s] Invoked command in '/home/suvi/poc_arm/build/waveshare_servos' returned '0': CMAKE_PREFIX_PATH=${CMAKE_PREFIX_PATH}:/opt/ros/humble /usr/bin/cmake --build /home/suvi/poc_arm/build/waveshare_servos -- -j12 -l12
[0.503s] Invoking command in '/home/suvi/poc_arm/build/waveshare_servos': CMAKE_PREFIX_PATH=${CMAKE_PREFIX_PATH}:/opt/ros/humble /usr/bin/cmake --install /home/suvi/poc_arm/build/waveshare_servos
[0.507s] -- Install configuration: ""
[0.507s] -- Up-to-date: /home/suvi/poc_arm/install/waveshare_servos/share/waveshare_servos/waveshare_servos.xml
[0.507s] -- Up-to-date: /home/suvi/poc_arm/install/waveshare_servos/include/waveshare_servos
[0.507s] -- Up-to-date: /home/suvi/poc_arm/install/waveshare_servos/include/waveshare_servos/SCS.h
[0.507s] -- Up-to-date: /home/suvi/poc_arm/install/waveshare_servos/include/waveshare_servos/visibility_controls.h
[0.507s] -- Up-to-date: /home/suvi/poc_arm/install/waveshare_servos/include/waveshare_servos/SCSerial.h
[0.507s] -- Up-to-date: /home/suvi/poc_arm/install/waveshare_servos/include/waveshare_servos/INST.h
[0.507s] -- Up-to-date: /home/suvi/poc_arm/install/waveshare_servos/include/waveshare_servos/SMS_STS.h
[0.508s] -- Up-to-date: /home/suvi/poc_arm/install/waveshare_servos/include/waveshare_servos/SCServo.h
[0.508s] -- Up-to-date: /home/suvi/poc_arm/install/waveshare_servos/include/waveshare_servos/waveshare_servos.hpp
[0.508s] -- Up-to-date: /home/suvi/poc_arm/install/waveshare_servos/include/waveshare_servos/SMSBL.h
[0.508s] -- Up-to-date: /home/suvi/poc_arm/install/waveshare_servos/include/waveshare_servos/SCSCL.h
[0.508s] -- Up-to-date: /home/suvi/poc_arm/install/waveshare_servos/include/waveshare_servos/SMSCL.h
[0.508s] -- Up-to-date: /home/suvi/poc_arm/install/waveshare_servos/share/waveshare_servos/description
[0.508s] -- Up-to-date: /home/suvi/poc_arm/install/waveshare_servos/share/waveshare_servos/description/ros2_control
[0.508s] -- Up-to-date: /home/suvi/poc_arm/install/waveshare_servos/share/waveshare_servos/description/ros2_control/one_motor.ros2_control.xacro
[0.508s] -- Up-to-date: /home/suvi/poc_arm/install/waveshare_servos/share/waveshare_servos/description/ros2_control/example.ros2_control.xacro
[0.508s] -- Installing: /home/suvi/poc_arm/install/waveshare_servos/share/waveshare_servos/description/rviz
[0.508s] -- Installing: /home/suvi/poc_arm/install/waveshare_servos/share/waveshare_servos/description/rviz/example_ws.rviz
[0.508s] -- Up-to-date: /home/suvi/poc_arm/install/waveshare_servos/share/waveshare_servos/description/urdf
[0.509s] -- Up-to-date: /home/suvi/poc_arm/install/waveshare_servos/share/waveshare_servos/description/urdf/example.urdf.xacro
[0.509s] -- Up-to-date: /home/suvi/poc_arm/install/waveshare_servos/share/waveshare_servos/description/urdf/one_motor.urdf.xacro
[0.509s] -- Installing: /home/suvi/poc_arm/install/waveshare_servos/share/waveshare_servos/bringup
[0.509s] -- Installing: /home/suvi/poc_arm/install/waveshare_servos/share/waveshare_servos/bringup/config
[0.509s] -- Installing: /home/suvi/poc_arm/install/waveshare_servos/share/waveshare_servos/bringup/config/one_motor_controllers.yaml
[0.509s] -- Installing: /home/suvi/poc_arm/install/waveshare_servos/share/waveshare_servos/bringup/config/example_controllers.yaml
[0.509s] -- Installing: /home/suvi/poc_arm/install/waveshare_servos/share/waveshare_servos/bringup/launch
[0.509s] -- Installing: /home/suvi/poc_arm/install/waveshare_servos/share/waveshare_servos/bringup/launch/example.launch.py
[0.509s] -- Installing: /home/suvi/poc_arm/install/waveshare_servos/share/waveshare_servos/bringup/launch/one_motor.launch.py
[0.509s] -- Up-to-date: /home/suvi/poc_arm/install/waveshare_servos/lib/libwaveshare_servos.so
[0.509s] -- Up-to-date: /home/suvi/poc_arm/install/waveshare_servos/lib/waveshare_servos/set_id
[0.509s] -- Up-to-date: /home/suvi/poc_arm/install/waveshare_servos/lib/waveshare_servos/calibrate_midpoint
[0.509s] -- Up-to-date: /home/suvi/poc_arm/install/waveshare_servos/share/waveshare_servos/environment/library_path.sh
[0.509s] -- Installing: /home/suvi/poc_arm/install/waveshare_servos/share/waveshare_servos/environment/library_path.dsv
[0.509s] -- Up-to-date: /home/suvi/poc_arm/install/waveshare_servos/share/ament_index/resource_index/package_run_dependencies/waveshare_servos
[0.509s] -- Installing: /home/suvi/poc_arm/install/waveshare_servos/share/ament_index/resource_index/parent_prefix_path/waveshare_servos
[0.509s] -- Up-to-date: /home/suvi/poc_arm/install/waveshare_servos/share/waveshare_servos/environment/ament_prefix_path.sh
[0.509s] -- Installing: /home/suvi/poc_arm/install/waveshare_servos/share/waveshare_servos/environment/ament_prefix_path.dsv
[0.509s] -- Up-to-date: /home/suvi/poc_arm/install/waveshare_servos/share/waveshare_servos/environment/path.sh
[0.509s] -- Installing: /home/suvi/poc_arm/install/waveshare_servos/share/waveshare_servos/environment/path.dsv
[0.509s] -- Up-to-date: /home/suvi/poc_arm/install/waveshare_servos/share/waveshare_servos/local_setup.bash
[0.509s] -- Up-to-date: /home/suvi/poc_arm/install/waveshare_servos/share/waveshare_servos/local_setup.sh
[0.509s] -- Up-to-date: /home/suvi/poc_arm/install/waveshare_servos/share/waveshare_servos/local_setup.zsh
[0.509s] -- Installing: /home/suvi/poc_arm/install/waveshare_servos/share/waveshare_servos/local_setup.dsv
[0.510s] -- Installing: /home/suvi/poc_arm/install/waveshare_servos/share/waveshare_servos/package.dsv
[0.510s] -- Up-to-date: /home/suvi/poc_arm/install/waveshare_servos/share/ament_index/resource_index/packages/waveshare_servos
[0.510s] -- Up-to-date: /home/suvi/poc_arm/install/waveshare_servos/share/ament_index/resource_index/hardware_interface__pluginlib__plugin/waveshare_servos
[0.510s] -- Up-to-date: /home/suvi/poc_arm/install/waveshare_servos/share/waveshare_servos/cmake/export_waveshare_servosExport.cmake
[0.510s] -- Up-to-date: /home/suvi/poc_arm/install/waveshare_servos/share/waveshare_servos/cmake/export_waveshare_servosExport-noconfig.cmake
[0.510s] -- Up-to-date: /home/suvi/poc_arm/install/waveshare_servos/share/waveshare_servos/cmake/ament_cmake_export_targets-extras.cmake
[0.510s] -- Up-to-date: /home/suvi/poc_arm/install/waveshare_servos/share/waveshare_servos/cmake/ament_cmake_export_dependencies-extras.cmake
[0.510s] -- Up-to-date: /home/suvi/poc_arm/install/waveshare_servos/share/waveshare_servos/cmake/waveshare_servosConfig.cmake
[0.510s] -- Up-to-date: /home/suvi/poc_arm/install/waveshare_servos/share/waveshare_servos/cmake/waveshare_servosConfig-version.cmake
[0.510s] -- Up-to-date: /home/suvi/poc_arm/install/waveshare_servos/share/waveshare_servos/package.xml
[0.510s] Invoked command in '/home/suvi/poc_arm/build/waveshare_servos' returned '0': CMAKE_PREFIX_PATH=${CMAKE_PREFIX_PATH}:/opt/ros/humble /usr/bin/cmake --install /home/suvi/poc_arm/build/waveshare_servos
