[0.006s] Invoking command in '/home/suvi/poc_arm/build/poc_moveit_config': CMAKE_PREFIX_PATH=/home/suvi/poc_arm/install/poc_arm:/home/suvi/poc_arm/install/poc_moveit_config:/home/suvi/poc_arm/install/my_robot_commander_cpp:/home/suvi/poc_arm/install/my_robot_interfaces:/opt/ros/humble /usr/bin/cmake /home/suvi/poc_arm/src/poc_moveit_config -DCMAKE_INSTALL_PREFIX=/home/suvi/poc_arm/install/poc_moveit_config
[0.044s] -- The C compiler identification is GNU 11.4.0
[0.080s] -- The CXX compiler identification is GNU 11.4.0
[0.086s] -- Detecting C compiler ABI info
[0.140s] -- Detecting C compiler ABI info - done
[0.147s] -- Check for working C compiler: /usr/bin/cc - skipped
[0.148s] -- Detecting C compile features
[0.148s] -- Detecting C compile features - done
[0.150s] -- Detecting CXX compiler ABI info
[0.208s] -- Detecting CXX compiler ABI info - done
[0.213s] -- Check for working CXX compiler: /usr/bin/c++ - skipped
[0.213s] -- Detecting CXX compile features
[0.214s] -- Detecting CXX compile features - done
[0.216s] -- Found ament_cmake: 1.3.12 (/opt/ros/humble/share/ament_cmake/cmake)
[0.559s] -- Found Python3: /usr/bin/python3 (found version "3.10.12") found components: Interpreter 
[0.680s] -- Configuring done
[0.682s] -- Generating done
[0.683s] -- Build files have been written to: /home/suvi/poc_arm/build/poc_moveit_config
[0.687s] Invoked command in '/home/suvi/poc_arm/build/poc_moveit_config' returned '0': CMAKE_PREFIX_PATH=/home/suvi/poc_arm/install/poc_arm:/home/suvi/poc_arm/install/poc_moveit_config:/home/suvi/poc_arm/install/my_robot_commander_cpp:/home/suvi/poc_arm/install/my_robot_interfaces:/opt/ros/humble /usr/bin/cmake /home/suvi/poc_arm/src/poc_moveit_config -DCMAKE_INSTALL_PREFIX=/home/suvi/poc_arm/install/poc_moveit_config
[0.689s] Invoking command in '/home/suvi/poc_arm/build/poc_moveit_config': CMAKE_PREFIX_PATH=/home/suvi/poc_arm/install/poc_arm:/home/suvi/poc_arm/install/poc_moveit_config:/home/suvi/poc_arm/install/my_robot_commander_cpp:/home/suvi/poc_arm/install/my_robot_interfaces:/opt/ros/humble /usr/bin/cmake --build /home/suvi/poc_arm/build/poc_moveit_config -- -j12 -l12
[0.723s] Invoked command in '/home/suvi/poc_arm/build/poc_moveit_config' returned '0': CMAKE_PREFIX_PATH=/home/suvi/poc_arm/install/poc_arm:/home/suvi/poc_arm/install/poc_moveit_config:/home/suvi/poc_arm/install/my_robot_commander_cpp:/home/suvi/poc_arm/install/my_robot_interfaces:/opt/ros/humble /usr/bin/cmake --build /home/suvi/poc_arm/build/poc_moveit_config -- -j12 -l12
[0.724s] Invoking command in '/home/suvi/poc_arm/build/poc_moveit_config': CMAKE_PREFIX_PATH=/home/suvi/poc_arm/install/poc_arm:/home/suvi/poc_arm/install/poc_moveit_config:/home/suvi/poc_arm/install/my_robot_commander_cpp:/home/suvi/poc_arm/install/my_robot_interfaces:/opt/ros/humble /usr/bin/cmake --install /home/suvi/poc_arm/build/poc_moveit_config
[0.732s] -- Install configuration: ""
[0.732s] -- Installing: /home/suvi/poc_arm/install/poc_moveit_config/share/ament_index/resource_index/package_run_dependencies/poc_moveit_config
[0.733s] -- Installing: /home/suvi/poc_arm/install/poc_moveit_config/share/ament_index/resource_index/parent_prefix_path/poc_moveit_config
[0.733s] -- Installing: /home/suvi/poc_arm/install/poc_moveit_config/share/poc_moveit_config/environment/ament_prefix_path.sh
[0.733s] -- Installing: /home/suvi/poc_arm/install/poc_moveit_config/share/poc_moveit_config/environment/ament_prefix_path.dsv
[0.733s] -- Installing: /home/suvi/poc_arm/install/poc_moveit_config/share/poc_moveit_config/environment/path.sh
[0.733s] -- Installing: /home/suvi/poc_arm/install/poc_moveit_config/share/poc_moveit_config/environment/path.dsv
[0.734s] -- Installing: /home/suvi/poc_arm/install/poc_moveit_config/share/poc_moveit_config/local_setup.bash
[0.734s] -- Installing: /home/suvi/poc_arm/install/poc_moveit_config/share/poc_moveit_config/local_setup.sh
[0.734s] -- Installing: /home/suvi/poc_arm/install/poc_moveit_config/share/poc_moveit_config/local_setup.zsh
[0.734s] -- Installing: /home/suvi/poc_arm/install/poc_moveit_config/share/poc_moveit_config/local_setup.dsv
[0.734s] -- Installing: /home/suvi/poc_arm/install/poc_moveit_config/share/poc_moveit_config/package.dsv
[0.734s] -- Installing: /home/suvi/poc_arm/install/poc_moveit_config/share/ament_index/resource_index/packages/poc_moveit_config
[0.735s] -- Installing: /home/suvi/poc_arm/install/poc_moveit_config/share/poc_moveit_config/cmake/poc_moveit_configConfig.cmake
[0.735s] -- Installing: /home/suvi/poc_arm/install/poc_moveit_config/share/poc_moveit_config/cmake/poc_moveit_configConfig-version.cmake
[0.735s] -- Installing: /home/suvi/poc_arm/install/poc_moveit_config/share/poc_moveit_config/package.xml
[0.735s] -- Installing: /home/suvi/poc_arm/install/poc_moveit_config/share/poc_moveit_config/launch
[0.735s] -- Installing: /home/suvi/poc_arm/install/poc_moveit_config/share/poc_moveit_config/launch/moveit_rviz.launch.py
[0.735s] -- Installing: /home/suvi/poc_arm/install/poc_moveit_config/share/poc_moveit_config/launch/demo.launch.py
[0.735s] -- Installing: /home/suvi/poc_arm/install/poc_moveit_config/share/poc_moveit_config/launch/move_group.launch.py
[0.735s] -- Installing: /home/suvi/poc_arm/install/poc_moveit_config/share/poc_moveit_config/launch/gazebo.launch.py
[0.735s] -- Installing: /home/suvi/poc_arm/install/poc_moveit_config/share/poc_moveit_config/launch/setup_assistant.launch.py
[0.735s] -- Installing: /home/suvi/poc_arm/install/poc_moveit_config/share/poc_moveit_config/launch/spawn_controllers.launch.py
[0.735s] -- Installing: /home/suvi/poc_arm/install/poc_moveit_config/share/poc_moveit_config/launch/rsp.launch.py
[0.736s] -- Installing: /home/suvi/poc_arm/install/poc_moveit_config/share/poc_moveit_config/launch/warehouse_db.launch.py
[0.736s] -- Installing: /home/suvi/poc_arm/install/poc_moveit_config/share/poc_moveit_config/launch/static_virtual_joint_tfs.launch.py
[0.736s] -- Installing: /home/suvi/poc_arm/install/poc_moveit_config/share/poc_moveit_config/config
[0.736s] -- Installing: /home/suvi/poc_arm/install/poc_moveit_config/share/poc_moveit_config/config/pilz_cartesian_limits.yaml
[0.736s] -- Installing: /home/suvi/poc_arm/install/poc_moveit_config/share/poc_moveit_config/config/ros2_controllers.yaml
[0.736s] -- Installing: /home/suvi/poc_arm/install/poc_moveit_config/share/poc_moveit_config/config/my_robot.urdf.xacro
[0.736s] -- Installing: /home/suvi/poc_arm/install/poc_moveit_config/share/poc_moveit_config/config/my_robot.ros2_control.xacro
[0.736s] -- Installing: /home/suvi/poc_arm/install/poc_moveit_config/share/poc_moveit_config/config/my_robot.urdf (copy).xacro
[0.736s] -- Installing: /home/suvi/poc_arm/install/poc_moveit_config/share/poc_moveit_config/config/my_robot.srdf
[0.736s] -- Installing: /home/suvi/poc_arm/install/poc_moveit_config/share/poc_moveit_config/config/poc_ros2_control.xacro
[0.736s] -- Installing: /home/suvi/poc_arm/install/poc_moveit_config/share/poc_moveit_config/config/moveit.rviz
[0.737s] -- Installing: /home/suvi/poc_arm/install/poc_moveit_config/share/poc_moveit_config/config/initial_positions.yaml
[0.737s] -- Installing: /home/suvi/poc_arm/install/poc_moveit_config/share/poc_moveit_config/config/joint_limits.yaml
[0.737s] -- Installing: /home/suvi/poc_arm/install/poc_moveit_config/share/poc_moveit_config/config/moveit_controllers.yaml
[0.737s] -- Installing: /home/suvi/poc_arm/install/poc_moveit_config/share/poc_moveit_config/config/kinematics.yaml
[0.737s] -- Installing: /home/suvi/poc_arm/install/poc_moveit_config/share/poc_moveit_config/.setup_assistant
[0.740s] Invoked command in '/home/suvi/poc_arm/build/poc_moveit_config' returned '0': CMAKE_PREFIX_PATH=/home/suvi/poc_arm/install/poc_arm:/home/suvi/poc_arm/install/poc_moveit_config:/home/suvi/poc_arm/install/my_robot_commander_cpp:/home/suvi/poc_arm/install/my_robot_interfaces:/opt/ros/humble /usr/bin/cmake --install /home/suvi/poc_arm/build/poc_moveit_config
