[0.006s] Invoking command in '/home/suvi/poc_arm/build/poc_arm': CMAKE_PREFIX_PATH=${CMAKE_PREFIX_PATH}:/opt/ros/humble /usr/bin/cmake /home/suvi/poc_arm/src/poc_arm -DCMAKE_INSTALL_PREFIX=/home/suvi/poc_arm/install/poc_arm
[0.046s] -- The C compiler identification is GNU 11.4.0
[0.081s] -- The CXX compiler identification is GNU 11.4.0
[0.086s] -- Detecting C compiler ABI info
[0.134s] -- Detecting C compiler ABI info - done
[0.139s] -- Check for working C compiler: /usr/bin/cc - skipped
[0.139s] -- Detecting C compile features
[0.139s] -- Detecting C compile features - done
[0.141s] -- Detecting CXX compiler ABI info
[0.193s] -- Detecting CXX compiler ABI info - done
[0.197s] -- Check for working CXX compiler: /usr/bin/c++ - skipped
[0.198s] -- Detecting CXX compile features
[0.198s] -- Detecting CXX compile features - done
[0.200s] -- Found ament_cmake: 1.3.12 (/opt/ros/humble/share/ament_cmake/cmake)
[0.541s] -- Found Python3: /usr/bin/python3 (found version "3.10.12") found components: Interpreter 
[0.652s] -- Configuring done
[0.653s] -- Generating done
[0.654s] -- Build files have been written to: /home/suvi/poc_arm/build/poc_arm
[0.657s] Invoked command in '/home/suvi/poc_arm/build/poc_arm' returned '0': CMAKE_PREFIX_PATH=${CMAKE_PREFIX_PATH}:/opt/ros/humble /usr/bin/cmake /home/suvi/poc_arm/src/poc_arm -DCMAKE_INSTALL_PREFIX=/home/suvi/poc_arm/install/poc_arm
[0.658s] Invoking command in '/home/suvi/poc_arm/build/poc_arm': CMAKE_PREFIX_PATH=${CMAKE_PREFIX_PATH}:/opt/ros/humble /usr/bin/cmake --build /home/suvi/poc_arm/build/poc_arm -- -j12 -l12
[0.684s] Invoked command in '/home/suvi/poc_arm/build/poc_arm' returned '0': CMAKE_PREFIX_PATH=${CMAKE_PREFIX_PATH}:/opt/ros/humble /usr/bin/cmake --build /home/suvi/poc_arm/build/poc_arm -- -j12 -l12
[0.690s] Invoking command in '/home/suvi/poc_arm/build/poc_arm': CMAKE_PREFIX_PATH=${CMAKE_PREFIX_PATH}:/opt/ros/humble /usr/bin/cmake --install /home/suvi/poc_arm/build/poc_arm
[0.695s] -- Install configuration: ""
[0.695s] -- Installing: /home/suvi/poc_arm/install/poc_arm/share/poc_arm/launch
[0.695s] -- Installing: /home/suvi/poc_arm/install/poc_arm/share/poc_arm/launch/display.launch.xml
[0.695s] -- Installing: /home/suvi/poc_arm/install/poc_arm/share/poc_arm/rviz
[0.695s] -- Installing: /home/suvi/poc_arm/install/poc_arm/share/poc_arm/rviz/urdf_config.rviz
[0.695s] -- Installing: /home/suvi/poc_arm/install/poc_arm/share/poc_arm/urdf
[0.695s] -- Installing: /home/suvi/poc_arm/install/poc_arm/share/poc_arm/urdf/poc_arm_sim.urdf.xacro
[0.695s] -- Installing: /home/suvi/poc_arm/install/poc_arm/share/poc_arm/meshes
[0.695s] -- Installing: /home/suvi/poc_arm/install/poc_arm/share/poc_arm/meshes/shoulder_roll_link.STL
[0.695s] -- Installing: /home/suvi/poc_arm/install/poc_arm/share/poc_arm/meshes/shoulder_yaw_link.STL
[0.696s] -- Installing: /home/suvi/poc_arm/install/poc_arm/share/poc_arm/meshes/wrist_yaw_link.STL
[0.697s] -- Installing: /home/suvi/poc_arm/install/poc_arm/share/poc_arm/meshes/wrist_pitch_link.STL
[0.697s] -- Installing: /home/suvi/poc_arm/install/poc_arm/share/poc_arm/meshes/shoulder_base_link.STL
[0.698s] -- Installing: /home/suvi/poc_arm/install/poc_arm/share/poc_arm/meshes/shoulder_pitch_link.STL
[0.698s] -- Installing: /home/suvi/poc_arm/install/poc_arm/share/poc_arm/meshes/wrist_roll_link.STL
[0.700s] -- Installing: /home/suvi/poc_arm/install/poc_arm/share/poc_arm/meshes/elbow_link.STL
[0.700s] -- Installing: /home/suvi/poc_arm/install/poc_arm/share/ament_index/resource_index/package_run_dependencies/poc_arm
[0.700s] -- Installing: /home/suvi/poc_arm/install/poc_arm/share/ament_index/resource_index/parent_prefix_path/poc_arm
[0.700s] -- Installing: /home/suvi/poc_arm/install/poc_arm/share/poc_arm/environment/ament_prefix_path.sh
[0.700s] -- Installing: /home/suvi/poc_arm/install/poc_arm/share/poc_arm/environment/ament_prefix_path.dsv
[0.701s] -- Installing: /home/suvi/poc_arm/install/poc_arm/share/poc_arm/environment/path.sh
[0.701s] -- Installing: /home/suvi/poc_arm/install/poc_arm/share/poc_arm/environment/path.dsv
[0.701s] -- Installing: /home/suvi/poc_arm/install/poc_arm/share/poc_arm/local_setup.bash
[0.701s] -- Installing: /home/suvi/poc_arm/install/poc_arm/share/poc_arm/local_setup.sh
[0.701s] -- Installing: /home/suvi/poc_arm/install/poc_arm/share/poc_arm/local_setup.zsh
[0.701s] -- Installing: /home/suvi/poc_arm/install/poc_arm/share/poc_arm/local_setup.dsv
[0.701s] -- Installing: /home/suvi/poc_arm/install/poc_arm/share/poc_arm/package.dsv
[0.701s] -- Installing: /home/suvi/poc_arm/install/poc_arm/share/ament_index/resource_index/packages/poc_arm
[0.701s] -- Installing: /home/suvi/poc_arm/install/poc_arm/share/poc_arm/cmake/poc_armConfig.cmake
[0.701s] -- Installing: /home/suvi/poc_arm/install/poc_arm/share/poc_arm/cmake/poc_armConfig-version.cmake
[0.701s] -- Installing: /home/suvi/poc_arm/install/poc_arm/share/poc_arm/package.xml
[0.702s] Invoked command in '/home/suvi/poc_arm/build/poc_arm' returned '0': CMAKE_PREFIX_PATH=${CMAKE_PREFIX_PATH}:/opt/ros/humble /usr/bin/cmake --install /home/suvi/poc_arm/build/poc_arm
