-- Found ament_cmake: 1.3.12 (/opt/ros/humble/share/ament_cmake/cmake)
-- Found rclcpp: 16.0.17 (/opt/ros/humble/share/rclcpp/cmake)
-- Found rosidl_generator_c: 3.1.8 (/opt/ros/humble/share/rosidl_generator_c/cmake)
-- Found rosidl_adapter: 3.1.8 (/opt/ros/humble/share/rosidl_adapter/cmake)
-- Found rosidl_generator_cpp: 3.1.8 (/opt/ros/humble/share/rosidl_generator_cpp/cmake)
-- Using all available rosidl_typesupport_c: rosidl_typesupport_fastrtps_c;rosidl_typesupport_introspection_c
-- Using all available rosidl_typesupport_cpp: rosidl_typesupport_fastrtps_cpp;rosidl_typesupport_introspection_cpp
-- Found rmw_implementation_cmake: 6.1.2 (/opt/ros/humble/share/rmw_implementation_cmake/cmake)
-- Found rmw_fastrtps_cpp: 6.2.9 (/opt/ros/humble/share/rmw_fastrtps_cpp/cmake)
-- Using RMW implementation 'rmw_fastrtps_cpp' as default
-- Found moveit_ros_planning_interface: 2.5.9 (/opt/ros/humble/share/moveit_ros_planning_interface/cmake)
-- Found Boost: /usr/lib/x86_64-linux-gnu/cmake/Boost-1.74.0/BoostConfig.cmake (found version "1.74.0") found components: date_time filesystem program_options system thread 
-- Found Boost: /usr/lib/x86_64-linux-gnu/cmake/Boost-1.74.0/BoostConfig.cmake (found version "1.74.0") found components: chrono date_time filesystem iostreams program_options regex serialization system thread 
-- Found parameter_traits: 0.6.0 (/opt/ros/humble/share/parameter_traits/cmake)
-- Found rclcpp_lifecycle: 16.0.17 (/opt/ros/humble/share/rclcpp_lifecycle/cmake)
-- Found Boost: /usr/lib/x86_64-linux-gnu/cmake/Boost-1.74.0/BoostConfig.cmake (found version "1.74.0") found components: filesystem 
-- library: /usr/lib/x86_64-linux-gnu/libcurl.so
-- Ensuring Eigen3 include directory is part of orocos-kdl CMake target
-- Found Boost: /usr/lib/x86_64-linux-gnu/cmake/Boost-1.74.0/BoostConfig.cmake (found version "1.74.0") found components: system filesystem date_time program_options thread chrono 
-- Found Boost: /usr/lib/x86_64-linux-gnu/cmake/Boost-1.74.0/BoostConfig.cmake (found version "1.74.0") found components: thread system filesystem regex date_time program_options 
-- Found Boost: /usr/lib/x86_64-linux-gnu/cmake/Boost-1.74.0/BoostConfig.cmake (found version "1.74.0") found components: system filesystem date_time program_options thread 
-- Found example_interfaces: 0.9.3 (/opt/ros/humble/share/example_interfaces/cmake)
-- Found my_robot_interfaces: 0.0.0 (/home/suvi/poc_arm/install/my_robot_interfaces/share/my_robot_interfaces/cmake)
-- Configuring done
-- Generating done
-- Build files have been written to: /home/suvi/poc_arm/build/my_robot_commander_cpp
[35m[1mConsolidate compiler generated dependencies of target task_manager[0m
[35m[1mConsolidate compiler generated dependencies of target commander[0m
[35m[1mConsolidate compiler generated dependencies of target test_moveit[0m
[35m[1mConsolidate compiler generated dependencies of target print_current_pose[0m
[ 12%] [32mBuilding CXX object CMakeFiles/task_manager.dir/src/task_manager.cpp.o[0m
[ 87%] Built target commander
[ 87%] Built target print_current_pose
[ 87%] Built target test_moveit
[100%] [32m[1mLinking CXX executable task_manager[0m
[100%] Built target task_manager
-- Install configuration: ""
-- Up-to-date: /home/suvi/poc_arm/install/my_robot_commander_cpp/lib/my_robot_commander_cpp/test_moveit
-- Up-to-date: /home/suvi/poc_arm/install/my_robot_commander_cpp/lib/my_robot_commander_cpp/commander
-- Up-to-date: /home/suvi/poc_arm/install/my_robot_commander_cpp/lib/my_robot_commander_cpp/print_current_pose
-- Installing: /home/suvi/poc_arm/install/my_robot_commander_cpp/lib/my_robot_commander_cpp/task_manager
-- Set runtime path of "/home/suvi/poc_arm/install/my_robot_commander_cpp/lib/my_robot_commander_cpp/task_manager" to ""
-- Up-to-date: /home/suvi/poc_arm/install/my_robot_commander_cpp/share/ament_index/resource_index/package_run_dependencies/my_robot_commander_cpp
-- Up-to-date: /home/suvi/poc_arm/install/my_robot_commander_cpp/share/ament_index/resource_index/parent_prefix_path/my_robot_commander_cpp
-- Up-to-date: /home/suvi/poc_arm/install/my_robot_commander_cpp/share/my_robot_commander_cpp/environment/ament_prefix_path.sh
-- Installing: /home/suvi/poc_arm/install/my_robot_commander_cpp/share/my_robot_commander_cpp/environment/ament_prefix_path.dsv
-- Up-to-date: /home/suvi/poc_arm/install/my_robot_commander_cpp/share/my_robot_commander_cpp/environment/path.sh
-- Installing: /home/suvi/poc_arm/install/my_robot_commander_cpp/share/my_robot_commander_cpp/environment/path.dsv
-- Up-to-date: /home/suvi/poc_arm/install/my_robot_commander_cpp/share/my_robot_commander_cpp/local_setup.bash
-- Up-to-date: /home/suvi/poc_arm/install/my_robot_commander_cpp/share/my_robot_commander_cpp/local_setup.sh
-- Up-to-date: /home/suvi/poc_arm/install/my_robot_commander_cpp/share/my_robot_commander_cpp/local_setup.zsh
-- Installing: /home/suvi/poc_arm/install/my_robot_commander_cpp/share/my_robot_commander_cpp/local_setup.dsv
-- Installing: /home/suvi/poc_arm/install/my_robot_commander_cpp/share/my_robot_commander_cpp/package.dsv
-- Up-to-date: /home/suvi/poc_arm/install/my_robot_commander_cpp/share/ament_index/resource_index/packages/my_robot_commander_cpp
-- Up-to-date: /home/suvi/poc_arm/install/my_robot_commander_cpp/share/my_robot_commander_cpp/cmake/my_robot_commander_cppConfig.cmake
-- Up-to-date: /home/suvi/poc_arm/install/my_robot_commander_cpp/share/my_robot_commander_cpp/cmake/my_robot_commander_cppConfig-version.cmake
-- Up-to-date: /home/suvi/poc_arm/install/my_robot_commander_cpp/share/my_robot_commander_cpp/package.xml
