[0.009s] Invoking command in '/home/suvi/poc_arm/build/my_robot_commander_cpp': CMAKE_PREFIX_PATH=/home/suvi/poc_arm/install/my_robot_interfaces:/home/suvi/poc_arm/install/realsense_gazebo:/home/suvi/poc_arm/install/poc_moveit_config:/home/suvi/poc_arm/install/poc_arm:/home/suvi/poc_arm/install/my_robot_commander_cpp:/opt/ros/humble LD_LIBRARY_PATH=/home/suvi/poc_arm/install/my_robot_interfaces/lib:/usr/lib/x86_64-linux-gnu/gazebo-11/plugins:/opt/ros/humble/opt/rviz_ogre_vendor/lib:/opt/ros/humble/lib/x86_64-linux-gnu:/opt/ros/humble/lib:/usr/share/gazebo/../../lib/x86_64-linux-gnu/gazebo-11/plugins /usr/bin/cmake --build /home/suvi/poc_arm/build/my_robot_commander_cpp -- -j12 -l12
[0.028s] -- Found ament_cmake: 1.3.12 (/opt/ros/humble/share/ament_cmake/cmake)
[0.125s] -- Found rclcpp: 16.0.17 (/opt/ros/humble/share/rclcpp/cmake)
[0.146s] -- Found rosidl_generator_c: 3.1.8 (/opt/ros/humble/share/rosidl_generator_c/cmake)
[0.148s] -- Found rosidl_adapter: 3.1.8 (/opt/ros/humble/share/rosidl_adapter/cmake)
[0.151s] -- Found rosidl_generator_cpp: 3.1.8 (/opt/ros/humble/share/rosidl_generator_cpp/cmake)
[0.159s] -- Using all available rosidl_typesupport_c: rosidl_typesupport_fastrtps_c;rosidl_typesupport_introspection_c
[0.167s] -- Using all available rosidl_typesupport_cpp: rosidl_typesupport_fastrtps_cpp;rosidl_typesupport_introspection_cpp
[0.187s] -- Found rmw_implementation_cmake: 6.1.2 (/opt/ros/humble/share/rmw_implementation_cmake/cmake)
[0.188s] -- Found rmw_fastrtps_cpp: 6.2.9 (/opt/ros/humble/share/rmw_fastrtps_cpp/cmake)
[0.266s] -- Using RMW implementation 'rmw_fastrtps_cpp' as default
[0.297s] -- Found moveit_ros_planning_interface: 2.5.9 (/opt/ros/humble/share/moveit_ros_planning_interface/cmake)
[0.305s] -- Found Boost: /usr/lib/x86_64-linux-gnu/cmake/Boost-1.74.0/BoostConfig.cmake (found version "1.74.0") found components: date_time filesystem program_options system thread 
[0.408s] -- Found Boost: /usr/lib/x86_64-linux-gnu/cmake/Boost-1.74.0/BoostConfig.cmake (found version "1.74.0") found components: chrono date_time filesystem iostreams program_options regex serialization system thread 
[0.425s] -- Found parameter_traits: 0.6.0 (/opt/ros/humble/share/parameter_traits/cmake)
[0.430s] -- Found rclcpp_lifecycle: 16.0.17 (/opt/ros/humble/share/rclcpp_lifecycle/cmake)
[0.444s] -- Found Boost: /usr/lib/x86_64-linux-gnu/cmake/Boost-1.74.0/BoostConfig.cmake (found version "1.74.0") found components: filesystem 
[0.469s] -- library: /usr/lib/x86_64-linux-gnu/libcurl.so
[0.487s] -- Ensuring Eigen3 include directory is part of orocos-kdl CMake target
[0.564s] -- Found Boost: /usr/lib/x86_64-linux-gnu/cmake/Boost-1.74.0/BoostConfig.cmake (found version "1.74.0") found components: system filesystem date_time program_options thread chrono 
[0.583s] -- Found Boost: /usr/lib/x86_64-linux-gnu/cmake/Boost-1.74.0/BoostConfig.cmake (found version "1.74.0") found components: thread system filesystem regex date_time program_options 
[0.597s] -- Found Boost: /usr/lib/x86_64-linux-gnu/cmake/Boost-1.74.0/BoostConfig.cmake (found version "1.74.0") found components: system filesystem date_time program_options thread 
[0.614s] -- Found example_interfaces: 0.9.3 (/opt/ros/humble/share/example_interfaces/cmake)
[0.623s] -- Found my_robot_interfaces: 0.0.0 (/home/suvi/poc_arm/install/my_robot_interfaces/share/my_robot_interfaces/cmake)
[0.695s] -- Configuring done
[0.735s] -- Generating done
[0.747s] -- Build files have been written to: /home/suvi/poc_arm/build/my_robot_commander_cpp
[0.773s] [35m[1mConsolidate compiler generated dependencies of target task_manager[0m
[0.773s] [35m[1mConsolidate compiler generated dependencies of target commander[0m
[0.773s] [35m[1mConsolidate compiler generated dependencies of target test_moveit[0m
[0.773s] [35m[1mConsolidate compiler generated dependencies of target print_current_pose[0m
[0.786s] [ 12%] [32mBuilding CXX object CMakeFiles/task_manager.dir/src/task_manager.cpp.o[0m
[0.788s] [ 87%] Built target commander
[0.788s] [ 87%] Built target print_current_pose
[0.788s] [ 87%] Built target test_moveit
[8.652s] [100%] [32m[1mLinking CXX executable task_manager[0m
[9.131s] [100%] Built target task_manager
[9.141s] Invoked command in '/home/suvi/poc_arm/build/my_robot_commander_cpp' returned '0': CMAKE_PREFIX_PATH=/home/suvi/poc_arm/install/my_robot_interfaces:/home/suvi/poc_arm/install/realsense_gazebo:/home/suvi/poc_arm/install/poc_moveit_config:/home/suvi/poc_arm/install/poc_arm:/home/suvi/poc_arm/install/my_robot_commander_cpp:/opt/ros/humble LD_LIBRARY_PATH=/home/suvi/poc_arm/install/my_robot_interfaces/lib:/usr/lib/x86_64-linux-gnu/gazebo-11/plugins:/opt/ros/humble/opt/rviz_ogre_vendor/lib:/opt/ros/humble/lib/x86_64-linux-gnu:/opt/ros/humble/lib:/usr/share/gazebo/../../lib/x86_64-linux-gnu/gazebo-11/plugins /usr/bin/cmake --build /home/suvi/poc_arm/build/my_robot_commander_cpp -- -j12 -l12
[9.142s] Invoking command in '/home/suvi/poc_arm/build/my_robot_commander_cpp': CMAKE_PREFIX_PATH=/home/suvi/poc_arm/install/my_robot_interfaces:/home/suvi/poc_arm/install/realsense_gazebo:/home/suvi/poc_arm/install/poc_moveit_config:/home/suvi/poc_arm/install/poc_arm:/home/suvi/poc_arm/install/my_robot_commander_cpp:/opt/ros/humble LD_LIBRARY_PATH=/home/suvi/poc_arm/install/my_robot_interfaces/lib:/usr/lib/x86_64-linux-gnu/gazebo-11/plugins:/opt/ros/humble/opt/rviz_ogre_vendor/lib:/opt/ros/humble/lib/x86_64-linux-gnu:/opt/ros/humble/lib:/usr/share/gazebo/../../lib/x86_64-linux-gnu/gazebo-11/plugins /usr/bin/cmake --install /home/suvi/poc_arm/build/my_robot_commander_cpp
[9.148s] -- Install configuration: ""
[9.148s] -- Up-to-date: /home/suvi/poc_arm/install/my_robot_commander_cpp/lib/my_robot_commander_cpp/test_moveit
[9.148s] -- Up-to-date: /home/suvi/poc_arm/install/my_robot_commander_cpp/lib/my_robot_commander_cpp/commander
[9.148s] -- Up-to-date: /home/suvi/poc_arm/install/my_robot_commander_cpp/lib/my_robot_commander_cpp/print_current_pose
[9.148s] -- Installing: /home/suvi/poc_arm/install/my_robot_commander_cpp/lib/my_robot_commander_cpp/task_manager
[9.151s] -- Set runtime path of "/home/suvi/poc_arm/install/my_robot_commander_cpp/lib/my_robot_commander_cpp/task_manager" to ""
[9.151s] -- Up-to-date: /home/suvi/poc_arm/install/my_robot_commander_cpp/share/ament_index/resource_index/package_run_dependencies/my_robot_commander_cpp
[9.151s] -- Up-to-date: /home/suvi/poc_arm/install/my_robot_commander_cpp/share/ament_index/resource_index/parent_prefix_path/my_robot_commander_cpp
[9.152s] -- Up-to-date: /home/suvi/poc_arm/install/my_robot_commander_cpp/share/my_robot_commander_cpp/environment/ament_prefix_path.sh
[9.152s] -- Installing: /home/suvi/poc_arm/install/my_robot_commander_cpp/share/my_robot_commander_cpp/environment/ament_prefix_path.dsv
[9.152s] -- Up-to-date: /home/suvi/poc_arm/install/my_robot_commander_cpp/share/my_robot_commander_cpp/environment/path.sh
[9.152s] -- Installing: /home/suvi/poc_arm/install/my_robot_commander_cpp/share/my_robot_commander_cpp/environment/path.dsv
[9.152s] -- Up-to-date: /home/suvi/poc_arm/install/my_robot_commander_cpp/share/my_robot_commander_cpp/local_setup.bash
[9.152s] -- Up-to-date: /home/suvi/poc_arm/install/my_robot_commander_cpp/share/my_robot_commander_cpp/local_setup.sh
[9.152s] -- Up-to-date: /home/suvi/poc_arm/install/my_robot_commander_cpp/share/my_robot_commander_cpp/local_setup.zsh
[9.152s] -- Installing: /home/suvi/poc_arm/install/my_robot_commander_cpp/share/my_robot_commander_cpp/local_setup.dsv
[9.152s] -- Installing: /home/suvi/poc_arm/install/my_robot_commander_cpp/share/my_robot_commander_cpp/package.dsv
[9.152s] -- Up-to-date: /home/suvi/poc_arm/install/my_robot_commander_cpp/share/ament_index/resource_index/packages/my_robot_commander_cpp
[9.152s] -- Up-to-date: /home/suvi/poc_arm/install/my_robot_commander_cpp/share/my_robot_commander_cpp/cmake/my_robot_commander_cppConfig.cmake
[9.152s] -- Up-to-date: /home/suvi/poc_arm/install/my_robot_commander_cpp/share/my_robot_commander_cpp/cmake/my_robot_commander_cppConfig-version.cmake
[9.152s] -- Up-to-date: /home/suvi/poc_arm/install/my_robot_commander_cpp/share/my_robot_commander_cpp/package.xml
[9.154s] Invoked command in '/home/suvi/poc_arm/build/my_robot_commander_cpp' returned '0': CMAKE_PREFIX_PATH=/home/suvi/poc_arm/install/my_robot_interfaces:/home/suvi/poc_arm/install/realsense_gazebo:/home/suvi/poc_arm/install/poc_moveit_config:/home/suvi/poc_arm/install/poc_arm:/home/suvi/poc_arm/install/my_robot_commander_cpp:/opt/ros/humble LD_LIBRARY_PATH=/home/suvi/poc_arm/install/my_robot_interfaces/lib:/usr/lib/x86_64-linux-gnu/gazebo-11/plugins:/opt/ros/humble/opt/rviz_ogre_vendor/lib:/opt/ros/humble/lib/x86_64-linux-gnu:/opt/ros/humble/lib:/usr/share/gazebo/../../lib/x86_64-linux-gnu/gazebo-11/plugins /usr/bin/cmake --install /home/suvi/poc_arm/build/my_robot_commander_cpp
