[0.007s] Invoking command in '/home/suvi/poc_arm/build/my_robot_commander_cpp': CMAKE_PREFIX_PATH=/home/suvi/poc_arm/install/my_robot_interfaces:/home/suvi/poc_arm/install/realsense_gazebo:/home/suvi/poc_arm/install/poc_moveit_config:/home/suvi/poc_arm/install/poc_arm:/home/suvi/poc_arm/install/my_robot_commander_cpp:/opt/ros/humble LD_LIBRARY_PATH=/home/suvi/poc_arm/install/my_robot_interfaces/lib:/usr/lib/x86_64-linux-gnu/gazebo-11/plugins:/opt/ros/humble/opt/rviz_ogre_vendor/lib:/opt/ros/humble/lib/x86_64-linux-gnu:/opt/ros/humble/lib:/usr/share/gazebo/../../lib/x86_64-linux-gnu/gazebo-11/plugins /usr/bin/cmake --build /home/suvi/poc_arm/build/my_robot_commander_cpp -- -j12 -l12
[0.051s] [ 50%] Built target test_moveit
[0.051s] [ 75%] [32mBuilding CXX object CMakeFiles/commander.dir/src/commander_template.cpp.o[0m
[8.163s] [100%] [32m[1mLinking CXX executable commander[0m
[8.696s] [100%] Built target commander
[8.706s] Invoked command in '/home/suvi/poc_arm/build/my_robot_commander_cpp' returned '0': CMAKE_PREFIX_PATH=/home/suvi/poc_arm/install/my_robot_interfaces:/home/suvi/poc_arm/install/realsense_gazebo:/home/suvi/poc_arm/install/poc_moveit_config:/home/suvi/poc_arm/install/poc_arm:/home/suvi/poc_arm/install/my_robot_commander_cpp:/opt/ros/humble LD_LIBRARY_PATH=/home/suvi/poc_arm/install/my_robot_interfaces/lib:/usr/lib/x86_64-linux-gnu/gazebo-11/plugins:/opt/ros/humble/opt/rviz_ogre_vendor/lib:/opt/ros/humble/lib/x86_64-linux-gnu:/opt/ros/humble/lib:/usr/share/gazebo/../../lib/x86_64-linux-gnu/gazebo-11/plugins /usr/bin/cmake --build /home/suvi/poc_arm/build/my_robot_commander_cpp -- -j12 -l12
[8.707s] Invoking command in '/home/suvi/poc_arm/build/my_robot_commander_cpp': CMAKE_PREFIX_PATH=/home/suvi/poc_arm/install/my_robot_interfaces:/home/suvi/poc_arm/install/realsense_gazebo:/home/suvi/poc_arm/install/poc_moveit_config:/home/suvi/poc_arm/install/poc_arm:/home/suvi/poc_arm/install/my_robot_commander_cpp:/opt/ros/humble LD_LIBRARY_PATH=/home/suvi/poc_arm/install/my_robot_interfaces/lib:/usr/lib/x86_64-linux-gnu/gazebo-11/plugins:/opt/ros/humble/opt/rviz_ogre_vendor/lib:/opt/ros/humble/lib/x86_64-linux-gnu:/opt/ros/humble/lib:/usr/share/gazebo/../../lib/x86_64-linux-gnu/gazebo-11/plugins /usr/bin/cmake --install /home/suvi/poc_arm/build/my_robot_commander_cpp
[8.711s] -- Install configuration: ""
[8.711s] -- Up-to-date: /home/suvi/poc_arm/install/my_robot_commander_cpp/lib/my_robot_commander_cpp/test_moveit
[8.711s] -- Installing: /home/suvi/poc_arm/install/my_robot_commander_cpp/lib/my_robot_commander_cpp/commander
[8.714s] -- Set runtime path of "/home/suvi/poc_arm/install/my_robot_commander_cpp/lib/my_robot_commander_cpp/commander" to ""
[8.714s] -- Up-to-date: /home/suvi/poc_arm/install/my_robot_commander_cpp/share/ament_index/resource_index/package_run_dependencies/my_robot_commander_cpp
[8.714s] -- Up-to-date: /home/suvi/poc_arm/install/my_robot_commander_cpp/share/ament_index/resource_index/parent_prefix_path/my_robot_commander_cpp
[8.714s] -- Up-to-date: /home/suvi/poc_arm/install/my_robot_commander_cpp/share/my_robot_commander_cpp/environment/ament_prefix_path.sh
[8.714s] -- Up-to-date: /home/suvi/poc_arm/install/my_robot_commander_cpp/share/my_robot_commander_cpp/environment/ament_prefix_path.dsv
[8.714s] -- Up-to-date: /home/suvi/poc_arm/install/my_robot_commander_cpp/share/my_robot_commander_cpp/environment/path.sh
[8.714s] -- Up-to-date: /home/suvi/poc_arm/install/my_robot_commander_cpp/share/my_robot_commander_cpp/environment/path.dsv
[8.714s] -- Up-to-date: /home/suvi/poc_arm/install/my_robot_commander_cpp/share/my_robot_commander_cpp/local_setup.bash
[8.714s] -- Up-to-date: /home/suvi/poc_arm/install/my_robot_commander_cpp/share/my_robot_commander_cpp/local_setup.sh
[8.714s] -- Up-to-date: /home/suvi/poc_arm/install/my_robot_commander_cpp/share/my_robot_commander_cpp/local_setup.zsh
[8.714s] -- Up-to-date: /home/suvi/poc_arm/install/my_robot_commander_cpp/share/my_robot_commander_cpp/local_setup.dsv
[8.714s] -- Installing: /home/suvi/poc_arm/install/my_robot_commander_cpp/share/my_robot_commander_cpp/package.dsv
[8.715s] -- Up-to-date: /home/suvi/poc_arm/install/my_robot_commander_cpp/share/ament_index/resource_index/packages/my_robot_commander_cpp
[8.715s] -- Up-to-date: /home/suvi/poc_arm/install/my_robot_commander_cpp/share/my_robot_commander_cpp/cmake/my_robot_commander_cppConfig.cmake
[8.715s] -- Up-to-date: /home/suvi/poc_arm/install/my_robot_commander_cpp/share/my_robot_commander_cpp/cmake/my_robot_commander_cppConfig-version.cmake
[8.715s] -- Up-to-date: /home/suvi/poc_arm/install/my_robot_commander_cpp/share/my_robot_commander_cpp/package.xml
[8.716s] Invoked command in '/home/suvi/poc_arm/build/my_robot_commander_cpp' returned '0': CMAKE_PREFIX_PATH=/home/suvi/poc_arm/install/my_robot_interfaces:/home/suvi/poc_arm/install/realsense_gazebo:/home/suvi/poc_arm/install/poc_moveit_config:/home/suvi/poc_arm/install/poc_arm:/home/suvi/poc_arm/install/my_robot_commander_cpp:/opt/ros/humble LD_LIBRARY_PATH=/home/suvi/poc_arm/install/my_robot_interfaces/lib:/usr/lib/x86_64-linux-gnu/gazebo-11/plugins:/opt/ros/humble/opt/rviz_ogre_vendor/lib:/opt/ros/humble/lib/x86_64-linux-gnu:/opt/ros/humble/lib:/usr/share/gazebo/../../lib/x86_64-linux-gnu/gazebo-11/plugins /usr/bin/cmake --install /home/suvi/poc_arm/build/my_robot_commander_cpp
