[0.012s] Invoking command in '/home/suvi/poc_arm/build/poc_arm': CMAKE_PREFIX_PATH=${CMAKE_PREFIX_PATH}:/opt/ros/humble /usr/bin/cmake --build /home/suvi/poc_arm/build/poc_arm -- -j12 -l12
[0.046s] Invoked command in '/home/suvi/poc_arm/build/poc_arm' returned '0': CMAKE_PREFIX_PATH=${CMAKE_PREFIX_PATH}:/opt/ros/humble /usr/bin/cmake --build /home/suvi/poc_arm/build/poc_arm -- -j12 -l12
[0.053s] Invoking command in '/home/suvi/poc_arm/build/poc_arm': CMAKE_PREFIX_PATH=${CMAKE_PREFIX_PATH}:/opt/ros/humble /usr/bin/cmake --install /home/suvi/poc_arm/build/poc_arm
[0.062s] -- Install configuration: ""
[0.062s] -- Up-to-date: /home/suvi/poc_arm/install/poc_arm/share/poc_arm/launch
[0.062s] -- Up-to-date: /home/suvi/poc_arm/install/poc_arm/share/poc_arm/launch/display.launch.xml
[0.062s] -- Up-to-date: /home/suvi/poc_arm/install/poc_arm/share/poc_arm/rviz
[0.062s] -- Up-to-date: /home/suvi/poc_arm/install/poc_arm/share/poc_arm/rviz/urdf_config.rviz
[0.062s] -- Up-to-date: /home/suvi/poc_arm/install/poc_arm/share/poc_arm/urdf
[0.062s] -- Up-to-date: /home/suvi/poc_arm/install/poc_arm/share/poc_arm/urdf/poc_arm_sim.urdf.xacro
[0.062s] -- Up-to-date: /home/suvi/poc_arm/install/poc_arm/share/poc_arm/urdf/camera_rgbd.xacro
[0.063s] -- Up-to-date: /home/suvi/poc_arm/install/poc_arm/share/poc_arm/urdf/poc_arm_sim.urdf1.xacro
[0.063s] -- Up-to-date: /home/suvi/poc_arm/install/poc_arm/share/poc_arm/meshes
[0.071s] -- Up-to-date: /home/suvi/poc_arm/install/poc_arm/share/poc_arm/meshes/shoulder_roll_link.STL
[0.071s] -- Up-to-date: /home/suvi/poc_arm/install/poc_arm/share/poc_arm/meshes/shoulder_yaw_link.STL
[0.071s] -- Up-to-date: /home/suvi/poc_arm/install/poc_arm/share/poc_arm/meshes/wrist_yaw_link.STL
[0.071s] -- Up-to-date: /home/suvi/poc_arm/install/poc_arm/share/poc_arm/meshes/wrist_pitch_link.STL
[0.071s] -- Up-to-date: /home/suvi/poc_arm/install/poc_arm/share/poc_arm/meshes/shoulder_base_link.STL
[0.071s] -- Up-to-date: /home/suvi/poc_arm/install/poc_arm/share/poc_arm/meshes/shoulder_pitch_link.STL
[0.071s] -- Up-to-date: /home/suvi/poc_arm/install/poc_arm/share/poc_arm/meshes/wrist_roll_link.STL
[0.071s] -- Up-to-date: /home/suvi/poc_arm/install/poc_arm/share/poc_arm/meshes/elbow_link.STL
[0.071s] -- Up-to-date: /home/suvi/poc_arm/install/poc_arm/share/ament_index/resource_index/package_run_dependencies/poc_arm
[0.071s] -- Up-to-date: /home/suvi/poc_arm/install/poc_arm/share/ament_index/resource_index/parent_prefix_path/poc_arm
[0.071s] -- Up-to-date: /home/suvi/poc_arm/install/poc_arm/share/poc_arm/environment/ament_prefix_path.sh
[0.071s] -- Up-to-date: /home/suvi/poc_arm/install/poc_arm/share/poc_arm/environment/ament_prefix_path.dsv
[0.072s] -- Up-to-date: /home/suvi/poc_arm/install/poc_arm/share/poc_arm/environment/path.sh
[0.072s] -- Up-to-date: /home/suvi/poc_arm/install/poc_arm/share/poc_arm/environment/path.dsv
[0.072s] -- Up-to-date: /home/suvi/poc_arm/install/poc_arm/share/poc_arm/local_setup.bash
[0.072s] -- Up-to-date: /home/suvi/poc_arm/install/poc_arm/share/poc_arm/local_setup.sh
[0.072s] -- Up-to-date: /home/suvi/poc_arm/install/poc_arm/share/poc_arm/local_setup.zsh
[0.072s] -- Up-to-date: /home/suvi/poc_arm/install/poc_arm/share/poc_arm/local_setup.dsv
[0.072s] -- Installing: /home/suvi/poc_arm/install/poc_arm/share/poc_arm/package.dsv
[0.072s] -- Up-to-date: /home/suvi/poc_arm/install/poc_arm/share/ament_index/resource_index/packages/poc_arm
[0.072s] -- Up-to-date: /home/suvi/poc_arm/install/poc_arm/share/poc_arm/cmake/poc_armConfig.cmake
[0.072s] -- Up-to-date: /home/suvi/poc_arm/install/poc_arm/share/poc_arm/cmake/poc_armConfig-version.cmake
[0.072s] -- Up-to-date: /home/suvi/poc_arm/install/poc_arm/share/poc_arm/package.xml
[0.089s] Invoked command in '/home/suvi/poc_arm/build/poc_arm' returned '0': CMAKE_PREFIX_PATH=${CMAKE_PREFIX_PATH}:/opt/ros/humble /usr/bin/cmake --install /home/suvi/poc_arm/build/poc_arm
