[0.011s] Invoking command in '/home/suvi/poc_arm/build/realsense_gazebo': CMAKE_PREFIX_PATH=${CMAKE_PREFIX_PATH}:/opt/ros/humble /usr/bin/cmake --build /home/suvi/poc_arm/build/realsense_gazebo -- -j12 -l12
[0.042s] Invoked command in '/home/suvi/poc_arm/build/realsense_gazebo' returned '0': CMAKE_PREFIX_PATH=${CMAKE_PREFIX_PATH}:/opt/ros/humble /usr/bin/cmake --build /home/suvi/poc_arm/build/realsense_gazebo -- -j12 -l12
[0.044s] Invoking command in '/home/suvi/poc_arm/build/realsense_gazebo': CMAKE_PREFIX_PATH=${CMAKE_PREFIX_PATH}:/opt/ros/humble /usr/bin/cmake --install /home/suvi/poc_arm/build/realsense_gazebo
[0.054s] -- Install configuration: ""
[0.054s] -- Up-to-date: /home/suvi/poc_arm/install/realsense_gazebo/share/realsense_gazebo/launch
[0.054s] -- Up-to-date: /home/suvi/poc_arm/install/realsense_gazebo/share/realsense_gazebo/launch/sim.launch.py
[0.054s] -- Up-to-date: /home/suvi/poc_arm/install/realsense_gazebo/share/realsense_gazebo/worlds
[0.055s] -- Up-to-date: /home/suvi/poc_arm/install/realsense_gazebo/share/realsense_gazebo/worlds/log
[0.055s] -- Up-to-date: /home/suvi/poc_arm/install/realsense_gazebo/share/realsense_gazebo/worlds/log/build_2026-01-15_13-00-08
[0.055s] -- Up-to-date: /home/suvi/poc_arm/install/realsense_gazebo/share/realsense_gazebo/worlds/log/build_2026-01-15_13-00-08/events.log
[0.055s] -- Up-to-date: /home/suvi/poc_arm/install/realsense_gazebo/share/realsense_gazebo/worlds/log/build_2026-01-15_13-00-08/logger_all.log
[0.055s] -- Up-to-date: /home/suvi/poc_arm/install/realsense_gazebo/share/realsense_gazebo/worlds/log/build_2026-01-15_13-18-03
[0.055s] -- Up-to-date: /home/suvi/poc_arm/install/realsense_gazebo/share/realsense_gazebo/worlds/log/build_2026-01-15_13-18-03/events.log
[0.055s] -- Up-to-date: /home/suvi/poc_arm/install/realsense_gazebo/share/realsense_gazebo/worlds/log/build_2026-01-15_13-18-03/logger_all.log
[0.055s] -- Up-to-date: /home/suvi/poc_arm/install/realsense_gazebo/share/realsense_gazebo/worlds/log/build_2026-01-15_13-17-35
[0.055s] -- Up-to-date: /home/suvi/poc_arm/install/realsense_gazebo/share/realsense_gazebo/worlds/log/build_2026-01-15_13-17-35/events.log
[0.055s] -- Up-to-date: /home/suvi/poc_arm/install/realsense_gazebo/share/realsense_gazebo/worlds/log/build_2026-01-15_13-17-35/logger_all.log
[0.055s] -- Up-to-date: /home/suvi/poc_arm/install/realsense_gazebo/share/realsense_gazebo/worlds/log/build_2026-01-15_12-53-25
[0.055s] -- Up-to-date: /home/suvi/poc_arm/install/realsense_gazebo/share/realsense_gazebo/worlds/log/build_2026-01-15_12-53-25/events.log
[0.055s] -- Up-to-date: /home/suvi/poc_arm/install/realsense_gazebo/share/realsense_gazebo/worlds/log/build_2026-01-15_12-53-25/logger_all.log
[0.055s] -- Up-to-date: /home/suvi/poc_arm/install/realsense_gazebo/share/realsense_gazebo/worlds/log/COLCON_IGNORE
[0.055s] -- Up-to-date: /home/suvi/poc_arm/install/realsense_gazebo/share/realsense_gazebo/worlds/log/latest_build
[0.055s] -- Up-to-date: /home/suvi/poc_arm/install/realsense_gazebo/share/realsense_gazebo/worlds/log/latest
[0.055s] -- Up-to-date: /home/suvi/poc_arm/install/realsense_gazebo/share/realsense_gazebo/worlds/log/build_2026-01-15_13-18-16
[0.055s] -- Up-to-date: /home/suvi/poc_arm/install/realsense_gazebo/share/realsense_gazebo/worlds/log/build_2026-01-15_13-18-16/events.log
[0.055s] -- Up-to-date: /home/suvi/poc_arm/install/realsense_gazebo/share/realsense_gazebo/worlds/log/build_2026-01-15_13-18-16/logger_all.log
[0.055s] -- Up-to-date: /home/suvi/poc_arm/install/realsense_gazebo/share/realsense_gazebo/worlds/install
[0.055s] -- Up-to-date: /home/suvi/poc_arm/install/realsense_gazebo/share/realsense_gazebo/worlds/install/local_setup.sh
[0.056s] -- Up-to-date: /home/suvi/poc_arm/install/realsense_gazebo/share/realsense_gazebo/worlds/install/local_setup.bash
[0.056s] -- Up-to-date: /home/suvi/poc_arm/install/realsense_gazebo/share/realsense_gazebo/worlds/install/setup.bash
[0.056s] -- Up-to-date: /home/suvi/poc_arm/install/realsense_gazebo/share/realsense_gazebo/worlds/install/setup.ps1
[0.056s] -- Up-to-date: /home/suvi/poc_arm/install/realsense_gazebo/share/realsense_gazebo/worlds/install/local_setup.zsh
[0.056s] -- Up-to-date: /home/suvi/poc_arm/install/realsense_gazebo/share/realsense_gazebo/worlds/install/_local_setup_util_ps1.py
[0.056s] -- Up-to-date: /home/suvi/poc_arm/install/realsense_gazebo/share/realsense_gazebo/worlds/install/COLCON_IGNORE
[0.056s] -- Up-to-date: /home/suvi/poc_arm/install/realsense_gazebo/share/realsense_gazebo/worlds/install/_local_setup_util_sh.py
[0.056s] -- Up-to-date: /home/suvi/poc_arm/install/realsense_gazebo/share/realsense_gazebo/worlds/install/setup.zsh
[0.056s] -- Up-to-date: /home/suvi/poc_arm/install/realsense_gazebo/share/realsense_gazebo/worlds/install/local_setup.ps1
[0.056s] -- Up-to-date: /home/suvi/poc_arm/install/realsense_gazebo/share/realsense_gazebo/worlds/install/setup.sh
[0.056s] -- Up-to-date: /home/suvi/poc_arm/install/realsense_gazebo/share/realsense_gazebo/worlds/install/.colcon_install_layout
[0.056s] -- Up-to-date: /home/suvi/poc_arm/install/realsense_gazebo/share/realsense_gazebo/worlds/build
[0.056s] -- Up-to-date: /home/suvi/poc_arm/install/realsense_gazebo/share/realsense_gazebo/worlds/build/COLCON_IGNORE
[0.056s] -- Up-to-date: /home/suvi/poc_arm/install/realsense_gazebo/share/realsense_gazebo/worlds/build/.built_by
[0.057s] -- Up-to-date: /home/suvi/poc_arm/install/realsense_gazebo/share/realsense_gazebo/worlds/test_world.world
[0.057s] -- Up-to-date: /home/suvi/poc_arm/install/realsense_gazebo/share/realsense_gazebo/models
[0.057s] -- Up-to-date: /home/suvi/poc_arm/install/realsense_gazebo/share/realsense_gazebo/models/camera_bot_rs
[0.057s] -- Up-to-date: /home/suvi/poc_arm/install/realsense_gazebo/share/realsense_gazebo/models/camera_bot_rs/model.sdf
[0.057s] -- Up-to-date: /home/suvi/poc_arm/install/realsense_gazebo/share/realsense_gazebo/models/camera_bot_rs/model.config
[0.057s] -- Up-to-date: /home/suvi/poc_arm/install/realsense_gazebo/share/realsense_gazebo/models/cup
[0.057s] -- Up-to-date: /home/suvi/poc_arm/install/realsense_gazebo/share/realsense_gazebo/models/cup/model.sdf
[0.057s] -- Up-to-date: /home/suvi/poc_arm/install/realsense_gazebo/share/realsense_gazebo/models/cup/model.config
[0.057s] -- Up-to-date: /home/suvi/poc_arm/install/realsense_gazebo/lib/realsense_gazebo/yolo_world_node.py
[0.057s] -- Up-to-date: /home/suvi/poc_arm/install/realsense_gazebo/lib/realsense_gazebo/base_yolow.py
[0.057s] -- Up-to-date: /home/suvi/poc_arm/install/realsense_gazebo/share/ament_index/resource_index/package_run_dependencies/realsense_gazebo
[0.057s] -- Up-to-date: /home/suvi/poc_arm/install/realsense_gazebo/share/ament_index/resource_index/parent_prefix_path/realsense_gazebo
[0.057s] -- Up-to-date: /home/suvi/poc_arm/install/realsense_gazebo/share/realsense_gazebo/environment/ament_prefix_path.sh
[0.057s] -- Up-to-date: /home/suvi/poc_arm/install/realsense_gazebo/share/realsense_gazebo/environment/ament_prefix_path.dsv
[0.057s] -- Up-to-date: /home/suvi/poc_arm/install/realsense_gazebo/share/realsense_gazebo/environment/path.sh
[0.057s] -- Up-to-date: /home/suvi/poc_arm/install/realsense_gazebo/share/realsense_gazebo/environment/path.dsv
[0.057s] -- Up-to-date: /home/suvi/poc_arm/install/realsense_gazebo/share/realsense_gazebo/local_setup.bash
[0.057s] -- Up-to-date: /home/suvi/poc_arm/install/realsense_gazebo/share/realsense_gazebo/local_setup.sh
[0.057s] -- Up-to-date: /home/suvi/poc_arm/install/realsense_gazebo/share/realsense_gazebo/local_setup.zsh
[0.057s] -- Up-to-date: /home/suvi/poc_arm/install/realsense_gazebo/share/realsense_gazebo/local_setup.dsv
[0.057s] -- Installing: /home/suvi/poc_arm/install/realsense_gazebo/share/realsense_gazebo/package.dsv
[0.057s] -- Up-to-date: /home/suvi/poc_arm/install/realsense_gazebo/share/ament_index/resource_index/packages/realsense_gazebo
[0.057s] -- Up-to-date: /home/suvi/poc_arm/install/realsense_gazebo/share/realsense_gazebo/cmake/realsense_gazeboConfig.cmake
[0.057s] -- Up-to-date: /home/suvi/poc_arm/install/realsense_gazebo/share/realsense_gazebo/cmake/realsense_gazeboConfig-version.cmake
[0.057s] -- Up-to-date: /home/suvi/poc_arm/install/realsense_gazebo/share/realsense_gazebo/package.xml
[0.073s] Invoked command in '/home/suvi/poc_arm/build/realsense_gazebo' returned '0': CMAKE_PREFIX_PATH=${CMAKE_PREFIX_PATH}:/opt/ros/humble /usr/bin/cmake --install /home/suvi/poc_arm/build/realsense_gazebo
