[0.013s] Invoking command in '/home/suvi/poc_arm/build/poc_moveit_config': CMAKE_PREFIX_PATH=/home/suvi/poc_arm/install/poc_arm:/home/suvi/poc_arm/install/realsense_gazebo:/home/suvi/poc_arm/install/poc_moveit_config:/home/suvi/poc_arm/install/my_robot_commander_cpp:/home/suvi/poc_arm/install/my_robot_interfaces:/opt/ros/humble /usr/bin/cmake --build /home/suvi/poc_arm/build/poc_moveit_config -- -j12 -l12
[0.041s] Invoked command in '/home/suvi/poc_arm/build/poc_moveit_config' returned '0': CMAKE_PREFIX_PATH=/home/suvi/poc_arm/install/poc_arm:/home/suvi/poc_arm/install/realsense_gazebo:/home/suvi/poc_arm/install/poc_moveit_config:/home/suvi/poc_arm/install/my_robot_commander_cpp:/home/suvi/poc_arm/install/my_robot_interfaces:/opt/ros/humble /usr/bin/cmake --build /home/suvi/poc_arm/build/poc_moveit_config -- -j12 -l12
[0.042s] Invoking command in '/home/suvi/poc_arm/build/poc_moveit_config': CMAKE_PREFIX_PATH=/home/suvi/poc_arm/install/poc_arm:/home/suvi/poc_arm/install/realsense_gazebo:/home/suvi/poc_arm/install/poc_moveit_config:/home/suvi/poc_arm/install/my_robot_commander_cpp:/home/suvi/poc_arm/install/my_robot_interfaces:/opt/ros/humble /usr/bin/cmake --install /home/suvi/poc_arm/build/poc_moveit_config
[0.049s] -- Install configuration: ""
[0.049s] -- Up-to-date: /home/suvi/poc_arm/install/poc_moveit_config/share/ament_index/resource_index/package_run_dependencies/poc_moveit_config
[0.049s] -- Up-to-date: /home/suvi/poc_arm/install/poc_moveit_config/share/ament_index/resource_index/parent_prefix_path/poc_moveit_config
[0.049s] -- Up-to-date: /home/suvi/poc_arm/install/poc_moveit_config/share/poc_moveit_config/environment/ament_prefix_path.sh
[0.049s] -- Up-to-date: /home/suvi/poc_arm/install/poc_moveit_config/share/poc_moveit_config/environment/ament_prefix_path.dsv
[0.049s] -- Up-to-date: /home/suvi/poc_arm/install/poc_moveit_config/share/poc_moveit_config/environment/path.sh
[0.049s] -- Up-to-date: /home/suvi/poc_arm/install/poc_moveit_config/share/poc_moveit_config/environment/path.dsv
[0.050s] -- Up-to-date: /home/suvi/poc_arm/install/poc_moveit_config/share/poc_moveit_config/local_setup.bash
[0.050s] -- Up-to-date: /home/suvi/poc_arm/install/poc_moveit_config/share/poc_moveit_config/local_setup.sh
[0.050s] -- Up-to-date: /home/suvi/poc_arm/install/poc_moveit_config/share/poc_moveit_config/local_setup.zsh
[0.050s] -- Up-to-date: /home/suvi/poc_arm/install/poc_moveit_config/share/poc_moveit_config/local_setup.dsv
[0.050s] -- Installing: /home/suvi/poc_arm/install/poc_moveit_config/share/poc_moveit_config/package.dsv
[0.050s] -- Up-to-date: /home/suvi/poc_arm/install/poc_moveit_config/share/ament_index/resource_index/packages/poc_moveit_config
[0.050s] -- Up-to-date: /home/suvi/poc_arm/install/poc_moveit_config/share/poc_moveit_config/cmake/poc_moveit_configConfig.cmake
[0.050s] -- Up-to-date: /home/suvi/poc_arm/install/poc_moveit_config/share/poc_moveit_config/cmake/poc_moveit_configConfig-version.cmake
[0.050s] -- Up-to-date: /home/suvi/poc_arm/install/poc_moveit_config/share/poc_moveit_config/package.xml
[0.050s] -- Up-to-date: /home/suvi/poc_arm/install/poc_moveit_config/share/poc_moveit_config/launch
[0.050s] -- Up-to-date: /home/suvi/poc_arm/install/poc_moveit_config/share/poc_moveit_config/launch/moveit_rviz.launch.py
[0.050s] -- Up-to-date: /home/suvi/poc_arm/install/poc_moveit_config/share/poc_moveit_config/launch/demo.launch.py
[0.050s] -- Up-to-date: /home/suvi/poc_arm/install/poc_moveit_config/share/poc_moveit_config/launch/move_group.launch.py
[0.050s] -- Up-to-date: /home/suvi/poc_arm/install/poc_moveit_config/share/poc_moveit_config/launch/gazebo.launch.py
[0.050s] -- Up-to-date: /home/suvi/poc_arm/install/poc_moveit_config/share/poc_moveit_config/launch/setup_assistant.launch.py
[0.050s] -- Installing: /home/suvi/poc_arm/install/poc_moveit_config/share/poc_moveit_config/launch/moveit_gazebo.launch.py
[0.050s] -- Up-to-date: /home/suvi/poc_arm/install/poc_moveit_config/share/poc_moveit_config/launch/spawn_controllers.launch.py
[0.050s] -- Up-to-date: /home/suvi/poc_arm/install/poc_moveit_config/share/poc_moveit_config/launch/rsp.launch.py
[0.051s] -- Up-to-date: /home/suvi/poc_arm/install/poc_moveit_config/share/poc_moveit_config/launch/warehouse_db.launch.py
[0.051s] -- Up-to-date: /home/suvi/poc_arm/install/poc_moveit_config/share/poc_moveit_config/launch/static_virtual_joint_tfs.launch.py
[0.051s] -- Up-to-date: /home/suvi/poc_arm/install/poc_moveit_config/share/poc_moveit_config/config
[0.051s] -- Up-to-date: /home/suvi/poc_arm/install/poc_moveit_config/share/poc_moveit_config/config/pilz_cartesian_limits.yaml
[0.051s] -- Up-to-date: /home/suvi/poc_arm/install/poc_moveit_config/share/poc_moveit_config/config/my_robot.urdf1.xacro
[0.051s] -- Up-to-date: /home/suvi/poc_arm/install/poc_moveit_config/share/poc_moveit_config/config/ros2_controllers.yaml
[0.051s] -- Up-to-date: /home/suvi/poc_arm/install/poc_moveit_config/share/poc_moveit_config/config/ros2_controllers_gazebo.yaml
[0.051s] -- Up-to-date: /home/suvi/poc_arm/install/poc_moveit_config/share/poc_moveit_config/config/my_robot.urdf.xacro
[0.051s] -- Up-to-date: /home/suvi/poc_arm/install/poc_moveit_config/share/poc_moveit_config/config/my_robot.ros2_control.xacro
[0.051s] -- Up-to-date: /home/suvi/poc_arm/install/poc_moveit_config/share/poc_moveit_config/config/my_robot.srdf
[0.051s] -- Up-to-date: /home/suvi/poc_arm/install/poc_moveit_config/share/poc_moveit_config/config/poc_ros2_control.xacro
[0.051s] -- Up-to-date: /home/suvi/poc_arm/install/poc_moveit_config/share/poc_moveit_config/config/moveit.rviz
[0.051s] -- Up-to-date: /home/suvi/poc_arm/install/poc_moveit_config/share/poc_moveit_config/config/test1.world
[0.051s] -- Up-to-date: /home/suvi/poc_arm/install/poc_moveit_config/share/poc_moveit_config/config/initial_positions.yaml
[0.051s] -- Up-to-date: /home/suvi/poc_arm/install/poc_moveit_config/share/poc_moveit_config/config/joint_limits.yaml
[0.051s] -- Up-to-date: /home/suvi/poc_arm/install/poc_moveit_config/share/poc_moveit_config/config/moveit_controllers.yaml
[0.051s] -- Up-to-date: /home/suvi/poc_arm/install/poc_moveit_config/share/poc_moveit_config/config/kinematics.yaml
[0.051s] -- Up-to-date: /home/suvi/poc_arm/install/poc_moveit_config/share/poc_moveit_config/.setup_assistant
[0.052s] Invoked command in '/home/suvi/poc_arm/build/poc_moveit_config' returned '0': CMAKE_PREFIX_PATH=/home/suvi/poc_arm/install/poc_arm:/home/suvi/poc_arm/install/realsense_gazebo:/home/suvi/poc_arm/install/poc_moveit_config:/home/suvi/poc_arm/install/my_robot_commander_cpp:/home/suvi/poc_arm/install/my_robot_interfaces:/opt/ros/humble /usr/bin/cmake --install /home/suvi/poc_arm/build/poc_moveit_config
