[0.070s] DEBUG:colcon:Command line arguments: ['/usr/bin/colcon', 'build']
[0.070s] DEBUG:colcon:Parsed command line arguments: Namespace(log_base=None, log_level=None, verb_name='build', build_base='build', install_base='install', merge_install=False, symlink_install=False, test_result_base=None, continue_on_error=False, executor='parallel', parallel_workers=12, event_handlers=None, ignore_user_meta=False, metas=['./colcon.meta'], base_paths=['.'], packages_ignore=None, packages_ignore_regex=None, paths=None, packages_up_to=None, packages_up_to_regex=None, packages_above=None, packages_above_and_dependencies=None, packages_above_depth=None, packages_select_by_dep=None, packages_skip_by_dep=None, packages_skip_up_to=None, packages_select_build_failed=False, packages_skip_build_finished=False, packages_select_test_failures=False, packages_skip_test_passed=False, packages_select=None, packages_skip=None, packages_select_regex=None, packages_skip_regex=None, packages_start=None, packages_end=None, allow_overriding=[], cmake_args=None, cmake_target=None, cmake_target_skip_unavailable=False, cmake_clean_cache=False, cmake_clean_first=False, cmake_force_configure=False, ament_cmake_args=None, catkin_cmake_args=None, catkin_skip_building_tests=False, mixin_files=None, mixin=None, verb_parser=<colcon_mixin.mixin.mixin_argument.MixinArgumentDecorator object at 0x7aa62efc2740>, verb_extension=<colcon_core.verb.build.BuildVerb object at 0x7aa62efc2290>, main=<bound method BuildVerb.main of <colcon_core.verb.build.BuildVerb object at 0x7aa62efc2290>>, mixin_verb=('build',))
[0.169s] Level 1:colcon.colcon_core.package_discovery:discover_packages(colcon_meta) check parameters
[0.169s] Level 1:colcon.colcon_core.package_discovery:discover_packages(recursive) check parameters
[0.169s] Level 1:colcon.colcon_core.package_discovery:discover_packages(ignore) check parameters
[0.169s] Level 1:colcon.colcon_core.package_discovery:discover_packages(path) check parameters
[0.169s] Level 1:colcon.colcon_core.package_discovery:discover_packages(colcon_meta) discover
[0.169s] Level 1:colcon.colcon_core.package_discovery:discover_packages(recursive) discover
[0.169s] INFO:colcon.colcon_core.package_discovery:Crawling recursively for packages in '/home/suvi/poc_arm'
[0.169s] Level 1:colcon.colcon_core.package_identification:_identify(.) by extensions ['ignore', 'ignore_ament_install']
[0.169s] Level 1:colcon.colcon_core.package_identification:_identify(.) by extension 'ignore'
[0.169s] Level 1:colcon.colcon_core.package_identification:_identify(.) by extension 'ignore_ament_install'
[0.169s] Level 1:colcon.colcon_core.package_identification:_identify(.) by extensions ['colcon_pkg']
[0.169s] Level 1:colcon.colcon_core.package_identification:_identify(.) by extension 'colcon_pkg'
[0.169s] Level 1:colcon.colcon_core.package_identification:_identify(.) by extensions ['colcon_meta']
[0.169s] Level 1:colcon.colcon_core.package_identification:_identify(.) by extension 'colcon_meta'
[0.169s] Level 1:colcon.colcon_core.package_identification:_identify(.) by extensions ['ros']
[0.169s] Level 1:colcon.colcon_core.package_identification:_identify(.) by extension 'ros'
[0.183s] Level 1:colcon.colcon_core.package_identification:_identify(.) by extensions ['cmake', 'python']
[0.183s] Level 1:colcon.colcon_core.package_identification:_identify(.) by extension 'cmake'
[0.183s] Level 1:colcon.colcon_core.package_identification:_identify(.) by extension 'python'
[0.183s] Level 1:colcon.colcon_core.package_identification:_identify(.) by extensions ['python_setup_py']
[0.183s] Level 1:colcon.colcon_core.package_identification:_identify(.) by extension 'python_setup_py'
[0.183s] Level 1:colcon.colcon_core.package_identification:_identify(build) by extensions ['ignore', 'ignore_ament_install']
[0.184s] Level 1:colcon.colcon_core.package_identification:_identify(build) by extension 'ignore'
[0.184s] Level 1:colcon.colcon_core.package_identification:_identify(build) ignored
[0.184s] Level 1:colcon.colcon_core.package_identification:_identify(install) by extensions ['ignore', 'ignore_ament_install']
[0.184s] Level 1:colcon.colcon_core.package_identification:_identify(install) by extension 'ignore'
[0.184s] Level 1:colcon.colcon_core.package_identification:_identify(install) ignored
[0.184s] Level 1:colcon.colcon_core.package_identification:_identify(log) by extensions ['ignore', 'ignore_ament_install']
[0.184s] Level 1:colcon.colcon_core.package_identification:_identify(log) by extension 'ignore'
[0.184s] Level 1:colcon.colcon_core.package_identification:_identify(log) ignored
[0.184s] Level 1:colcon.colcon_core.package_identification:_identify(src) by extensions ['ignore', 'ignore_ament_install']
[0.184s] Level 1:colcon.colcon_core.package_identification:_identify(src) by extension 'ignore'
[0.184s] Level 1:colcon.colcon_core.package_identification:_identify(src) by extension 'ignore_ament_install'
[0.184s] Level 1:colcon.colcon_core.package_identification:_identify(src) by extensions ['colcon_pkg']
[0.184s] Level 1:colcon.colcon_core.package_identification:_identify(src) by extension 'colcon_pkg'
[0.184s] Level 1:colcon.colcon_core.package_identification:_identify(src) by extensions ['colcon_meta']
[0.184s] Level 1:colcon.colcon_core.package_identification:_identify(src) by extension 'colcon_meta'
[0.184s] Level 1:colcon.colcon_core.package_identification:_identify(src) by extensions ['ros']
[0.184s] Level 1:colcon.colcon_core.package_identification:_identify(src) by extension 'ros'
[0.184s] Level 1:colcon.colcon_core.package_identification:_identify(src) by extensions ['cmake', 'python']
[0.184s] Level 1:colcon.colcon_core.package_identification:_identify(src) by extension 'cmake'
[0.184s] Level 1:colcon.colcon_core.package_identification:_identify(src) by extension 'python'
[0.184s] Level 1:colcon.colcon_core.package_identification:_identify(src) by extensions ['python_setup_py']
[0.184s] Level 1:colcon.colcon_core.package_identification:_identify(src) by extension 'python_setup_py'
[0.184s] Level 1:colcon.colcon_core.package_identification:_identify(src/my_robot_commander_cpp) by extensions ['ignore', 'ignore_ament_install']
[0.184s] Level 1:colcon.colcon_core.package_identification:_identify(src/my_robot_commander_cpp) by extension 'ignore'
[0.184s] Level 1:colcon.colcon_core.package_identification:_identify(src/my_robot_commander_cpp) by extension 'ignore_ament_install'
[0.184s] Level 1:colcon.colcon_core.package_identification:_identify(src/my_robot_commander_cpp) by extensions ['colcon_pkg']
[0.184s] Level 1:colcon.colcon_core.package_identification:_identify(src/my_robot_commander_cpp) by extension 'colcon_pkg'
[0.184s] Level 1:colcon.colcon_core.package_identification:_identify(src/my_robot_commander_cpp) by extensions ['colcon_meta']
[0.184s] Level 1:colcon.colcon_core.package_identification:_identify(src/my_robot_commander_cpp) by extension 'colcon_meta'
[0.184s] Level 1:colcon.colcon_core.package_identification:_identify(src/my_robot_commander_cpp) by extensions ['ros']
[0.184s] Level 1:colcon.colcon_core.package_identification:_identify(src/my_robot_commander_cpp) by extension 'ros'
[0.186s] DEBUG:colcon.colcon_core.package_identification:Package 'src/my_robot_commander_cpp' with type 'ros.ament_cmake' and name 'my_robot_commander_cpp'
[0.186s] Level 1:colcon.colcon_core.package_identification:_identify(src/my_robot_interfaces) by extensions ['ignore', 'ignore_ament_install']
[0.186s] Level 1:colcon.colcon_core.package_identification:_identify(src/my_robot_interfaces) by extension 'ignore'
[0.186s] Level 1:colcon.colcon_core.package_identification:_identify(src/my_robot_interfaces) by extension 'ignore_ament_install'
[0.186s] Level 1:colcon.colcon_core.package_identification:_identify(src/my_robot_interfaces) by extensions ['colcon_pkg']
[0.186s] Level 1:colcon.colcon_core.package_identification:_identify(src/my_robot_interfaces) by extension 'colcon_pkg'
[0.186s] Level 1:colcon.colcon_core.package_identification:_identify(src/my_robot_interfaces) by extensions ['colcon_meta']
[0.186s] Level 1:colcon.colcon_core.package_identification:_identify(src/my_robot_interfaces) by extension 'colcon_meta'
[0.186s] Level 1:colcon.colcon_core.package_identification:_identify(src/my_robot_interfaces) by extensions ['ros']
[0.186s] Level 1:colcon.colcon_core.package_identification:_identify(src/my_robot_interfaces) by extension 'ros'
[0.186s] DEBUG:colcon.colcon_core.package_identification:Package 'src/my_robot_interfaces' with type 'ros.ament_cmake' and name 'my_robot_interfaces'
[0.186s] Level 1:colcon.colcon_core.package_identification:_identify(src/poc_arm) by extensions ['ignore', 'ignore_ament_install']
[0.187s] Level 1:colcon.colcon_core.package_identification:_identify(src/poc_arm) by extension 'ignore'
[0.187s] Level 1:colcon.colcon_core.package_identification:_identify(src/poc_arm) by extension 'ignore_ament_install'
[0.187s] Level 1:colcon.colcon_core.package_identification:_identify(src/poc_arm) by extensions ['colcon_pkg']
[0.187s] Level 1:colcon.colcon_core.package_identification:_identify(src/poc_arm) by extension 'colcon_pkg'
[0.187s] Level 1:colcon.colcon_core.package_identification:_identify(src/poc_arm) by extensions ['colcon_meta']
[0.187s] Level 1:colcon.colcon_core.package_identification:_identify(src/poc_arm) by extension 'colcon_meta'
[0.187s] Level 1:colcon.colcon_core.package_identification:_identify(src/poc_arm) by extensions ['ros']
[0.187s] Level 1:colcon.colcon_core.package_identification:_identify(src/poc_arm) by extension 'ros'
[0.187s] DEBUG:colcon.colcon_core.package_identification:Package 'src/poc_arm' with type 'ros.ament_cmake' and name 'poc_arm'
[0.187s] Level 1:colcon.colcon_core.package_identification:_identify(src/poc_moveit_config) by extensions ['ignore', 'ignore_ament_install']
[0.187s] Level 1:colcon.colcon_core.package_identification:_identify(src/poc_moveit_config) by extension 'ignore'
[0.187s] Level 1:colcon.colcon_core.package_identification:_identify(src/poc_moveit_config) by extension 'ignore_ament_install'
[0.187s] Level 1:colcon.colcon_core.package_identification:_identify(src/poc_moveit_config) by extensions ['colcon_pkg']
[0.187s] Level 1:colcon.colcon_core.package_identification:_identify(src/poc_moveit_config) by extension 'colcon_pkg'
[0.187s] Level 1:colcon.colcon_core.package_identification:_identify(src/poc_moveit_config) by extensions ['colcon_meta']
[0.187s] Level 1:colcon.colcon_core.package_identification:_identify(src/poc_moveit_config) by extension 'colcon_meta'
[0.187s] Level 1:colcon.colcon_core.package_identification:_identify(src/poc_moveit_config) by extensions ['ros']
[0.187s] Level 1:colcon.colcon_core.package_identification:_identify(src/poc_moveit_config) by extension 'ros'
[0.188s] DEBUG:colcon.colcon_core.package_identification:Package 'src/poc_moveit_config' with type 'ros.ament_cmake' and name 'poc_moveit_config'
[0.188s] Level 1:colcon.colcon_core.package_identification:_identify(src/realsense_gazebo) by extensions ['ignore', 'ignore_ament_install']
[0.188s] Level 1:colcon.colcon_core.package_identification:_identify(src/realsense_gazebo) by extension 'ignore'
[0.188s] Level 1:colcon.colcon_core.package_identification:_identify(src/realsense_gazebo) by extension 'ignore_ament_install'
[0.188s] Level 1:colcon.colcon_core.package_identification:_identify(src/realsense_gazebo) by extensions ['colcon_pkg']
[0.188s] Level 1:colcon.colcon_core.package_identification:_identify(src/realsense_gazebo) by extension 'colcon_pkg'
[0.188s] Level 1:colcon.colcon_core.package_identification:_identify(src/realsense_gazebo) by extensions ['colcon_meta']
[0.188s] Level 1:colcon.colcon_core.package_identification:_identify(src/realsense_gazebo) by extension 'colcon_meta'
[0.188s] Level 1:colcon.colcon_core.package_identification:_identify(src/realsense_gazebo) by extensions ['ros']
[0.188s] Level 1:colcon.colcon_core.package_identification:_identify(src/realsense_gazebo) by extension 'ros'
[0.188s] DEBUG:colcon.colcon_core.package_identification:Package 'src/realsense_gazebo' with type 'ros.ament_cmake' and name 'realsense_gazebo'
[0.188s] Level 1:colcon.colcon_core.package_discovery:discover_packages(recursive) using defaults
[0.188s] Level 1:colcon.colcon_core.package_discovery:discover_packages(ignore) discover
[0.188s] Level 1:colcon.colcon_core.package_discovery:discover_packages(ignore) using defaults
[0.188s] Level 1:colcon.colcon_core.package_discovery:discover_packages(path) discover
[0.188s] Level 1:colcon.colcon_core.package_discovery:discover_packages(path) using defaults
[0.206s] Level 1:colcon.colcon_core.package_discovery:discover_packages(prefix_path) check parameters
[0.206s] Level 1:colcon.colcon_core.package_discovery:discover_packages(prefix_path) discover
[0.208s] DEBUG:colcon.colcon_installed_package_information.package_discovery:Found 564 installed packages in /opt/ros/humble
[0.209s] Level 1:colcon.colcon_core.package_discovery:discover_packages(prefix_path) using defaults
[0.241s] Level 5:colcon.colcon_core.verb:set package 'my_robot_interfaces' build argument 'cmake_args' from command line to 'None'
[0.241s] Level 5:colcon.colcon_core.verb:set package 'my_robot_interfaces' build argument 'cmake_target' from command line to 'None'
[0.241s] Level 5:colcon.colcon_core.verb:set package 'my_robot_interfaces' build argument 'cmake_target_skip_unavailable' from command line to 'False'
[0.241s] Level 5:colcon.colcon_core.verb:set package 'my_robot_interfaces' build argument 'cmake_clean_cache' from command line to 'False'
[0.241s] Level 5:colcon.colcon_core.verb:set package 'my_robot_interfaces' build argument 'cmake_clean_first' from command line to 'False'
[0.241s] Level 5:colcon.colcon_core.verb:set package 'my_robot_interfaces' build argument 'cmake_force_configure' from command line to 'False'
[0.241s] Level 5:colcon.colcon_core.verb:set package 'my_robot_interfaces' build argument 'ament_cmake_args' from command line to 'None'
[0.241s] Level 5:colcon.colcon_core.verb:set package 'my_robot_interfaces' build argument 'catkin_cmake_args' from command line to 'None'
[0.241s] Level 5:colcon.colcon_core.verb:set package 'my_robot_interfaces' build argument 'catkin_skip_building_tests' from command line to 'False'
[0.241s] DEBUG:colcon.colcon_core.verb:Building package 'my_robot_interfaces' with the following arguments: {'ament_cmake_args': None, 'build_base': '/home/suvi/poc_arm/build/my_robot_interfaces', 'catkin_cmake_args': None, 'catkin_skip_building_tests': False, 'cmake_args': None, 'cmake_clean_cache': False, 'cmake_clean_first': False, 'cmake_force_configure': False, 'cmake_target': None, 'cmake_target_skip_unavailable': False, 'install_base': '/home/suvi/poc_arm/install/my_robot_interfaces', 'merge_install': False, 'path': '/home/suvi/poc_arm/src/my_robot_interfaces', 'symlink_install': False, 'test_result_base': None}
[0.241s] Level 5:colcon.colcon_core.verb:set package 'poc_arm' build argument 'cmake_args' from command line to 'None'
[0.241s] Level 5:colcon.colcon_core.verb:set package 'poc_arm' build argument 'cmake_target' from command line to 'None'
[0.241s] Level 5:colcon.colcon_core.verb:set package 'poc_arm' build argument 'cmake_target_skip_unavailable' from command line to 'False'
[0.241s] Level 5:colcon.colcon_core.verb:set package 'poc_arm' build argument 'cmake_clean_cache' from command line to 'False'
[0.241s] Level 5:colcon.colcon_core.verb:set package 'poc_arm' build argument 'cmake_clean_first' from command line to 'False'
[0.241s] Level 5:colcon.colcon_core.verb:set package 'poc_arm' build argument 'cmake_force_configure' from command line to 'False'
[0.241s] Level 5:colcon.colcon_core.verb:set package 'poc_arm' build argument 'ament_cmake_args' from command line to 'None'
[0.241s] Level 5:colcon.colcon_core.verb:set package 'poc_arm' build argument 'catkin_cmake_args' from command line to 'None'
[0.241s] Level 5:colcon.colcon_core.verb:set package 'poc_arm' build argument 'catkin_skip_building_tests' from command line to 'False'
[0.241s] DEBUG:colcon.colcon_core.verb:Building package 'poc_arm' with the following arguments: {'ament_cmake_args': None, 'build_base': '/home/suvi/poc_arm/build/poc_arm', 'catkin_cmake_args': None, 'catkin_skip_building_tests': False, 'cmake_args': None, 'cmake_clean_cache': False, 'cmake_clean_first': False, 'cmake_force_configure': False, 'cmake_target': None, 'cmake_target_skip_unavailable': False, 'install_base': '/home/suvi/poc_arm/install/poc_arm', 'merge_install': False, 'path': '/home/suvi/poc_arm/src/poc_arm', 'symlink_install': False, 'test_result_base': None}
[0.241s] Level 5:colcon.colcon_core.verb:set package 'realsense_gazebo' build argument 'cmake_args' from command line to 'None'
[0.241s] Level 5:colcon.colcon_core.verb:set package 'realsense_gazebo' build argument 'cmake_target' from command line to 'None'
[0.241s] Level 5:colcon.colcon_core.verb:set package 'realsense_gazebo' build argument 'cmake_target_skip_unavailable' from command line to 'False'
[0.241s] Level 5:colcon.colcon_core.verb:set package 'realsense_gazebo' build argument 'cmake_clean_cache' from command line to 'False'
[0.241s] Level 5:colcon.colcon_core.verb:set package 'realsense_gazebo' build argument 'cmake_clean_first' from command line to 'False'
[0.241s] Level 5:colcon.colcon_core.verb:set package 'realsense_gazebo' build argument 'cmake_force_configure' from command line to 'False'
[0.241s] Level 5:colcon.colcon_core.verb:set package 'realsense_gazebo' build argument 'ament_cmake_args' from command line to 'None'
[0.241s] Level 5:colcon.colcon_core.verb:set package 'realsense_gazebo' build argument 'catkin_cmake_args' from command line to 'None'
[0.241s] Level 5:colcon.colcon_core.verb:set package 'realsense_gazebo' build argument 'catkin_skip_building_tests' from command line to 'False'
[0.241s] DEBUG:colcon.colcon_core.verb:Building package 'realsense_gazebo' with the following arguments: {'ament_cmake_args': None, 'build_base': '/home/suvi/poc_arm/build/realsense_gazebo', 'catkin_cmake_args': None, 'catkin_skip_building_tests': False, 'cmake_args': None, 'cmake_clean_cache': False, 'cmake_clean_first': False, 'cmake_force_configure': False, 'cmake_target': None, 'cmake_target_skip_unavailable': False, 'install_base': '/home/suvi/poc_arm/install/realsense_gazebo', 'merge_install': False, 'path': '/home/suvi/poc_arm/src/realsense_gazebo', 'symlink_install': False, 'test_result_base': None}
[0.242s] Level 5:colcon.colcon_core.verb:set package 'my_robot_commander_cpp' build argument 'cmake_args' from command line to 'None'
[0.242s] Level 5:colcon.colcon_core.verb:set package 'my_robot_commander_cpp' build argument 'cmake_target' from command line to 'None'
[0.242s] Level 5:colcon.colcon_core.verb:set package 'my_robot_commander_cpp' build argument 'cmake_target_skip_unavailable' from command line to 'False'
[0.242s] Level 5:colcon.colcon_core.verb:set package 'my_robot_commander_cpp' build argument 'cmake_clean_cache' from command line to 'False'
[0.242s] Level 5:colcon.colcon_core.verb:set package 'my_robot_commander_cpp' build argument 'cmake_clean_first' from command line to 'False'
[0.242s] Level 5:colcon.colcon_core.verb:set package 'my_robot_commander_cpp' build argument 'cmake_force_configure' from command line to 'False'
[0.242s] Level 5:colcon.colcon_core.verb:set package 'my_robot_commander_cpp' build argument 'ament_cmake_args' from command line to 'None'
[0.242s] Level 5:colcon.colcon_core.verb:set package 'my_robot_commander_cpp' build argument 'catkin_cmake_args' from command line to 'None'
[0.242s] Level 5:colcon.colcon_core.verb:set package 'my_robot_commander_cpp' build argument 'catkin_skip_building_tests' from command line to 'False'
[0.242s] DEBUG:colcon.colcon_core.verb:Building package 'my_robot_commander_cpp' with the following arguments: {'ament_cmake_args': None, 'build_base': '/home/suvi/poc_arm/build/my_robot_commander_cpp', 'catkin_cmake_args': None, 'catkin_skip_building_tests': False, 'cmake_args': None, 'cmake_clean_cache': False, 'cmake_clean_first': False, 'cmake_force_configure': False, 'cmake_target': None, 'cmake_target_skip_unavailable': False, 'install_base': '/home/suvi/poc_arm/install/my_robot_commander_cpp', 'merge_install': False, 'path': '/home/suvi/poc_arm/src/my_robot_commander_cpp', 'symlink_install': False, 'test_result_base': None}
[0.242s] Level 5:colcon.colcon_core.verb:set package 'poc_moveit_config' build argument 'cmake_args' from command line to 'None'
[0.242s] Level 5:colcon.colcon_core.verb:set package 'poc_moveit_config' build argument 'cmake_target' from command line to 'None'
[0.242s] Level 5:colcon.colcon_core.verb:set package 'poc_moveit_config' build argument 'cmake_target_skip_unavailable' from command line to 'False'
[0.242s] Level 5:colcon.colcon_core.verb:set package 'poc_moveit_config' build argument 'cmake_clean_cache' from command line to 'False'
[0.242s] Level 5:colcon.colcon_core.verb:set package 'poc_moveit_config' build argument 'cmake_clean_first' from command line to 'False'
[0.242s] Level 5:colcon.colcon_core.verb:set package 'poc_moveit_config' build argument 'cmake_force_configure' from command line to 'False'
[0.242s] Level 5:colcon.colcon_core.verb:set package 'poc_moveit_config' build argument 'ament_cmake_args' from command line to 'None'
[0.242s] Level 5:colcon.colcon_core.verb:set package 'poc_moveit_config' build argument 'catkin_cmake_args' from command line to 'None'
[0.242s] Level 5:colcon.colcon_core.verb:set package 'poc_moveit_config' build argument 'catkin_skip_building_tests' from command line to 'False'
[0.242s] DEBUG:colcon.colcon_core.verb:Building package 'poc_moveit_config' with the following arguments: {'ament_cmake_args': None, 'build_base': '/home/suvi/poc_arm/build/poc_moveit_config', 'catkin_cmake_args': None, 'catkin_skip_building_tests': False, 'cmake_args': None, 'cmake_clean_cache': False, 'cmake_clean_first': False, 'cmake_force_configure': False, 'cmake_target': None, 'cmake_target_skip_unavailable': False, 'install_base': '/home/suvi/poc_arm/install/poc_moveit_config', 'merge_install': False, 'path': '/home/suvi/poc_arm/src/poc_moveit_config', 'symlink_install': False, 'test_result_base': None}
[0.242s] INFO:colcon.colcon_core.executor:Executing jobs using 'parallel' executor
[0.243s] DEBUG:colcon.colcon_parallel_executor.executor.parallel:run_until_complete
[0.243s] INFO:colcon.colcon_ros.task.ament_cmake.build:Building ROS package in '/home/suvi/poc_arm/src/my_robot_interfaces' with build type 'ament_cmake'
[0.243s] INFO:colcon.colcon_cmake.task.cmake.build:Building CMake package in '/home/suvi/poc_arm/src/my_robot_interfaces'
[0.244s] INFO:colcon.colcon_core.plugin_system:Skipping extension 'colcon_core.shell.bat': Not used on non-Windows systems
[0.244s] INFO:colcon.colcon_core.shell:Skip shell extension 'powershell' for command environment: Not usable outside of PowerShell
[0.244s] DEBUG:colcon.colcon_core.shell:Skip shell extension 'dsv' for command environment
[0.246s] INFO:colcon.colcon_ros.task.ament_cmake.build:Building ROS package in '/home/suvi/poc_arm/src/poc_arm' with build type 'ament_cmake'
[0.246s] INFO:colcon.colcon_cmake.task.cmake.build:Building CMake package in '/home/suvi/poc_arm/src/poc_arm'
[0.247s] INFO:colcon.colcon_core.shell:Skip shell extension 'powershell' for command environment: Not usable outside of PowerShell
[0.247s] DEBUG:colcon.colcon_core.shell:Skip shell extension 'dsv' for command environment
[0.249s] INFO:colcon.colcon_ros.task.ament_cmake.build:Building ROS package in '/home/suvi/poc_arm/src/realsense_gazebo' with build type 'ament_cmake'
[0.249s] INFO:colcon.colcon_cmake.task.cmake.build:Building CMake package in '/home/suvi/poc_arm/src/realsense_gazebo'
[0.249s] INFO:colcon.colcon_core.shell:Skip shell extension 'powershell' for command environment: Not usable outside of PowerShell
[0.249s] DEBUG:colcon.colcon_core.shell:Skip shell extension 'dsv' for command environment
[0.254s] DEBUG:colcon.colcon_core.event_handler.log_command:Invoking command in '/home/suvi/poc_arm/build/my_robot_interfaces': CMAKE_PREFIX_PATH=/opt/ros/humble /usr/bin/cmake --build /home/suvi/poc_arm/build/my_robot_interfaces -- -j12 -l12
[0.254s] DEBUG:colcon.colcon_core.event_handler.log_command:Invoking command in '/home/suvi/poc_arm/build/poc_arm': CMAKE_PREFIX_PATH=/opt/ros/humble /usr/bin/cmake --build /home/suvi/poc_arm/build/poc_arm -- -j12 -l12
[0.258s] DEBUG:colcon.colcon_core.event_handler.log_command:Invoking command in '/home/suvi/poc_arm/build/realsense_gazebo': CMAKE_PREFIX_PATH=/opt/ros/humble /usr/bin/cmake --build /home/suvi/poc_arm/build/realsense_gazebo -- -j12 -l12
[0.441s] DEBUG:colcon.colcon_core.event_handler.log_command:Invoked command in '/home/suvi/poc_arm/build/poc_arm' returned '0': CMAKE_PREFIX_PATH=/opt/ros/humble /usr/bin/cmake --build /home/suvi/poc_arm/build/poc_arm -- -j12 -l12
[0.448s] DEBUG:colcon.colcon_core.event_handler.log_command:Invoking command in '/home/suvi/poc_arm/build/poc_arm': CMAKE_PREFIX_PATH=/opt/ros/humble /usr/bin/cmake --install /home/suvi/poc_arm/build/poc_arm
[0.456s] DEBUG:colcon.colcon_core.event_handler.log_command:Invoked command in '/home/suvi/poc_arm/build/realsense_gazebo' returned '0': CMAKE_PREFIX_PATH=/opt/ros/humble /usr/bin/cmake --build /home/suvi/poc_arm/build/realsense_gazebo -- -j12 -l12
[0.457s] DEBUG:colcon.colcon_core.event_handler.log_command:Invoking command in '/home/suvi/poc_arm/build/realsense_gazebo': CMAKE_PREFIX_PATH=/opt/ros/humble /usr/bin/cmake --install /home/suvi/poc_arm/build/realsense_gazebo
[0.458s] Level 1:colcon.colcon_core.environment:create_environment_scripts_only(poc_arm)
[0.458s] DEBUG:colcon.colcon_core.event_handler.log_command:Invoked command in '/home/suvi/poc_arm/build/poc_arm' returned '0': CMAKE_PREFIX_PATH=/opt/ros/humble /usr/bin/cmake --install /home/suvi/poc_arm/build/poc_arm
[0.460s] Level 1:colcon.colcon_core.environment:checking '/home/suvi/poc_arm/install/poc_arm' for CMake module files
[0.461s] Level 1:colcon.colcon_core.environment:checking '/home/suvi/poc_arm/install/poc_arm' for CMake config files
[0.461s] Level 1:colcon.colcon_core.shell:create_environment_hook('poc_arm', 'cmake_prefix_path')
[0.461s] INFO:colcon.colcon_core.shell:Creating environment hook '/home/suvi/poc_arm/install/poc_arm/share/poc_arm/hook/cmake_prefix_path.ps1'
[0.462s] INFO:colcon.colcon_core.shell:Creating environment descriptor '/home/suvi/poc_arm/install/poc_arm/share/poc_arm/hook/cmake_prefix_path.dsv'
[0.464s] INFO:colcon.colcon_core.shell:Creating environment hook '/home/suvi/poc_arm/install/poc_arm/share/poc_arm/hook/cmake_prefix_path.sh'
[0.465s] Level 1:colcon.colcon_core.environment:checking '/home/suvi/poc_arm/install/poc_arm/bin'
[0.465s] Level 1:colcon.colcon_core.environment:checking '/home/suvi/poc_arm/install/poc_arm/lib/pkgconfig/poc_arm.pc'
[0.465s] Level 1:colcon.colcon_core.environment:checking '/home/suvi/poc_arm/install/poc_arm/lib/python3.10/site-packages'
[0.465s] Level 1:colcon.colcon_core.environment:checking '/home/suvi/poc_arm/install/poc_arm/bin'
[0.466s] INFO:colcon.colcon_core.shell:Creating package script '/home/suvi/poc_arm/install/poc_arm/share/poc_arm/package.ps1'
[0.466s] INFO:colcon.colcon_core.shell:Creating package descriptor '/home/suvi/poc_arm/install/poc_arm/share/poc_arm/package.dsv'
[0.466s] INFO:colcon.colcon_core.shell:Creating package script '/home/suvi/poc_arm/install/poc_arm/share/poc_arm/package.sh'
[0.467s] INFO:colcon.colcon_core.shell:Creating package script '/home/suvi/poc_arm/install/poc_arm/share/poc_arm/package.bash'
[0.467s] INFO:colcon.colcon_core.shell:Creating package script '/home/suvi/poc_arm/install/poc_arm/share/poc_arm/package.zsh'
[0.467s] Level 1:colcon.colcon_core.environment:create_file_with_runtime_dependencies(/home/suvi/poc_arm/install/poc_arm/share/colcon-core/packages/poc_arm)
[0.468s] Level 1:colcon.colcon_core.environment:create_environment_scripts_only(poc_arm)
[0.468s] Level 1:colcon.colcon_core.environment:checking '/home/suvi/poc_arm/install/poc_arm' for CMake module files
[0.468s] Level 1:colcon.colcon_core.environment:checking '/home/suvi/poc_arm/install/poc_arm' for CMake config files
[0.468s] Level 1:colcon.colcon_core.shell:create_environment_hook('poc_arm', 'cmake_prefix_path')
[0.468s] INFO:colcon.colcon_core.shell:Creating environment hook '/home/suvi/poc_arm/install/poc_arm/share/poc_arm/hook/cmake_prefix_path.ps1'
[0.468s] INFO:colcon.colcon_core.shell:Creating environment descriptor '/home/suvi/poc_arm/install/poc_arm/share/poc_arm/hook/cmake_prefix_path.dsv'
[0.468s] INFO:colcon.colcon_core.shell:Creating environment hook '/home/suvi/poc_arm/install/poc_arm/share/poc_arm/hook/cmake_prefix_path.sh'
[0.469s] Level 1:colcon.colcon_core.environment:checking '/home/suvi/poc_arm/install/poc_arm/bin'
[0.469s] Level 1:colcon.colcon_core.environment:checking '/home/suvi/poc_arm/install/poc_arm/lib/pkgconfig/poc_arm.pc'
[0.469s] Level 1:colcon.colcon_core.environment:checking '/home/suvi/poc_arm/install/poc_arm/lib/python3.10/site-packages'
[0.469s] Level 1:colcon.colcon_core.environment:checking '/home/suvi/poc_arm/install/poc_arm/bin'
[0.469s] INFO:colcon.colcon_core.shell:Creating package script '/home/suvi/poc_arm/install/poc_arm/share/poc_arm/package.ps1'
[0.470s] INFO:colcon.colcon_core.shell:Creating package descriptor '/home/suvi/poc_arm/install/poc_arm/share/poc_arm/package.dsv'
[0.470s] INFO:colcon.colcon_core.shell:Creating package script '/home/suvi/poc_arm/install/poc_arm/share/poc_arm/package.sh'
[0.470s] INFO:colcon.colcon_core.shell:Creating package script '/home/suvi/poc_arm/install/poc_arm/share/poc_arm/package.bash'
[0.470s] INFO:colcon.colcon_core.shell:Creating package script '/home/suvi/poc_arm/install/poc_arm/share/poc_arm/package.zsh'
[0.471s] Level 1:colcon.colcon_core.environment:create_file_with_runtime_dependencies(/home/suvi/poc_arm/install/poc_arm/share/colcon-core/packages/poc_arm)
[0.471s] INFO:colcon.colcon_ros.task.ament_cmake.build:Building ROS package in '/home/suvi/poc_arm/src/poc_moveit_config' with build type 'ament_cmake'
[0.471s] INFO:colcon.colcon_cmake.task.cmake.build:Building CMake package in '/home/suvi/poc_arm/src/poc_moveit_config'
[0.471s] INFO:colcon.colcon_core.shell:Skip shell extension 'powershell' for command environment: Not usable outside of PowerShell
[0.471s] DEBUG:colcon.colcon_core.shell:Skip shell extension 'dsv' for command environment
[0.474s] Level 1:colcon.colcon_core.environment:create_environment_scripts_only(realsense_gazebo)
[0.474s] Level 1:colcon.colcon_core.environment:checking '/home/suvi/poc_arm/install/realsense_gazebo' for CMake module files
[0.474s] DEBUG:colcon.colcon_core.event_handler.log_command:Invoked command in '/home/suvi/poc_arm/build/realsense_gazebo' returned '0': CMAKE_PREFIX_PATH=/opt/ros/humble /usr/bin/cmake --install /home/suvi/poc_arm/build/realsense_gazebo
[0.475s] Level 1:colcon.colcon_core.environment:checking '/home/suvi/poc_arm/install/realsense_gazebo' for CMake config files
[0.475s] Level 1:colcon.colcon_core.shell:create_environment_hook('realsense_gazebo', 'cmake_prefix_path')
[0.475s] INFO:colcon.colcon_core.shell:Creating environment hook '/home/suvi/poc_arm/install/realsense_gazebo/share/realsense_gazebo/hook/cmake_prefix_path.ps1'
[0.475s] INFO:colcon.colcon_core.shell:Creating environment descriptor '/home/suvi/poc_arm/install/realsense_gazebo/share/realsense_gazebo/hook/cmake_prefix_path.dsv'
[0.475s] INFO:colcon.colcon_core.shell:Creating environment hook '/home/suvi/poc_arm/install/realsense_gazebo/share/realsense_gazebo/hook/cmake_prefix_path.sh'
[0.476s] Level 1:colcon.colcon_core.environment:checking '/home/suvi/poc_arm/install/realsense_gazebo/lib'
[0.476s] Level 1:colcon.colcon_core.environment:checking '/home/suvi/poc_arm/install/realsense_gazebo/bin'
[0.476s] Level 1:colcon.colcon_core.environment:checking '/home/suvi/poc_arm/install/realsense_gazebo/lib/pkgconfig/realsense_gazebo.pc'
[0.476s] Level 1:colcon.colcon_core.environment:checking '/home/suvi/poc_arm/install/realsense_gazebo/lib/python3.10/site-packages'
[0.476s] Level 1:colcon.colcon_core.environment:checking '/home/suvi/poc_arm/install/realsense_gazebo/bin'
[0.476s] INFO:colcon.colcon_core.shell:Creating package script '/home/suvi/poc_arm/install/realsense_gazebo/share/realsense_gazebo/package.ps1'
[0.477s] INFO:colcon.colcon_core.shell:Creating package descriptor '/home/suvi/poc_arm/install/realsense_gazebo/share/realsense_gazebo/package.dsv'
[0.477s] INFO:colcon.colcon_core.shell:Creating package script '/home/suvi/poc_arm/install/realsense_gazebo/share/realsense_gazebo/package.sh'
[0.477s] INFO:colcon.colcon_core.shell:Creating package script '/home/suvi/poc_arm/install/realsense_gazebo/share/realsense_gazebo/package.bash'
[0.477s] INFO:colcon.colcon_core.shell:Creating package script '/home/suvi/poc_arm/install/realsense_gazebo/share/realsense_gazebo/package.zsh'
[0.477s] Level 1:colcon.colcon_core.environment:create_file_with_runtime_dependencies(/home/suvi/poc_arm/install/realsense_gazebo/share/colcon-core/packages/realsense_gazebo)
[0.478s] Level 1:colcon.colcon_core.environment:create_environment_scripts_only(realsense_gazebo)
[0.478s] Level 1:colcon.colcon_core.environment:checking '/home/suvi/poc_arm/install/realsense_gazebo' for CMake module files
[0.478s] Level 1:colcon.colcon_core.environment:checking '/home/suvi/poc_arm/install/realsense_gazebo' for CMake config files
[0.478s] Level 1:colcon.colcon_core.shell:create_environment_hook('realsense_gazebo', 'cmake_prefix_path')
[0.478s] INFO:colcon.colcon_core.shell:Creating environment hook '/home/suvi/poc_arm/install/realsense_gazebo/share/realsense_gazebo/hook/cmake_prefix_path.ps1'
[0.479s] INFO:colcon.colcon_core.shell:Creating environment descriptor '/home/suvi/poc_arm/install/realsense_gazebo/share/realsense_gazebo/hook/cmake_prefix_path.dsv'
[0.479s] INFO:colcon.colcon_core.shell:Creating environment hook '/home/suvi/poc_arm/install/realsense_gazebo/share/realsense_gazebo/hook/cmake_prefix_path.sh'
[0.479s] Level 1:colcon.colcon_core.environment:checking '/home/suvi/poc_arm/install/realsense_gazebo/lib'
[0.479s] Level 1:colcon.colcon_core.environment:checking '/home/suvi/poc_arm/install/realsense_gazebo/bin'
[0.479s] Level 1:colcon.colcon_core.environment:checking '/home/suvi/poc_arm/install/realsense_gazebo/lib/pkgconfig/realsense_gazebo.pc'
[0.479s] Level 1:colcon.colcon_core.environment:checking '/home/suvi/poc_arm/install/realsense_gazebo/lib/python3.10/site-packages'
[0.479s] Level 1:colcon.colcon_core.environment:checking '/home/suvi/poc_arm/install/realsense_gazebo/bin'
[0.480s] INFO:colcon.colcon_core.shell:Creating package script '/home/suvi/poc_arm/install/realsense_gazebo/share/realsense_gazebo/package.ps1'
[0.480s] INFO:colcon.colcon_core.shell:Creating package descriptor '/home/suvi/poc_arm/install/realsense_gazebo/share/realsense_gazebo/package.dsv'
[0.480s] INFO:colcon.colcon_core.shell:Creating package script '/home/suvi/poc_arm/install/realsense_gazebo/share/realsense_gazebo/package.sh'
[0.480s] INFO:colcon.colcon_core.shell:Creating package script '/home/suvi/poc_arm/install/realsense_gazebo/share/realsense_gazebo/package.bash'
[0.480s] INFO:colcon.colcon_core.shell:Creating package script '/home/suvi/poc_arm/install/realsense_gazebo/share/realsense_gazebo/package.zsh'
[0.481s] Level 1:colcon.colcon_core.environment:create_file_with_runtime_dependencies(/home/suvi/poc_arm/install/realsense_gazebo/share/colcon-core/packages/realsense_gazebo)
[0.483s] DEBUG:colcon.colcon_core.event_handler.log_command:Invoking command in '/home/suvi/poc_arm/build/poc_moveit_config': AMENT_PREFIX_PATH=/home/suvi/poc_arm/install/poc_arm:${AMENT_PREFIX_PATH} CMAKE_PREFIX_PATH=/home/suvi/poc_arm/install/poc_arm:/opt/ros/humble /usr/bin/cmake --build /home/suvi/poc_arm/build/poc_moveit_config -- -j12 -l12
[0.652s] DEBUG:colcon.colcon_core.event_handler.log_command:Invoked command in '/home/suvi/poc_arm/build/poc_moveit_config' returned '0': AMENT_PREFIX_PATH=/home/suvi/poc_arm/install/poc_arm:${AMENT_PREFIX_PATH} CMAKE_PREFIX_PATH=/home/suvi/poc_arm/install/poc_arm:/opt/ros/humble /usr/bin/cmake --build /home/suvi/poc_arm/build/poc_moveit_config -- -j12 -l12
[0.654s] DEBUG:colcon.colcon_core.event_handler.log_command:Invoking command in '/home/suvi/poc_arm/build/poc_moveit_config': AMENT_PREFIX_PATH=/home/suvi/poc_arm/install/poc_arm:${AMENT_PREFIX_PATH} CMAKE_PREFIX_PATH=/home/suvi/poc_arm/install/poc_arm:/opt/ros/humble /usr/bin/cmake --install /home/suvi/poc_arm/build/poc_moveit_config
[0.663s] Level 1:colcon.colcon_core.environment:create_environment_scripts_only(poc_moveit_config)
[0.663s] Level 1:colcon.colcon_core.environment:checking '/home/suvi/poc_arm/install/poc_moveit_config' for CMake module files
[0.663s] DEBUG:colcon.colcon_core.event_handler.log_command:Invoked command in '/home/suvi/poc_arm/build/poc_moveit_config' returned '0': AMENT_PREFIX_PATH=/home/suvi/poc_arm/install/poc_arm:${AMENT_PREFIX_PATH} CMAKE_PREFIX_PATH=/home/suvi/poc_arm/install/poc_arm:/opt/ros/humble /usr/bin/cmake --install /home/suvi/poc_arm/build/poc_moveit_config
[0.664s] Level 1:colcon.colcon_core.environment:checking '/home/suvi/poc_arm/install/poc_moveit_config' for CMake config files
[0.664s] Level 1:colcon.colcon_core.shell:create_environment_hook('poc_moveit_config', 'cmake_prefix_path')
[0.664s] INFO:colcon.colcon_core.shell:Creating environment hook '/home/suvi/poc_arm/install/poc_moveit_config/share/poc_moveit_config/hook/cmake_prefix_path.ps1'
[0.664s] INFO:colcon.colcon_core.shell:Creating environment descriptor '/home/suvi/poc_arm/install/poc_moveit_config/share/poc_moveit_config/hook/cmake_prefix_path.dsv'
[0.664s] INFO:colcon.colcon_core.shell:Creating environment hook '/home/suvi/poc_arm/install/poc_moveit_config/share/poc_moveit_config/hook/cmake_prefix_path.sh'
[0.665s] Level 1:colcon.colcon_core.environment:checking '/home/suvi/poc_arm/install/poc_moveit_config/bin'
[0.665s] Level 1:colcon.colcon_core.environment:checking '/home/suvi/poc_arm/install/poc_moveit_config/lib/pkgconfig/poc_moveit_config.pc'
[0.665s] Level 1:colcon.colcon_core.environment:checking '/home/suvi/poc_arm/install/poc_moveit_config/lib/python3.10/site-packages'
[0.665s] Level 1:colcon.colcon_core.environment:checking '/home/suvi/poc_arm/install/poc_moveit_config/bin'
[0.665s] INFO:colcon.colcon_core.shell:Creating package script '/home/suvi/poc_arm/install/poc_moveit_config/share/poc_moveit_config/package.ps1'
[0.665s] INFO:colcon.colcon_core.shell:Creating package descriptor '/home/suvi/poc_arm/install/poc_moveit_config/share/poc_moveit_config/package.dsv'
[0.665s] INFO:colcon.colcon_core.shell:Creating package script '/home/suvi/poc_arm/install/poc_moveit_config/share/poc_moveit_config/package.sh'
[0.666s] INFO:colcon.colcon_core.shell:Creating package script '/home/suvi/poc_arm/install/poc_moveit_config/share/poc_moveit_config/package.bash'
[0.666s] INFO:colcon.colcon_core.shell:Creating package script '/home/suvi/poc_arm/install/poc_moveit_config/share/poc_moveit_config/package.zsh'
[0.666s] Level 1:colcon.colcon_core.environment:create_file_with_runtime_dependencies(/home/suvi/poc_arm/install/poc_moveit_config/share/colcon-core/packages/poc_moveit_config)
[0.666s] Level 1:colcon.colcon_core.environment:create_environment_scripts_only(poc_moveit_config)
[0.666s] Level 1:colcon.colcon_core.environment:checking '/home/suvi/poc_arm/install/poc_moveit_config' for CMake module files
[0.667s] Level 1:colcon.colcon_core.environment:checking '/home/suvi/poc_arm/install/poc_moveit_config' for CMake config files
[0.667s] Level 1:colcon.colcon_core.shell:create_environment_hook('poc_moveit_config', 'cmake_prefix_path')
[0.667s] INFO:colcon.colcon_core.shell:Creating environment hook '/home/suvi/poc_arm/install/poc_moveit_config/share/poc_moveit_config/hook/cmake_prefix_path.ps1'
[0.667s] INFO:colcon.colcon_core.shell:Creating environment descriptor '/home/suvi/poc_arm/install/poc_moveit_config/share/poc_moveit_config/hook/cmake_prefix_path.dsv'
[0.667s] INFO:colcon.colcon_core.shell:Creating environment hook '/home/suvi/poc_arm/install/poc_moveit_config/share/poc_moveit_config/hook/cmake_prefix_path.sh'
[0.668s] Level 1:colcon.colcon_core.environment:checking '/home/suvi/poc_arm/install/poc_moveit_config/bin'
[0.668s] Level 1:colcon.colcon_core.environment:checking '/home/suvi/poc_arm/install/poc_moveit_config/lib/pkgconfig/poc_moveit_config.pc'
[0.668s] Level 1:colcon.colcon_core.environment:checking '/home/suvi/poc_arm/install/poc_moveit_config/lib/python3.10/site-packages'
[0.668s] Level 1:colcon.colcon_core.environment:checking '/home/suvi/poc_arm/install/poc_moveit_config/bin'
[0.668s] INFO:colcon.colcon_core.shell:Creating package script '/home/suvi/poc_arm/install/poc_moveit_config/share/poc_moveit_config/package.ps1'
[0.668s] INFO:colcon.colcon_core.shell:Creating package descriptor '/home/suvi/poc_arm/install/poc_moveit_config/share/poc_moveit_config/package.dsv'
[0.668s] INFO:colcon.colcon_core.shell:Creating package script '/home/suvi/poc_arm/install/poc_moveit_config/share/poc_moveit_config/package.sh'
[0.669s] INFO:colcon.colcon_core.shell:Creating package script '/home/suvi/poc_arm/install/poc_moveit_config/share/poc_moveit_config/package.bash'
[0.669s] INFO:colcon.colcon_core.shell:Creating package script '/home/suvi/poc_arm/install/poc_moveit_config/share/poc_moveit_config/package.zsh'
[0.669s] Level 1:colcon.colcon_core.environment:create_file_with_runtime_dependencies(/home/suvi/poc_arm/install/poc_moveit_config/share/colcon-core/packages/poc_moveit_config)
[1.521s] DEBUG:colcon.colcon_core.event_handler.log_command:Invoked command in '/home/suvi/poc_arm/build/my_robot_interfaces' returned '0': CMAKE_PREFIX_PATH=/opt/ros/humble /usr/bin/cmake --build /home/suvi/poc_arm/build/my_robot_interfaces -- -j12 -l12
[1.522s] DEBUG:colcon.colcon_core.event_handler.log_command:Invoking command in '/home/suvi/poc_arm/build/my_robot_interfaces': CMAKE_PREFIX_PATH=/opt/ros/humble /usr/bin/cmake --install /home/suvi/poc_arm/build/my_robot_interfaces
[1.556s] Level 1:colcon.colcon_core.environment:create_environment_scripts_only(my_robot_interfaces)
[1.556s] DEBUG:colcon.colcon_core.event_handler.log_command:Invoked command in '/home/suvi/poc_arm/build/my_robot_interfaces' returned '0': CMAKE_PREFIX_PATH=/opt/ros/humble /usr/bin/cmake --install /home/suvi/poc_arm/build/my_robot_interfaces
[1.557s] Level 1:colcon.colcon_core.environment:checking '/home/suvi/poc_arm/install/my_robot_interfaces' for CMake module files
[1.557s] Level 1:colcon.colcon_core.environment:checking '/home/suvi/poc_arm/install/my_robot_interfaces' for CMake config files
[1.557s] Level 1:colcon.colcon_core.shell:create_environment_hook('my_robot_interfaces', 'cmake_prefix_path')
[1.557s] INFO:colcon.colcon_core.shell:Creating environment hook '/home/suvi/poc_arm/install/my_robot_interfaces/share/my_robot_interfaces/hook/cmake_prefix_path.ps1'
[1.558s] INFO:colcon.colcon_core.shell:Creating environment descriptor '/home/suvi/poc_arm/install/my_robot_interfaces/share/my_robot_interfaces/hook/cmake_prefix_path.dsv'
[1.558s] INFO:colcon.colcon_core.shell:Creating environment hook '/home/suvi/poc_arm/install/my_robot_interfaces/share/my_robot_interfaces/hook/cmake_prefix_path.sh'
[1.558s] Level 1:colcon.colcon_core.environment:checking '/home/suvi/poc_arm/install/my_robot_interfaces/lib'
[1.558s] Level 1:colcon.colcon_core.shell:create_environment_hook('my_robot_interfaces', 'ld_library_path_lib')
[1.558s] INFO:colcon.colcon_core.shell:Creating environment hook '/home/suvi/poc_arm/install/my_robot_interfaces/share/my_robot_interfaces/hook/ld_library_path_lib.ps1'
[1.558s] INFO:colcon.colcon_core.shell:Creating environment descriptor '/home/suvi/poc_arm/install/my_robot_interfaces/share/my_robot_interfaces/hook/ld_library_path_lib.dsv'
[1.559s] INFO:colcon.colcon_core.shell:Creating environment hook '/home/suvi/poc_arm/install/my_robot_interfaces/share/my_robot_interfaces/hook/ld_library_path_lib.sh'
[1.559s] Level 1:colcon.colcon_core.environment:checking '/home/suvi/poc_arm/install/my_robot_interfaces/bin'
[1.559s] Level 1:colcon.colcon_core.environment:checking '/home/suvi/poc_arm/install/my_robot_interfaces/lib/pkgconfig/my_robot_interfaces.pc'
[1.559s] Level 1:colcon.colcon_core.environment:checking '/home/suvi/poc_arm/install/my_robot_interfaces/lib/python3.10/site-packages'
[1.559s] Level 1:colcon.colcon_core.environment:checking '/home/suvi/poc_arm/install/my_robot_interfaces/bin'
[1.559s] INFO:colcon.colcon_core.shell:Creating package script '/home/suvi/poc_arm/install/my_robot_interfaces/share/my_robot_interfaces/package.ps1'
[1.560s] INFO:colcon.colcon_core.shell:Creating package descriptor '/home/suvi/poc_arm/install/my_robot_interfaces/share/my_robot_interfaces/package.dsv'
[1.560s] INFO:colcon.colcon_core.shell:Creating package script '/home/suvi/poc_arm/install/my_robot_interfaces/share/my_robot_interfaces/package.sh'
[1.560s] INFO:colcon.colcon_core.shell:Creating package script '/home/suvi/poc_arm/install/my_robot_interfaces/share/my_robot_interfaces/package.bash'
[1.560s] INFO:colcon.colcon_core.shell:Creating package script '/home/suvi/poc_arm/install/my_robot_interfaces/share/my_robot_interfaces/package.zsh'
[1.560s] Level 1:colcon.colcon_core.environment:create_file_with_runtime_dependencies(/home/suvi/poc_arm/install/my_robot_interfaces/share/colcon-core/packages/my_robot_interfaces)
[1.561s] Level 1:colcon.colcon_core.environment:create_environment_scripts_only(my_robot_interfaces)
[1.561s] Level 1:colcon.colcon_core.environment:checking '/home/suvi/poc_arm/install/my_robot_interfaces' for CMake module files
[1.561s] Level 1:colcon.colcon_core.environment:checking '/home/suvi/poc_arm/install/my_robot_interfaces' for CMake config files
[1.561s] Level 1:colcon.colcon_core.shell:create_environment_hook('my_robot_interfaces', 'cmake_prefix_path')
[1.561s] INFO:colcon.colcon_core.shell:Creating environment hook '/home/suvi/poc_arm/install/my_robot_interfaces/share/my_robot_interfaces/hook/cmake_prefix_path.ps1'
[1.562s] INFO:colcon.colcon_core.shell:Creating environment descriptor '/home/suvi/poc_arm/install/my_robot_interfaces/share/my_robot_interfaces/hook/cmake_prefix_path.dsv'
[1.562s] INFO:colcon.colcon_core.shell:Creating environment hook '/home/suvi/poc_arm/install/my_robot_interfaces/share/my_robot_interfaces/hook/cmake_prefix_path.sh'
[1.562s] Level 1:colcon.colcon_core.environment:checking '/home/suvi/poc_arm/install/my_robot_interfaces/lib'
[1.562s] Level 1:colcon.colcon_core.shell:create_environment_hook('my_robot_interfaces', 'ld_library_path_lib')
[1.562s] INFO:colcon.colcon_core.shell:Creating environment hook '/home/suvi/poc_arm/install/my_robot_interfaces/share/my_robot_interfaces/hook/ld_library_path_lib.ps1'
[1.562s] INFO:colcon.colcon_core.shell:Creating environment descriptor '/home/suvi/poc_arm/install/my_robot_interfaces/share/my_robot_interfaces/hook/ld_library_path_lib.dsv'
[1.563s] INFO:colcon.colcon_core.shell:Creating environment hook '/home/suvi/poc_arm/install/my_robot_interfaces/share/my_robot_interfaces/hook/ld_library_path_lib.sh'
[1.563s] Level 1:colcon.colcon_core.environment:checking '/home/suvi/poc_arm/install/my_robot_interfaces/bin'
[1.563s] Level 1:colcon.colcon_core.environment:checking '/home/suvi/poc_arm/install/my_robot_interfaces/lib/pkgconfig/my_robot_interfaces.pc'
[1.563s] Level 1:colcon.colcon_core.environment:checking '/home/suvi/poc_arm/install/my_robot_interfaces/lib/python3.10/site-packages'
[1.563s] Level 1:colcon.colcon_core.environment:checking '/home/suvi/poc_arm/install/my_robot_interfaces/bin'
[1.563s] INFO:colcon.colcon_core.shell:Creating package script '/home/suvi/poc_arm/install/my_robot_interfaces/share/my_robot_interfaces/package.ps1'
[1.564s] INFO:colcon.colcon_core.shell:Creating package descriptor '/home/suvi/poc_arm/install/my_robot_interfaces/share/my_robot_interfaces/package.dsv'
[1.564s] INFO:colcon.colcon_core.shell:Creating package script '/home/suvi/poc_arm/install/my_robot_interfaces/share/my_robot_interfaces/package.sh'
[1.564s] INFO:colcon.colcon_core.shell:Creating package script '/home/suvi/poc_arm/install/my_robot_interfaces/share/my_robot_interfaces/package.bash'
[1.564s] INFO:colcon.colcon_core.shell:Creating package script '/home/suvi/poc_arm/install/my_robot_interfaces/share/my_robot_interfaces/package.zsh'
[1.565s] Level 1:colcon.colcon_core.environment:create_file_with_runtime_dependencies(/home/suvi/poc_arm/install/my_robot_interfaces/share/colcon-core/packages/my_robot_interfaces)
[1.565s] INFO:colcon.colcon_ros.task.ament_cmake.build:Building ROS package in '/home/suvi/poc_arm/src/my_robot_commander_cpp' with build type 'ament_cmake'
[1.565s] INFO:colcon.colcon_cmake.task.cmake.build:Building CMake package in '/home/suvi/poc_arm/src/my_robot_commander_cpp'
[1.565s] INFO:colcon.colcon_core.shell:Skip shell extension 'powershell' for command environment: Not usable outside of PowerShell
[1.565s] DEBUG:colcon.colcon_core.shell:Skip shell extension 'dsv' for command environment
[1.573s] DEBUG:colcon.colcon_core.event_handler.log_command:Invoking command in '/home/suvi/poc_arm/build/my_robot_commander_cpp': AMENT_PREFIX_PATH=/home/suvi/poc_arm/install/my_robot_interfaces:${AMENT_PREFIX_PATH} CMAKE_PREFIX_PATH=/home/suvi/poc_arm/install/my_robot_interfaces:/opt/ros/humble LD_LIBRARY_PATH=/home/suvi/poc_arm/install/my_robot_interfaces/lib:/usr/lib/x86_64-linux-gnu/gazebo-11/plugins:/opt/ros/humble/opt/rviz_ogre_vendor/lib:/opt/ros/humble/lib/x86_64-linux-gnu:/opt/ros/humble/lib:/usr/share/gazebo/../../lib/x86_64-linux-gnu/gazebo-11/plugins PYTHONPATH=/home/suvi/poc_arm/install/my_robot_interfaces/local/lib/python3.10/dist-packages:${PYTHONPATH} /usr/bin/cmake --build /home/suvi/poc_arm/build/my_robot_commander_cpp -- -j12 -l12
[11.126s] DEBUG:colcon.colcon_core.event_handler.log_command:Invoked command in '/home/suvi/poc_arm/build/my_robot_commander_cpp' returned '0': AMENT_PREFIX_PATH=/home/suvi/poc_arm/install/my_robot_interfaces:${AMENT_PREFIX_PATH} CMAKE_PREFIX_PATH=/home/suvi/poc_arm/install/my_robot_interfaces:/opt/ros/humble LD_LIBRARY_PATH=/home/suvi/poc_arm/install/my_robot_interfaces/lib:/usr/lib/x86_64-linux-gnu/gazebo-11/plugins:/opt/ros/humble/opt/rviz_ogre_vendor/lib:/opt/ros/humble/lib/x86_64-linux-gnu:/opt/ros/humble/lib:/usr/share/gazebo/../../lib/x86_64-linux-gnu/gazebo-11/plugins PYTHONPATH=/home/suvi/poc_arm/install/my_robot_interfaces/local/lib/python3.10/dist-packages:${PYTHONPATH} /usr/bin/cmake --build /home/suvi/poc_arm/build/my_robot_commander_cpp -- -j12 -l12
[11.128s] DEBUG:colcon.colcon_core.event_handler.log_command:Invoking command in '/home/suvi/poc_arm/build/my_robot_commander_cpp': AMENT_PREFIX_PATH=/home/suvi/poc_arm/install/my_robot_interfaces:${AMENT_PREFIX_PATH} CMAKE_PREFIX_PATH=/home/suvi/poc_arm/install/my_robot_interfaces:/opt/ros/humble LD_LIBRARY_PATH=/home/suvi/poc_arm/install/my_robot_interfaces/lib:/usr/lib/x86_64-linux-gnu/gazebo-11/plugins:/opt/ros/humble/opt/rviz_ogre_vendor/lib:/opt/ros/humble/lib/x86_64-linux-gnu:/opt/ros/humble/lib:/usr/share/gazebo/../../lib/x86_64-linux-gnu/gazebo-11/plugins PYTHONPATH=/home/suvi/poc_arm/install/my_robot_interfaces/local/lib/python3.10/dist-packages:${PYTHONPATH} /usr/bin/cmake --install /home/suvi/poc_arm/build/my_robot_commander_cpp
[11.137s] Level 1:colcon.colcon_core.environment:create_environment_scripts_only(my_robot_commander_cpp)
[11.137s] Level 1:colcon.colcon_core.environment:checking '/home/suvi/poc_arm/install/my_robot_commander_cpp' for CMake module files
[11.137s] DEBUG:colcon.colcon_core.event_handler.log_command:Invoked command in '/home/suvi/poc_arm/build/my_robot_commander_cpp' returned '0': AMENT_PREFIX_PATH=/home/suvi/poc_arm/install/my_robot_interfaces:${AMENT_PREFIX_PATH} CMAKE_PREFIX_PATH=/home/suvi/poc_arm/install/my_robot_interfaces:/opt/ros/humble LD_LIBRARY_PATH=/home/suvi/poc_arm/install/my_robot_interfaces/lib:/usr/lib/x86_64-linux-gnu/gazebo-11/plugins:/opt/ros/humble/opt/rviz_ogre_vendor/lib:/opt/ros/humble/lib/x86_64-linux-gnu:/opt/ros/humble/lib:/usr/share/gazebo/../../lib/x86_64-linux-gnu/gazebo-11/plugins PYTHONPATH=/home/suvi/poc_arm/install/my_robot_interfaces/local/lib/python3.10/dist-packages:${PYTHONPATH} /usr/bin/cmake --install /home/suvi/poc_arm/build/my_robot_commander_cpp
[11.137s] Level 1:colcon.colcon_core.environment:checking '/home/suvi/poc_arm/install/my_robot_commander_cpp' for CMake config files
[11.138s] Level 1:colcon.colcon_core.shell:create_environment_hook('my_robot_commander_cpp', 'cmake_prefix_path')
[11.138s] INFO:colcon.colcon_core.shell:Creating environment hook '/home/suvi/poc_arm/install/my_robot_commander_cpp/share/my_robot_commander_cpp/hook/cmake_prefix_path.ps1'
[11.138s] INFO:colcon.colcon_core.shell:Creating environment descriptor '/home/suvi/poc_arm/install/my_robot_commander_cpp/share/my_robot_commander_cpp/hook/cmake_prefix_path.dsv'
[11.138s] INFO:colcon.colcon_core.shell:Creating environment hook '/home/suvi/poc_arm/install/my_robot_commander_cpp/share/my_robot_commander_cpp/hook/cmake_prefix_path.sh'
[11.138s] Level 1:colcon.colcon_core.environment:checking '/home/suvi/poc_arm/install/my_robot_commander_cpp/lib'
[11.139s] Level 1:colcon.colcon_core.environment:checking '/home/suvi/poc_arm/install/my_robot_commander_cpp/bin'
[11.139s] Level 1:colcon.colcon_core.environment:checking '/home/suvi/poc_arm/install/my_robot_commander_cpp/lib/pkgconfig/my_robot_commander_cpp.pc'
[11.139s] Level 1:colcon.colcon_core.environment:checking '/home/suvi/poc_arm/install/my_robot_commander_cpp/lib/python3.10/site-packages'
[11.139s] Level 1:colcon.colcon_core.environment:checking '/home/suvi/poc_arm/install/my_robot_commander_cpp/bin'
[11.139s] INFO:colcon.colcon_core.shell:Creating package script '/home/suvi/poc_arm/install/my_robot_commander_cpp/share/my_robot_commander_cpp/package.ps1'
[11.139s] INFO:colcon.colcon_core.shell:Creating package descriptor '/home/suvi/poc_arm/install/my_robot_commander_cpp/share/my_robot_commander_cpp/package.dsv'
[11.140s] INFO:colcon.colcon_core.shell:Creating package script '/home/suvi/poc_arm/install/my_robot_commander_cpp/share/my_robot_commander_cpp/package.sh'
[11.140s] INFO:colcon.colcon_core.shell:Creating package script '/home/suvi/poc_arm/install/my_robot_commander_cpp/share/my_robot_commander_cpp/package.bash'
[11.140s] INFO:colcon.colcon_core.shell:Creating package script '/home/suvi/poc_arm/install/my_robot_commander_cpp/share/my_robot_commander_cpp/package.zsh'
[11.140s] Level 1:colcon.colcon_core.environment:create_file_with_runtime_dependencies(/home/suvi/poc_arm/install/my_robot_commander_cpp/share/colcon-core/packages/my_robot_commander_cpp)
[11.140s] Level 1:colcon.colcon_core.environment:create_environment_scripts_only(my_robot_commander_cpp)
[11.140s] Level 1:colcon.colcon_core.environment:checking '/home/suvi/poc_arm/install/my_robot_commander_cpp' for CMake module files
[11.141s] Level 1:colcon.colcon_core.environment:checking '/home/suvi/poc_arm/install/my_robot_commander_cpp' for CMake config files
[11.141s] Level 1:colcon.colcon_core.shell:create_environment_hook('my_robot_commander_cpp', 'cmake_prefix_path')
[11.141s] INFO:colcon.colcon_core.shell:Creating environment hook '/home/suvi/poc_arm/install/my_robot_commander_cpp/share/my_robot_commander_cpp/hook/cmake_prefix_path.ps1'
[11.141s] INFO:colcon.colcon_core.shell:Creating environment descriptor '/home/suvi/poc_arm/install/my_robot_commander_cpp/share/my_robot_commander_cpp/hook/cmake_prefix_path.dsv'
[11.141s] INFO:colcon.colcon_core.shell:Creating environment hook '/home/suvi/poc_arm/install/my_robot_commander_cpp/share/my_robot_commander_cpp/hook/cmake_prefix_path.sh'
[11.141s] Level 1:colcon.colcon_core.environment:checking '/home/suvi/poc_arm/install/my_robot_commander_cpp/lib'
[11.141s] Level 1:colcon.colcon_core.environment:checking '/home/suvi/poc_arm/install/my_robot_commander_cpp/bin'
[11.141s] Level 1:colcon.colcon_core.environment:checking '/home/suvi/poc_arm/install/my_robot_commander_cpp/lib/pkgconfig/my_robot_commander_cpp.pc'
[11.142s] Level 1:colcon.colcon_core.environment:checking '/home/suvi/poc_arm/install/my_robot_commander_cpp/lib/python3.10/site-packages'
[11.142s] Level 1:colcon.colcon_core.environment:checking '/home/suvi/poc_arm/install/my_robot_commander_cpp/bin'
[11.142s] INFO:colcon.colcon_core.shell:Creating package script '/home/suvi/poc_arm/install/my_robot_commander_cpp/share/my_robot_commander_cpp/package.ps1'
[11.142s] INFO:colcon.colcon_core.shell:Creating package descriptor '/home/suvi/poc_arm/install/my_robot_commander_cpp/share/my_robot_commander_cpp/package.dsv'
[11.142s] INFO:colcon.colcon_core.shell:Creating package script '/home/suvi/poc_arm/install/my_robot_commander_cpp/share/my_robot_commander_cpp/package.sh'
[11.143s] INFO:colcon.colcon_core.shell:Creating package script '/home/suvi/poc_arm/install/my_robot_commander_cpp/share/my_robot_commander_cpp/package.bash'
[11.143s] INFO:colcon.colcon_core.shell:Creating package script '/home/suvi/poc_arm/install/my_robot_commander_cpp/share/my_robot_commander_cpp/package.zsh'
[11.143s] Level 1:colcon.colcon_core.environment:create_file_with_runtime_dependencies(/home/suvi/poc_arm/install/my_robot_commander_cpp/share/colcon-core/packages/my_robot_commander_cpp)
[11.143s] DEBUG:colcon.colcon_parallel_executor.executor.parallel:closing loop
[11.143s] DEBUG:colcon.colcon_parallel_executor.executor.parallel:loop closed
[11.143s] DEBUG:colcon.colcon_parallel_executor.executor.parallel:run_until_complete finished with '0'
[11.143s] DEBUG:colcon.colcon_core.event_reactor:joining thread
[11.147s] INFO:colcon.colcon_core.plugin_system:Skipping extension 'colcon_notification.desktop_notification.terminal_notifier': Not used on non-Darwin systems
[11.147s] INFO:colcon.colcon_core.plugin_system:Skipping extension 'colcon_notification.desktop_notification.win32': Not used on non-Windows systems
[11.147s] INFO:colcon.colcon_notification.desktop_notification:Sending desktop notification using 'notify2'
[11.156s] DEBUG:colcon.colcon_core.event_reactor:joined thread
[11.156s] INFO:colcon.colcon_core.shell:Creating prefix script '/home/suvi/poc_arm/install/local_setup.ps1'
[11.157s] INFO:colcon.colcon_core.shell:Creating prefix util module '/home/suvi/poc_arm/install/_local_setup_util_ps1.py'
[11.158s] INFO:colcon.colcon_core.shell:Creating prefix chain script '/home/suvi/poc_arm/install/setup.ps1'
[11.158s] INFO:colcon.colcon_core.shell:Creating prefix script '/home/suvi/poc_arm/install/local_setup.sh'
[11.159s] INFO:colcon.colcon_core.shell:Creating prefix util module '/home/suvi/poc_arm/install/_local_setup_util_sh.py'
[11.159s] INFO:colcon.colcon_core.shell:Creating prefix chain script '/home/suvi/poc_arm/install/setup.sh'
[11.160s] INFO:colcon.colcon_core.shell:Creating prefix script '/home/suvi/poc_arm/install/local_setup.bash'
[11.160s] INFO:colcon.colcon_core.shell:Creating prefix chain script '/home/suvi/poc_arm/install/setup.bash'
[11.160s] INFO:colcon.colcon_core.shell:Creating prefix script '/home/suvi/poc_arm/install/local_setup.zsh'
[11.161s] INFO:colcon.colcon_core.shell:Creating prefix chain script '/home/suvi/poc_arm/install/setup.zsh'
