[ 33%] Built target commander
[ 83%] Built target test_moveit
[100%] Built target print_current_pose
-- Install configuration: ""
-- Up-to-date: /home/suvi/poc_arm/install/my_robot_commander_cpp/lib/my_robot_commander_cpp/test_moveit
-- Up-to-date: /home/suvi/poc_arm/install/my_robot_commander_cpp/lib/my_robot_commander_cpp/commander
-- Up-to-date: /home/suvi/poc_arm/install/my_robot_commander_cpp/lib/my_robot_commander_cpp/print_current_pose
-- Up-to-date: /home/suvi/poc_arm/install/my_robot_commander_cpp/share/ament_index/resource_index/package_run_dependencies/my_robot_commander_cpp
-- Up-to-date: /home/suvi/poc_arm/install/my_robot_commander_cpp/share/ament_index/resource_index/parent_prefix_path/my_robot_commander_cpp
-- Up-to-date: /home/suvi/poc_arm/install/my_robot_commander_cpp/share/my_robot_commander_cpp/environment/ament_prefix_path.sh
-- Up-to-date: /home/suvi/poc_arm/install/my_robot_commander_cpp/share/my_robot_commander_cpp/environment/ament_prefix_path.dsv
-- Up-to-date: /home/suvi/poc_arm/install/my_robot_commander_cpp/share/my_robot_commander_cpp/environment/path.sh
-- Up-to-date: /home/suvi/poc_arm/install/my_robot_commander_cpp/share/my_robot_commander_cpp/environment/path.dsv
-- Up-to-date: /home/suvi/poc_arm/install/my_robot_commander_cpp/share/my_robot_commander_cpp/local_setup.bash
-- Up-to-date: /home/suvi/poc_arm/install/my_robot_commander_cpp/share/my_robot_commander_cpp/local_setup.sh
-- Up-to-date: /home/suvi/poc_arm/install/my_robot_commander_cpp/share/my_robot_commander_cpp/local_setup.zsh
-- Up-to-date: /home/suvi/poc_arm/install/my_robot_commander_cpp/share/my_robot_commander_cpp/local_setup.dsv
-- Installing: /home/suvi/poc_arm/install/my_robot_commander_cpp/share/my_robot_commander_cpp/package.dsv
-- Up-to-date: /home/suvi/poc_arm/install/my_robot_commander_cpp/share/ament_index/resource_index/packages/my_robot_commander_cpp
-- Up-to-date: /home/suvi/poc_arm/install/my_robot_commander_cpp/share/my_robot_commander_cpp/cmake/my_robot_commander_cppConfig.cmake
-- Up-to-date: /home/suvi/poc_arm/install/my_robot_commander_cpp/share/my_robot_commander_cpp/cmake/my_robot_commander_cppConfig-version.cmake
-- Up-to-date: /home/suvi/poc_arm/install/my_robot_commander_cpp/share/my_robot_commander_cpp/package.xml
