[0.011s] Invoking command in '/home/suvi/poc_arm/build/gazebo_ros_link_attacher': /usr/bin/cmake /home/suvi/poc_arm/src/gazebo_ros_link_attacher -DCATKIN_INSTALL_INTO_PREFIX_ROOT=0 -DCMAKE_INSTALL_PREFIX=/home/suvi/poc_arm/install/gazebo_ros_link_attacher
[0.015s] [0mCMake Deprecation Warning at CMakeLists.txt:1 (cmake_minimum_required):
[0.015s]   Compatibility with CMake < 2.8.12 will be removed from a future version of
[0.015s]   CMake.
[0.015s] 
[0.015s]   Update the VERSION argument <min> value or use a ...<max> suffix to tell
[0.016s]   CMake that the project does not need compatibility with older versions.
[0.016s] 
[0.016s] [0m
[0.037s] [31mCMake Error at CMakeLists.txt:20 (find_package):
[0.037s]   By not providing "Findcatkin.cmake" in CMAKE_MODULE_PATH this project has
[0.037s]   asked CMake to find a package configuration file provided by "catkin", but
[0.038s]   CMake did not find one.
[0.038s] 
[0.038s]   Could not find a package configuration file provided by "catkin" with any
[0.038s]   of the following names:
[0.038s] 
[0.038s]     catkinConfig.cmake
[0.038s]     catkin-config.cmake
[0.038s] 
[0.038s]   Add the installation prefix of "catkin" to CMAKE_PREFIX_PATH or set
[0.038s]   "catkin_DIR" to a directory containing one of the above files.  If "catkin"
[0.039s]   provides a separate development package or SDK, be sure it has been
[0.039s]   installed.
[0.039s] 
[0.039s] [0m
[0.039s] -- Configuring incomplete, errors occurred!
[0.039s] See also "/home/suvi/poc_arm/build/gazebo_ros_link_attacher/CMakeFiles/CMakeOutput.log".
[0.048s] Invoked command in '/home/suvi/poc_arm/build/gazebo_ros_link_attacher' returned '1': /usr/bin/cmake /home/suvi/poc_arm/src/gazebo_ros_link_attacher -DCATKIN_INSTALL_INTO_PREFIX_ROOT=0 -DCMAKE_INSTALL_PREFIX=/home/suvi/poc_arm/install/gazebo_ros_link_attacher
