-- Install configuration: ""
-- Up-to-date: /home/suvi/poc_arm/install/poc_arm/share/poc_arm/launch
-- Up-to-date: /home/suvi/poc_arm/install/poc_arm/share/poc_arm/launch/display.launch.xml
-- Up-to-date: /home/suvi/poc_arm/install/poc_arm/share/poc_arm/rviz
-- Up-to-date: /home/suvi/poc_arm/install/poc_arm/share/poc_arm/rviz/urdf_config.rviz
-- Up-to-date: /home/suvi/poc_arm/install/poc_arm/share/poc_arm/urdf
-- Up-to-date: /home/suvi/poc_arm/install/poc_arm/share/poc_arm/urdf/poc_arm_sim.urdf.xacro
-- Up-to-date: /home/suvi/poc_arm/install/poc_arm/share/poc_arm/urdf/camera_rgbd.xacro
-- Up-to-date: /home/suvi/poc_arm/install/poc_arm/share/poc_arm/urdf/poc_arm_sim.urdf1.xacro
-- Up-to-date: /home/suvi/poc_arm/install/poc_arm/share/poc_arm/meshes
-- Up-to-date: /home/suvi/poc_arm/install/poc_arm/share/poc_arm/meshes/shoulder_roll_link.STL
-- Up-to-date: /home/suvi/poc_arm/install/poc_arm/share/poc_arm/meshes/shoulder_yaw_link.STL
-- Up-to-date: /home/suvi/poc_arm/install/poc_arm/share/poc_arm/meshes/wrist_yaw_link.STL
-- Up-to-date: /home/suvi/poc_arm/install/poc_arm/share/poc_arm/meshes/wrist_pitch_link.STL
-- Up-to-date: /home/suvi/poc_arm/install/poc_arm/share/poc_arm/meshes/shoulder_base_link.STL
-- Up-to-date: /home/suvi/poc_arm/install/poc_arm/share/poc_arm/meshes/shoulder_pitch_link.STL
-- Up-to-date: /home/suvi/poc_arm/install/poc_arm/share/poc_arm/meshes/wrist_roll_link.STL
-- Up-to-date: /home/suvi/poc_arm/install/poc_arm/share/poc_arm/meshes/elbow_link.STL
-- Up-to-date: /home/suvi/poc_arm/install/poc_arm/share/ament_index/resource_index/package_run_dependencies/poc_arm
-- Up-to-date: /home/suvi/poc_arm/install/poc_arm/share/ament_index/resource_index/parent_prefix_path/poc_arm
-- Up-to-date: /home/suvi/poc_arm/install/poc_arm/share/poc_arm/environment/ament_prefix_path.sh
-- Up-to-date: /home/suvi/poc_arm/install/poc_arm/share/poc_arm/environment/ament_prefix_path.dsv
-- Up-to-date: /home/suvi/poc_arm/install/poc_arm/share/poc_arm/environment/path.sh
-- Up-to-date: /home/suvi/poc_arm/install/poc_arm/share/poc_arm/environment/path.dsv
-- Up-to-date: /home/suvi/poc_arm/install/poc_arm/share/poc_arm/local_setup.bash
-- Up-to-date: /home/suvi/poc_arm/install/poc_arm/share/poc_arm/local_setup.sh
-- Up-to-date: /home/suvi/poc_arm/install/poc_arm/share/poc_arm/local_setup.zsh
-- Up-to-date: /home/suvi/poc_arm/install/poc_arm/share/poc_arm/local_setup.dsv
-- Installing: /home/suvi/poc_arm/install/poc_arm/share/poc_arm/package.dsv
-- Up-to-date: /home/suvi/poc_arm/install/poc_arm/share/ament_index/resource_index/packages/poc_arm
-- Up-to-date: /home/suvi/poc_arm/install/poc_arm/share/poc_arm/cmake/poc_armConfig.cmake
-- Up-to-date: /home/suvi/poc_arm/install/poc_arm/share/poc_arm/cmake/poc_armConfig-version.cmake
-- Up-to-date: /home/suvi/poc_arm/install/poc_arm/share/poc_arm/package.xml
