[0.089s] DEBUG:colcon:Command line arguments: ['/usr/bin/colcon', 'build']
[0.089s] DEBUG:colcon:Parsed command line arguments: Namespace(log_base=None, log_level=None, verb_name='build', build_base='build', install_base='install', merge_install=False, symlink_install=False, test_result_base=None, continue_on_error=False, executor='parallel', parallel_workers=12, event_handlers=None, ignore_user_meta=False, metas=['./colcon.meta'], base_paths=['.'], packages_ignore=None, packages_ignore_regex=None, paths=None, packages_up_to=None, packages_up_to_regex=None, packages_above=None, packages_above_and_dependencies=None, packages_above_depth=None, packages_select_by_dep=None, packages_skip_by_dep=None, packages_skip_up_to=None, packages_select_build_failed=False, packages_skip_build_finished=False, packages_select_test_failures=False, packages_skip_test_passed=False, packages_select=None, packages_skip=None, packages_select_regex=None, packages_skip_regex=None, packages_start=None, packages_end=None, allow_overriding=[], cmake_args=None, cmake_target=None, cmake_target_skip_unavailable=False, cmake_clean_cache=False, cmake_clean_first=False, cmake_force_configure=False, ament_cmake_args=None, catkin_cmake_args=None, catkin_skip_building_tests=False, mixin_files=None, mixin=None, verb_parser=<colcon_mixin.mixin.mixin_argument.MixinArgumentDecorator object at 0x766005aae7d0>, verb_extension=<colcon_core.verb.build.BuildVerb object at 0x766005aae320>, main=<bound method BuildVerb.main of <colcon_core.verb.build.BuildVerb object at 0x766005aae320>>, mixin_verb=('build',))
[0.205s] Level 1:colcon.colcon_core.package_discovery:discover_packages(colcon_meta) check parameters
[0.206s] Level 1:colcon.colcon_core.package_discovery:discover_packages(recursive) check parameters
[0.206s] Level 1:colcon.colcon_core.package_discovery:discover_packages(ignore) check parameters
[0.206s] Level 1:colcon.colcon_core.package_discovery:discover_packages(path) check parameters
[0.206s] Level 1:colcon.colcon_core.package_discovery:discover_packages(colcon_meta) discover
[0.206s] Level 1:colcon.colcon_core.package_discovery:discover_packages(recursive) discover
[0.206s] INFO:colcon.colcon_core.package_discovery:Crawling recursively for packages in '/home/suvi/poc_arm'
[0.206s] Level 1:colcon.colcon_core.package_identification:_identify(.) by extensions ['ignore', 'ignore_ament_install']
[0.206s] Level 1:colcon.colcon_core.package_identification:_identify(.) by extension 'ignore'
[0.206s] Level 1:colcon.colcon_core.package_identification:_identify(.) by extension 'ignore_ament_install'
[0.206s] Level 1:colcon.colcon_core.package_identification:_identify(.) by extensions ['colcon_pkg']
[0.206s] Level 1:colcon.colcon_core.package_identification:_identify(.) by extension 'colcon_pkg'
[0.206s] Level 1:colcon.colcon_core.package_identification:_identify(.) by extensions ['colcon_meta']
[0.206s] Level 1:colcon.colcon_core.package_identification:_identify(.) by extension 'colcon_meta'
[0.206s] Level 1:colcon.colcon_core.package_identification:_identify(.) by extensions ['ros']
[0.206s] Level 1:colcon.colcon_core.package_identification:_identify(.) by extension 'ros'
[0.223s] Level 1:colcon.colcon_core.package_identification:_identify(.) by extensions ['cmake', 'python']
[0.223s] Level 1:colcon.colcon_core.package_identification:_identify(.) by extension 'cmake'
[0.223s] Level 1:colcon.colcon_core.package_identification:_identify(.) by extension 'python'
[0.223s] Level 1:colcon.colcon_core.package_identification:_identify(.) by extensions ['python_setup_py']
[0.223s] Level 1:colcon.colcon_core.package_identification:_identify(.) by extension 'python_setup_py'
[0.223s] Level 1:colcon.colcon_core.package_identification:_identify(build) by extensions ['ignore', 'ignore_ament_install']
[0.223s] Level 1:colcon.colcon_core.package_identification:_identify(build) by extension 'ignore'
[0.223s] Level 1:colcon.colcon_core.package_identification:_identify(build) ignored
[0.223s] Level 1:colcon.colcon_core.package_identification:_identify(install) by extensions ['ignore', 'ignore_ament_install']
[0.223s] Level 1:colcon.colcon_core.package_identification:_identify(install) by extension 'ignore'
[0.224s] Level 1:colcon.colcon_core.package_identification:_identify(install) ignored
[0.224s] Level 1:colcon.colcon_core.package_identification:_identify(log) by extensions ['ignore', 'ignore_ament_install']
[0.224s] Level 1:colcon.colcon_core.package_identification:_identify(log) by extension 'ignore'
[0.224s] Level 1:colcon.colcon_core.package_identification:_identify(log) ignored
[0.224s] Level 1:colcon.colcon_core.package_identification:_identify(src) by extensions ['ignore', 'ignore_ament_install']
[0.224s] Level 1:colcon.colcon_core.package_identification:_identify(src) by extension 'ignore'
[0.224s] Level 1:colcon.colcon_core.package_identification:_identify(src) by extension 'ignore_ament_install'
[0.224s] Level 1:colcon.colcon_core.package_identification:_identify(src) by extensions ['colcon_pkg']
[0.224s] Level 1:colcon.colcon_core.package_identification:_identify(src) by extension 'colcon_pkg'
[0.224s] Level 1:colcon.colcon_core.package_identification:_identify(src) by extensions ['colcon_meta']
[0.224s] Level 1:colcon.colcon_core.package_identification:_identify(src) by extension 'colcon_meta'
[0.224s] Level 1:colcon.colcon_core.package_identification:_identify(src) by extensions ['ros']
[0.224s] Level 1:colcon.colcon_core.package_identification:_identify(src) by extension 'ros'
[0.224s] Level 1:colcon.colcon_core.package_identification:_identify(src) by extensions ['cmake', 'python']
[0.224s] Level 1:colcon.colcon_core.package_identification:_identify(src) by extension 'cmake'
[0.224s] Level 1:colcon.colcon_core.package_identification:_identify(src) by extension 'python'
[0.224s] Level 1:colcon.colcon_core.package_identification:_identify(src) by extensions ['python_setup_py']
[0.224s] Level 1:colcon.colcon_core.package_identification:_identify(src) by extension 'python_setup_py'
[0.224s] Level 1:colcon.colcon_core.package_identification:_identify(src/my_robot_commander_cpp) by extensions ['ignore', 'ignore_ament_install']
[0.224s] Level 1:colcon.colcon_core.package_identification:_identify(src/my_robot_commander_cpp) by extension 'ignore'
[0.224s] Level 1:colcon.colcon_core.package_identification:_identify(src/my_robot_commander_cpp) by extension 'ignore_ament_install'
[0.224s] Level 1:colcon.colcon_core.package_identification:_identify(src/my_robot_commander_cpp) by extensions ['colcon_pkg']
[0.224s] Level 1:colcon.colcon_core.package_identification:_identify(src/my_robot_commander_cpp) by extension 'colcon_pkg'
[0.224s] Level 1:colcon.colcon_core.package_identification:_identify(src/my_robot_commander_cpp) by extensions ['colcon_meta']
[0.224s] Level 1:colcon.colcon_core.package_identification:_identify(src/my_robot_commander_cpp) by extension 'colcon_meta'
[0.224s] Level 1:colcon.colcon_core.package_identification:_identify(src/my_robot_commander_cpp) by extensions ['ros']
[0.224s] Level 1:colcon.colcon_core.package_identification:_identify(src/my_robot_commander_cpp) by extension 'ros'
[0.226s] DEBUG:colcon.colcon_core.package_identification:Package 'src/my_robot_commander_cpp' with type 'ros.ament_cmake' and name 'my_robot_commander_cpp'
[0.226s] Level 1:colcon.colcon_core.package_identification:_identify(src/my_robot_interfaces) by extensions ['ignore', 'ignore_ament_install']
[0.226s] Level 1:colcon.colcon_core.package_identification:_identify(src/my_robot_interfaces) by extension 'ignore'
[0.226s] Level 1:colcon.colcon_core.package_identification:_identify(src/my_robot_interfaces) by extension 'ignore_ament_install'
[0.226s] Level 1:colcon.colcon_core.package_identification:_identify(src/my_robot_interfaces) by extensions ['colcon_pkg']
[0.226s] Level 1:colcon.colcon_core.package_identification:_identify(src/my_robot_interfaces) by extension 'colcon_pkg'
[0.226s] Level 1:colcon.colcon_core.package_identification:_identify(src/my_robot_interfaces) by extensions ['colcon_meta']
[0.226s] Level 1:colcon.colcon_core.package_identification:_identify(src/my_robot_interfaces) by extension 'colcon_meta'
[0.226s] Level 1:colcon.colcon_core.package_identification:_identify(src/my_robot_interfaces) by extensions ['ros']
[0.226s] Level 1:colcon.colcon_core.package_identification:_identify(src/my_robot_interfaces) by extension 'ros'
[0.226s] DEBUG:colcon.colcon_core.package_identification:Package 'src/my_robot_interfaces' with type 'ros.ament_cmake' and name 'my_robot_interfaces'
[0.226s] Level 1:colcon.colcon_core.package_identification:_identify(src/poc_arm) by extensions ['ignore', 'ignore_ament_install']
[0.227s] Level 1:colcon.colcon_core.package_identification:_identify(src/poc_arm) by extension 'ignore'
[0.227s] Level 1:colcon.colcon_core.package_identification:_identify(src/poc_arm) by extension 'ignore_ament_install'
[0.227s] Level 1:colcon.colcon_core.package_identification:_identify(src/poc_arm) by extensions ['colcon_pkg']
[0.227s] Level 1:colcon.colcon_core.package_identification:_identify(src/poc_arm) by extension 'colcon_pkg'
[0.227s] Level 1:colcon.colcon_core.package_identification:_identify(src/poc_arm) by extensions ['colcon_meta']
[0.227s] Level 1:colcon.colcon_core.package_identification:_identify(src/poc_arm) by extension 'colcon_meta'
[0.227s] Level 1:colcon.colcon_core.package_identification:_identify(src/poc_arm) by extensions ['ros']
[0.227s] Level 1:colcon.colcon_core.package_identification:_identify(src/poc_arm) by extension 'ros'
[0.227s] DEBUG:colcon.colcon_core.package_identification:Package 'src/poc_arm' with type 'ros.ament_cmake' and name 'poc_arm'
[0.227s] Level 1:colcon.colcon_core.package_identification:_identify(src/poc_moveit_config) by extensions ['ignore', 'ignore_ament_install']
[0.227s] Level 1:colcon.colcon_core.package_identification:_identify(src/poc_moveit_config) by extension 'ignore'
[0.227s] Level 1:colcon.colcon_core.package_identification:_identify(src/poc_moveit_config) by extension 'ignore_ament_install'
[0.227s] Level 1:colcon.colcon_core.package_identification:_identify(src/poc_moveit_config) by extensions ['colcon_pkg']
[0.227s] Level 1:colcon.colcon_core.package_identification:_identify(src/poc_moveit_config) by extension 'colcon_pkg'
[0.227s] Level 1:colcon.colcon_core.package_identification:_identify(src/poc_moveit_config) by extensions ['colcon_meta']
[0.227s] Level 1:colcon.colcon_core.package_identification:_identify(src/poc_moveit_config) by extension 'colcon_meta'
[0.227s] Level 1:colcon.colcon_core.package_identification:_identify(src/poc_moveit_config) by extensions ['ros']
[0.227s] Level 1:colcon.colcon_core.package_identification:_identify(src/poc_moveit_config) by extension 'ros'
[0.228s] DEBUG:colcon.colcon_core.package_identification:Package 'src/poc_moveit_config' with type 'ros.ament_cmake' and name 'poc_moveit_config'
[0.228s] Level 1:colcon.colcon_core.package_identification:_identify(src/realsense_gazebo) by extensions ['ignore', 'ignore_ament_install']
[0.228s] Level 1:colcon.colcon_core.package_identification:_identify(src/realsense_gazebo) by extension 'ignore'
[0.228s] Level 1:colcon.colcon_core.package_identification:_identify(src/realsense_gazebo) by extension 'ignore_ament_install'
[0.228s] Level 1:colcon.colcon_core.package_identification:_identify(src/realsense_gazebo) by extensions ['colcon_pkg']
[0.228s] Level 1:colcon.colcon_core.package_identification:_identify(src/realsense_gazebo) by extension 'colcon_pkg'
[0.228s] Level 1:colcon.colcon_core.package_identification:_identify(src/realsense_gazebo) by extensions ['colcon_meta']
[0.228s] Level 1:colcon.colcon_core.package_identification:_identify(src/realsense_gazebo) by extension 'colcon_meta'
[0.228s] Level 1:colcon.colcon_core.package_identification:_identify(src/realsense_gazebo) by extensions ['ros']
[0.228s] Level 1:colcon.colcon_core.package_identification:_identify(src/realsense_gazebo) by extension 'ros'
[0.228s] DEBUG:colcon.colcon_core.package_identification:Package 'src/realsense_gazebo' with type 'ros.ament_cmake' and name 'realsense_gazebo'
[0.228s] Level 1:colcon.colcon_core.package_discovery:discover_packages(recursive) using defaults
[0.228s] Level 1:colcon.colcon_core.package_discovery:discover_packages(ignore) discover
[0.228s] Level 1:colcon.colcon_core.package_discovery:discover_packages(ignore) using defaults
[0.228s] Level 1:colcon.colcon_core.package_discovery:discover_packages(path) discover
[0.228s] Level 1:colcon.colcon_core.package_discovery:discover_packages(path) using defaults
[0.256s] Level 1:colcon.colcon_core.package_discovery:discover_packages(prefix_path) check parameters
[0.256s] Level 1:colcon.colcon_core.package_discovery:discover_packages(prefix_path) discover
[0.257s] DEBUG:colcon.colcon_installed_package_information.package_discovery:Found 6 installed packages in /home/suvi/poc_arm/install
[0.258s] DEBUG:colcon.colcon_installed_package_information.package_discovery:Found 564 installed packages in /opt/ros/humble
[0.259s] Level 1:colcon.colcon_core.package_discovery:discover_packages(prefix_path) using defaults
[0.300s] Level 5:colcon.colcon_core.verb:set package 'my_robot_interfaces' build argument 'cmake_args' from command line to 'None'
[0.300s] Level 5:colcon.colcon_core.verb:set package 'my_robot_interfaces' build argument 'cmake_target' from command line to 'None'
[0.300s] Level 5:colcon.colcon_core.verb:set package 'my_robot_interfaces' build argument 'cmake_target_skip_unavailable' from command line to 'False'
[0.300s] Level 5:colcon.colcon_core.verb:set package 'my_robot_interfaces' build argument 'cmake_clean_cache' from command line to 'False'
[0.300s] Level 5:colcon.colcon_core.verb:set package 'my_robot_interfaces' build argument 'cmake_clean_first' from command line to 'False'
[0.300s] Level 5:colcon.colcon_core.verb:set package 'my_robot_interfaces' build argument 'cmake_force_configure' from command line to 'False'
[0.300s] Level 5:colcon.colcon_core.verb:set package 'my_robot_interfaces' build argument 'ament_cmake_args' from command line to 'None'
[0.300s] Level 5:colcon.colcon_core.verb:set package 'my_robot_interfaces' build argument 'catkin_cmake_args' from command line to 'None'
[0.300s] Level 5:colcon.colcon_core.verb:set package 'my_robot_interfaces' build argument 'catkin_skip_building_tests' from command line to 'False'
[0.300s] DEBUG:colcon.colcon_core.verb:Building package 'my_robot_interfaces' with the following arguments: {'ament_cmake_args': None, 'build_base': '/home/suvi/poc_arm/build/my_robot_interfaces', 'catkin_cmake_args': None, 'catkin_skip_building_tests': False, 'cmake_args': None, 'cmake_clean_cache': False, 'cmake_clean_first': False, 'cmake_force_configure': False, 'cmake_target': None, 'cmake_target_skip_unavailable': False, 'install_base': '/home/suvi/poc_arm/install/my_robot_interfaces', 'merge_install': False, 'path': '/home/suvi/poc_arm/src/my_robot_interfaces', 'symlink_install': False, 'test_result_base': None}
[0.301s] Level 5:colcon.colcon_core.verb:set package 'poc_arm' build argument 'cmake_args' from command line to 'None'
[0.301s] Level 5:colcon.colcon_core.verb:set package 'poc_arm' build argument 'cmake_target' from command line to 'None'
[0.301s] Level 5:colcon.colcon_core.verb:set package 'poc_arm' build argument 'cmake_target_skip_unavailable' from command line to 'False'
[0.301s] Level 5:colcon.colcon_core.verb:set package 'poc_arm' build argument 'cmake_clean_cache' from command line to 'False'
[0.301s] Level 5:colcon.colcon_core.verb:set package 'poc_arm' build argument 'cmake_clean_first' from command line to 'False'
[0.301s] Level 5:colcon.colcon_core.verb:set package 'poc_arm' build argument 'cmake_force_configure' from command line to 'False'
[0.301s] Level 5:colcon.colcon_core.verb:set package 'poc_arm' build argument 'ament_cmake_args' from command line to 'None'
[0.301s] Level 5:colcon.colcon_core.verb:set package 'poc_arm' build argument 'catkin_cmake_args' from command line to 'None'
[0.301s] Level 5:colcon.colcon_core.verb:set package 'poc_arm' build argument 'catkin_skip_building_tests' from command line to 'False'
[0.301s] DEBUG:colcon.colcon_core.verb:Building package 'poc_arm' with the following arguments: {'ament_cmake_args': None, 'build_base': '/home/suvi/poc_arm/build/poc_arm', 'catkin_cmake_args': None, 'catkin_skip_building_tests': False, 'cmake_args': None, 'cmake_clean_cache': False, 'cmake_clean_first': False, 'cmake_force_configure': False, 'cmake_target': None, 'cmake_target_skip_unavailable': False, 'install_base': '/home/suvi/poc_arm/install/poc_arm', 'merge_install': False, 'path': '/home/suvi/poc_arm/src/poc_arm', 'symlink_install': False, 'test_result_base': None}
[0.301s] Level 5:colcon.colcon_core.verb:set package 'realsense_gazebo' build argument 'cmake_args' from command line to 'None'
[0.301s] Level 5:colcon.colcon_core.verb:set package 'realsense_gazebo' build argument 'cmake_target' from command line to 'None'
[0.301s] Level 5:colcon.colcon_core.verb:set package 'realsense_gazebo' build argument 'cmake_target_skip_unavailable' from command line to 'False'
[0.301s] Level 5:colcon.colcon_core.verb:set package 'realsense_gazebo' build argument 'cmake_clean_cache' from command line to 'False'
[0.301s] Level 5:colcon.colcon_core.verb:set package 'realsense_gazebo' build argument 'cmake_clean_first' from command line to 'False'
[0.301s] Level 5:colcon.colcon_core.verb:set package 'realsense_gazebo' build argument 'cmake_force_configure' from command line to 'False'
[0.301s] Level 5:colcon.colcon_core.verb:set package 'realsense_gazebo' build argument 'ament_cmake_args' from command line to 'None'
[0.301s] Level 5:colcon.colcon_core.verb:set package 'realsense_gazebo' build argument 'catkin_cmake_args' from command line to 'None'
[0.301s] Level 5:colcon.colcon_core.verb:set package 'realsense_gazebo' build argument 'catkin_skip_building_tests' from command line to 'False'
[0.301s] DEBUG:colcon.colcon_core.verb:Building package 'realsense_gazebo' with the following arguments: {'ament_cmake_args': None, 'build_base': '/home/suvi/poc_arm/build/realsense_gazebo', 'catkin_cmake_args': None, 'catkin_skip_building_tests': False, 'cmake_args': None, 'cmake_clean_cache': False, 'cmake_clean_first': False, 'cmake_force_configure': False, 'cmake_target': None, 'cmake_target_skip_unavailable': False, 'install_base': '/home/suvi/poc_arm/install/realsense_gazebo', 'merge_install': False, 'path': '/home/suvi/poc_arm/src/realsense_gazebo', 'symlink_install': False, 'test_result_base': None}
[0.301s] Level 5:colcon.colcon_core.verb:set package 'my_robot_commander_cpp' build argument 'cmake_args' from command line to 'None'
[0.301s] Level 5:colcon.colcon_core.verb:set package 'my_robot_commander_cpp' build argument 'cmake_target' from command line to 'None'
[0.301s] Level 5:colcon.colcon_core.verb:set package 'my_robot_commander_cpp' build argument 'cmake_target_skip_unavailable' from command line to 'False'
[0.301s] Level 5:colcon.colcon_core.verb:set package 'my_robot_commander_cpp' build argument 'cmake_clean_cache' from command line to 'False'
[0.301s] Level 5:colcon.colcon_core.verb:set package 'my_robot_commander_cpp' build argument 'cmake_clean_first' from command line to 'False'
[0.301s] Level 5:colcon.colcon_core.verb:set package 'my_robot_commander_cpp' build argument 'cmake_force_configure' from command line to 'False'
[0.301s] Level 5:colcon.colcon_core.verb:set package 'my_robot_commander_cpp' build argument 'ament_cmake_args' from command line to 'None'
[0.301s] Level 5:colcon.colcon_core.verb:set package 'my_robot_commander_cpp' build argument 'catkin_cmake_args' from command line to 'None'
[0.301s] Level 5:colcon.colcon_core.verb:set package 'my_robot_commander_cpp' build argument 'catkin_skip_building_tests' from command line to 'False'
[0.301s] DEBUG:colcon.colcon_core.verb:Building package 'my_robot_commander_cpp' with the following arguments: {'ament_cmake_args': None, 'build_base': '/home/suvi/poc_arm/build/my_robot_commander_cpp', 'catkin_cmake_args': None, 'catkin_skip_building_tests': False, 'cmake_args': None, 'cmake_clean_cache': False, 'cmake_clean_first': False, 'cmake_force_configure': False, 'cmake_target': None, 'cmake_target_skip_unavailable': False, 'install_base': '/home/suvi/poc_arm/install/my_robot_commander_cpp', 'merge_install': False, 'path': '/home/suvi/poc_arm/src/my_robot_commander_cpp', 'symlink_install': False, 'test_result_base': None}
[0.301s] Level 5:colcon.colcon_core.verb:set package 'poc_moveit_config' build argument 'cmake_args' from command line to 'None'
[0.301s] Level 5:colcon.colcon_core.verb:set package 'poc_moveit_config' build argument 'cmake_target' from command line to 'None'
[0.301s] Level 5:colcon.colcon_core.verb:set package 'poc_moveit_config' build argument 'cmake_target_skip_unavailable' from command line to 'False'
[0.301s] Level 5:colcon.colcon_core.verb:set package 'poc_moveit_config' build argument 'cmake_clean_cache' from command line to 'False'
[0.301s] Level 5:colcon.colcon_core.verb:set package 'poc_moveit_config' build argument 'cmake_clean_first' from command line to 'False'
[0.301s] Level 5:colcon.colcon_core.verb:set package 'poc_moveit_config' build argument 'cmake_force_configure' from command line to 'False'
[0.302s] Level 5:colcon.colcon_core.verb:set package 'poc_moveit_config' build argument 'ament_cmake_args' from command line to 'None'
[0.302s] Level 5:colcon.colcon_core.verb:set package 'poc_moveit_config' build argument 'catkin_cmake_args' from command line to 'None'
[0.302s] Level 5:colcon.colcon_core.verb:set package 'poc_moveit_config' build argument 'catkin_skip_building_tests' from command line to 'False'
[0.302s] DEBUG:colcon.colcon_core.verb:Building package 'poc_moveit_config' with the following arguments: {'ament_cmake_args': None, 'build_base': '/home/suvi/poc_arm/build/poc_moveit_config', 'catkin_cmake_args': None, 'catkin_skip_building_tests': False, 'cmake_args': None, 'cmake_clean_cache': False, 'cmake_clean_first': False, 'cmake_force_configure': False, 'cmake_target': None, 'cmake_target_skip_unavailable': False, 'install_base': '/home/suvi/poc_arm/install/poc_moveit_config', 'merge_install': False, 'path': '/home/suvi/poc_arm/src/poc_moveit_config', 'symlink_install': False, 'test_result_base': None}
[0.302s] INFO:colcon.colcon_core.executor:Executing jobs using 'parallel' executor
[0.303s] DEBUG:colcon.colcon_parallel_executor.executor.parallel:run_until_complete
[0.303s] INFO:colcon.colcon_ros.task.ament_cmake.build:Building ROS package in '/home/suvi/poc_arm/src/my_robot_interfaces' with build type 'ament_cmake'
[0.303s] INFO:colcon.colcon_cmake.task.cmake.build:Building CMake package in '/home/suvi/poc_arm/src/my_robot_interfaces'
[0.305s] INFO:colcon.colcon_core.plugin_system:Skipping extension 'colcon_core.shell.bat': Not used on non-Windows systems
[0.305s] INFO:colcon.colcon_core.shell:Skip shell extension 'powershell' for command environment: Not usable outside of PowerShell
[0.305s] DEBUG:colcon.colcon_core.shell:Skip shell extension 'dsv' for command environment
[0.308s] INFO:colcon.colcon_ros.task.ament_cmake.build:Building ROS package in '/home/suvi/poc_arm/src/poc_arm' with build type 'ament_cmake'
[0.308s] INFO:colcon.colcon_cmake.task.cmake.build:Building CMake package in '/home/suvi/poc_arm/src/poc_arm'
[0.308s] INFO:colcon.colcon_core.shell:Skip shell extension 'powershell' for command environment: Not usable outside of PowerShell
[0.308s] DEBUG:colcon.colcon_core.shell:Skip shell extension 'dsv' for command environment
[0.311s] INFO:colcon.colcon_ros.task.ament_cmake.build:Building ROS package in '/home/suvi/poc_arm/src/realsense_gazebo' with build type 'ament_cmake'
[0.312s] INFO:colcon.colcon_cmake.task.cmake.build:Building CMake package in '/home/suvi/poc_arm/src/realsense_gazebo'
[0.312s] INFO:colcon.colcon_core.shell:Skip shell extension 'powershell' for command environment: Not usable outside of PowerShell
[0.312s] DEBUG:colcon.colcon_core.shell:Skip shell extension 'dsv' for command environment
[0.318s] DEBUG:colcon.colcon_core.event_handler.log_command:Invoking command in '/home/suvi/poc_arm/build/my_robot_interfaces': CMAKE_PREFIX_PATH=${CMAKE_PREFIX_PATH}:/opt/ros/humble /usr/bin/cmake --build /home/suvi/poc_arm/build/my_robot_interfaces -- -j12 -l12
[0.320s] DEBUG:colcon.colcon_core.event_handler.log_command:Invoking command in '/home/suvi/poc_arm/build/poc_arm': CMAKE_PREFIX_PATH=${CMAKE_PREFIX_PATH}:/opt/ros/humble /usr/bin/cmake --build /home/suvi/poc_arm/build/poc_arm -- -j12 -l12
[0.324s] DEBUG:colcon.colcon_core.event_handler.log_command:Invoking command in '/home/suvi/poc_arm/build/realsense_gazebo': CMAKE_PREFIX_PATH=${CMAKE_PREFIX_PATH}:/opt/ros/humble /usr/bin/cmake --build /home/suvi/poc_arm/build/realsense_gazebo -- -j12 -l12
[0.354s] DEBUG:colcon.colcon_core.event_handler.log_command:Invoked command in '/home/suvi/poc_arm/build/poc_arm' returned '0': CMAKE_PREFIX_PATH=${CMAKE_PREFIX_PATH}:/opt/ros/humble /usr/bin/cmake --build /home/suvi/poc_arm/build/poc_arm -- -j12 -l12
[0.361s] DEBUG:colcon.colcon_core.event_handler.log_command:Invoking command in '/home/suvi/poc_arm/build/poc_arm': CMAKE_PREFIX_PATH=${CMAKE_PREFIX_PATH}:/opt/ros/humble /usr/bin/cmake --install /home/suvi/poc_arm/build/poc_arm
[0.362s] DEBUG:colcon.colcon_core.event_handler.log_command:Invoked command in '/home/suvi/poc_arm/build/realsense_gazebo' returned '0': CMAKE_PREFIX_PATH=${CMAKE_PREFIX_PATH}:/opt/ros/humble /usr/bin/cmake --build /home/suvi/poc_arm/build/realsense_gazebo -- -j12 -l12
[0.363s] DEBUG:colcon.colcon_core.event_handler.log_command:Invoking command in '/home/suvi/poc_arm/build/realsense_gazebo': CMAKE_PREFIX_PATH=${CMAKE_PREFIX_PATH}:/opt/ros/humble /usr/bin/cmake --install /home/suvi/poc_arm/build/realsense_gazebo
[0.372s] Level 1:colcon.colcon_core.environment:create_environment_scripts_only(realsense_gazebo)
[0.381s] DEBUG:colcon.colcon_core.event_handler.log_command:Invoked command in '/home/suvi/poc_arm/build/realsense_gazebo' returned '0': CMAKE_PREFIX_PATH=${CMAKE_PREFIX_PATH}:/opt/ros/humble /usr/bin/cmake --install /home/suvi/poc_arm/build/realsense_gazebo
[0.383s] Level 1:colcon.colcon_core.environment:checking '/home/suvi/poc_arm/install/realsense_gazebo' for CMake module files
[0.383s] Level 1:colcon.colcon_core.environment:checking '/home/suvi/poc_arm/install/realsense_gazebo' for CMake config files
[0.384s] Level 1:colcon.colcon_core.shell:create_environment_hook('realsense_gazebo', 'cmake_prefix_path')
[0.384s] INFO:colcon.colcon_core.shell:Creating environment hook '/home/suvi/poc_arm/install/realsense_gazebo/share/realsense_gazebo/hook/cmake_prefix_path.ps1'
[0.384s] INFO:colcon.colcon_core.shell:Creating environment descriptor '/home/suvi/poc_arm/install/realsense_gazebo/share/realsense_gazebo/hook/cmake_prefix_path.dsv'
[0.385s] INFO:colcon.colcon_core.shell:Creating environment hook '/home/suvi/poc_arm/install/realsense_gazebo/share/realsense_gazebo/hook/cmake_prefix_path.sh'
[0.385s] Level 1:colcon.colcon_core.environment:checking '/home/suvi/poc_arm/install/realsense_gazebo/lib'
[0.385s] Level 1:colcon.colcon_core.environment:checking '/home/suvi/poc_arm/install/realsense_gazebo/bin'
[0.385s] Level 1:colcon.colcon_core.environment:checking '/home/suvi/poc_arm/install/realsense_gazebo/lib/pkgconfig/realsense_gazebo.pc'
[0.385s] Level 1:colcon.colcon_core.environment:checking '/home/suvi/poc_arm/install/realsense_gazebo/lib/python3.10/site-packages'
[0.386s] Level 1:colcon.colcon_core.environment:checking '/home/suvi/poc_arm/install/realsense_gazebo/bin'
[0.386s] INFO:colcon.colcon_core.shell:Creating package script '/home/suvi/poc_arm/install/realsense_gazebo/share/realsense_gazebo/package.ps1'
[0.386s] INFO:colcon.colcon_core.shell:Creating package descriptor '/home/suvi/poc_arm/install/realsense_gazebo/share/realsense_gazebo/package.dsv'
[0.387s] INFO:colcon.colcon_core.shell:Creating package script '/home/suvi/poc_arm/install/realsense_gazebo/share/realsense_gazebo/package.sh'
[0.387s] INFO:colcon.colcon_core.shell:Creating package script '/home/suvi/poc_arm/install/realsense_gazebo/share/realsense_gazebo/package.bash'
[0.388s] INFO:colcon.colcon_core.shell:Creating package script '/home/suvi/poc_arm/install/realsense_gazebo/share/realsense_gazebo/package.zsh'
[0.388s] Level 1:colcon.colcon_core.environment:create_file_with_runtime_dependencies(/home/suvi/poc_arm/install/realsense_gazebo/share/colcon-core/packages/realsense_gazebo)
[0.388s] Level 1:colcon.colcon_core.environment:create_environment_scripts_only(realsense_gazebo)
[0.389s] Level 1:colcon.colcon_core.environment:checking '/home/suvi/poc_arm/install/realsense_gazebo' for CMake module files
[0.389s] Level 1:colcon.colcon_core.environment:checking '/home/suvi/poc_arm/install/realsense_gazebo' for CMake config files
[0.390s] Level 1:colcon.colcon_core.shell:create_environment_hook('realsense_gazebo', 'cmake_prefix_path')
[0.390s] INFO:colcon.colcon_core.shell:Creating environment hook '/home/suvi/poc_arm/install/realsense_gazebo/share/realsense_gazebo/hook/cmake_prefix_path.ps1'
[0.391s] INFO:colcon.colcon_core.shell:Creating environment descriptor '/home/suvi/poc_arm/install/realsense_gazebo/share/realsense_gazebo/hook/cmake_prefix_path.dsv'
[0.391s] INFO:colcon.colcon_core.shell:Creating environment hook '/home/suvi/poc_arm/install/realsense_gazebo/share/realsense_gazebo/hook/cmake_prefix_path.sh'
[0.392s] Level 1:colcon.colcon_core.environment:checking '/home/suvi/poc_arm/install/realsense_gazebo/lib'
[0.392s] Level 1:colcon.colcon_core.environment:checking '/home/suvi/poc_arm/install/realsense_gazebo/bin'
[0.392s] Level 1:colcon.colcon_core.environment:checking '/home/suvi/poc_arm/install/realsense_gazebo/lib/pkgconfig/realsense_gazebo.pc'
[0.393s] Level 1:colcon.colcon_core.environment:checking '/home/suvi/poc_arm/install/realsense_gazebo/lib/python3.10/site-packages'
[0.393s] Level 1:colcon.colcon_core.environment:checking '/home/suvi/poc_arm/install/realsense_gazebo/bin'
[0.393s] INFO:colcon.colcon_core.shell:Creating package script '/home/suvi/poc_arm/install/realsense_gazebo/share/realsense_gazebo/package.ps1'
[0.394s] INFO:colcon.colcon_core.shell:Creating package descriptor '/home/suvi/poc_arm/install/realsense_gazebo/share/realsense_gazebo/package.dsv'
[0.394s] INFO:colcon.colcon_core.shell:Creating package script '/home/suvi/poc_arm/install/realsense_gazebo/share/realsense_gazebo/package.sh'
[0.395s] INFO:colcon.colcon_core.shell:Creating package script '/home/suvi/poc_arm/install/realsense_gazebo/share/realsense_gazebo/package.bash'
[0.395s] INFO:colcon.colcon_core.shell:Creating package script '/home/suvi/poc_arm/install/realsense_gazebo/share/realsense_gazebo/package.zsh'
[0.396s] Level 1:colcon.colcon_core.environment:create_file_with_runtime_dependencies(/home/suvi/poc_arm/install/realsense_gazebo/share/colcon-core/packages/realsense_gazebo)
[0.396s] Level 1:colcon.colcon_core.environment:create_environment_scripts_only(poc_arm)
[0.397s] Level 1:colcon.colcon_core.environment:checking '/home/suvi/poc_arm/install/poc_arm' for CMake module files
[0.397s] DEBUG:colcon.colcon_core.event_handler.log_command:Invoked command in '/home/suvi/poc_arm/build/poc_arm' returned '0': CMAKE_PREFIX_PATH=${CMAKE_PREFIX_PATH}:/opt/ros/humble /usr/bin/cmake --install /home/suvi/poc_arm/build/poc_arm
[0.397s] Level 1:colcon.colcon_core.environment:checking '/home/suvi/poc_arm/install/poc_arm' for CMake config files
[0.398s] Level 1:colcon.colcon_core.shell:create_environment_hook('poc_arm', 'cmake_prefix_path')
[0.398s] INFO:colcon.colcon_core.shell:Creating environment hook '/home/suvi/poc_arm/install/poc_arm/share/poc_arm/hook/cmake_prefix_path.ps1'
[0.398s] INFO:colcon.colcon_core.shell:Creating environment descriptor '/home/suvi/poc_arm/install/poc_arm/share/poc_arm/hook/cmake_prefix_path.dsv'
[0.399s] INFO:colcon.colcon_core.shell:Creating environment hook '/home/suvi/poc_arm/install/poc_arm/share/poc_arm/hook/cmake_prefix_path.sh'
[0.399s] Level 1:colcon.colcon_core.environment:checking '/home/suvi/poc_arm/install/poc_arm/bin'
[0.399s] Level 1:colcon.colcon_core.environment:checking '/home/suvi/poc_arm/install/poc_arm/lib/pkgconfig/poc_arm.pc'
[0.400s] Level 1:colcon.colcon_core.environment:checking '/home/suvi/poc_arm/install/poc_arm/lib/python3.10/site-packages'
[0.400s] Level 1:colcon.colcon_core.environment:checking '/home/suvi/poc_arm/install/poc_arm/bin'
[0.401s] INFO:colcon.colcon_core.shell:Creating package script '/home/suvi/poc_arm/install/poc_arm/share/poc_arm/package.ps1'
[0.401s] INFO:colcon.colcon_core.shell:Creating package descriptor '/home/suvi/poc_arm/install/poc_arm/share/poc_arm/package.dsv'
[0.402s] INFO:colcon.colcon_core.shell:Creating package script '/home/suvi/poc_arm/install/poc_arm/share/poc_arm/package.sh'
[0.402s] INFO:colcon.colcon_core.shell:Creating package script '/home/suvi/poc_arm/install/poc_arm/share/poc_arm/package.bash'
[0.402s] INFO:colcon.colcon_core.shell:Creating package script '/home/suvi/poc_arm/install/poc_arm/share/poc_arm/package.zsh'
[0.403s] Level 1:colcon.colcon_core.environment:create_file_with_runtime_dependencies(/home/suvi/poc_arm/install/poc_arm/share/colcon-core/packages/poc_arm)
[0.403s] Level 1:colcon.colcon_core.environment:create_environment_scripts_only(poc_arm)
[0.403s] Level 1:colcon.colcon_core.environment:checking '/home/suvi/poc_arm/install/poc_arm' for CMake module files
[0.403s] Level 1:colcon.colcon_core.environment:checking '/home/suvi/poc_arm/install/poc_arm' for CMake config files
[0.404s] Level 1:colcon.colcon_core.shell:create_environment_hook('poc_arm', 'cmake_prefix_path')
[0.404s] INFO:colcon.colcon_core.shell:Creating environment hook '/home/suvi/poc_arm/install/poc_arm/share/poc_arm/hook/cmake_prefix_path.ps1'
[0.404s] INFO:colcon.colcon_core.shell:Creating environment descriptor '/home/suvi/poc_arm/install/poc_arm/share/poc_arm/hook/cmake_prefix_path.dsv'
[0.405s] INFO:colcon.colcon_core.shell:Creating environment hook '/home/suvi/poc_arm/install/poc_arm/share/poc_arm/hook/cmake_prefix_path.sh'
[0.405s] Level 1:colcon.colcon_core.environment:checking '/home/suvi/poc_arm/install/poc_arm/bin'
[0.405s] Level 1:colcon.colcon_core.environment:checking '/home/suvi/poc_arm/install/poc_arm/lib/pkgconfig/poc_arm.pc'
[0.405s] Level 1:colcon.colcon_core.environment:checking '/home/suvi/poc_arm/install/poc_arm/lib/python3.10/site-packages'
[0.405s] Level 1:colcon.colcon_core.environment:checking '/home/suvi/poc_arm/install/poc_arm/bin'
[0.406s] INFO:colcon.colcon_core.shell:Creating package script '/home/suvi/poc_arm/install/poc_arm/share/poc_arm/package.ps1'
[0.406s] INFO:colcon.colcon_core.shell:Creating package descriptor '/home/suvi/poc_arm/install/poc_arm/share/poc_arm/package.dsv'
[0.407s] INFO:colcon.colcon_core.shell:Creating package script '/home/suvi/poc_arm/install/poc_arm/share/poc_arm/package.sh'
[0.407s] INFO:colcon.colcon_core.shell:Creating package script '/home/suvi/poc_arm/install/poc_arm/share/poc_arm/package.bash'
[0.407s] INFO:colcon.colcon_core.shell:Creating package script '/home/suvi/poc_arm/install/poc_arm/share/poc_arm/package.zsh'
[0.407s] Level 1:colcon.colcon_core.environment:create_file_with_runtime_dependencies(/home/suvi/poc_arm/install/poc_arm/share/colcon-core/packages/poc_arm)
[0.407s] INFO:colcon.colcon_ros.task.ament_cmake.build:Building ROS package in '/home/suvi/poc_arm/src/poc_moveit_config' with build type 'ament_cmake'
[0.408s] INFO:colcon.colcon_cmake.task.cmake.build:Building CMake package in '/home/suvi/poc_arm/src/poc_moveit_config'
[0.408s] INFO:colcon.colcon_core.shell:Skip shell extension 'powershell' for command environment: Not usable outside of PowerShell
[0.408s] DEBUG:colcon.colcon_core.shell:Skip shell extension 'dsv' for command environment
[0.415s] DEBUG:colcon.colcon_core.event_handler.log_command:Invoking command in '/home/suvi/poc_arm/build/poc_moveit_config': CMAKE_PREFIX_PATH=/home/suvi/poc_arm/install/poc_arm:/home/suvi/poc_arm/install/realsense_gazebo:/home/suvi/poc_arm/install/poc_moveit_config:/home/suvi/poc_arm/install/my_robot_commander_cpp:/home/suvi/poc_arm/install/my_robot_interfaces:/opt/ros/humble /usr/bin/cmake --build /home/suvi/poc_arm/build/poc_moveit_config -- -j12 -l12
[0.445s] DEBUG:colcon.colcon_core.event_handler.log_command:Invoked command in '/home/suvi/poc_arm/build/poc_moveit_config' returned '0': CMAKE_PREFIX_PATH=/home/suvi/poc_arm/install/poc_arm:/home/suvi/poc_arm/install/realsense_gazebo:/home/suvi/poc_arm/install/poc_moveit_config:/home/suvi/poc_arm/install/my_robot_commander_cpp:/home/suvi/poc_arm/install/my_robot_interfaces:/opt/ros/humble /usr/bin/cmake --build /home/suvi/poc_arm/build/poc_moveit_config -- -j12 -l12
[0.447s] DEBUG:colcon.colcon_core.event_handler.log_command:Invoking command in '/home/suvi/poc_arm/build/poc_moveit_config': CMAKE_PREFIX_PATH=/home/suvi/poc_arm/install/poc_arm:/home/suvi/poc_arm/install/realsense_gazebo:/home/suvi/poc_arm/install/poc_moveit_config:/home/suvi/poc_arm/install/my_robot_commander_cpp:/home/suvi/poc_arm/install/my_robot_interfaces:/opt/ros/humble /usr/bin/cmake --install /home/suvi/poc_arm/build/poc_moveit_config
[0.457s] Level 1:colcon.colcon_core.environment:create_environment_scripts_only(poc_moveit_config)
[0.458s] Level 1:colcon.colcon_core.environment:checking '/home/suvi/poc_arm/install/poc_moveit_config' for CMake module files
[0.458s] DEBUG:colcon.colcon_core.event_handler.log_command:Invoked command in '/home/suvi/poc_arm/build/poc_moveit_config' returned '0': CMAKE_PREFIX_PATH=/home/suvi/poc_arm/install/poc_arm:/home/suvi/poc_arm/install/realsense_gazebo:/home/suvi/poc_arm/install/poc_moveit_config:/home/suvi/poc_arm/install/my_robot_commander_cpp:/home/suvi/poc_arm/install/my_robot_interfaces:/opt/ros/humble /usr/bin/cmake --install /home/suvi/poc_arm/build/poc_moveit_config
[0.458s] Level 1:colcon.colcon_core.environment:checking '/home/suvi/poc_arm/install/poc_moveit_config' for CMake config files
[0.459s] Level 1:colcon.colcon_core.shell:create_environment_hook('poc_moveit_config', 'cmake_prefix_path')
[0.459s] INFO:colcon.colcon_core.shell:Creating environment hook '/home/suvi/poc_arm/install/poc_moveit_config/share/poc_moveit_config/hook/cmake_prefix_path.ps1'
[0.459s] INFO:colcon.colcon_core.shell:Creating environment descriptor '/home/suvi/poc_arm/install/poc_moveit_config/share/poc_moveit_config/hook/cmake_prefix_path.dsv'
[0.459s] INFO:colcon.colcon_core.shell:Creating environment hook '/home/suvi/poc_arm/install/poc_moveit_config/share/poc_moveit_config/hook/cmake_prefix_path.sh'
[0.460s] Level 1:colcon.colcon_core.environment:checking '/home/suvi/poc_arm/install/poc_moveit_config/bin'
[0.460s] Level 1:colcon.colcon_core.environment:checking '/home/suvi/poc_arm/install/poc_moveit_config/lib/pkgconfig/poc_moveit_config.pc'
[0.460s] Level 1:colcon.colcon_core.environment:checking '/home/suvi/poc_arm/install/poc_moveit_config/lib/python3.10/site-packages'
[0.460s] Level 1:colcon.colcon_core.environment:checking '/home/suvi/poc_arm/install/poc_moveit_config/bin'
[0.460s] INFO:colcon.colcon_core.shell:Creating package script '/home/suvi/poc_arm/install/poc_moveit_config/share/poc_moveit_config/package.ps1'
[0.461s] INFO:colcon.colcon_core.shell:Creating package descriptor '/home/suvi/poc_arm/install/poc_moveit_config/share/poc_moveit_config/package.dsv'
[0.461s] INFO:colcon.colcon_core.shell:Creating package script '/home/suvi/poc_arm/install/poc_moveit_config/share/poc_moveit_config/package.sh'
[0.461s] INFO:colcon.colcon_core.shell:Creating package script '/home/suvi/poc_arm/install/poc_moveit_config/share/poc_moveit_config/package.bash'
[0.462s] INFO:colcon.colcon_core.shell:Creating package script '/home/suvi/poc_arm/install/poc_moveit_config/share/poc_moveit_config/package.zsh'
[0.462s] Level 1:colcon.colcon_core.environment:create_file_with_runtime_dependencies(/home/suvi/poc_arm/install/poc_moveit_config/share/colcon-core/packages/poc_moveit_config)
[0.462s] Level 1:colcon.colcon_core.environment:create_environment_scripts_only(poc_moveit_config)
[0.462s] Level 1:colcon.colcon_core.environment:checking '/home/suvi/poc_arm/install/poc_moveit_config' for CMake module files
[0.463s] Level 1:colcon.colcon_core.environment:checking '/home/suvi/poc_arm/install/poc_moveit_config' for CMake config files
[0.463s] Level 1:colcon.colcon_core.shell:create_environment_hook('poc_moveit_config', 'cmake_prefix_path')
[0.463s] INFO:colcon.colcon_core.shell:Creating environment hook '/home/suvi/poc_arm/install/poc_moveit_config/share/poc_moveit_config/hook/cmake_prefix_path.ps1'
[0.463s] INFO:colcon.colcon_core.shell:Creating environment descriptor '/home/suvi/poc_arm/install/poc_moveit_config/share/poc_moveit_config/hook/cmake_prefix_path.dsv'
[0.464s] INFO:colcon.colcon_core.shell:Creating environment hook '/home/suvi/poc_arm/install/poc_moveit_config/share/poc_moveit_config/hook/cmake_prefix_path.sh'
[0.464s] Level 1:colcon.colcon_core.environment:checking '/home/suvi/poc_arm/install/poc_moveit_config/bin'
[0.464s] Level 1:colcon.colcon_core.environment:checking '/home/suvi/poc_arm/install/poc_moveit_config/lib/pkgconfig/poc_moveit_config.pc'
[0.464s] Level 1:colcon.colcon_core.environment:checking '/home/suvi/poc_arm/install/poc_moveit_config/lib/python3.10/site-packages'
[0.465s] Level 1:colcon.colcon_core.environment:checking '/home/suvi/poc_arm/install/poc_moveit_config/bin'
[0.465s] INFO:colcon.colcon_core.shell:Creating package script '/home/suvi/poc_arm/install/poc_moveit_config/share/poc_moveit_config/package.ps1'
[0.465s] INFO:colcon.colcon_core.shell:Creating package descriptor '/home/suvi/poc_arm/install/poc_moveit_config/share/poc_moveit_config/package.dsv'
[0.465s] INFO:colcon.colcon_core.shell:Creating package script '/home/suvi/poc_arm/install/poc_moveit_config/share/poc_moveit_config/package.sh'
[0.466s] INFO:colcon.colcon_core.shell:Creating package script '/home/suvi/poc_arm/install/poc_moveit_config/share/poc_moveit_config/package.bash'
[0.466s] INFO:colcon.colcon_core.shell:Creating package script '/home/suvi/poc_arm/install/poc_moveit_config/share/poc_moveit_config/package.zsh'
[0.466s] Level 1:colcon.colcon_core.environment:create_file_with_runtime_dependencies(/home/suvi/poc_arm/install/poc_moveit_config/share/colcon-core/packages/poc_moveit_config)
[0.693s] DEBUG:colcon.colcon_core.event_handler.log_command:Invoked command in '/home/suvi/poc_arm/build/my_robot_interfaces' returned '0': CMAKE_PREFIX_PATH=${CMAKE_PREFIX_PATH}:/opt/ros/humble /usr/bin/cmake --build /home/suvi/poc_arm/build/my_robot_interfaces -- -j12 -l12
[0.694s] DEBUG:colcon.colcon_core.event_handler.log_command:Invoking command in '/home/suvi/poc_arm/build/my_robot_interfaces': CMAKE_PREFIX_PATH=${CMAKE_PREFIX_PATH}:/opt/ros/humble /usr/bin/cmake --install /home/suvi/poc_arm/build/my_robot_interfaces
[0.736s] Level 1:colcon.colcon_core.environment:create_environment_scripts_only(my_robot_interfaces)
[0.737s] Level 1:colcon.colcon_core.environment:checking '/home/suvi/poc_arm/install/my_robot_interfaces' for CMake module files
[0.737s] DEBUG:colcon.colcon_core.event_handler.log_command:Invoked command in '/home/suvi/poc_arm/build/my_robot_interfaces' returned '0': CMAKE_PREFIX_PATH=${CMAKE_PREFIX_PATH}:/opt/ros/humble /usr/bin/cmake --install /home/suvi/poc_arm/build/my_robot_interfaces
[0.737s] Level 1:colcon.colcon_core.environment:checking '/home/suvi/poc_arm/install/my_robot_interfaces' for CMake config files
[0.738s] Level 1:colcon.colcon_core.shell:create_environment_hook('my_robot_interfaces', 'cmake_prefix_path')
[0.738s] INFO:colcon.colcon_core.shell:Creating environment hook '/home/suvi/poc_arm/install/my_robot_interfaces/share/my_robot_interfaces/hook/cmake_prefix_path.ps1'
[0.738s] INFO:colcon.colcon_core.shell:Creating environment descriptor '/home/suvi/poc_arm/install/my_robot_interfaces/share/my_robot_interfaces/hook/cmake_prefix_path.dsv'
[0.738s] INFO:colcon.colcon_core.shell:Creating environment hook '/home/suvi/poc_arm/install/my_robot_interfaces/share/my_robot_interfaces/hook/cmake_prefix_path.sh'
[0.739s] Level 1:colcon.colcon_core.environment:checking '/home/suvi/poc_arm/install/my_robot_interfaces/lib'
[0.739s] Level 1:colcon.colcon_core.shell:create_environment_hook('my_robot_interfaces', 'ld_library_path_lib')
[0.739s] INFO:colcon.colcon_core.shell:Creating environment hook '/home/suvi/poc_arm/install/my_robot_interfaces/share/my_robot_interfaces/hook/ld_library_path_lib.ps1'
[0.739s] INFO:colcon.colcon_core.shell:Creating environment descriptor '/home/suvi/poc_arm/install/my_robot_interfaces/share/my_robot_interfaces/hook/ld_library_path_lib.dsv'
[0.739s] INFO:colcon.colcon_core.shell:Creating environment hook '/home/suvi/poc_arm/install/my_robot_interfaces/share/my_robot_interfaces/hook/ld_library_path_lib.sh'
[0.739s] Level 1:colcon.colcon_core.environment:checking '/home/suvi/poc_arm/install/my_robot_interfaces/bin'
[0.739s] Level 1:colcon.colcon_core.environment:checking '/home/suvi/poc_arm/install/my_robot_interfaces/lib/pkgconfig/my_robot_interfaces.pc'
[0.740s] Level 1:colcon.colcon_core.environment:checking '/home/suvi/poc_arm/install/my_robot_interfaces/lib/python3.10/site-packages'
[0.740s] Level 1:colcon.colcon_core.environment:checking '/home/suvi/poc_arm/install/my_robot_interfaces/bin'
[0.740s] INFO:colcon.colcon_core.shell:Creating package script '/home/suvi/poc_arm/install/my_robot_interfaces/share/my_robot_interfaces/package.ps1'
[0.741s] INFO:colcon.colcon_core.shell:Creating package descriptor '/home/suvi/poc_arm/install/my_robot_interfaces/share/my_robot_interfaces/package.dsv'
[0.741s] INFO:colcon.colcon_core.shell:Creating package script '/home/suvi/poc_arm/install/my_robot_interfaces/share/my_robot_interfaces/package.sh'
[0.741s] INFO:colcon.colcon_core.shell:Creating package script '/home/suvi/poc_arm/install/my_robot_interfaces/share/my_robot_interfaces/package.bash'
[0.741s] INFO:colcon.colcon_core.shell:Creating package script '/home/suvi/poc_arm/install/my_robot_interfaces/share/my_robot_interfaces/package.zsh'
[0.741s] Level 1:colcon.colcon_core.environment:create_file_with_runtime_dependencies(/home/suvi/poc_arm/install/my_robot_interfaces/share/colcon-core/packages/my_robot_interfaces)
[0.742s] Level 1:colcon.colcon_core.environment:create_environment_scripts_only(my_robot_interfaces)
[0.742s] Level 1:colcon.colcon_core.environment:checking '/home/suvi/poc_arm/install/my_robot_interfaces' for CMake module files
[0.742s] Level 1:colcon.colcon_core.environment:checking '/home/suvi/poc_arm/install/my_robot_interfaces' for CMake config files
[0.743s] Level 1:colcon.colcon_core.shell:create_environment_hook('my_robot_interfaces', 'cmake_prefix_path')
[0.743s] INFO:colcon.colcon_core.shell:Creating environment hook '/home/suvi/poc_arm/install/my_robot_interfaces/share/my_robot_interfaces/hook/cmake_prefix_path.ps1'
[0.743s] INFO:colcon.colcon_core.shell:Creating environment descriptor '/home/suvi/poc_arm/install/my_robot_interfaces/share/my_robot_interfaces/hook/cmake_prefix_path.dsv'
[0.743s] INFO:colcon.colcon_core.shell:Creating environment hook '/home/suvi/poc_arm/install/my_robot_interfaces/share/my_robot_interfaces/hook/cmake_prefix_path.sh'
[0.744s] Level 1:colcon.colcon_core.environment:checking '/home/suvi/poc_arm/install/my_robot_interfaces/lib'
[0.744s] Level 1:colcon.colcon_core.shell:create_environment_hook('my_robot_interfaces', 'ld_library_path_lib')
[0.744s] INFO:colcon.colcon_core.shell:Creating environment hook '/home/suvi/poc_arm/install/my_robot_interfaces/share/my_robot_interfaces/hook/ld_library_path_lib.ps1'
[0.744s] INFO:colcon.colcon_core.shell:Creating environment descriptor '/home/suvi/poc_arm/install/my_robot_interfaces/share/my_robot_interfaces/hook/ld_library_path_lib.dsv'
[0.744s] INFO:colcon.colcon_core.shell:Creating environment hook '/home/suvi/poc_arm/install/my_robot_interfaces/share/my_robot_interfaces/hook/ld_library_path_lib.sh'
[0.744s] Level 1:colcon.colcon_core.environment:checking '/home/suvi/poc_arm/install/my_robot_interfaces/bin'
[0.744s] Level 1:colcon.colcon_core.environment:checking '/home/suvi/poc_arm/install/my_robot_interfaces/lib/pkgconfig/my_robot_interfaces.pc'
[0.745s] Level 1:colcon.colcon_core.environment:checking '/home/suvi/poc_arm/install/my_robot_interfaces/lib/python3.10/site-packages'
[0.745s] Level 1:colcon.colcon_core.environment:checking '/home/suvi/poc_arm/install/my_robot_interfaces/bin'
[0.745s] INFO:colcon.colcon_core.shell:Creating package script '/home/suvi/poc_arm/install/my_robot_interfaces/share/my_robot_interfaces/package.ps1'
[0.745s] INFO:colcon.colcon_core.shell:Creating package descriptor '/home/suvi/poc_arm/install/my_robot_interfaces/share/my_robot_interfaces/package.dsv'
[0.746s] INFO:colcon.colcon_core.shell:Creating package script '/home/suvi/poc_arm/install/my_robot_interfaces/share/my_robot_interfaces/package.sh'
[0.746s] INFO:colcon.colcon_core.shell:Creating package script '/home/suvi/poc_arm/install/my_robot_interfaces/share/my_robot_interfaces/package.bash'
[0.746s] INFO:colcon.colcon_core.shell:Creating package script '/home/suvi/poc_arm/install/my_robot_interfaces/share/my_robot_interfaces/package.zsh'
[0.746s] Level 1:colcon.colcon_core.environment:create_file_with_runtime_dependencies(/home/suvi/poc_arm/install/my_robot_interfaces/share/colcon-core/packages/my_robot_interfaces)
[0.747s] INFO:colcon.colcon_ros.task.ament_cmake.build:Building ROS package in '/home/suvi/poc_arm/src/my_robot_commander_cpp' with build type 'ament_cmake'
[0.747s] INFO:colcon.colcon_cmake.task.cmake.build:Building CMake package in '/home/suvi/poc_arm/src/my_robot_commander_cpp'
[0.747s] INFO:colcon.colcon_core.shell:Skip shell extension 'powershell' for command environment: Not usable outside of PowerShell
[0.747s] DEBUG:colcon.colcon_core.shell:Skip shell extension 'dsv' for command environment
[0.755s] DEBUG:colcon.colcon_core.event_handler.log_command:Invoking command in '/home/suvi/poc_arm/build/my_robot_commander_cpp': CMAKE_PREFIX_PATH=/home/suvi/poc_arm/install/my_robot_interfaces:/home/suvi/poc_arm/install/realsense_gazebo:/home/suvi/poc_arm/install/poc_moveit_config:/home/suvi/poc_arm/install/poc_arm:/home/suvi/poc_arm/install/my_robot_commander_cpp:/opt/ros/humble LD_LIBRARY_PATH=/home/suvi/poc_arm/install/my_robot_interfaces/lib:/usr/lib/x86_64-linux-gnu/gazebo-11/plugins:/opt/ros/humble/opt/rviz_ogre_vendor/lib:/opt/ros/humble/lib/x86_64-linux-gnu:/opt/ros/humble/lib:/usr/share/gazebo/../../lib/x86_64-linux-gnu/gazebo-11/plugins /usr/bin/cmake --build /home/suvi/poc_arm/build/my_robot_commander_cpp -- -j12 -l12
[13.807s] DEBUG:colcon.colcon_core.event_handler.log_command:Invoked command in '/home/suvi/poc_arm/build/my_robot_commander_cpp' returned '0': CMAKE_PREFIX_PATH=/home/suvi/poc_arm/install/my_robot_interfaces:/home/suvi/poc_arm/install/realsense_gazebo:/home/suvi/poc_arm/install/poc_moveit_config:/home/suvi/poc_arm/install/poc_arm:/home/suvi/poc_arm/install/my_robot_commander_cpp:/opt/ros/humble LD_LIBRARY_PATH=/home/suvi/poc_arm/install/my_robot_interfaces/lib:/usr/lib/x86_64-linux-gnu/gazebo-11/plugins:/opt/ros/humble/opt/rviz_ogre_vendor/lib:/opt/ros/humble/lib/x86_64-linux-gnu:/opt/ros/humble/lib:/usr/share/gazebo/../../lib/x86_64-linux-gnu/gazebo-11/plugins /usr/bin/cmake --build /home/suvi/poc_arm/build/my_robot_commander_cpp -- -j12 -l12
[13.809s] DEBUG:colcon.colcon_core.event_handler.log_command:Invoking command in '/home/suvi/poc_arm/build/my_robot_commander_cpp': CMAKE_PREFIX_PATH=/home/suvi/poc_arm/install/my_robot_interfaces:/home/suvi/poc_arm/install/realsense_gazebo:/home/suvi/poc_arm/install/poc_moveit_config:/home/suvi/poc_arm/install/poc_arm:/home/suvi/poc_arm/install/my_robot_commander_cpp:/opt/ros/humble LD_LIBRARY_PATH=/home/suvi/poc_arm/install/my_robot_interfaces/lib:/usr/lib/x86_64-linux-gnu/gazebo-11/plugins:/opt/ros/humble/opt/rviz_ogre_vendor/lib:/opt/ros/humble/lib/x86_64-linux-gnu:/opt/ros/humble/lib:/usr/share/gazebo/../../lib/x86_64-linux-gnu/gazebo-11/plugins /usr/bin/cmake --install /home/suvi/poc_arm/build/my_robot_commander_cpp
[13.819s] Level 1:colcon.colcon_core.environment:create_environment_scripts_only(my_robot_commander_cpp)
[13.820s] Level 1:colcon.colcon_core.environment:checking '/home/suvi/poc_arm/install/my_robot_commander_cpp' for CMake module files
[13.820s] DEBUG:colcon.colcon_core.event_handler.log_command:Invoked command in '/home/suvi/poc_arm/build/my_robot_commander_cpp' returned '0': CMAKE_PREFIX_PATH=/home/suvi/poc_arm/install/my_robot_interfaces:/home/suvi/poc_arm/install/realsense_gazebo:/home/suvi/poc_arm/install/poc_moveit_config:/home/suvi/poc_arm/install/poc_arm:/home/suvi/poc_arm/install/my_robot_commander_cpp:/opt/ros/humble LD_LIBRARY_PATH=/home/suvi/poc_arm/install/my_robot_interfaces/lib:/usr/lib/x86_64-linux-gnu/gazebo-11/plugins:/opt/ros/humble/opt/rviz_ogre_vendor/lib:/opt/ros/humble/lib/x86_64-linux-gnu:/opt/ros/humble/lib:/usr/share/gazebo/../../lib/x86_64-linux-gnu/gazebo-11/plugins /usr/bin/cmake --install /home/suvi/poc_arm/build/my_robot_commander_cpp
[13.820s] Level 1:colcon.colcon_core.environment:checking '/home/suvi/poc_arm/install/my_robot_commander_cpp' for CMake config files
[13.820s] Level 1:colcon.colcon_core.shell:create_environment_hook('my_robot_commander_cpp', 'cmake_prefix_path')
[13.820s] INFO:colcon.colcon_core.shell:Creating environment hook '/home/suvi/poc_arm/install/my_robot_commander_cpp/share/my_robot_commander_cpp/hook/cmake_prefix_path.ps1'
[13.821s] INFO:colcon.colcon_core.shell:Creating environment descriptor '/home/suvi/poc_arm/install/my_robot_commander_cpp/share/my_robot_commander_cpp/hook/cmake_prefix_path.dsv'
[13.821s] INFO:colcon.colcon_core.shell:Creating environment hook '/home/suvi/poc_arm/install/my_robot_commander_cpp/share/my_robot_commander_cpp/hook/cmake_prefix_path.sh'
[13.821s] Level 1:colcon.colcon_core.environment:checking '/home/suvi/poc_arm/install/my_robot_commander_cpp/lib'
[13.821s] Level 1:colcon.colcon_core.environment:checking '/home/suvi/poc_arm/install/my_robot_commander_cpp/bin'
[13.821s] Level 1:colcon.colcon_core.environment:checking '/home/suvi/poc_arm/install/my_robot_commander_cpp/lib/pkgconfig/my_robot_commander_cpp.pc'
[13.821s] Level 1:colcon.colcon_core.environment:checking '/home/suvi/poc_arm/install/my_robot_commander_cpp/lib/python3.10/site-packages'
[13.822s] Level 1:colcon.colcon_core.environment:checking '/home/suvi/poc_arm/install/my_robot_commander_cpp/bin'
[13.822s] INFO:colcon.colcon_core.shell:Creating package script '/home/suvi/poc_arm/install/my_robot_commander_cpp/share/my_robot_commander_cpp/package.ps1'
[13.822s] INFO:colcon.colcon_core.shell:Creating package descriptor '/home/suvi/poc_arm/install/my_robot_commander_cpp/share/my_robot_commander_cpp/package.dsv'
[13.822s] INFO:colcon.colcon_core.shell:Creating package script '/home/suvi/poc_arm/install/my_robot_commander_cpp/share/my_robot_commander_cpp/package.sh'
[13.823s] INFO:colcon.colcon_core.shell:Creating package script '/home/suvi/poc_arm/install/my_robot_commander_cpp/share/my_robot_commander_cpp/package.bash'
[13.823s] INFO:colcon.colcon_core.shell:Creating package script '/home/suvi/poc_arm/install/my_robot_commander_cpp/share/my_robot_commander_cpp/package.zsh'
[13.823s] Level 1:colcon.colcon_core.environment:create_file_with_runtime_dependencies(/home/suvi/poc_arm/install/my_robot_commander_cpp/share/colcon-core/packages/my_robot_commander_cpp)
[13.823s] Level 1:colcon.colcon_core.environment:create_environment_scripts_only(my_robot_commander_cpp)
[13.823s] Level 1:colcon.colcon_core.environment:checking '/home/suvi/poc_arm/install/my_robot_commander_cpp' for CMake module files
[13.823s] Level 1:colcon.colcon_core.environment:checking '/home/suvi/poc_arm/install/my_robot_commander_cpp' for CMake config files
[13.824s] Level 1:colcon.colcon_core.shell:create_environment_hook('my_robot_commander_cpp', 'cmake_prefix_path')
[13.824s] INFO:colcon.colcon_core.shell:Creating environment hook '/home/suvi/poc_arm/install/my_robot_commander_cpp/share/my_robot_commander_cpp/hook/cmake_prefix_path.ps1'
[13.824s] INFO:colcon.colcon_core.shell:Creating environment descriptor '/home/suvi/poc_arm/install/my_robot_commander_cpp/share/my_robot_commander_cpp/hook/cmake_prefix_path.dsv'
[13.824s] INFO:colcon.colcon_core.shell:Creating environment hook '/home/suvi/poc_arm/install/my_robot_commander_cpp/share/my_robot_commander_cpp/hook/cmake_prefix_path.sh'
[13.824s] Level 1:colcon.colcon_core.environment:checking '/home/suvi/poc_arm/install/my_robot_commander_cpp/lib'
[13.824s] Level 1:colcon.colcon_core.environment:checking '/home/suvi/poc_arm/install/my_robot_commander_cpp/bin'
[13.824s] Level 1:colcon.colcon_core.environment:checking '/home/suvi/poc_arm/install/my_robot_commander_cpp/lib/pkgconfig/my_robot_commander_cpp.pc'
[13.825s] Level 1:colcon.colcon_core.environment:checking '/home/suvi/poc_arm/install/my_robot_commander_cpp/lib/python3.10/site-packages'
[13.825s] Level 1:colcon.colcon_core.environment:checking '/home/suvi/poc_arm/install/my_robot_commander_cpp/bin'
[13.825s] INFO:colcon.colcon_core.shell:Creating package script '/home/suvi/poc_arm/install/my_robot_commander_cpp/share/my_robot_commander_cpp/package.ps1'
[13.825s] INFO:colcon.colcon_core.shell:Creating package descriptor '/home/suvi/poc_arm/install/my_robot_commander_cpp/share/my_robot_commander_cpp/package.dsv'
[13.825s] INFO:colcon.colcon_core.shell:Creating package script '/home/suvi/poc_arm/install/my_robot_commander_cpp/share/my_robot_commander_cpp/package.sh'
[13.826s] INFO:colcon.colcon_core.shell:Creating package script '/home/suvi/poc_arm/install/my_robot_commander_cpp/share/my_robot_commander_cpp/package.bash'
[13.826s] INFO:colcon.colcon_core.shell:Creating package script '/home/suvi/poc_arm/install/my_robot_commander_cpp/share/my_robot_commander_cpp/package.zsh'
[13.826s] Level 1:colcon.colcon_core.environment:create_file_with_runtime_dependencies(/home/suvi/poc_arm/install/my_robot_commander_cpp/share/colcon-core/packages/my_robot_commander_cpp)
[13.826s] DEBUG:colcon.colcon_parallel_executor.executor.parallel:closing loop
[13.826s] DEBUG:colcon.colcon_parallel_executor.executor.parallel:loop closed
[13.826s] DEBUG:colcon.colcon_parallel_executor.executor.parallel:run_until_complete finished with '0'
[13.826s] DEBUG:colcon.colcon_core.event_reactor:joining thread
[13.830s] INFO:colcon.colcon_core.plugin_system:Skipping extension 'colcon_notification.desktop_notification.terminal_notifier': Not used on non-Darwin systems
[13.831s] INFO:colcon.colcon_core.plugin_system:Skipping extension 'colcon_notification.desktop_notification.win32': Not used on non-Windows systems
[13.831s] INFO:colcon.colcon_notification.desktop_notification:Sending desktop notification using 'notify2'
[13.839s] DEBUG:colcon.colcon_core.event_reactor:joined thread
[13.840s] INFO:colcon.colcon_core.shell:Creating prefix script '/home/suvi/poc_arm/install/local_setup.ps1'
[13.840s] INFO:colcon.colcon_core.shell:Creating prefix util module '/home/suvi/poc_arm/install/_local_setup_util_ps1.py'
[13.841s] INFO:colcon.colcon_core.shell:Creating prefix chain script '/home/suvi/poc_arm/install/setup.ps1'
[13.842s] INFO:colcon.colcon_core.shell:Creating prefix script '/home/suvi/poc_arm/install/local_setup.sh'
[13.842s] INFO:colcon.colcon_core.shell:Creating prefix util module '/home/suvi/poc_arm/install/_local_setup_util_sh.py'
[13.842s] INFO:colcon.colcon_core.shell:Creating prefix chain script '/home/suvi/poc_arm/install/setup.sh'
[13.843s] INFO:colcon.colcon_core.shell:Creating prefix script '/home/suvi/poc_arm/install/local_setup.bash'
[13.843s] INFO:colcon.colcon_core.shell:Creating prefix chain script '/home/suvi/poc_arm/install/setup.bash'
[13.844s] INFO:colcon.colcon_core.shell:Creating prefix script '/home/suvi/poc_arm/install/local_setup.zsh'
[13.844s] INFO:colcon.colcon_core.shell:Creating prefix chain script '/home/suvi/poc_arm/install/setup.zsh'
