[0.007s] Invoking command in '/home/suvi/poc_arm/build/my_robot_interfaces': CMAKE_PREFIX_PATH=${CMAKE_PREFIX_PATH}:/opt/ros/humble /usr/bin/cmake /home/suvi/poc_arm/src/my_robot_interfaces -DCMAKE_INSTALL_PREFIX=/home/suvi/poc_arm/install/my_robot_interfaces
[0.048s] -- The C compiler identification is GNU 11.4.0
[0.087s] -- The CXX compiler identification is GNU 11.4.0
[0.091s] -- Detecting C compiler ABI info
[0.140s] -- Detecting C compiler ABI info - done
[0.147s] -- Check for working C compiler: /usr/bin/cc - skipped
[0.147s] -- Detecting C compile features
[0.148s] -- Detecting C compile features - done
[0.150s] -- Detecting CXX compiler ABI info
[0.201s] -- Detecting CXX compiler ABI info - done
[0.206s] -- Check for working CXX compiler: /usr/bin/c++ - skipped
[0.206s] -- Detecting CXX compile features
[0.206s] -- Detecting CXX compile features - done
[0.208s] -- Found ament_cmake: 1.3.12 (/opt/ros/humble/share/ament_cmake/cmake)
[0.550s] -- Found Python3: /usr/bin/python3 (found version "3.10.12") found components: Interpreter 
[0.614s] -- Found rosidl_default_generators: 1.2.0 (/opt/ros/humble/share/rosidl_default_generators/cmake)
[0.617s] -- Using all available rosidl_typesupport_c: rosidl_typesupport_fastrtps_c;rosidl_typesupport_introspection_c
[0.621s] -- Found rosidl_adapter: 3.1.8 (/opt/ros/humble/share/rosidl_adapter/cmake)
[0.649s] -- Using all available rosidl_typesupport_cpp: rosidl_typesupport_fastrtps_cpp;rosidl_typesupport_introspection_cpp
[0.842s] -- Found ament_cmake_ros: 0.10.0 (/opt/ros/humble/share/ament_cmake_ros/cmake)
[0.965s] -- Using all available rosidl_typesupport_c: rosidl_typesupport_fastrtps_c;rosidl_typesupport_introspection_c
[1.136s] -- Using all available rosidl_typesupport_cpp: rosidl_typesupport_fastrtps_cpp;rosidl_typesupport_introspection_cpp
[1.150s] -- Found PythonInterp: /usr/bin/python3 (found suitable version "3.10.12", minimum required is "3.6") 
[1.152s] -- Found python_cmake_module: 0.10.0 (/opt/ros/humble/share/python_cmake_module/cmake)
[1.172s] -- Found PythonLibs: /usr/lib/x86_64-linux-gnu/libpython3.10.so (found suitable version "3.10.12", minimum required is "3.5") 
[1.172s] -- Using PYTHON_EXECUTABLE: /usr/bin/python3
[1.172s] -- Using PYTHON_INCLUDE_DIRS: /usr/include/python3.10
[1.172s] -- Using PYTHON_LIBRARIES: /usr/lib/x86_64-linux-gnu/libpython3.10.so
[1.186s] -- Found PythonExtra: .so  
[1.208s] -- Configuring done
[1.220s] -- Generating done
[1.225s] -- Build files have been written to: /home/suvi/poc_arm/build/my_robot_interfaces
[1.230s] Invoked command in '/home/suvi/poc_arm/build/my_robot_interfaces' returned '0': CMAKE_PREFIX_PATH=${CMAKE_PREFIX_PATH}:/opt/ros/humble /usr/bin/cmake /home/suvi/poc_arm/src/my_robot_interfaces -DCMAKE_INSTALL_PREFIX=/home/suvi/poc_arm/install/my_robot_interfaces
[1.232s] Invoking command in '/home/suvi/poc_arm/build/my_robot_interfaces': CMAKE_PREFIX_PATH=${CMAKE_PREFIX_PATH}:/opt/ros/humble /usr/bin/cmake --build /home/suvi/poc_arm/build/my_robot_interfaces -- -j12 -l12
[1.260s] [  3%] [34m[1mGenerating C code for ROS interfaces[0m
[1.267s] [  6%] [34m[1mGenerating C++ code for ROS interfaces[0m
[1.274s] [  6%] Built target ament_cmake_python_copy_my_robot_interfaces
[1.428s] [  6%] Built target my_robot_interfaces__cpp
[1.429s] [  9%] [32mBuilding C object CMakeFiles/my_robot_interfaces__rosidl_generator_c.dir/rosidl_generator_c/my_robot_interfaces/msg/detail/pose_command__functions.c.o[0m
[1.436s] [ 12%] [34m[1mGenerating C++ type support for eProsima Fast-RTPS[0m
[1.440s] [ 16%] [34m[1mGenerating C++ type support dispatch for ROS interfaces[0m
[1.440s] [ 19%] [34m[1mGenerating C++ introspection for ROS interfaces[0m
[1.465s] [ 22%] [32m[1mLinking C shared library libmy_robot_interfaces__rosidl_generator_c.so[0m
[1.496s] running egg_info
[1.496s] creating my_robot_interfaces.egg-info
[1.498s] [ 22%] Built target my_robot_interfaces__rosidl_generator_c
[1.509s] [ 32%] [34m[1mGenerating C type support dispatch for ROS interfaces[0m
[1.509s] [ 32%] [34m[1mGenerating C type support for eProsima Fast-RTPS[0m
[1.509s] [ 32%] [34m[1mGenerating C introspection for ROS interfaces[0m
[1.509s] writing my_robot_interfaces.egg-info/PKG-INFO
[1.510s] writing dependency_links to my_robot_interfaces.egg-info/dependency_links.txt
[1.510s] writing top-level names to my_robot_interfaces.egg-info/top_level.txt
[1.510s] writing manifest file 'my_robot_interfaces.egg-info/SOURCES.txt'
[1.549s] reading manifest file 'my_robot_interfaces.egg-info/SOURCES.txt'
[1.550s] writing manifest file 'my_robot_interfaces.egg-info/SOURCES.txt'
[1.573s] [ 32%] Built target ament_cmake_python_build_my_robot_interfaces_egg
[1.589s] [ 35%] [32mBuilding CXX object CMakeFiles/my_robot_interfaces__rosidl_typesupport_cpp.dir/rosidl_typesupport_cpp/my_robot_interfaces/msg/pose_command__type_support.cpp.o[0m
[1.608s] [ 38%] [32mBuilding CXX object CMakeFiles/my_robot_interfaces__rosidl_typesupport_introspection_cpp.dir/rosidl_typesupport_introspection_cpp/my_robot_interfaces/msg/detail/pose_command__type_support.cpp.o[0m
[1.611s] [ 41%] [32mBuilding CXX object CMakeFiles/my_robot_interfaces__rosidl_typesupport_fastrtps_cpp.dir/rosidl_typesupport_fastrtps_cpp/my_robot_interfaces/msg/detail/dds_fastrtps/pose_command__type_support.cpp.o[0m
[1.708s] [ 45%] [32mBuilding C object CMakeFiles/my_robot_interfaces__rosidl_typesupport_introspection_c.dir/rosidl_typesupport_introspection_c/my_robot_interfaces/msg/detail/pose_command__type_support.c.o[0m
[1.732s] [ 48%] [32m[1mLinking C shared library libmy_robot_interfaces__rosidl_typesupport_introspection_c.so[0m
[1.741s] [ 51%] [32mBuilding CXX object CMakeFiles/my_robot_interfaces__rosidl_typesupport_fastrtps_c.dir/rosidl_typesupport_fastrtps_c/my_robot_interfaces/msg/detail/pose_command__type_support_c.cpp.o[0m
[1.741s] [ 54%] [32m[1mLinking CXX shared library libmy_robot_interfaces__rosidl_typesupport_cpp.so[0m
[1.757s] [ 58%] [32mBuilding CXX object CMakeFiles/my_robot_interfaces__rosidl_typesupport_c.dir/rosidl_typesupport_c/my_robot_interfaces/msg/pose_command__type_support.cpp.o[0m
[1.762s] [ 58%] Built target my_robot_interfaces__rosidl_typesupport_introspection_c
[1.773s] [ 58%] Built target my_robot_interfaces__rosidl_typesupport_cpp
[1.778s] [ 61%] [32m[1mLinking CXX shared library libmy_robot_interfaces__rosidl_typesupport_c.so[0m
[1.813s] [ 61%] Built target my_robot_interfaces__rosidl_typesupport_c
[1.840s] [ 64%] [32m[1mLinking CXX shared library libmy_robot_interfaces__rosidl_typesupport_fastrtps_cpp.so[0m
[1.852s] [ 67%] [32m[1mLinking CXX shared library libmy_robot_interfaces__rosidl_typesupport_introspection_cpp.so[0m
[1.884s] [ 67%] Built target my_robot_interfaces__rosidl_typesupport_introspection_cpp
[1.891s] [ 67%] Built target my_robot_interfaces__rosidl_typesupport_fastrtps_cpp
[1.935s] [ 70%] [32m[1mLinking CXX shared library libmy_robot_interfaces__rosidl_typesupport_fastrtps_c.so[0m
[1.984s] [ 70%] Built target my_robot_interfaces__rosidl_typesupport_fastrtps_c
[1.999s] [ 70%] Built target my_robot_interfaces
[2.015s] [ 74%] [34m[1mGenerating Python code for ROS interfaces[0m
[2.192s] [ 74%] Built target my_robot_interfaces__py
[2.208s] [ 77%] [32mBuilding C object CMakeFiles/my_robot_interfaces__rosidl_generator_py.dir/rosidl_generator_py/my_robot_interfaces/msg/_pose_command_s.c.o[0m
[2.268s] [ 80%] [32m[1mLinking C shared library rosidl_generator_py/my_robot_interfaces/libmy_robot_interfaces__rosidl_generator_py.so[0m
[2.295s] [ 80%] Built target my_robot_interfaces__rosidl_generator_py
[2.310s] [ 83%] [32mBuilding C object CMakeFiles/my_robot_interfaces__rosidl_typesupport_c__pyext.dir/rosidl_generator_py/my_robot_interfaces/_my_robot_interfaces_s.ep.rosidl_typesupport_c.c.o[0m
[2.310s] [ 87%] [32mBuilding C object CMakeFiles/my_robot_interfaces__rosidl_typesupport_introspection_c__pyext.dir/rosidl_generator_py/my_robot_interfaces/_my_robot_interfaces_s.ep.rosidl_typesupport_introspection_c.c.o[0m
[2.311s] [ 90%] [32mBuilding C object CMakeFiles/my_robot_interfaces__rosidl_typesupport_fastrtps_c__pyext.dir/rosidl_generator_py/my_robot_interfaces/_my_robot_interfaces_s.ep.rosidl_typesupport_fastrtps_c.c.o[0m
[2.362s] [ 93%] [32m[1mLinking C shared library rosidl_generator_py/my_robot_interfaces/my_robot_interfaces_s__rosidl_typesupport_c.cpython-310-x86_64-linux-gnu.so[0m
[2.365s] [ 96%] [32m[1mLinking C shared library rosidl_generator_py/my_robot_interfaces/my_robot_interfaces_s__rosidl_typesupport_introspection_c.cpython-310-x86_64-linux-gnu.so[0m
[2.368s] [100%] [32m[1mLinking C shared library rosidl_generator_py/my_robot_interfaces/my_robot_interfaces_s__rosidl_typesupport_fastrtps_c.cpython-310-x86_64-linux-gnu.so[0m
[2.386s] [100%] Built target my_robot_interfaces__rosidl_typesupport_c__pyext
[2.390s] [100%] Built target my_robot_interfaces__rosidl_typesupport_fastrtps_c__pyext
[2.391s] [100%] Built target my_robot_interfaces__rosidl_typesupport_introspection_c__pyext
[2.398s] Invoked command in '/home/suvi/poc_arm/build/my_robot_interfaces' returned '0': CMAKE_PREFIX_PATH=${CMAKE_PREFIX_PATH}:/opt/ros/humble /usr/bin/cmake --build /home/suvi/poc_arm/build/my_robot_interfaces -- -j12 -l12
[2.399s] Invoking command in '/home/suvi/poc_arm/build/my_robot_interfaces': CMAKE_PREFIX_PATH=${CMAKE_PREFIX_PATH}:/opt/ros/humble /usr/bin/cmake --install /home/suvi/poc_arm/build/my_robot_interfaces
[2.406s] -- Install configuration: ""
[2.406s] -- Installing: /home/suvi/poc_arm/install/my_robot_interfaces/share/ament_index/resource_index/rosidl_interfaces/my_robot_interfaces
[2.406s] -- Installing: /home/suvi/poc_arm/install/my_robot_interfaces/include/my_robot_interfaces/my_robot_interfaces
[2.406s] -- Installing: /home/suvi/poc_arm/install/my_robot_interfaces/include/my_robot_interfaces/my_robot_interfaces/msg
[2.406s] -- Installing: /home/suvi/poc_arm/install/my_robot_interfaces/include/my_robot_interfaces/my_robot_interfaces/msg/pose_command.h
[2.407s] -- Installing: /home/suvi/poc_arm/install/my_robot_interfaces/include/my_robot_interfaces/my_robot_interfaces/msg/rosidl_generator_c__visibility_control.h
[2.407s] -- Installing: /home/suvi/poc_arm/install/my_robot_interfaces/include/my_robot_interfaces/my_robot_interfaces/msg/detail
[2.407s] -- Installing: /home/suvi/poc_arm/install/my_robot_interfaces/include/my_robot_interfaces/my_robot_interfaces/msg/detail/pose_command__struct.h
[2.407s] -- Installing: /home/suvi/poc_arm/install/my_robot_interfaces/include/my_robot_interfaces/my_robot_interfaces/msg/detail/pose_command__functions.h
[2.407s] -- Installing: /home/suvi/poc_arm/install/my_robot_interfaces/include/my_robot_interfaces/my_robot_interfaces/msg/detail/pose_command__type_support.h
[2.407s] -- Installing: /home/suvi/poc_arm/install/my_robot_interfaces/include/my_robot_interfaces/my_robot_interfaces/msg/detail/pose_command__functions.c
[2.407s] -- Installing: /home/suvi/poc_arm/install/my_robot_interfaces/share/my_robot_interfaces/environment/library_path.sh
[2.407s] -- Installing: /home/suvi/poc_arm/install/my_robot_interfaces/share/my_robot_interfaces/environment/library_path.dsv
[2.407s] -- Installing: /home/suvi/poc_arm/install/my_robot_interfaces/lib/libmy_robot_interfaces__rosidl_generator_c.so
[2.407s] -- Set runtime path of "/home/suvi/poc_arm/install/my_robot_interfaces/lib/libmy_robot_interfaces__rosidl_generator_c.so" to ""
[2.407s] -- Up-to-date: /home/suvi/poc_arm/install/my_robot_interfaces/include/my_robot_interfaces/my_robot_interfaces
[2.407s] -- Up-to-date: /home/suvi/poc_arm/install/my_robot_interfaces/include/my_robot_interfaces/my_robot_interfaces/msg
[2.407s] -- Installing: /home/suvi/poc_arm/install/my_robot_interfaces/include/my_robot_interfaces/my_robot_interfaces/msg/rosidl_typesupport_fastrtps_c__visibility_control.h
[2.407s] -- Up-to-date: /home/suvi/poc_arm/install/my_robot_interfaces/include/my_robot_interfaces/my_robot_interfaces/msg/detail
[2.407s] -- Installing: /home/suvi/poc_arm/install/my_robot_interfaces/include/my_robot_interfaces/my_robot_interfaces/msg/detail/pose_command__rosidl_typesupport_fastrtps_c.h
[2.407s] -- Installing: /home/suvi/poc_arm/install/my_robot_interfaces/lib/libmy_robot_interfaces__rosidl_typesupport_fastrtps_c.so
[2.407s] -- Set runtime path of "/home/suvi/poc_arm/install/my_robot_interfaces/lib/libmy_robot_interfaces__rosidl_typesupport_fastrtps_c.so" to ""
[2.407s] -- Up-to-date: /home/suvi/poc_arm/install/my_robot_interfaces/include/my_robot_interfaces/my_robot_interfaces
[2.407s] -- Up-to-date: /home/suvi/poc_arm/install/my_robot_interfaces/include/my_robot_interfaces/my_robot_interfaces/msg
[2.407s] -- Installing: /home/suvi/poc_arm/install/my_robot_interfaces/include/my_robot_interfaces/my_robot_interfaces/msg/rosidl_typesupport_introspection_c__visibility_control.h
[2.407s] -- Up-to-date: /home/suvi/poc_arm/install/my_robot_interfaces/include/my_robot_interfaces/my_robot_interfaces/msg/detail
[2.407s] -- Installing: /home/suvi/poc_arm/install/my_robot_interfaces/include/my_robot_interfaces/my_robot_interfaces/msg/detail/pose_command__rosidl_typesupport_introspection_c.h
[2.407s] -- Installing: /home/suvi/poc_arm/install/my_robot_interfaces/include/my_robot_interfaces/my_robot_interfaces/msg/detail/pose_command__type_support.c
[2.407s] -- Installing: /home/suvi/poc_arm/install/my_robot_interfaces/lib/libmy_robot_interfaces__rosidl_typesupport_introspection_c.so
[2.408s] -- Set runtime path of "/home/suvi/poc_arm/install/my_robot_interfaces/lib/libmy_robot_interfaces__rosidl_typesupport_introspection_c.so" to ""
[2.408s] -- Installing: /home/suvi/poc_arm/install/my_robot_interfaces/lib/libmy_robot_interfaces__rosidl_typesupport_c.so
[2.408s] -- Set runtime path of "/home/suvi/poc_arm/install/my_robot_interfaces/lib/libmy_robot_interfaces__rosidl_typesupport_c.so" to ""
[2.408s] -- Up-to-date: /home/suvi/poc_arm/install/my_robot_interfaces/include/my_robot_interfaces/my_robot_interfaces
[2.408s] -- Up-to-date: /home/suvi/poc_arm/install/my_robot_interfaces/include/my_robot_interfaces/my_robot_interfaces/msg
[2.408s] -- Installing: /home/suvi/poc_arm/install/my_robot_interfaces/include/my_robot_interfaces/my_robot_interfaces/msg/pose_command.hpp
[2.408s] -- Installing: /home/suvi/poc_arm/install/my_robot_interfaces/include/my_robot_interfaces/my_robot_interfaces/msg/rosidl_generator_cpp__visibility_control.hpp
[2.408s] -- Up-to-date: /home/suvi/poc_arm/install/my_robot_interfaces/include/my_robot_interfaces/my_robot_interfaces/msg/detail
[2.408s] -- Installing: /home/suvi/poc_arm/install/my_robot_interfaces/include/my_robot_interfaces/my_robot_interfaces/msg/detail/pose_command__traits.hpp
[2.408s] -- Installing: /home/suvi/poc_arm/install/my_robot_interfaces/include/my_robot_interfaces/my_robot_interfaces/msg/detail/pose_command__builder.hpp
[2.408s] -- Installing: /home/suvi/poc_arm/install/my_robot_interfaces/include/my_robot_interfaces/my_robot_interfaces/msg/detail/pose_command__type_support.hpp
[2.408s] -- Installing: /home/suvi/poc_arm/install/my_robot_interfaces/include/my_robot_interfaces/my_robot_interfaces/msg/detail/pose_command__struct.hpp
[2.408s] -- Up-to-date: /home/suvi/poc_arm/install/my_robot_interfaces/include/my_robot_interfaces/my_robot_interfaces
[2.408s] -- Up-to-date: /home/suvi/poc_arm/install/my_robot_interfaces/include/my_robot_interfaces/my_robot_interfaces/msg
[2.408s] -- Installing: /home/suvi/poc_arm/install/my_robot_interfaces/include/my_robot_interfaces/my_robot_interfaces/msg/rosidl_typesupport_fastrtps_cpp__visibility_control.h
[2.408s] -- Up-to-date: /home/suvi/poc_arm/install/my_robot_interfaces/include/my_robot_interfaces/my_robot_interfaces/msg/detail
[2.408s] -- Installing: /home/suvi/poc_arm/install/my_robot_interfaces/include/my_robot_interfaces/my_robot_interfaces/msg/detail/pose_command__rosidl_typesupport_fastrtps_cpp.hpp
[2.408s] -- Installing: /home/suvi/poc_arm/install/my_robot_interfaces/include/my_robot_interfaces/my_robot_interfaces/msg/detail/dds_fastrtps
[2.408s] -- Installing: /home/suvi/poc_arm/install/my_robot_interfaces/lib/libmy_robot_interfaces__rosidl_typesupport_fastrtps_cpp.so
[2.408s] -- Set runtime path of "/home/suvi/poc_arm/install/my_robot_interfaces/lib/libmy_robot_interfaces__rosidl_typesupport_fastrtps_cpp.so" to ""
[2.408s] -- Up-to-date: /home/suvi/poc_arm/install/my_robot_interfaces/include/my_robot_interfaces/my_robot_interfaces
[2.408s] -- Up-to-date: /home/suvi/poc_arm/install/my_robot_interfaces/include/my_robot_interfaces/my_robot_interfaces/msg
[2.408s] -- Up-to-date: /home/suvi/poc_arm/install/my_robot_interfaces/include/my_robot_interfaces/my_robot_interfaces/msg/detail
[2.408s] -- Installing: /home/suvi/poc_arm/install/my_robot_interfaces/include/my_robot_interfaces/my_robot_interfaces/msg/detail/pose_command__type_support.cpp
[2.408s] -- Installing: /home/suvi/poc_arm/install/my_robot_interfaces/include/my_robot_interfaces/my_robot_interfaces/msg/detail/pose_command__rosidl_typesupport_introspection_cpp.hpp
[2.409s] -- Installing: /home/suvi/poc_arm/install/my_robot_interfaces/lib/libmy_robot_interfaces__rosidl_typesupport_introspection_cpp.so
[2.409s] -- Set runtime path of "/home/suvi/poc_arm/install/my_robot_interfaces/lib/libmy_robot_interfaces__rosidl_typesupport_introspection_cpp.so" to ""
[2.409s] -- Installing: /home/suvi/poc_arm/install/my_robot_interfaces/lib/libmy_robot_interfaces__rosidl_typesupport_cpp.so
[2.409s] -- Set runtime path of "/home/suvi/poc_arm/install/my_robot_interfaces/lib/libmy_robot_interfaces__rosidl_typesupport_cpp.so" to ""
[2.409s] -- Installing: /home/suvi/poc_arm/install/my_robot_interfaces/share/my_robot_interfaces/environment/pythonpath.sh
[2.409s] -- Installing: /home/suvi/poc_arm/install/my_robot_interfaces/share/my_robot_interfaces/environment/pythonpath.dsv
[2.409s] -- Installing: /home/suvi/poc_arm/install/my_robot_interfaces/local/lib/python3.10/dist-packages/my_robot_interfaces-0.0.0-py3.10.egg-info
[2.409s] -- Installing: /home/suvi/poc_arm/install/my_robot_interfaces/local/lib/python3.10/dist-packages/my_robot_interfaces-0.0.0-py3.10.egg-info/PKG-INFO
[2.409s] -- Installing: /home/suvi/poc_arm/install/my_robot_interfaces/local/lib/python3.10/dist-packages/my_robot_interfaces-0.0.0-py3.10.egg-info/SOURCES.txt
[2.409s] -- Installing: /home/suvi/poc_arm/install/my_robot_interfaces/local/lib/python3.10/dist-packages/my_robot_interfaces-0.0.0-py3.10.egg-info/dependency_links.txt
[2.409s] -- Installing: /home/suvi/poc_arm/install/my_robot_interfaces/local/lib/python3.10/dist-packages/my_robot_interfaces-0.0.0-py3.10.egg-info/top_level.txt
[2.409s] -- Installing: /home/suvi/poc_arm/install/my_robot_interfaces/local/lib/python3.10/dist-packages/my_robot_interfaces
[2.409s] -- Installing: /home/suvi/poc_arm/install/my_robot_interfaces/local/lib/python3.10/dist-packages/my_robot_interfaces/my_robot_interfaces_s__rosidl_typesupport_c.cpython-310-x86_64-linux-gnu.so
[2.409s] -- Installing: /home/suvi/poc_arm/install/my_robot_interfaces/local/lib/python3.10/dist-packages/my_robot_interfaces/libmy_robot_interfaces__rosidl_generator_py.so
[2.409s] -- Installing: /home/suvi/poc_arm/install/my_robot_interfaces/local/lib/python3.10/dist-packages/my_robot_interfaces/msg
[2.409s] -- Installing: /home/suvi/poc_arm/install/my_robot_interfaces/local/lib/python3.10/dist-packages/my_robot_interfaces/msg/_pose_command.py
[2.409s] -- Installing: /home/suvi/poc_arm/install/my_robot_interfaces/local/lib/python3.10/dist-packages/my_robot_interfaces/msg/__init__.py
[2.409s] -- Installing: /home/suvi/poc_arm/install/my_robot_interfaces/local/lib/python3.10/dist-packages/my_robot_interfaces/msg/_pose_command_s.c
[2.409s] -- Installing: /home/suvi/poc_arm/install/my_robot_interfaces/local/lib/python3.10/dist-packages/my_robot_interfaces/_my_robot_interfaces_s.ep.rosidl_typesupport_introspection_c.c
[2.409s] -- Installing: /home/suvi/poc_arm/install/my_robot_interfaces/local/lib/python3.10/dist-packages/my_robot_interfaces/my_robot_interfaces_s__rosidl_typesupport_introspection_c.cpython-310-x86_64-linux-gnu.so
[2.409s] -- Installing: /home/suvi/poc_arm/install/my_robot_interfaces/local/lib/python3.10/dist-packages/my_robot_interfaces/_my_robot_interfaces_s.ep.rosidl_typesupport_c.c
[2.409s] -- Installing: /home/suvi/poc_arm/install/my_robot_interfaces/local/lib/python3.10/dist-packages/my_robot_interfaces/my_robot_interfaces_s__rosidl_typesupport_fastrtps_c.cpython-310-x86_64-linux-gnu.so
[2.410s] -- Installing: /home/suvi/poc_arm/install/my_robot_interfaces/local/lib/python3.10/dist-packages/my_robot_interfaces/__init__.py
[2.410s] -- Installing: /home/suvi/poc_arm/install/my_robot_interfaces/local/lib/python3.10/dist-packages/my_robot_interfaces/_my_robot_interfaces_s.ep.rosidl_typesupport_fastrtps_c.c
[2.434s] Listing '/home/suvi/poc_arm/install/my_robot_interfaces/local/lib/python3.10/dist-packages/my_robot_interfaces'...
[2.434s] Compiling '/home/suvi/poc_arm/install/my_robot_interfaces/local/lib/python3.10/dist-packages/my_robot_interfaces/__init__.py'...
[2.434s] Listing '/home/suvi/poc_arm/install/my_robot_interfaces/local/lib/python3.10/dist-packages/my_robot_interfaces/msg'...
[2.434s] Compiling '/home/suvi/poc_arm/install/my_robot_interfaces/local/lib/python3.10/dist-packages/my_robot_interfaces/msg/__init__.py'...
[2.434s] Compiling '/home/suvi/poc_arm/install/my_robot_interfaces/local/lib/python3.10/dist-packages/my_robot_interfaces/msg/_pose_command.py'...
[2.437s] -- Installing: /home/suvi/poc_arm/install/my_robot_interfaces/local/lib/python3.10/dist-packages/my_robot_interfaces/my_robot_interfaces_s__rosidl_typesupport_fastrtps_c.cpython-310-x86_64-linux-gnu.so
[2.437s] -- Set runtime path of "/home/suvi/poc_arm/install/my_robot_interfaces/local/lib/python3.10/dist-packages/my_robot_interfaces/my_robot_interfaces_s__rosidl_typesupport_fastrtps_c.cpython-310-x86_64-linux-gnu.so" to ""
[2.438s] -- Installing: /home/suvi/poc_arm/install/my_robot_interfaces/local/lib/python3.10/dist-packages/my_robot_interfaces/my_robot_interfaces_s__rosidl_typesupport_introspection_c.cpython-310-x86_64-linux-gnu.so
[2.438s] -- Set runtime path of "/home/suvi/poc_arm/install/my_robot_interfaces/local/lib/python3.10/dist-packages/my_robot_interfaces/my_robot_interfaces_s__rosidl_typesupport_introspection_c.cpython-310-x86_64-linux-gnu.so" to ""
[2.438s] -- Installing: /home/suvi/poc_arm/install/my_robot_interfaces/local/lib/python3.10/dist-packages/my_robot_interfaces/my_robot_interfaces_s__rosidl_typesupport_c.cpython-310-x86_64-linux-gnu.so
[2.438s] -- Set runtime path of "/home/suvi/poc_arm/install/my_robot_interfaces/local/lib/python3.10/dist-packages/my_robot_interfaces/my_robot_interfaces_s__rosidl_typesupport_c.cpython-310-x86_64-linux-gnu.so" to ""
[2.438s] -- Installing: /home/suvi/poc_arm/install/my_robot_interfaces/lib/libmy_robot_interfaces__rosidl_generator_py.so
[2.438s] -- Set runtime path of "/home/suvi/poc_arm/install/my_robot_interfaces/lib/libmy_robot_interfaces__rosidl_generator_py.so" to ""
[2.438s] -- Installing: /home/suvi/poc_arm/install/my_robot_interfaces/share/my_robot_interfaces/msg/PoseCommand.idl
[2.438s] -- Installing: /home/suvi/poc_arm/install/my_robot_interfaces/share/my_robot_interfaces/msg/PoseCommand.msg
[2.438s] -- Installing: /home/suvi/poc_arm/install/my_robot_interfaces/share/ament_index/resource_index/package_run_dependencies/my_robot_interfaces
[2.438s] -- Installing: /home/suvi/poc_arm/install/my_robot_interfaces/share/ament_index/resource_index/parent_prefix_path/my_robot_interfaces
[2.438s] -- Installing: /home/suvi/poc_arm/install/my_robot_interfaces/share/my_robot_interfaces/environment/ament_prefix_path.sh
[2.438s] -- Installing: /home/suvi/poc_arm/install/my_robot_interfaces/share/my_robot_interfaces/environment/ament_prefix_path.dsv
[2.438s] -- Installing: /home/suvi/poc_arm/install/my_robot_interfaces/share/my_robot_interfaces/environment/path.sh
[2.438s] -- Installing: /home/suvi/poc_arm/install/my_robot_interfaces/share/my_robot_interfaces/environment/path.dsv
[2.438s] -- Installing: /home/suvi/poc_arm/install/my_robot_interfaces/share/my_robot_interfaces/local_setup.bash
[2.438s] -- Installing: /home/suvi/poc_arm/install/my_robot_interfaces/share/my_robot_interfaces/local_setup.sh
[2.438s] -- Installing: /home/suvi/poc_arm/install/my_robot_interfaces/share/my_robot_interfaces/local_setup.zsh
[2.438s] -- Installing: /home/suvi/poc_arm/install/my_robot_interfaces/share/my_robot_interfaces/local_setup.dsv
[2.438s] -- Installing: /home/suvi/poc_arm/install/my_robot_interfaces/share/my_robot_interfaces/package.dsv
[2.438s] -- Installing: /home/suvi/poc_arm/install/my_robot_interfaces/share/ament_index/resource_index/packages/my_robot_interfaces
[2.438s] -- Installing: /home/suvi/poc_arm/install/my_robot_interfaces/share/my_robot_interfaces/cmake/export_my_robot_interfaces__rosidl_generator_cExport.cmake
[2.438s] -- Installing: /home/suvi/poc_arm/install/my_robot_interfaces/share/my_robot_interfaces/cmake/export_my_robot_interfaces__rosidl_generator_cExport-noconfig.cmake
[2.439s] -- Installing: /home/suvi/poc_arm/install/my_robot_interfaces/share/my_robot_interfaces/cmake/export_my_robot_interfaces__rosidl_typesupport_fastrtps_cExport.cmake
[2.439s] -- Installing: /home/suvi/poc_arm/install/my_robot_interfaces/share/my_robot_interfaces/cmake/export_my_robot_interfaces__rosidl_typesupport_fastrtps_cExport-noconfig.cmake
[2.439s] -- Installing: /home/suvi/poc_arm/install/my_robot_interfaces/share/my_robot_interfaces/cmake/my_robot_interfaces__rosidl_typesupport_introspection_cExport.cmake
[2.439s] -- Installing: /home/suvi/poc_arm/install/my_robot_interfaces/share/my_robot_interfaces/cmake/my_robot_interfaces__rosidl_typesupport_introspection_cExport-noconfig.cmake
[2.439s] -- Installing: /home/suvi/poc_arm/install/my_robot_interfaces/share/my_robot_interfaces/cmake/my_robot_interfaces__rosidl_typesupport_cExport.cmake
[2.439s] -- Installing: /home/suvi/poc_arm/install/my_robot_interfaces/share/my_robot_interfaces/cmake/my_robot_interfaces__rosidl_typesupport_cExport-noconfig.cmake
[2.439s] -- Installing: /home/suvi/poc_arm/install/my_robot_interfaces/share/my_robot_interfaces/cmake/export_my_robot_interfaces__rosidl_generator_cppExport.cmake
[2.439s] -- Installing: /home/suvi/poc_arm/install/my_robot_interfaces/share/my_robot_interfaces/cmake/export_my_robot_interfaces__rosidl_typesupport_fastrtps_cppExport.cmake
[2.439s] -- Installing: /home/suvi/poc_arm/install/my_robot_interfaces/share/my_robot_interfaces/cmake/export_my_robot_interfaces__rosidl_typesupport_fastrtps_cppExport-noconfig.cmake
[2.439s] -- Installing: /home/suvi/poc_arm/install/my_robot_interfaces/share/my_robot_interfaces/cmake/my_robot_interfaces__rosidl_typesupport_introspection_cppExport.cmake
[2.439s] -- Installing: /home/suvi/poc_arm/install/my_robot_interfaces/share/my_robot_interfaces/cmake/my_robot_interfaces__rosidl_typesupport_introspection_cppExport-noconfig.cmake
[2.439s] -- Installing: /home/suvi/poc_arm/install/my_robot_interfaces/share/my_robot_interfaces/cmake/my_robot_interfaces__rosidl_typesupport_cppExport.cmake
[2.439s] -- Installing: /home/suvi/poc_arm/install/my_robot_interfaces/share/my_robot_interfaces/cmake/my_robot_interfaces__rosidl_typesupport_cppExport-noconfig.cmake
[2.439s] -- Installing: /home/suvi/poc_arm/install/my_robot_interfaces/share/my_robot_interfaces/cmake/export_my_robot_interfaces__rosidl_generator_pyExport.cmake
[2.439s] -- Installing: /home/suvi/poc_arm/install/my_robot_interfaces/share/my_robot_interfaces/cmake/export_my_robot_interfaces__rosidl_generator_pyExport-noconfig.cmake
[2.439s] -- Installing: /home/suvi/poc_arm/install/my_robot_interfaces/share/my_robot_interfaces/cmake/rosidl_cmake-extras.cmake
[2.439s] -- Installing: /home/suvi/poc_arm/install/my_robot_interfaces/share/my_robot_interfaces/cmake/ament_cmake_export_include_directories-extras.cmake
[2.439s] -- Installing: /home/suvi/poc_arm/install/my_robot_interfaces/share/my_robot_interfaces/cmake/ament_cmake_export_libraries-extras.cmake
[2.439s] -- Installing: /home/suvi/poc_arm/install/my_robot_interfaces/share/my_robot_interfaces/cmake/ament_cmake_export_targets-extras.cmake
[2.439s] -- Installing: /home/suvi/poc_arm/install/my_robot_interfaces/share/my_robot_interfaces/cmake/rosidl_cmake_export_typesupport_targets-extras.cmake
[2.439s] -- Installing: /home/suvi/poc_arm/install/my_robot_interfaces/share/my_robot_interfaces/cmake/ament_cmake_export_dependencies-extras.cmake
[2.440s] -- Installing: /home/suvi/poc_arm/install/my_robot_interfaces/share/my_robot_interfaces/cmake/rosidl_cmake_export_typesupport_libraries-extras.cmake
[2.440s] -- Installing: /home/suvi/poc_arm/install/my_robot_interfaces/share/my_robot_interfaces/cmake/my_robot_interfacesConfig.cmake
[2.440s] -- Installing: /home/suvi/poc_arm/install/my_robot_interfaces/share/my_robot_interfaces/cmake/my_robot_interfacesConfig-version.cmake
[2.440s] -- Installing: /home/suvi/poc_arm/install/my_robot_interfaces/share/my_robot_interfaces/package.xml
[2.441s] Invoked command in '/home/suvi/poc_arm/build/my_robot_interfaces' returned '0': CMAKE_PREFIX_PATH=${CMAKE_PREFIX_PATH}:/opt/ros/humble /usr/bin/cmake --install /home/suvi/poc_arm/build/my_robot_interfaces
