[0.030s] Invoking command in '/home/suvi/poc_arm/build/my_robot_interfaces': CMAKE_PREFIX_PATH=${CMAKE_PREFIX_PATH}:/opt/ros/humble /usr/bin/cmake --build /home/suvi/poc_arm/build/my_robot_interfaces -- -j12 -l12
[0.118s] [  3%] Built target my_robot_interfaces__cpp
[0.119s] [ 12%] Built target my_robot_interfaces__rosidl_generator_c
[0.140s] [ 12%] Built target ament_cmake_python_copy_my_robot_interfaces
[0.159s] [ 22%] Built target my_robot_interfaces__rosidl_typesupport_fastrtps_cpp
[0.178s] [ 32%] Built target my_robot_interfaces__rosidl_typesupport_cpp
[0.178s] [ 41%] Built target my_robot_interfaces__rosidl_typesupport_introspection_cpp
[0.178s] [ 51%] Built target my_robot_interfaces__rosidl_typesupport_fastrtps_c
[0.188s] [ 61%] Built target my_robot_interfaces__rosidl_typesupport_c
[0.192s] [ 70%] Built target my_robot_interfaces__rosidl_typesupport_introspection_c
[0.220s] [ 70%] Built target my_robot_interfaces
[0.257s] [ 74%] Built target my_robot_interfaces__py
[0.292s] [ 80%] Built target my_robot_interfaces__rosidl_generator_py
[0.335s] [ 87%] Built target my_robot_interfaces__rosidl_typesupport_fastrtps_c__pyext
[0.343s] [ 93%] Built target my_robot_interfaces__rosidl_typesupport_introspection_c__pyext
[0.353s] [100%] Built target my_robot_interfaces__rosidl_typesupport_c__pyext
[0.642s] running egg_info
[0.668s] writing my_robot_interfaces.egg-info/PKG-INFO
[0.668s] writing dependency_links to my_robot_interfaces.egg-info/dependency_links.txt
[0.669s] writing top-level names to my_robot_interfaces.egg-info/top_level.txt
[0.750s] reading manifest file 'my_robot_interfaces.egg-info/SOURCES.txt'
[0.750s] writing manifest file 'my_robot_interfaces.egg-info/SOURCES.txt'
[0.797s] [100%] Built target ament_cmake_python_build_my_robot_interfaces_egg
[0.811s] Invoked command in '/home/suvi/poc_arm/build/my_robot_interfaces' returned '0': CMAKE_PREFIX_PATH=${CMAKE_PREFIX_PATH}:/opt/ros/humble /usr/bin/cmake --build /home/suvi/poc_arm/build/my_robot_interfaces -- -j12 -l12
[0.814s] Invoking command in '/home/suvi/poc_arm/build/my_robot_interfaces': CMAKE_PREFIX_PATH=${CMAKE_PREFIX_PATH}:/opt/ros/humble /usr/bin/cmake --install /home/suvi/poc_arm/build/my_robot_interfaces
[0.823s] -- Install configuration: ""
[0.824s] -- Up-to-date: /home/suvi/poc_arm/install/my_robot_interfaces/share/ament_index/resource_index/rosidl_interfaces/my_robot_interfaces
[0.824s] -- Up-to-date: /home/suvi/poc_arm/install/my_robot_interfaces/include/my_robot_interfaces/my_robot_interfaces
[0.824s] -- Up-to-date: /home/suvi/poc_arm/install/my_robot_interfaces/include/my_robot_interfaces/my_robot_interfaces/msg
[0.824s] -- Up-to-date: /home/suvi/poc_arm/install/my_robot_interfaces/include/my_robot_interfaces/my_robot_interfaces/msg/pose_command.h
[0.824s] -- Up-to-date: /home/suvi/poc_arm/install/my_robot_interfaces/include/my_robot_interfaces/my_robot_interfaces/msg/rosidl_generator_c__visibility_control.h
[0.824s] -- Up-to-date: /home/suvi/poc_arm/install/my_robot_interfaces/include/my_robot_interfaces/my_robot_interfaces/msg/detail
[0.824s] -- Up-to-date: /home/suvi/poc_arm/install/my_robot_interfaces/include/my_robot_interfaces/my_robot_interfaces/msg/detail/pose_command__struct.h
[0.824s] -- Up-to-date: /home/suvi/poc_arm/install/my_robot_interfaces/include/my_robot_interfaces/my_robot_interfaces/msg/detail/pose_command__functions.h
[0.824s] -- Up-to-date: /home/suvi/poc_arm/install/my_robot_interfaces/include/my_robot_interfaces/my_robot_interfaces/msg/detail/pose_command__type_support.h
[0.824s] -- Up-to-date: /home/suvi/poc_arm/install/my_robot_interfaces/include/my_robot_interfaces/my_robot_interfaces/msg/detail/pose_command__functions.c
[0.825s] -- Up-to-date: /home/suvi/poc_arm/install/my_robot_interfaces/share/my_robot_interfaces/environment/library_path.sh
[0.825s] -- Up-to-date: /home/suvi/poc_arm/install/my_robot_interfaces/share/my_robot_interfaces/environment/library_path.dsv
[0.825s] -- Up-to-date: /home/suvi/poc_arm/install/my_robot_interfaces/lib/libmy_robot_interfaces__rosidl_generator_c.so
[0.825s] -- Up-to-date: /home/suvi/poc_arm/install/my_robot_interfaces/include/my_robot_interfaces/my_robot_interfaces
[0.825s] -- Up-to-date: /home/suvi/poc_arm/install/my_robot_interfaces/include/my_robot_interfaces/my_robot_interfaces/msg
[0.825s] -- Up-to-date: /home/suvi/poc_arm/install/my_robot_interfaces/include/my_robot_interfaces/my_robot_interfaces/msg/rosidl_typesupport_fastrtps_c__visibility_control.h
[0.825s] -- Up-to-date: /home/suvi/poc_arm/install/my_robot_interfaces/include/my_robot_interfaces/my_robot_interfaces/msg/detail
[0.825s] -- Up-to-date: /home/suvi/poc_arm/install/my_robot_interfaces/include/my_robot_interfaces/my_robot_interfaces/msg/detail/pose_command__rosidl_typesupport_fastrtps_c.h
[0.825s] -- Up-to-date: /home/suvi/poc_arm/install/my_robot_interfaces/lib/libmy_robot_interfaces__rosidl_typesupport_fastrtps_c.so
[0.825s] -- Up-to-date: /home/suvi/poc_arm/install/my_robot_interfaces/include/my_robot_interfaces/my_robot_interfaces
[0.825s] -- Up-to-date: /home/suvi/poc_arm/install/my_robot_interfaces/include/my_robot_interfaces/my_robot_interfaces/msg
[0.825s] -- Up-to-date: /home/suvi/poc_arm/install/my_robot_interfaces/include/my_robot_interfaces/my_robot_interfaces/msg/rosidl_typesupport_introspection_c__visibility_control.h
[0.825s] -- Up-to-date: /home/suvi/poc_arm/install/my_robot_interfaces/include/my_robot_interfaces/my_robot_interfaces/msg/detail
[0.826s] -- Up-to-date: /home/suvi/poc_arm/install/my_robot_interfaces/include/my_robot_interfaces/my_robot_interfaces/msg/detail/pose_command__rosidl_typesupport_introspection_c.h
[0.826s] -- Up-to-date: /home/suvi/poc_arm/install/my_robot_interfaces/include/my_robot_interfaces/my_robot_interfaces/msg/detail/pose_command__type_support.c
[0.826s] -- Up-to-date: /home/suvi/poc_arm/install/my_robot_interfaces/lib/libmy_robot_interfaces__rosidl_typesupport_introspection_c.so
[0.826s] -- Up-to-date: /home/suvi/poc_arm/install/my_robot_interfaces/lib/libmy_robot_interfaces__rosidl_typesupport_c.so
[0.826s] -- Up-to-date: /home/suvi/poc_arm/install/my_robot_interfaces/include/my_robot_interfaces/my_robot_interfaces
[0.826s] -- Up-to-date: /home/suvi/poc_arm/install/my_robot_interfaces/include/my_robot_interfaces/my_robot_interfaces/msg
[0.826s] -- Up-to-date: /home/suvi/poc_arm/install/my_robot_interfaces/include/my_robot_interfaces/my_robot_interfaces/msg/pose_command.hpp
[0.826s] -- Up-to-date: /home/suvi/poc_arm/install/my_robot_interfaces/include/my_robot_interfaces/my_robot_interfaces/msg/rosidl_generator_cpp__visibility_control.hpp
[0.826s] -- Up-to-date: /home/suvi/poc_arm/install/my_robot_interfaces/include/my_robot_interfaces/my_robot_interfaces/msg/detail
[0.826s] -- Up-to-date: /home/suvi/poc_arm/install/my_robot_interfaces/include/my_robot_interfaces/my_robot_interfaces/msg/detail/pose_command__traits.hpp
[0.826s] -- Up-to-date: /home/suvi/poc_arm/install/my_robot_interfaces/include/my_robot_interfaces/my_robot_interfaces/msg/detail/pose_command__builder.hpp
[0.826s] -- Up-to-date: /home/suvi/poc_arm/install/my_robot_interfaces/include/my_robot_interfaces/my_robot_interfaces/msg/detail/pose_command__type_support.hpp
[0.826s] -- Up-to-date: /home/suvi/poc_arm/install/my_robot_interfaces/include/my_robot_interfaces/my_robot_interfaces/msg/detail/pose_command__struct.hpp
[0.826s] -- Up-to-date: /home/suvi/poc_arm/install/my_robot_interfaces/include/my_robot_interfaces/my_robot_interfaces
[0.827s] -- Up-to-date: /home/suvi/poc_arm/install/my_robot_interfaces/include/my_robot_interfaces/my_robot_interfaces/msg
[0.827s] -- Up-to-date: /home/suvi/poc_arm/install/my_robot_interfaces/include/my_robot_interfaces/my_robot_interfaces/msg/rosidl_typesupport_fastrtps_cpp__visibility_control.h
[0.827s] -- Up-to-date: /home/suvi/poc_arm/install/my_robot_interfaces/include/my_robot_interfaces/my_robot_interfaces/msg/detail
[0.827s] -- Up-to-date: /home/suvi/poc_arm/install/my_robot_interfaces/include/my_robot_interfaces/my_robot_interfaces/msg/detail/pose_command__rosidl_typesupport_fastrtps_cpp.hpp
[0.827s] -- Up-to-date: /home/suvi/poc_arm/install/my_robot_interfaces/include/my_robot_interfaces/my_robot_interfaces/msg/detail/dds_fastrtps
[0.827s] -- Up-to-date: /home/suvi/poc_arm/install/my_robot_interfaces/lib/libmy_robot_interfaces__rosidl_typesupport_fastrtps_cpp.so
[0.827s] -- Up-to-date: /home/suvi/poc_arm/install/my_robot_interfaces/include/my_robot_interfaces/my_robot_interfaces
[0.827s] -- Up-to-date: /home/suvi/poc_arm/install/my_robot_interfaces/include/my_robot_interfaces/my_robot_interfaces/msg
[0.827s] -- Up-to-date: /home/suvi/poc_arm/install/my_robot_interfaces/include/my_robot_interfaces/my_robot_interfaces/msg/detail
[0.827s] -- Up-to-date: /home/suvi/poc_arm/install/my_robot_interfaces/include/my_robot_interfaces/my_robot_interfaces/msg/detail/pose_command__type_support.cpp
[0.827s] -- Up-to-date: /home/suvi/poc_arm/install/my_robot_interfaces/include/my_robot_interfaces/my_robot_interfaces/msg/detail/pose_command__rosidl_typesupport_introspection_cpp.hpp
[0.827s] -- Up-to-date: /home/suvi/poc_arm/install/my_robot_interfaces/lib/libmy_robot_interfaces__rosidl_typesupport_introspection_cpp.so
[0.827s] -- Up-to-date: /home/suvi/poc_arm/install/my_robot_interfaces/lib/libmy_robot_interfaces__rosidl_typesupport_cpp.so
[0.827s] -- Up-to-date: /home/suvi/poc_arm/install/my_robot_interfaces/share/my_robot_interfaces/environment/pythonpath.sh
[0.827s] -- Up-to-date: /home/suvi/poc_arm/install/my_robot_interfaces/share/my_robot_interfaces/environment/pythonpath.dsv
[0.827s] -- Up-to-date: /home/suvi/poc_arm/install/my_robot_interfaces/local/lib/python3.10/dist-packages/my_robot_interfaces-0.0.0-py3.10.egg-info
[0.827s] -- Installing: /home/suvi/poc_arm/install/my_robot_interfaces/local/lib/python3.10/dist-packages/my_robot_interfaces-0.0.0-py3.10.egg-info/PKG-INFO
[0.829s] -- Installing: /home/suvi/poc_arm/install/my_robot_interfaces/local/lib/python3.10/dist-packages/my_robot_interfaces-0.0.0-py3.10.egg-info/SOURCES.txt
[0.829s] -- Installing: /home/suvi/poc_arm/install/my_robot_interfaces/local/lib/python3.10/dist-packages/my_robot_interfaces-0.0.0-py3.10.egg-info/dependency_links.txt
[0.829s] -- Installing: /home/suvi/poc_arm/install/my_robot_interfaces/local/lib/python3.10/dist-packages/my_robot_interfaces-0.0.0-py3.10.egg-info/top_level.txt
[0.829s] -- Up-to-date: /home/suvi/poc_arm/install/my_robot_interfaces/local/lib/python3.10/dist-packages/my_robot_interfaces
[0.829s] -- Up-to-date: /home/suvi/poc_arm/install/my_robot_interfaces/local/lib/python3.10/dist-packages/my_robot_interfaces/my_robot_interfaces_s__rosidl_typesupport_c.cpython-310-x86_64-linux-gnu.so
[0.829s] -- Up-to-date: /home/suvi/poc_arm/install/my_robot_interfaces/local/lib/python3.10/dist-packages/my_robot_interfaces/libmy_robot_interfaces__rosidl_generator_py.so
[0.829s] -- Up-to-date: /home/suvi/poc_arm/install/my_robot_interfaces/local/lib/python3.10/dist-packages/my_robot_interfaces/msg
[0.829s] -- Up-to-date: /home/suvi/poc_arm/install/my_robot_interfaces/local/lib/python3.10/dist-packages/my_robot_interfaces/msg/_pose_command.py
[0.829s] -- Up-to-date: /home/suvi/poc_arm/install/my_robot_interfaces/local/lib/python3.10/dist-packages/my_robot_interfaces/msg/__init__.py
[0.830s] -- Up-to-date: /home/suvi/poc_arm/install/my_robot_interfaces/local/lib/python3.10/dist-packages/my_robot_interfaces/msg/_pose_command_s.c
[0.830s] -- Up-to-date: /home/suvi/poc_arm/install/my_robot_interfaces/local/lib/python3.10/dist-packages/my_robot_interfaces/_my_robot_interfaces_s.ep.rosidl_typesupport_introspection_c.c
[0.830s] -- Up-to-date: /home/suvi/poc_arm/install/my_robot_interfaces/local/lib/python3.10/dist-packages/my_robot_interfaces/my_robot_interfaces_s__rosidl_typesupport_introspection_c.cpython-310-x86_64-linux-gnu.so
[0.830s] -- Up-to-date: /home/suvi/poc_arm/install/my_robot_interfaces/local/lib/python3.10/dist-packages/my_robot_interfaces/_my_robot_interfaces_s.ep.rosidl_typesupport_c.c
[0.830s] -- Up-to-date: /home/suvi/poc_arm/install/my_robot_interfaces/local/lib/python3.10/dist-packages/my_robot_interfaces/my_robot_interfaces_s__rosidl_typesupport_fastrtps_c.cpython-310-x86_64-linux-gnu.so
[0.830s] -- Up-to-date: /home/suvi/poc_arm/install/my_robot_interfaces/local/lib/python3.10/dist-packages/my_robot_interfaces/__init__.py
[0.830s] -- Up-to-date: /home/suvi/poc_arm/install/my_robot_interfaces/local/lib/python3.10/dist-packages/my_robot_interfaces/_my_robot_interfaces_s.ep.rosidl_typesupport_fastrtps_c.c
[0.874s] Listing '/home/suvi/poc_arm/install/my_robot_interfaces/local/lib/python3.10/dist-packages/my_robot_interfaces'...
[0.874s] Listing '/home/suvi/poc_arm/install/my_robot_interfaces/local/lib/python3.10/dist-packages/my_robot_interfaces/msg'...
[0.880s] -- Up-to-date: /home/suvi/poc_arm/install/my_robot_interfaces/local/lib/python3.10/dist-packages/my_robot_interfaces/my_robot_interfaces_s__rosidl_typesupport_fastrtps_c.cpython-310-x86_64-linux-gnu.so
[0.880s] -- Up-to-date: /home/suvi/poc_arm/install/my_robot_interfaces/local/lib/python3.10/dist-packages/my_robot_interfaces/my_robot_interfaces_s__rosidl_typesupport_introspection_c.cpython-310-x86_64-linux-gnu.so
[0.881s] -- Up-to-date: /home/suvi/poc_arm/install/my_robot_interfaces/local/lib/python3.10/dist-packages/my_robot_interfaces/my_robot_interfaces_s__rosidl_typesupport_c.cpython-310-x86_64-linux-gnu.so
[0.881s] -- Up-to-date: /home/suvi/poc_arm/install/my_robot_interfaces/lib/libmy_robot_interfaces__rosidl_generator_py.so
[0.881s] -- Up-to-date: /home/suvi/poc_arm/install/my_robot_interfaces/share/my_robot_interfaces/msg/PoseCommand.idl
[0.881s] -- Up-to-date: /home/suvi/poc_arm/install/my_robot_interfaces/share/my_robot_interfaces/msg/PoseCommand.msg
[0.882s] -- Up-to-date: /home/suvi/poc_arm/install/my_robot_interfaces/share/ament_index/resource_index/package_run_dependencies/my_robot_interfaces
[0.882s] -- Up-to-date: /home/suvi/poc_arm/install/my_robot_interfaces/share/ament_index/resource_index/parent_prefix_path/my_robot_interfaces
[0.882s] -- Up-to-date: /home/suvi/poc_arm/install/my_robot_interfaces/share/my_robot_interfaces/environment/ament_prefix_path.sh
[0.882s] -- Up-to-date: /home/suvi/poc_arm/install/my_robot_interfaces/share/my_robot_interfaces/environment/ament_prefix_path.dsv
[0.882s] -- Up-to-date: /home/suvi/poc_arm/install/my_robot_interfaces/share/my_robot_interfaces/environment/path.sh
[0.882s] -- Up-to-date: /home/suvi/poc_arm/install/my_robot_interfaces/share/my_robot_interfaces/environment/path.dsv
[0.882s] -- Up-to-date: /home/suvi/poc_arm/install/my_robot_interfaces/share/my_robot_interfaces/local_setup.bash
[0.882s] -- Up-to-date: /home/suvi/poc_arm/install/my_robot_interfaces/share/my_robot_interfaces/local_setup.sh
[0.883s] -- Up-to-date: /home/suvi/poc_arm/install/my_robot_interfaces/share/my_robot_interfaces/local_setup.zsh
[0.883s] -- Up-to-date: /home/suvi/poc_arm/install/my_robot_interfaces/share/my_robot_interfaces/local_setup.dsv
[0.883s] -- Installing: /home/suvi/poc_arm/install/my_robot_interfaces/share/my_robot_interfaces/package.dsv
[0.884s] -- Up-to-date: /home/suvi/poc_arm/install/my_robot_interfaces/share/ament_index/resource_index/packages/my_robot_interfaces
[0.884s] -- Up-to-date: /home/suvi/poc_arm/install/my_robot_interfaces/share/my_robot_interfaces/cmake/export_my_robot_interfaces__rosidl_generator_cExport.cmake
[0.884s] -- Up-to-date: /home/suvi/poc_arm/install/my_robot_interfaces/share/my_robot_interfaces/cmake/export_my_robot_interfaces__rosidl_generator_cExport-noconfig.cmake
[0.884s] -- Up-to-date: /home/suvi/poc_arm/install/my_robot_interfaces/share/my_robot_interfaces/cmake/export_my_robot_interfaces__rosidl_typesupport_fastrtps_cExport.cmake
[0.884s] -- Up-to-date: /home/suvi/poc_arm/install/my_robot_interfaces/share/my_robot_interfaces/cmake/export_my_robot_interfaces__rosidl_typesupport_fastrtps_cExport-noconfig.cmake
[0.885s] -- Up-to-date: /home/suvi/poc_arm/install/my_robot_interfaces/share/my_robot_interfaces/cmake/my_robot_interfaces__rosidl_typesupport_introspection_cExport.cmake
[0.885s] -- Up-to-date: /home/suvi/poc_arm/install/my_robot_interfaces/share/my_robot_interfaces/cmake/my_robot_interfaces__rosidl_typesupport_introspection_cExport-noconfig.cmake
[0.885s] -- Up-to-date: /home/suvi/poc_arm/install/my_robot_interfaces/share/my_robot_interfaces/cmake/my_robot_interfaces__rosidl_typesupport_cExport.cmake
[0.885s] -- Up-to-date: /home/suvi/poc_arm/install/my_robot_interfaces/share/my_robot_interfaces/cmake/my_robot_interfaces__rosidl_typesupport_cExport-noconfig.cmake
[0.885s] -- Up-to-date: /home/suvi/poc_arm/install/my_robot_interfaces/share/my_robot_interfaces/cmake/export_my_robot_interfaces__rosidl_generator_cppExport.cmake
[0.885s] -- Up-to-date: /home/suvi/poc_arm/install/my_robot_interfaces/share/my_robot_interfaces/cmake/export_my_robot_interfaces__rosidl_typesupport_fastrtps_cppExport.cmake
[0.886s] -- Up-to-date: /home/suvi/poc_arm/install/my_robot_interfaces/share/my_robot_interfaces/cmake/export_my_robot_interfaces__rosidl_typesupport_fastrtps_cppExport-noconfig.cmake
[0.886s] -- Up-to-date: /home/suvi/poc_arm/install/my_robot_interfaces/share/my_robot_interfaces/cmake/my_robot_interfaces__rosidl_typesupport_introspection_cppExport.cmake
[0.886s] -- Up-to-date: /home/suvi/poc_arm/install/my_robot_interfaces/share/my_robot_interfaces/cmake/my_robot_interfaces__rosidl_typesupport_introspection_cppExport-noconfig.cmake
[0.886s] -- Up-to-date: /home/suvi/poc_arm/install/my_robot_interfaces/share/my_robot_interfaces/cmake/my_robot_interfaces__rosidl_typesupport_cppExport.cmake
[0.886s] -- Up-to-date: /home/suvi/poc_arm/install/my_robot_interfaces/share/my_robot_interfaces/cmake/my_robot_interfaces__rosidl_typesupport_cppExport-noconfig.cmake
[0.887s] -- Up-to-date: /home/suvi/poc_arm/install/my_robot_interfaces/share/my_robot_interfaces/cmake/export_my_robot_interfaces__rosidl_generator_pyExport.cmake
[0.887s] -- Up-to-date: /home/suvi/poc_arm/install/my_robot_interfaces/share/my_robot_interfaces/cmake/export_my_robot_interfaces__rosidl_generator_pyExport-noconfig.cmake
[0.887s] -- Up-to-date: /home/suvi/poc_arm/install/my_robot_interfaces/share/my_robot_interfaces/cmake/rosidl_cmake-extras.cmake
[0.887s] -- Up-to-date: /home/suvi/poc_arm/install/my_robot_interfaces/share/my_robot_interfaces/cmake/ament_cmake_export_include_directories-extras.cmake
[0.887s] -- Up-to-date: /home/suvi/poc_arm/install/my_robot_interfaces/share/my_robot_interfaces/cmake/ament_cmake_export_libraries-extras.cmake
[0.887s] -- Up-to-date: /home/suvi/poc_arm/install/my_robot_interfaces/share/my_robot_interfaces/cmake/ament_cmake_export_targets-extras.cmake
[0.887s] -- Up-to-date: /home/suvi/poc_arm/install/my_robot_interfaces/share/my_robot_interfaces/cmake/rosidl_cmake_export_typesupport_targets-extras.cmake
[0.888s] -- Up-to-date: /home/suvi/poc_arm/install/my_robot_interfaces/share/my_robot_interfaces/cmake/ament_cmake_export_dependencies-extras.cmake
[0.888s] -- Up-to-date: /home/suvi/poc_arm/install/my_robot_interfaces/share/my_robot_interfaces/cmake/rosidl_cmake_export_typesupport_libraries-extras.cmake
[0.888s] -- Up-to-date: /home/suvi/poc_arm/install/my_robot_interfaces/share/my_robot_interfaces/cmake/my_robot_interfacesConfig.cmake
[0.888s] -- Up-to-date: /home/suvi/poc_arm/install/my_robot_interfaces/share/my_robot_interfaces/cmake/my_robot_interfacesConfig-version.cmake
[0.888s] -- Up-to-date: /home/suvi/poc_arm/install/my_robot_interfaces/share/my_robot_interfaces/package.xml
[0.892s] Invoked command in '/home/suvi/poc_arm/build/my_robot_interfaces' returned '0': CMAKE_PREFIX_PATH=${CMAKE_PREFIX_PATH}:/opt/ros/humble /usr/bin/cmake --install /home/suvi/poc_arm/build/my_robot_interfaces
