[0.011s] Invoking command in '/home/suvi/poc_arm/build/poc_moveit_config': AMENT_PREFIX_PATH=/home/suvi/poc_arm/install/poc_arm:${AMENT_PREFIX_PATH} CMAKE_PREFIX_PATH=/home/suvi/poc_arm/install/poc_arm:/opt/ros/humble /usr/bin/cmake --build /home/suvi/poc_arm/build/poc_moveit_config -- -j12 -l12
[0.028s] -- Found ament_cmake: 1.3.12 (/opt/ros/humble/share/ament_cmake/cmake)
[0.164s] -- Configuring done
[0.165s] -- Generating done
[0.166s] -- Build files have been written to: /home/suvi/poc_arm/build/poc_moveit_config
[0.181s] Invoked command in '/home/suvi/poc_arm/build/poc_moveit_config' returned '0': AMENT_PREFIX_PATH=/home/suvi/poc_arm/install/poc_arm:${AMENT_PREFIX_PATH} CMAKE_PREFIX_PATH=/home/suvi/poc_arm/install/poc_arm:/opt/ros/humble /usr/bin/cmake --build /home/suvi/poc_arm/build/poc_moveit_config -- -j12 -l12
[0.182s] Invoking command in '/home/suvi/poc_arm/build/poc_moveit_config': AMENT_PREFIX_PATH=/home/suvi/poc_arm/install/poc_arm:${AMENT_PREFIX_PATH} CMAKE_PREFIX_PATH=/home/suvi/poc_arm/install/poc_arm:/opt/ros/humble /usr/bin/cmake --install /home/suvi/poc_arm/build/poc_moveit_config
[0.188s] -- Install configuration: ""
[0.188s] -- Up-to-date: /home/suvi/poc_arm/install/poc_moveit_config/share/ament_index/resource_index/package_run_dependencies/poc_moveit_config
[0.188s] -- Installing: /home/suvi/poc_arm/install/poc_moveit_config/share/ament_index/resource_index/parent_prefix_path/poc_moveit_config
[0.188s] -- Installing: /home/suvi/poc_arm/install/poc_moveit_config/share/poc_moveit_config/environment/ament_prefix_path.sh
[0.188s] -- Installing: /home/suvi/poc_arm/install/poc_moveit_config/share/poc_moveit_config/environment/ament_prefix_path.dsv
[0.188s] -- Installing: /home/suvi/poc_arm/install/poc_moveit_config/share/poc_moveit_config/environment/path.sh
[0.189s] -- Installing: /home/suvi/poc_arm/install/poc_moveit_config/share/poc_moveit_config/environment/path.dsv
[0.189s] -- Up-to-date: /home/suvi/poc_arm/install/poc_moveit_config/share/poc_moveit_config/local_setup.bash
[0.189s] -- Up-to-date: /home/suvi/poc_arm/install/poc_moveit_config/share/poc_moveit_config/local_setup.sh
[0.189s] -- Up-to-date: /home/suvi/poc_arm/install/poc_moveit_config/share/poc_moveit_config/local_setup.zsh
[0.189s] -- Installing: /home/suvi/poc_arm/install/poc_moveit_config/share/poc_moveit_config/local_setup.dsv
[0.189s] -- Installing: /home/suvi/poc_arm/install/poc_moveit_config/share/poc_moveit_config/package.dsv
[0.189s] -- Up-to-date: /home/suvi/poc_arm/install/poc_moveit_config/share/ament_index/resource_index/packages/poc_moveit_config
[0.189s] -- Up-to-date: /home/suvi/poc_arm/install/poc_moveit_config/share/poc_moveit_config/cmake/poc_moveit_configConfig.cmake
[0.189s] -- Up-to-date: /home/suvi/poc_arm/install/poc_moveit_config/share/poc_moveit_config/cmake/poc_moveit_configConfig-version.cmake
[0.189s] -- Up-to-date: /home/suvi/poc_arm/install/poc_moveit_config/share/poc_moveit_config/package.xml
[0.189s] -- Up-to-date: /home/suvi/poc_arm/install/poc_moveit_config/share/poc_moveit_config/launch
[0.189s] -- Up-to-date: /home/suvi/poc_arm/install/poc_moveit_config/share/poc_moveit_config/launch/moveit_rviz.launch.py
[0.189s] -- Up-to-date: /home/suvi/poc_arm/install/poc_moveit_config/share/poc_moveit_config/launch/demo.launch.py
[0.189s] -- Up-to-date: /home/suvi/poc_arm/install/poc_moveit_config/share/poc_moveit_config/launch/move_group.launch.py
[0.189s] -- Installing: /home/suvi/poc_arm/install/poc_moveit_config/share/poc_moveit_config/launch/gazebo.launch.py
[0.189s] -- Up-to-date: /home/suvi/poc_arm/install/poc_moveit_config/share/poc_moveit_config/launch/setup_assistant.launch.py
[0.190s] -- Up-to-date: /home/suvi/poc_arm/install/poc_moveit_config/share/poc_moveit_config/launch/moveit_gazebo.launch.py
[0.190s] -- Up-to-date: /home/suvi/poc_arm/install/poc_moveit_config/share/poc_moveit_config/launch/spawn_controllers.launch.py
[0.190s] -- Up-to-date: /home/suvi/poc_arm/install/poc_moveit_config/share/poc_moveit_config/launch/rsp.launch.py
[0.190s] -- Up-to-date: /home/suvi/poc_arm/install/poc_moveit_config/share/poc_moveit_config/launch/warehouse_db.launch.py
[0.190s] -- Up-to-date: /home/suvi/poc_arm/install/poc_moveit_config/share/poc_moveit_config/launch/static_virtual_joint_tfs.launch.py
[0.190s] -- Up-to-date: /home/suvi/poc_arm/install/poc_moveit_config/share/poc_moveit_config/config
[0.190s] -- Up-to-date: /home/suvi/poc_arm/install/poc_moveit_config/share/poc_moveit_config/config/pilz_cartesian_limits.yaml
[0.190s] -- Up-to-date: /home/suvi/poc_arm/install/poc_moveit_config/share/poc_moveit_config/config/my_robot.urdf1.xacro
[0.190s] -- Up-to-date: /home/suvi/poc_arm/install/poc_moveit_config/share/poc_moveit_config/config/ros2_controllers.yaml
[0.190s] -- Up-to-date: /home/suvi/poc_arm/install/poc_moveit_config/share/poc_moveit_config/config/ros2_controllers_gazebo.yaml
[0.190s] -- Up-to-date: /home/suvi/poc_arm/install/poc_moveit_config/share/poc_moveit_config/config/my_robot.urdf.xacro
[0.190s] -- Up-to-date: /home/suvi/poc_arm/install/poc_moveit_config/share/poc_moveit_config/config/my_robot.ros2_control.xacro
[0.190s] -- Up-to-date: /home/suvi/poc_arm/install/poc_moveit_config/share/poc_moveit_config/config/my_robot.srdf
[0.191s] -- Up-to-date: /home/suvi/poc_arm/install/poc_moveit_config/share/poc_moveit_config/config/poc_ros2_control.xacro
[0.191s] -- Up-to-date: /home/suvi/poc_arm/install/poc_moveit_config/share/poc_moveit_config/config/moveit.rviz
[0.191s] -- Up-to-date: /home/suvi/poc_arm/install/poc_moveit_config/share/poc_moveit_config/config/initial_positions.yaml
[0.191s] -- Up-to-date: /home/suvi/poc_arm/install/poc_moveit_config/share/poc_moveit_config/config/joint_limits.yaml
[0.191s] -- Up-to-date: /home/suvi/poc_arm/install/poc_moveit_config/share/poc_moveit_config/config/moveit_controllers.yaml
[0.191s] -- Up-to-date: /home/suvi/poc_arm/install/poc_moveit_config/share/poc_moveit_config/config/kinematics.yaml
[0.192s] -- Up-to-date: /home/suvi/poc_arm/install/poc_moveit_config/share/poc_moveit_config/.setup_assistant
[0.192s] Invoked command in '/home/suvi/poc_arm/build/poc_moveit_config' returned '0': AMENT_PREFIX_PATH=/home/suvi/poc_arm/install/poc_arm:${AMENT_PREFIX_PATH} CMAKE_PREFIX_PATH=/home/suvi/poc_arm/install/poc_arm:/opt/ros/humble /usr/bin/cmake --install /home/suvi/poc_arm/build/poc_moveit_config
